[2023-07-10 12:35:00,612] {taskinstance.py:1179} INFO - Dependencies all met for <TaskInstance: dag_weather.upload_data scheduled__2023-07-05T00:00:00+00:00 [queued]>
[2023-07-10 12:35:00,628] {taskinstance.py:1179} INFO - Dependencies all met for <TaskInstance: dag_weather.upload_data scheduled__2023-07-05T00:00:00+00:00 [queued]>
[2023-07-10 12:35:00,628] {taskinstance.py:1376} INFO - 
--------------------------------------------------------------------------------
[2023-07-10 12:35:00,629] {taskinstance.py:1377} INFO - Starting attempt 1 of 6
[2023-07-10 12:35:00,629] {taskinstance.py:1378} INFO - 
--------------------------------------------------------------------------------
[2023-07-10 12:35:00,674] {taskinstance.py:1397} INFO - Executing <Task(PythonOperator): upload_data> on 2023-07-05 00:00:00+00:00
[2023-07-10 12:35:00,680] {standard_task_runner.py:52} INFO - Started process 193 to run task
[2023-07-10 12:35:00,684] {standard_task_runner.py:79} INFO - Running: ['***', 'tasks', 'run', 'dag_weather', 'upload_data', 'scheduled__2023-07-05T00:00:00+00:00', '--job-id', '149', '--raw', '--subdir', 'DAGS_FOLDER/dag_weather.py', '--cfg-path', '/tmp/tmp653ilc_h', '--error-file', '/tmp/tmpppw6y1ug']
[2023-07-10 12:35:00,686] {standard_task_runner.py:80} INFO - Job 149: Subtask upload_data
[2023-07-10 12:35:00,787] {task_command.py:371} INFO - Running <TaskInstance: dag_weather.upload_data scheduled__2023-07-05T00:00:00+00:00 [running]> on host db753b024971
[2023-07-10 12:35:00,932] {taskinstance.py:1591} INFO - Exporting the following env vars:
AIRFLOW_CTX_DAG_OWNER=MariaRO
AIRFLOW_CTX_DAG_ID=dag_weather
AIRFLOW_CTX_TASK_ID=upload_data
AIRFLOW_CTX_EXECUTION_DATE=2023-07-05T00:00:00+00:00
AIRFLOW_CTX_TRY_NUMBER=1
AIRFLOW_CTX_DAG_RUN_ID=scheduled__2023-07-05T00:00:00+00:00
[2023-07-10 12:35:02,790] {logging_mixin.py:115} INFO - Connected to Redshift successfully!
[2023-07-10 12:35:04,057] {logging_mixin.py:115} INFO - Proceso terminado
[2023-07-10 12:35:04,058] {python.py:173} INFO - Done. Returned value was: None
[2023-07-10 12:35:04,080] {taskinstance.py:1420} INFO - Marking task as SUCCESS. dag_id=dag_weather, task_id=upload_data, execution_date=20230705T000000, start_date=20230710T123500, end_date=20230710T123504
[2023-07-10 12:35:04,109] {local_task_job.py:156} INFO - Task exited with return code 0
[2023-07-10 12:35:04,147] {local_task_job.py:273} INFO - 0 downstream tasks scheduled from follow-on schedule check
