[2023-06-30 02:39:58,589] {taskinstance.py:1179} INFO - Dependencies all met for <TaskInstance: dag_weather.upload_data scheduled__2023-06-29T00:00:00+00:00 [queued]>
[2023-06-30 02:39:58,600] {taskinstance.py:1179} INFO - Dependencies all met for <TaskInstance: dag_weather.upload_data scheduled__2023-06-29T00:00:00+00:00 [queued]>
[2023-06-30 02:39:58,601] {taskinstance.py:1376} INFO - 
--------------------------------------------------------------------------------
[2023-06-30 02:39:58,601] {taskinstance.py:1377} INFO - Starting attempt 1 of 6
[2023-06-30 02:39:58,601] {taskinstance.py:1378} INFO - 
--------------------------------------------------------------------------------
[2023-06-30 02:39:58,620] {taskinstance.py:1397} INFO - Executing <Task(PythonOperator): upload_data> on 2023-06-29 00:00:00+00:00
[2023-06-30 02:39:58,625] {standard_task_runner.py:52} INFO - Started process 6229 to run task
[2023-06-30 02:39:58,628] {standard_task_runner.py:79} INFO - Running: ['***', 'tasks', 'run', 'dag_weather', 'upload_data', 'scheduled__2023-06-29T00:00:00+00:00', '--job-id', '125', '--raw', '--subdir', 'DAGS_FOLDER/dag_weather.py', '--cfg-path', '/tmp/tmpyz8bvxpa', '--error-file', '/tmp/tmpajpaz7sj']
[2023-06-30 02:39:58,630] {standard_task_runner.py:80} INFO - Job 125: Subtask upload_data
[2023-06-30 02:39:58,717] {task_command.py:371} INFO - Running <TaskInstance: dag_weather.upload_data scheduled__2023-06-29T00:00:00+00:00 [running]> on host db753b024971
[2023-06-30 02:39:58,817] {taskinstance.py:1591} INFO - Exporting the following env vars:
AIRFLOW_CTX_DAG_OWNER=MariaRO
AIRFLOW_CTX_DAG_ID=dag_weather
AIRFLOW_CTX_TASK_ID=upload_data
AIRFLOW_CTX_EXECUTION_DATE=2023-06-29T00:00:00+00:00
AIRFLOW_CTX_TRY_NUMBER=1
AIRFLOW_CTX_DAG_RUN_ID=scheduled__2023-06-29T00:00:00+00:00
[2023-06-30 02:40:00,388] {logging_mixin.py:115} INFO - Connected to Redshift successfully!
[2023-06-30 02:40:01,566] {logging_mixin.py:115} INFO - Proceso terminado
[2023-06-30 02:40:01,567] {python.py:173} INFO - Done. Returned value was: None
[2023-06-30 02:40:01,583] {taskinstance.py:1420} INFO - Marking task as SUCCESS. dag_id=dag_weather, task_id=upload_data, execution_date=20230629T000000, start_date=20230630T023958, end_date=20230630T024001
[2023-06-30 02:40:01,627] {local_task_job.py:156} INFO - Task exited with return code 0
[2023-06-30 02:40:01,663] {local_task_job.py:273} INFO - 0 downstream tasks scheduled from follow-on schedule check
