[2023-07-13 12:15:22,983] {taskinstance.py:1179} INFO - Dependencies all met for <TaskInstance: dag_weather.upload_data scheduled__2023-07-12T00:00:00+00:00 [queued]>
[2023-07-13 12:15:23,038] {taskinstance.py:1179} INFO - Dependencies all met for <TaskInstance: dag_weather.upload_data scheduled__2023-07-12T00:00:00+00:00 [queued]>
[2023-07-13 12:15:23,038] {taskinstance.py:1376} INFO - 
--------------------------------------------------------------------------------
[2023-07-13 12:15:23,039] {taskinstance.py:1377} INFO - Starting attempt 2 of 6
[2023-07-13 12:15:23,039] {taskinstance.py:1378} INFO - 
--------------------------------------------------------------------------------
[2023-07-13 12:15:23,123] {taskinstance.py:1397} INFO - Executing <Task(PythonOperator): upload_data> on 2023-07-12 00:00:00+00:00
[2023-07-13 12:15:23,137] {standard_task_runner.py:52} INFO - Started process 371 to run task
[2023-07-13 12:15:23,150] {standard_task_runner.py:79} INFO - Running: ['***', 'tasks', 'run', 'dag_weather', 'upload_data', 'scheduled__2023-07-12T00:00:00+00:00', '--job-id', '50', '--raw', '--subdir', 'DAGS_FOLDER/dag_weather.py', '--cfg-path', '/tmp/tmpi9pi9ks0', '--error-file', '/tmp/tmp5tcahr21']
[2023-07-13 12:15:23,155] {standard_task_runner.py:80} INFO - Job 50: Subtask upload_data
[2023-07-13 12:15:23,428] {task_command.py:371} INFO - Running <TaskInstance: dag_weather.upload_data scheduled__2023-07-12T00:00:00+00:00 [running]> on host 6fc87d08a0f9
[2023-07-13 12:15:23,795] {taskinstance.py:1591} INFO - Exporting the following env vars:
AIRFLOW_CTX_DAG_OWNER=MariaRO
AIRFLOW_CTX_DAG_ID=dag_weather
AIRFLOW_CTX_TASK_ID=upload_data
AIRFLOW_CTX_EXECUTION_DATE=2023-07-12T00:00:00+00:00
AIRFLOW_CTX_TRY_NUMBER=2
AIRFLOW_CTX_DAG_RUN_ID=scheduled__2023-07-12T00:00:00+00:00
[2023-07-13 12:15:25,275] {logging_mixin.py:115} INFO - Connected to Redshift successfully!
[2023-07-13 12:15:26,549] {logging_mixin.py:115} INFO - Proceso terminado
[2023-07-13 12:15:26,551] {python.py:173} INFO - Done. Returned value was: None
[2023-07-13 12:15:26,633] {taskinstance.py:1420} INFO - Marking task as SUCCESS. dag_id=dag_weather, task_id=upload_data, execution_date=20230712T000000, start_date=20230713T121522, end_date=20230713T121526
[2023-07-13 12:15:26,793] {local_task_job.py:156} INFO - Task exited with return code 0
[2023-07-13 12:15:26,864] {local_task_job.py:273} INFO - 0 downstream tasks scheduled from follow-on schedule check
