[2023-06-19 20:42:08,586] {taskinstance.py:1179} INFO - Dependencies all met for <TaskInstance: dag_weather.extract_data manual__2023-06-19T20:42:06.821696+00:00 [queued]>
[2023-06-19 20:42:08,597] {taskinstance.py:1179} INFO - Dependencies all met for <TaskInstance: dag_weather.extract_data manual__2023-06-19T20:42:06.821696+00:00 [queued]>
[2023-06-19 20:42:08,597] {taskinstance.py:1376} INFO - 
--------------------------------------------------------------------------------
[2023-06-19 20:42:08,597] {taskinstance.py:1377} INFO - Starting attempt 1 of 6
[2023-06-19 20:42:08,598] {taskinstance.py:1378} INFO - 
--------------------------------------------------------------------------------
[2023-06-19 20:42:08,661] {taskinstance.py:1397} INFO - Executing <Task(PythonOperator): extract_data> on 2023-06-19 20:42:06.821696+00:00
[2023-06-19 20:42:08,669] {standard_task_runner.py:52} INFO - Started process 216 to run task
[2023-06-19 20:42:08,674] {standard_task_runner.py:79} INFO - Running: ['***', 'tasks', 'run', 'dag_weather', 'extract_data', 'manual__2023-06-19T20:42:06.821696+00:00', '--job-id', '85', '--raw', '--subdir', 'DAGS_FOLDER/dag_weather.py', '--cfg-path', '/tmp/tmpa48x4uh2', '--error-file', '/tmp/tmpcy85_zyc']
[2023-06-19 20:42:08,676] {standard_task_runner.py:80} INFO - Job 85: Subtask extract_data
[2023-06-19 20:42:08,750] {task_command.py:371} INFO - Running <TaskInstance: dag_weather.extract_data manual__2023-06-19T20:42:06.821696+00:00 [running]> on host db753b024971
[2023-06-19 20:42:08,885] {taskinstance.py:1591} INFO - Exporting the following env vars:
AIRFLOW_CTX_DAG_OWNER=MariaRO
AIRFLOW_CTX_DAG_ID=dag_weather
AIRFLOW_CTX_TASK_ID=extract_data
AIRFLOW_CTX_EXECUTION_DATE=2023-06-19T20:42:06.821696+00:00
AIRFLOW_CTX_TRY_NUMBER=1
AIRFLOW_CTX_DAG_RUN_ID=manual__2023-06-19T20:42:06.821696+00:00
[2023-06-19 20:42:08,886] {logging_mixin.py:115} INFO - ***************
[2023-06-19 20:42:08,886] {logging_mixin.py:115} INFO - 2023-06-19
[2023-06-19 20:42:20,289] {python.py:173} INFO - Done. Returned value was: None
[2023-06-19 20:42:20,308] {taskinstance.py:1420} INFO - Marking task as SUCCESS. dag_id=dag_weather, task_id=extract_data, execution_date=20230619T204206, start_date=20230619T204208, end_date=20230619T204220
[2023-06-19 20:42:20,366] {local_task_job.py:156} INFO - Task exited with return code 0
[2023-06-19 20:42:20,408] {local_task_job.py:273} INFO - 1 downstream tasks scheduled from follow-on schedule check
