[2023-07-13 18:19:03,497] {taskinstance.py:1179} INFO - Dependencies all met for <TaskInstance: dag_weather.extract_data scheduled__2023-07-13T00:00:00+00:00 [queued]>
[2023-07-13 18:19:03,551] {taskinstance.py:1179} INFO - Dependencies all met for <TaskInstance: dag_weather.extract_data scheduled__2023-07-13T00:00:00+00:00 [queued]>
[2023-07-13 18:19:03,552] {taskinstance.py:1376} INFO - 
--------------------------------------------------------------------------------
[2023-07-13 18:19:03,552] {taskinstance.py:1377} INFO - Starting attempt 1 of 6
[2023-07-13 18:19:03,552] {taskinstance.py:1378} INFO - 
--------------------------------------------------------------------------------
[2023-07-13 18:19:03,642] {taskinstance.py:1397} INFO - Executing <Task(PythonOperator): extract_data> on 2023-07-13 00:00:00+00:00
[2023-07-13 18:19:03,668] {standard_task_runner.py:52} INFO - Started process 187 to run task
[2023-07-13 18:19:03,685] {standard_task_runner.py:79} INFO - Running: ['***', 'tasks', 'run', 'dag_weather', 'extract_data', 'scheduled__2023-07-13T00:00:00+00:00', '--job-id', '53', '--raw', '--subdir', 'DAGS_FOLDER/dag_weather.py', '--cfg-path', '/tmp/tmpfcunrct6', '--error-file', '/tmp/tmp0z2l7gqb']
[2023-07-13 18:19:03,688] {standard_task_runner.py:80} INFO - Job 53: Subtask extract_data
[2023-07-13 18:19:05,739] {task_command.py:371} INFO - Running <TaskInstance: dag_weather.extract_data scheduled__2023-07-13T00:00:00+00:00 [running]> on host 6fc87d08a0f9
[2023-07-13 18:19:06,252] {taskinstance.py:1591} INFO - Exporting the following env vars:
AIRFLOW_CTX_DAG_OWNER=MariaRO
AIRFLOW_CTX_DAG_ID=dag_weather
AIRFLOW_CTX_TASK_ID=extract_data
AIRFLOW_CTX_EXECUTION_DATE=2023-07-13T00:00:00+00:00
AIRFLOW_CTX_TRY_NUMBER=1
AIRFLOW_CTX_DAG_RUN_ID=scheduled__2023-07-13T00:00:00+00:00
[2023-07-13 18:19:06,326] {logging_mixin.py:115} INFO - ***************
[2023-07-13 18:19:06,327] {logging_mixin.py:115} INFO - 2023-07-13
[2023-07-13 18:19:10,766] {python.py:173} INFO - Done. Returned value was: None
[2023-07-13 18:19:24,701] {taskinstance.py:1420} INFO - Marking task as SUCCESS. dag_id=dag_weather, task_id=extract_data, execution_date=20230713T000000, start_date=20230713T181903, end_date=20230713T181924
[2023-07-13 18:19:25,643] {local_task_job.py:156} INFO - Task exited with return code 0
[2023-07-13 18:19:34,147] {local_task_job.py:273} INFO - 1 downstream tasks scheduled from follow-on schedule check
