[2023-06-26 12:21:22,351] {taskinstance.py:1179} INFO - Dependencies all met for <TaskInstance: dag_weather.extract_data scheduled__2023-06-25T00:00:00+00:00 [queued]>
[2023-06-26 12:21:22,361] {taskinstance.py:1179} INFO - Dependencies all met for <TaskInstance: dag_weather.extract_data scheduled__2023-06-25T00:00:00+00:00 [queued]>
[2023-06-26 12:21:22,361] {taskinstance.py:1376} INFO - 
--------------------------------------------------------------------------------
[2023-06-26 12:21:22,361] {taskinstance.py:1377} INFO - Starting attempt 1 of 6
[2023-06-26 12:21:22,361] {taskinstance.py:1378} INFO - 
--------------------------------------------------------------------------------
[2023-06-26 12:21:22,821] {taskinstance.py:1397} INFO - Executing <Task(PythonOperator): extract_data> on 2023-06-25 00:00:00+00:00
[2023-06-26 12:21:22,909] {standard_task_runner.py:52} INFO - Started process 4260 to run task
[2023-06-26 12:21:22,913] {standard_task_runner.py:79} INFO - Running: ['***', 'tasks', 'run', 'dag_weather', 'extract_data', 'scheduled__2023-06-25T00:00:00+00:00', '--job-id', '110', '--raw', '--subdir', 'DAGS_FOLDER/dag_weather.py', '--cfg-path', '/tmp/tmp8u9js96h', '--error-file', '/tmp/tmpgip49qe6']
[2023-06-26 12:21:22,914] {standard_task_runner.py:80} INFO - Job 110: Subtask extract_data
[2023-06-26 12:21:23,626] {task_command.py:371} INFO - Running <TaskInstance: dag_weather.extract_data scheduled__2023-06-25T00:00:00+00:00 [running]> on host db753b024971
[2023-06-26 12:21:24,619] {taskinstance.py:1591} INFO - Exporting the following env vars:
AIRFLOW_CTX_DAG_OWNER=MariaRO
AIRFLOW_CTX_DAG_ID=dag_weather
AIRFLOW_CTX_TASK_ID=extract_data
AIRFLOW_CTX_EXECUTION_DATE=2023-06-25T00:00:00+00:00
AIRFLOW_CTX_TRY_NUMBER=1
AIRFLOW_CTX_DAG_RUN_ID=scheduled__2023-06-25T00:00:00+00:00
[2023-06-26 12:21:24,620] {logging_mixin.py:115} INFO - ***************
[2023-06-26 12:21:24,621] {logging_mixin.py:115} INFO - 2023-06-25
[2023-06-26 12:21:30,068] {logging_mixin.py:115} INFO - Expecting value: line 1 column 1 (char 0)
[2023-06-26 12:21:30,100] {python.py:173} INFO - Done. Returned value was: None
[2023-06-26 12:21:30,142] {taskinstance.py:1420} INFO - Marking task as SUCCESS. dag_id=dag_weather, task_id=extract_data, execution_date=20230625T000000, start_date=20230626T122122, end_date=20230626T122130
[2023-06-26 12:21:30,209] {local_task_job.py:156} INFO - Task exited with return code 0
[2023-06-26 12:21:30,272] {local_task_job.py:273} INFO - 1 downstream tasks scheduled from follow-on schedule check
