[2023-07-13 18:50:49,394] {taskinstance.py:1179} INFO - Dependencies all met for <TaskInstance: dag_weather.extract_data manual__2023-07-13T18:50:47.191877+00:00 [queued]>
[2023-07-13 18:50:49,416] {taskinstance.py:1179} INFO - Dependencies all met for <TaskInstance: dag_weather.extract_data manual__2023-07-13T18:50:47.191877+00:00 [queued]>
[2023-07-13 18:50:49,416] {taskinstance.py:1376} INFO - 
--------------------------------------------------------------------------------
[2023-07-13 18:50:49,416] {taskinstance.py:1377} INFO - Starting attempt 1 of 6
[2023-07-13 18:50:49,416] {taskinstance.py:1378} INFO - 
--------------------------------------------------------------------------------
[2023-07-13 18:50:49,453] {taskinstance.py:1397} INFO - Executing <Task(PythonOperator): extract_data> on 2023-07-13 18:50:47.191877+00:00
[2023-07-13 18:50:49,461] {standard_task_runner.py:52} INFO - Started process 227 to run task
[2023-07-13 18:50:49,466] {standard_task_runner.py:79} INFO - Running: ['***', 'tasks', 'run', 'dag_weather', 'extract_data', 'manual__2023-07-13T18:50:47.191877+00:00', '--job-id', '69', '--raw', '--subdir', 'DAGS_FOLDER/dag_weather.py', '--cfg-path', '/tmp/tmpgu2nhdmc', '--error-file', '/tmp/tmp9az27t17']
[2023-07-13 18:50:49,468] {standard_task_runner.py:80} INFO - Job 69: Subtask extract_data
[2023-07-13 18:50:49,609] {task_command.py:371} INFO - Running <TaskInstance: dag_weather.extract_data manual__2023-07-13T18:50:47.191877+00:00 [running]> on host 6fc87d08a0f9
[2023-07-13 18:50:49,977] {taskinstance.py:1591} INFO - Exporting the following env vars:
AIRFLOW_CTX_DAG_OWNER=MariaRO
AIRFLOW_CTX_DAG_ID=dag_weather
AIRFLOW_CTX_TASK_ID=extract_data
AIRFLOW_CTX_EXECUTION_DATE=2023-07-13T18:50:47.191877+00:00
AIRFLOW_CTX_TRY_NUMBER=1
AIRFLOW_CTX_DAG_RUN_ID=manual__2023-07-13T18:50:47.191877+00:00
[2023-07-13 18:50:49,979] {logging_mixin.py:115} INFO - ***************
[2023-07-13 18:50:49,980] {logging_mixin.py:115} INFO - 2023-07-13
[2023-07-13 18:50:51,949] {python.py:173} INFO - Done. Returned value was: None
[2023-07-13 18:50:51,964] {taskinstance.py:1420} INFO - Marking task as SUCCESS. dag_id=dag_weather, task_id=extract_data, execution_date=20230713T185047, start_date=20230713T185049, end_date=20230713T185051
[2023-07-13 18:50:52,009] {local_task_job.py:156} INFO - Task exited with return code 0
[2023-07-13 18:50:52,059] {local_task_job.py:273} INFO - 1 downstream tasks scheduled from follow-on schedule check
