[2023-06-26 12:21:35,328] {taskinstance.py:1179} INFO - Dependencies all met for <TaskInstance: dag_weather.transform_data scheduled__2023-06-25T00:00:00+00:00 [queued]>
[2023-06-26 12:21:35,356] {taskinstance.py:1179} INFO - Dependencies all met for <TaskInstance: dag_weather.transform_data scheduled__2023-06-25T00:00:00+00:00 [queued]>
[2023-06-26 12:21:35,357] {taskinstance.py:1376} INFO - 
--------------------------------------------------------------------------------
[2023-06-26 12:21:35,357] {taskinstance.py:1377} INFO - Starting attempt 1 of 6
[2023-06-26 12:21:35,357] {taskinstance.py:1378} INFO - 
--------------------------------------------------------------------------------
[2023-06-26 12:21:35,386] {taskinstance.py:1397} INFO - Executing <Task(PythonOperator): transform_data> on 2023-06-25 00:00:00+00:00
[2023-06-26 12:21:35,392] {standard_task_runner.py:52} INFO - Started process 4269 to run task
[2023-06-26 12:21:35,397] {standard_task_runner.py:79} INFO - Running: ['***', 'tasks', 'run', 'dag_weather', 'transform_data', 'scheduled__2023-06-25T00:00:00+00:00', '--job-id', '111', '--raw', '--subdir', 'DAGS_FOLDER/dag_weather.py', '--cfg-path', '/tmp/tmplvbjhis0', '--error-file', '/tmp/tmpc4wdy8wq']
[2023-06-26 12:21:35,399] {standard_task_runner.py:80} INFO - Job 111: Subtask transform_data
[2023-06-26 12:21:35,487] {task_command.py:371} INFO - Running <TaskInstance: dag_weather.transform_data scheduled__2023-06-25T00:00:00+00:00 [running]> on host db753b024971
[2023-06-26 12:21:35,583] {taskinstance.py:1591} INFO - Exporting the following env vars:
AIRFLOW_CTX_DAG_OWNER=MariaRO
AIRFLOW_CTX_DAG_ID=dag_weather
AIRFLOW_CTX_TASK_ID=transform_data
AIRFLOW_CTX_EXECUTION_DATE=2023-06-25T00:00:00+00:00
AIRFLOW_CTX_TRY_NUMBER=1
AIRFLOW_CTX_DAG_RUN_ID=scheduled__2023-06-25T00:00:00+00:00
[2023-06-26 12:21:35,605] {python.py:173} INFO - Done. Returned value was: None
[2023-06-26 12:21:35,621] {taskinstance.py:1420} INFO - Marking task as SUCCESS. dag_id=dag_weather, task_id=transform_data, execution_date=20230625T000000, start_date=20230626T122135, end_date=20230626T122135
[2023-06-26 12:21:35,691] {local_task_job.py:156} INFO - Task exited with return code 0
[2023-06-26 12:21:35,784] {local_task_job.py:273} INFO - 1 downstream tasks scheduled from follow-on schedule check
