[2023-07-13 18:57:02,196] {taskinstance.py:1179} INFO - Dependencies all met for <TaskInstance: dag_weather.extract_data manual__2023-07-13T18:57:00.609905+00:00 [queued]>
[2023-07-13 18:57:02,210] {taskinstance.py:1179} INFO - Dependencies all met for <TaskInstance: dag_weather.extract_data manual__2023-07-13T18:57:00.609905+00:00 [queued]>
[2023-07-13 18:57:02,210] {taskinstance.py:1376} INFO - 
--------------------------------------------------------------------------------
[2023-07-13 18:57:02,210] {taskinstance.py:1377} INFO - Starting attempt 1 of 6
[2023-07-13 18:57:02,210] {taskinstance.py:1378} INFO - 
--------------------------------------------------------------------------------
[2023-07-13 18:57:02,235] {taskinstance.py:1397} INFO - Executing <Task(PythonOperator): extract_data> on 2023-07-13 18:57:00.609905+00:00
[2023-07-13 18:57:02,241] {standard_task_runner.py:52} INFO - Started process 250 to run task
[2023-07-13 18:57:02,247] {standard_task_runner.py:79} INFO - Running: ['***', 'tasks', 'run', 'dag_weather', 'extract_data', 'manual__2023-07-13T18:57:00.609905+00:00', '--job-id', '80', '--raw', '--subdir', 'DAGS_FOLDER/dag_w_test.py', '--cfg-path', '/tmp/tmpncr9sdsn', '--error-file', '/tmp/tmpszbvhcux']
[2023-07-13 18:57:02,248] {standard_task_runner.py:80} INFO - Job 80: Subtask extract_data
[2023-07-13 18:57:02,338] {task_command.py:371} INFO - Running <TaskInstance: dag_weather.extract_data manual__2023-07-13T18:57:00.609905+00:00 [running]> on host 6fc87d08a0f9
[2023-07-13 18:57:02,465] {taskinstance.py:1591} INFO - Exporting the following env vars:
AIRFLOW_CTX_DAG_OWNER=MariaRO
AIRFLOW_CTX_DAG_ID=dag_weather
AIRFLOW_CTX_TASK_ID=extract_data
AIRFLOW_CTX_EXECUTION_DATE=2023-07-13T18:57:00.609905+00:00
AIRFLOW_CTX_TRY_NUMBER=1
AIRFLOW_CTX_DAG_RUN_ID=manual__2023-07-13T18:57:00.609905+00:00
[2023-07-13 18:57:02,467] {logging_mixin.py:115} INFO - ***************
[2023-07-13 18:57:02,467] {logging_mixin.py:115} INFO - 2023-07-13
[2023-07-13 18:57:06,216] {python.py:173} INFO - Done. Returned value was: None
[2023-07-13 18:57:06,234] {taskinstance.py:1420} INFO - Marking task as SUCCESS. dag_id=dag_weather, task_id=extract_data, execution_date=20230713T185700, start_date=20230713T185702, end_date=20230713T185706
[2023-07-13 18:57:06,318] {local_task_job.py:156} INFO - Task exited with return code 0
[2023-07-13 18:57:06,374] {local_task_job.py:273} INFO - 1 downstream tasks scheduled from follow-on schedule check
