[2023-07-02 23:26:25,013] {taskinstance.py:1179} INFO - Dependencies all met for <TaskInstance: dag_weather.upload_data scheduled__2023-07-01T00:00:00+00:00 [queued]>
[2023-07-02 23:26:25,031] {taskinstance.py:1179} INFO - Dependencies all met for <TaskInstance: dag_weather.upload_data scheduled__2023-07-01T00:00:00+00:00 [queued]>
[2023-07-02 23:26:25,032] {taskinstance.py:1376} INFO - 
--------------------------------------------------------------------------------
[2023-07-02 23:26:25,032] {taskinstance.py:1377} INFO - Starting attempt 1 of 6
[2023-07-02 23:26:25,032] {taskinstance.py:1378} INFO - 
--------------------------------------------------------------------------------
[2023-07-02 23:26:25,070] {taskinstance.py:1397} INFO - Executing <Task(PythonOperator): upload_data> on 2023-07-01 00:00:00+00:00
[2023-07-02 23:26:25,079] {standard_task_runner.py:52} INFO - Started process 19718 to run task
[2023-07-02 23:26:25,084] {standard_task_runner.py:79} INFO - Running: ['***', 'tasks', 'run', 'dag_weather', 'upload_data', 'scheduled__2023-07-01T00:00:00+00:00', '--job-id', '133', '--raw', '--subdir', 'DAGS_FOLDER/dag_weather.py', '--cfg-path', '/tmp/tmptdj79v2d', '--error-file', '/tmp/tmpattj6tb2']
[2023-07-02 23:26:25,086] {standard_task_runner.py:80} INFO - Job 133: Subtask upload_data
[2023-07-02 23:26:25,245] {task_command.py:371} INFO - Running <TaskInstance: dag_weather.upload_data scheduled__2023-07-01T00:00:00+00:00 [running]> on host db753b024971
[2023-07-02 23:26:25,443] {taskinstance.py:1591} INFO - Exporting the following env vars:
AIRFLOW_CTX_DAG_OWNER=MariaRO
AIRFLOW_CTX_DAG_ID=dag_weather
AIRFLOW_CTX_TASK_ID=upload_data
AIRFLOW_CTX_EXECUTION_DATE=2023-07-01T00:00:00+00:00
AIRFLOW_CTX_TRY_NUMBER=1
AIRFLOW_CTX_DAG_RUN_ID=scheduled__2023-07-01T00:00:00+00:00
[2023-07-02 23:26:26,971] {logging_mixin.py:115} INFO - Connected to Redshift successfully!
[2023-07-02 23:26:28,221] {logging_mixin.py:115} INFO - Proceso terminado
[2023-07-02 23:26:28,223] {python.py:173} INFO - Done. Returned value was: None
[2023-07-02 23:26:28,307] {taskinstance.py:1420} INFO - Marking task as SUCCESS. dag_id=dag_weather, task_id=upload_data, execution_date=20230701T000000, start_date=20230702T232625, end_date=20230702T232628
[2023-07-02 23:26:28,398] {local_task_job.py:156} INFO - Task exited with return code 0
[2023-07-02 23:26:28,461] {local_task_job.py:273} INFO - 0 downstream tasks scheduled from follow-on schedule check
