[2023-07-13 12:10:08,083] {taskinstance.py:1179} INFO - Dependencies all met for <TaskInstance: dag_weather.extract_data scheduled__2023-07-12T00:00:00+00:00 [queued]>
[2023-07-13 12:10:08,117] {taskinstance.py:1179} INFO - Dependencies all met for <TaskInstance: dag_weather.extract_data scheduled__2023-07-12T00:00:00+00:00 [queued]>
[2023-07-13 12:10:08,117] {taskinstance.py:1376} INFO - 
--------------------------------------------------------------------------------
[2023-07-13 12:10:08,117] {taskinstance.py:1377} INFO - Starting attempt 1 of 6
[2023-07-13 12:10:08,117] {taskinstance.py:1378} INFO - 
--------------------------------------------------------------------------------
[2023-07-13 12:10:08,160] {taskinstance.py:1397} INFO - Executing <Task(PythonOperator): extract_data> on 2023-07-12 00:00:00+00:00
[2023-07-13 12:10:08,166] {standard_task_runner.py:52} INFO - Started process 184 to run task
[2023-07-13 12:10:08,173] {standard_task_runner.py:79} INFO - Running: ['***', 'tasks', 'run', 'dag_weather', 'extract_data', 'scheduled__2023-07-12T00:00:00+00:00', '--job-id', '43', '--raw', '--subdir', 'DAGS_FOLDER/dag_weather.py', '--cfg-path', '/tmp/tmpoloor_0q', '--error-file', '/tmp/tmpkm97vn21']
[2023-07-13 12:10:08,175] {standard_task_runner.py:80} INFO - Job 43: Subtask extract_data
[2023-07-13 12:10:08,340] {task_command.py:371} INFO - Running <TaskInstance: dag_weather.extract_data scheduled__2023-07-12T00:00:00+00:00 [running]> on host 6fc87d08a0f9
[2023-07-13 12:10:08,644] {taskinstance.py:1591} INFO - Exporting the following env vars:
AIRFLOW_CTX_DAG_OWNER=MariaRO
AIRFLOW_CTX_DAG_ID=dag_weather
AIRFLOW_CTX_TASK_ID=extract_data
AIRFLOW_CTX_EXECUTION_DATE=2023-07-12T00:00:00+00:00
AIRFLOW_CTX_TRY_NUMBER=1
AIRFLOW_CTX_DAG_RUN_ID=scheduled__2023-07-12T00:00:00+00:00
[2023-07-13 12:10:08,646] {logging_mixin.py:115} INFO - ***************
[2023-07-13 12:10:08,646] {logging_mixin.py:115} INFO - 2023-07-12
[2023-07-13 12:10:12,128] {python.py:173} INFO - Done. Returned value was: None
[2023-07-13 12:10:12,158] {taskinstance.py:1420} INFO - Marking task as SUCCESS. dag_id=dag_weather, task_id=extract_data, execution_date=20230712T000000, start_date=20230713T121008, end_date=20230713T121012
[2023-07-13 12:10:12,207] {local_task_job.py:156} INFO - Task exited with return code 0
[2023-07-13 12:10:12,308] {local_task_job.py:273} INFO - 1 downstream tasks scheduled from follow-on schedule check
