[2023-07-05 12:01:17,008] {taskinstance.py:1179} INFO - Dependencies all met for <TaskInstance: dag_weather.extract_data scheduled__2023-07-04T00:00:00+00:00 [queued]>
[2023-07-05 12:01:17,032] {taskinstance.py:1179} INFO - Dependencies all met for <TaskInstance: dag_weather.extract_data scheduled__2023-07-04T00:00:00+00:00 [queued]>
[2023-07-05 12:01:17,033] {taskinstance.py:1376} INFO - 
--------------------------------------------------------------------------------
[2023-07-05 12:01:17,033] {taskinstance.py:1377} INFO - Starting attempt 1 of 6
[2023-07-05 12:01:17,033] {taskinstance.py:1378} INFO - 
--------------------------------------------------------------------------------
[2023-07-05 12:01:17,067] {taskinstance.py:1397} INFO - Executing <Task(PythonOperator): extract_data> on 2023-07-04 00:00:00+00:00
[2023-07-05 12:01:17,077] {standard_task_runner.py:52} INFO - Started process 23153 to run task
[2023-07-05 12:01:17,082] {standard_task_runner.py:79} INFO - Running: ['***', 'tasks', 'run', 'dag_weather', 'extract_data', 'scheduled__2023-07-04T00:00:00+00:00', '--job-id', '140', '--raw', '--subdir', 'DAGS_FOLDER/dag_weather.py', '--cfg-path', '/tmp/tmpv2or6msc', '--error-file', '/tmp/tmpjphcn78f']
[2023-07-05 12:01:17,084] {standard_task_runner.py:80} INFO - Job 140: Subtask extract_data
[2023-07-05 12:01:17,367] {task_command.py:371} INFO - Running <TaskInstance: dag_weather.extract_data scheduled__2023-07-04T00:00:00+00:00 [running]> on host db753b024971
[2023-07-05 12:01:17,601] {taskinstance.py:1591} INFO - Exporting the following env vars:
AIRFLOW_CTX_DAG_OWNER=MariaRO
AIRFLOW_CTX_DAG_ID=dag_weather
AIRFLOW_CTX_TASK_ID=extract_data
AIRFLOW_CTX_EXECUTION_DATE=2023-07-04T00:00:00+00:00
AIRFLOW_CTX_TRY_NUMBER=1
AIRFLOW_CTX_DAG_RUN_ID=scheduled__2023-07-04T00:00:00+00:00
[2023-07-05 12:01:17,602] {logging_mixin.py:115} INFO - ***************
[2023-07-05 12:01:17,603] {logging_mixin.py:115} INFO - 2023-07-04
[2023-07-05 12:01:25,595] {python.py:173} INFO - Done. Returned value was: None
[2023-07-05 12:01:25,607] {taskinstance.py:1420} INFO - Marking task as SUCCESS. dag_id=dag_weather, task_id=extract_data, execution_date=20230704T000000, start_date=20230705T120117, end_date=20230705T120125
[2023-07-05 12:01:25,659] {local_task_job.py:156} INFO - Task exited with return code 0
[2023-07-05 12:01:25,699] {local_task_job.py:273} INFO - 0 downstream tasks scheduled from follow-on schedule check
