[2023-07-13 18:48:18,890] {taskinstance.py:1179} INFO - Dependencies all met for <TaskInstance: dag_weather.send_email manual__2023-07-13T18:48:05.063359+00:00 [queued]>
[2023-07-13 18:48:18,906] {taskinstance.py:1179} INFO - Dependencies all met for <TaskInstance: dag_weather.send_email manual__2023-07-13T18:48:05.063359+00:00 [queued]>
[2023-07-13 18:48:18,906] {taskinstance.py:1376} INFO - 
--------------------------------------------------------------------------------
[2023-07-13 18:48:18,906] {taskinstance.py:1377} INFO - Starting attempt 1 of 6
[2023-07-13 18:48:18,906] {taskinstance.py:1378} INFO - 
--------------------------------------------------------------------------------
[2023-07-13 18:48:18,930] {taskinstance.py:1397} INFO - Executing <Task(PythonOperator): send_email> on 2023-07-13 18:48:05.063359+00:00
[2023-07-13 18:48:18,935] {standard_task_runner.py:52} INFO - Started process 232 to run task
[2023-07-13 18:48:18,939] {standard_task_runner.py:79} INFO - Running: ['***', 'tasks', 'run', 'dag_weather', 'send_email', 'manual__2023-07-13T18:48:05.063359+00:00', '--job-id', '67', '--raw', '--subdir', 'DAGS_FOLDER/dag_w_test.py', '--cfg-path', '/tmp/tmpgbhnbc0g', '--error-file', '/tmp/tmpba_fm4em']
[2023-07-13 18:48:18,941] {standard_task_runner.py:80} INFO - Job 67: Subtask send_email
[2023-07-13 18:48:19,058] {task_command.py:371} INFO - Running <TaskInstance: dag_weather.send_email manual__2023-07-13T18:48:05.063359+00:00 [running]> on host 6fc87d08a0f9
[2023-07-13 18:48:19,178] {taskinstance.py:1591} INFO - Exporting the following env vars:
AIRFLOW_CTX_DAG_OWNER=MariaRO
AIRFLOW_CTX_DAG_ID=dag_weather
AIRFLOW_CTX_TASK_ID=send_email
AIRFLOW_CTX_EXECUTION_DATE=2023-07-13T18:48:05.063359+00:00
AIRFLOW_CTX_TRY_NUMBER=1
AIRFLOW_CTX_DAG_RUN_ID=manual__2023-07-13T18:48:05.063359+00:00
[2023-07-13 18:48:22,768] {python.py:173} INFO - Done. Returned value was: None
[2023-07-13 18:48:22,793] {taskinstance.py:1420} INFO - Marking task as SUCCESS. dag_id=dag_weather, task_id=send_email, execution_date=20230713T184805, start_date=20230713T184818, end_date=20230713T184822
[2023-07-13 18:48:22,850] {local_task_job.py:156} INFO - Task exited with return code 0
[2023-07-13 18:48:22,892] {local_task_job.py:273} INFO - 0 downstream tasks scheduled from follow-on schedule check
