[2023-06-27 00:00:07,519] {taskinstance.py:1179} INFO - Dependencies all met for <TaskInstance: dag_weather.upload_data scheduled__2023-06-26T00:00:00+00:00 [queued]>
[2023-06-27 00:00:07,529] {taskinstance.py:1179} INFO - Dependencies all met for <TaskInstance: dag_weather.upload_data scheduled__2023-06-26T00:00:00+00:00 [queued]>
[2023-06-27 00:00:07,530] {taskinstance.py:1376} INFO - 
--------------------------------------------------------------------------------
[2023-06-27 00:00:07,530] {taskinstance.py:1377} INFO - Starting attempt 1 of 6
[2023-06-27 00:00:07,530] {taskinstance.py:1378} INFO - 
--------------------------------------------------------------------------------
[2023-06-27 00:00:07,549] {taskinstance.py:1397} INFO - Executing <Task(PythonOperator): upload_data> on 2023-06-26 00:00:00+00:00
[2023-06-27 00:00:07,553] {standard_task_runner.py:52} INFO - Started process 25946 to run task
[2023-06-27 00:00:07,556] {standard_task_runner.py:79} INFO - Running: ['***', 'tasks', 'run', 'dag_weather', 'upload_data', 'scheduled__2023-06-26T00:00:00+00:00', '--job-id', '116', '--raw', '--subdir', 'DAGS_FOLDER/dag_weather.py', '--cfg-path', '/tmp/tmpjubgxgz5', '--error-file', '/tmp/tmp1qrzuu8s']
[2023-06-27 00:00:07,557] {standard_task_runner.py:80} INFO - Job 116: Subtask upload_data
[2023-06-27 00:00:07,622] {task_command.py:371} INFO - Running <TaskInstance: dag_weather.upload_data scheduled__2023-06-26T00:00:00+00:00 [running]> on host db753b024971
[2023-06-27 00:00:07,739] {taskinstance.py:1591} INFO - Exporting the following env vars:
AIRFLOW_CTX_DAG_OWNER=MariaRO
AIRFLOW_CTX_DAG_ID=dag_weather
AIRFLOW_CTX_TASK_ID=upload_data
AIRFLOW_CTX_EXECUTION_DATE=2023-06-26T00:00:00+00:00
AIRFLOW_CTX_TRY_NUMBER=1
AIRFLOW_CTX_DAG_RUN_ID=scheduled__2023-06-26T00:00:00+00:00
[2023-06-27 00:00:09,199] {logging_mixin.py:115} INFO - Connected to Redshift successfully!
[2023-06-27 00:00:10,390] {logging_mixin.py:115} INFO - Proceso terminado
[2023-06-27 00:00:10,392] {python.py:173} INFO - Done. Returned value was: None
[2023-06-27 00:00:10,430] {taskinstance.py:1420} INFO - Marking task as SUCCESS. dag_id=dag_weather, task_id=upload_data, execution_date=20230626T000000, start_date=20230627T000007, end_date=20230627T000010
[2023-06-27 00:00:10,471] {local_task_job.py:156} INFO - Task exited with return code 0
[2023-06-27 00:00:10,525] {local_task_job.py:273} INFO - 0 downstream tasks scheduled from follow-on schedule check
