[2023-07-13 19:12:15,920] {taskinstance.py:1179} INFO - Dependencies all met for <TaskInstance: dag_weather.extract_data manual__2023-07-13T19:12:14.468923+00:00 [queued]>
[2023-07-13 19:12:15,929] {taskinstance.py:1179} INFO - Dependencies all met for <TaskInstance: dag_weather.extract_data manual__2023-07-13T19:12:14.468923+00:00 [queued]>
[2023-07-13 19:12:15,930] {taskinstance.py:1376} INFO - 
--------------------------------------------------------------------------------
[2023-07-13 19:12:15,930] {taskinstance.py:1377} INFO - Starting attempt 1 of 6
[2023-07-13 19:12:15,930] {taskinstance.py:1378} INFO - 
--------------------------------------------------------------------------------
[2023-07-13 19:12:15,946] {taskinstance.py:1397} INFO - Executing <Task(PythonOperator): extract_data> on 2023-07-13 19:12:14.468923+00:00
[2023-07-13 19:12:15,950] {standard_task_runner.py:52} INFO - Started process 199 to run task
[2023-07-13 19:12:15,953] {standard_task_runner.py:79} INFO - Running: ['***', 'tasks', 'run', 'dag_weather', 'extract_data', 'manual__2023-07-13T19:12:14.468923+00:00', '--job-id', '96', '--raw', '--subdir', 'DAGS_FOLDER/dag_weather.py', '--cfg-path', '/tmp/tmpp6w0vzoi', '--error-file', '/tmp/tmpmo3lzovl']
[2023-07-13 19:12:15,954] {standard_task_runner.py:80} INFO - Job 96: Subtask extract_data
[2023-07-13 19:12:16,021] {task_command.py:371} INFO - Running <TaskInstance: dag_weather.extract_data manual__2023-07-13T19:12:14.468923+00:00 [running]> on host 6fc87d08a0f9
[2023-07-13 19:12:16,104] {taskinstance.py:1591} INFO - Exporting the following env vars:
AIRFLOW_CTX_DAG_OWNER=MariaRO
AIRFLOW_CTX_DAG_ID=dag_weather
AIRFLOW_CTX_TASK_ID=extract_data
AIRFLOW_CTX_EXECUTION_DATE=2023-07-13T19:12:14.468923+00:00
AIRFLOW_CTX_TRY_NUMBER=1
AIRFLOW_CTX_DAG_RUN_ID=manual__2023-07-13T19:12:14.468923+00:00
[2023-07-13 19:12:16,105] {logging_mixin.py:115} INFO - ***************
[2023-07-13 19:12:16,105] {logging_mixin.py:115} INFO - 2023-07-13
[2023-07-13 19:12:19,170] {python.py:173} INFO - Done. Returned value was: None
[2023-07-13 19:12:19,191] {taskinstance.py:1420} INFO - Marking task as SUCCESS. dag_id=dag_weather, task_id=extract_data, execution_date=20230713T191214, start_date=20230713T191215, end_date=20230713T191219
[2023-07-13 19:12:19,219] {local_task_job.py:156} INFO - Task exited with return code 0
[2023-07-13 19:12:19,264] {local_task_job.py:273} INFO - 1 downstream tasks scheduled from follow-on schedule check
