[2023-06-19 20:42:22,997] {taskinstance.py:1179} INFO - Dependencies all met for <TaskInstance: dag_weather.upload_data manual__2023-06-19T20:42:06.821696+00:00 [queued]>
[2023-06-19 20:42:23,010] {taskinstance.py:1179} INFO - Dependencies all met for <TaskInstance: dag_weather.upload_data manual__2023-06-19T20:42:06.821696+00:00 [queued]>
[2023-06-19 20:42:23,010] {taskinstance.py:1376} INFO - 
--------------------------------------------------------------------------------
[2023-06-19 20:42:23,010] {taskinstance.py:1377} INFO - Starting attempt 1 of 6
[2023-06-19 20:42:23,010] {taskinstance.py:1378} INFO - 
--------------------------------------------------------------------------------
[2023-06-19 20:42:23,030] {taskinstance.py:1397} INFO - Executing <Task(PythonOperator): upload_data> on 2023-06-19 20:42:06.821696+00:00
[2023-06-19 20:42:23,034] {standard_task_runner.py:52} INFO - Started process 228 to run task
[2023-06-19 20:42:23,037] {standard_task_runner.py:79} INFO - Running: ['***', 'tasks', 'run', 'dag_weather', 'upload_data', 'manual__2023-06-19T20:42:06.821696+00:00', '--job-id', '87', '--raw', '--subdir', 'DAGS_FOLDER/dag_weather.py', '--cfg-path', '/tmp/tmpuqle8gww', '--error-file', '/tmp/tmpr72dq9_a']
[2023-06-19 20:42:23,039] {standard_task_runner.py:80} INFO - Job 87: Subtask upload_data
[2023-06-19 20:42:23,113] {task_command.py:371} INFO - Running <TaskInstance: dag_weather.upload_data manual__2023-06-19T20:42:06.821696+00:00 [running]> on host db753b024971
[2023-06-19 20:42:23,254] {taskinstance.py:1591} INFO - Exporting the following env vars:
AIRFLOW_CTX_DAG_OWNER=MariaRO
AIRFLOW_CTX_DAG_ID=dag_weather
AIRFLOW_CTX_TASK_ID=upload_data
AIRFLOW_CTX_EXECUTION_DATE=2023-06-19T20:42:06.821696+00:00
AIRFLOW_CTX_TRY_NUMBER=1
AIRFLOW_CTX_DAG_RUN_ID=manual__2023-06-19T20:42:06.821696+00:00
[2023-06-19 20:42:24,575] {logging_mixin.py:115} INFO - Connected to Redshift successfully!
[2023-06-19 20:42:29,264] {logging_mixin.py:115} INFO - Proceso terminado
[2023-06-19 20:42:29,264] {python.py:173} INFO - Done. Returned value was: None
[2023-06-19 20:42:29,278] {taskinstance.py:1420} INFO - Marking task as SUCCESS. dag_id=dag_weather, task_id=upload_data, execution_date=20230619T204206, start_date=20230619T204222, end_date=20230619T204229
[2023-06-19 20:42:29,320] {local_task_job.py:156} INFO - Task exited with return code 0
[2023-06-19 20:42:29,358] {local_task_job.py:273} INFO - 0 downstream tasks scheduled from follow-on schedule check
