[2023-07-11 19:58:40,569] {taskinstance.py:1179} INFO - Dependencies all met for <TaskInstance: dag_weather.transform_data manual__2023-07-11T19:58:35.360420+00:00 [queued]>
[2023-07-11 19:58:40,583] {taskinstance.py:1179} INFO - Dependencies all met for <TaskInstance: dag_weather.transform_data manual__2023-07-11T19:58:35.360420+00:00 [queued]>
[2023-07-11 19:58:40,583] {taskinstance.py:1376} INFO - 
--------------------------------------------------------------------------------
[2023-07-11 19:58:40,583] {taskinstance.py:1377} INFO - Starting attempt 1 of 6
[2023-07-11 19:58:40,584] {taskinstance.py:1378} INFO - 
--------------------------------------------------------------------------------
[2023-07-11 19:58:40,611] {taskinstance.py:1397} INFO - Executing <Task(PythonOperator): transform_data> on 2023-07-11 19:58:35.360420+00:00
[2023-07-11 19:58:40,616] {standard_task_runner.py:52} INFO - Started process 341 to run task
[2023-07-11 19:58:40,620] {standard_task_runner.py:79} INFO - Running: ['***', 'tasks', 'run', 'dag_weather', 'transform_data', 'manual__2023-07-11T19:58:35.360420+00:00', '--job-id', '26', '--raw', '--subdir', 'DAGS_FOLDER/dag_weather.py', '--cfg-path', '/tmp/tmpun6g0qw9', '--error-file', '/tmp/tmpuhhj6ks9']
[2023-07-11 19:58:40,621] {standard_task_runner.py:80} INFO - Job 26: Subtask transform_data
[2023-07-11 19:58:40,707] {task_command.py:371} INFO - Running <TaskInstance: dag_weather.transform_data manual__2023-07-11T19:58:35.360420+00:00 [running]> on host 392c3fefc915
[2023-07-11 19:58:40,805] {taskinstance.py:1591} INFO - Exporting the following env vars:
AIRFLOW_CTX_DAG_OWNER=MariaRO
AIRFLOW_CTX_DAG_ID=dag_weather
AIRFLOW_CTX_TASK_ID=transform_data
AIRFLOW_CTX_EXECUTION_DATE=2023-07-11T19:58:35.360420+00:00
AIRFLOW_CTX_TRY_NUMBER=1
AIRFLOW_CTX_DAG_RUN_ID=manual__2023-07-11T19:58:35.360420+00:00
[2023-07-11 19:58:40,827] {python.py:173} INFO - Done. Returned value was: None
[2023-07-11 19:58:40,842] {taskinstance.py:1420} INFO - Marking task as SUCCESS. dag_id=dag_weather, task_id=transform_data, execution_date=20230711T195835, start_date=20230711T195840, end_date=20230711T195840
[2023-07-11 19:58:40,871] {local_task_job.py:156} INFO - Task exited with return code 0
[2023-07-11 19:58:40,928] {local_task_job.py:273} INFO - 1 downstream tasks scheduled from follow-on schedule check
