[2023-07-01 00:00:00,690] {taskinstance.py:1179} INFO - Dependencies all met for <TaskInstance: dag_weather.extract_data scheduled__2023-06-30T00:00:00+00:00 [queued]>
[2023-07-01 00:00:00,702] {taskinstance.py:1179} INFO - Dependencies all met for <TaskInstance: dag_weather.extract_data scheduled__2023-06-30T00:00:00+00:00 [queued]>
[2023-07-01 00:00:00,702] {taskinstance.py:1376} INFO - 
--------------------------------------------------------------------------------
[2023-07-01 00:00:00,702] {taskinstance.py:1377} INFO - Starting attempt 1 of 6
[2023-07-01 00:00:00,702] {taskinstance.py:1378} INFO - 
--------------------------------------------------------------------------------
[2023-07-01 00:00:00,719] {taskinstance.py:1397} INFO - Executing <Task(PythonOperator): extract_data> on 2023-06-30 00:00:00+00:00
[2023-07-01 00:00:00,723] {standard_task_runner.py:52} INFO - Started process 18295 to run task
[2023-07-01 00:00:00,726] {standard_task_runner.py:79} INFO - Running: ['***', 'tasks', 'run', 'dag_weather', 'extract_data', 'scheduled__2023-06-30T00:00:00+00:00', '--job-id', '127', '--raw', '--subdir', 'DAGS_FOLDER/dag_weather.py', '--cfg-path', '/tmp/tmpob13m86h', '--error-file', '/tmp/tmp5z1vq_3z']
[2023-07-01 00:00:00,727] {standard_task_runner.py:80} INFO - Job 127: Subtask extract_data
[2023-07-01 00:00:00,793] {task_command.py:371} INFO - Running <TaskInstance: dag_weather.extract_data scheduled__2023-06-30T00:00:00+00:00 [running]> on host db753b024971
[2023-07-01 00:00:00,876] {taskinstance.py:1591} INFO - Exporting the following env vars:
AIRFLOW_CTX_DAG_OWNER=MariaRO
AIRFLOW_CTX_DAG_ID=dag_weather
AIRFLOW_CTX_TASK_ID=extract_data
AIRFLOW_CTX_EXECUTION_DATE=2023-06-30T00:00:00+00:00
AIRFLOW_CTX_TRY_NUMBER=1
AIRFLOW_CTX_DAG_RUN_ID=scheduled__2023-06-30T00:00:00+00:00
[2023-07-01 00:00:00,877] {logging_mixin.py:115} INFO - ***************
[2023-07-01 00:00:00,877] {logging_mixin.py:115} INFO - 2023-06-30
[2023-07-01 00:00:05,808] {python.py:173} INFO - Done. Returned value was: None
[2023-07-01 00:00:05,820] {taskinstance.py:1420} INFO - Marking task as SUCCESS. dag_id=dag_weather, task_id=extract_data, execution_date=20230630T000000, start_date=20230701T000000, end_date=20230701T000005
[2023-07-01 00:00:05,863] {local_task_job.py:156} INFO - Task exited with return code 0
[2023-07-01 00:00:05,901] {local_task_job.py:273} INFO - 1 downstream tasks scheduled from follow-on schedule check
