[2023-07-13 18:50:54,439] {taskinstance.py:1179} INFO - Dependencies all met for <TaskInstance: dag_weather.upload_data manual__2023-07-13T18:50:47.191877+00:00 [queued]>
[2023-07-13 18:50:54,457] {taskinstance.py:1179} INFO - Dependencies all met for <TaskInstance: dag_weather.upload_data manual__2023-07-13T18:50:47.191877+00:00 [queued]>
[2023-07-13 18:50:54,457] {taskinstance.py:1376} INFO - 
--------------------------------------------------------------------------------
[2023-07-13 18:50:54,457] {taskinstance.py:1377} INFO - Starting attempt 1 of 6
[2023-07-13 18:50:54,457] {taskinstance.py:1378} INFO - 
--------------------------------------------------------------------------------
[2023-07-13 18:50:54,487] {taskinstance.py:1397} INFO - Executing <Task(PythonOperator): upload_data> on 2023-07-13 18:50:47.191877+00:00
[2023-07-13 18:50:54,493] {standard_task_runner.py:52} INFO - Started process 241 to run task
[2023-07-13 18:50:54,497] {standard_task_runner.py:79} INFO - Running: ['***', 'tasks', 'run', 'dag_weather', 'upload_data', 'manual__2023-07-13T18:50:47.191877+00:00', '--job-id', '71', '--raw', '--subdir', 'DAGS_FOLDER/dag_weather.py', '--cfg-path', '/tmp/tmpx3uqn7uu', '--error-file', '/tmp/tmpw8pt06aw']
[2023-07-13 18:50:54,499] {standard_task_runner.py:80} INFO - Job 71: Subtask upload_data
[2023-07-13 18:50:54,588] {task_command.py:371} INFO - Running <TaskInstance: dag_weather.upload_data manual__2023-07-13T18:50:47.191877+00:00 [running]> on host 6fc87d08a0f9
[2023-07-13 18:50:54,689] {taskinstance.py:1591} INFO - Exporting the following env vars:
AIRFLOW_CTX_DAG_OWNER=MariaRO
AIRFLOW_CTX_DAG_ID=dag_weather
AIRFLOW_CTX_TASK_ID=upload_data
AIRFLOW_CTX_EXECUTION_DATE=2023-07-13T18:50:47.191877+00:00
AIRFLOW_CTX_TRY_NUMBER=1
AIRFLOW_CTX_DAG_RUN_ID=manual__2023-07-13T18:50:47.191877+00:00
[2023-07-13 18:50:56,074] {logging_mixin.py:115} INFO - Connected to Redshift successfully!
[2023-07-13 18:50:57,433] {logging_mixin.py:115} INFO - Proceso terminado
[2023-07-13 18:50:57,434] {python.py:173} INFO - Done. Returned value was: None
[2023-07-13 18:50:57,456] {taskinstance.py:1420} INFO - Marking task as SUCCESS. dag_id=dag_weather, task_id=upload_data, execution_date=20230713T185047, start_date=20230713T185054, end_date=20230713T185057
[2023-07-13 18:50:57,521] {local_task_job.py:156} INFO - Task exited with return code 0
[2023-07-13 18:50:57,580] {local_task_job.py:273} INFO - 1 downstream tasks scheduled from follow-on schedule check
