[2023-07-11 19:53:07,451] {taskinstance.py:1179} INFO - Dependencies all met for <TaskInstance: dag_weather.upload_data manual__2023-07-11T19:52:59.934984+00:00 [queued]>
[2023-07-11 19:53:07,469] {taskinstance.py:1179} INFO - Dependencies all met for <TaskInstance: dag_weather.upload_data manual__2023-07-11T19:52:59.934984+00:00 [queued]>
[2023-07-11 19:53:07,469] {taskinstance.py:1376} INFO - 
--------------------------------------------------------------------------------
[2023-07-11 19:53:07,469] {taskinstance.py:1377} INFO - Starting attempt 1 of 6
[2023-07-11 19:53:07,469] {taskinstance.py:1378} INFO - 
--------------------------------------------------------------------------------
[2023-07-11 19:53:07,499] {taskinstance.py:1397} INFO - Executing <Task(PythonOperator): upload_data> on 2023-07-11 19:52:59.934984+00:00
[2023-07-11 19:53:07,505] {standard_task_runner.py:52} INFO - Started process 267 to run task
[2023-07-11 19:53:07,510] {standard_task_runner.py:79} INFO - Running: ['***', 'tasks', 'run', 'dag_weather', 'upload_data', 'manual__2023-07-11T19:52:59.934984+00:00', '--job-id', '17', '--raw', '--subdir', 'DAGS_FOLDER/dag_weather.py', '--cfg-path', '/tmp/tmpf77fjkzt', '--error-file', '/tmp/tmpl5yufrt7']
[2023-07-11 19:53:07,512] {standard_task_runner.py:80} INFO - Job 17: Subtask upload_data
[2023-07-11 19:53:07,604] {task_command.py:371} INFO - Running <TaskInstance: dag_weather.upload_data manual__2023-07-11T19:52:59.934984+00:00 [running]> on host b5f0b6584590
[2023-07-11 19:53:07,709] {taskinstance.py:1591} INFO - Exporting the following env vars:
AIRFLOW_CTX_DAG_OWNER=MariaRO
AIRFLOW_CTX_DAG_ID=dag_weather
AIRFLOW_CTX_TASK_ID=upload_data
AIRFLOW_CTX_EXECUTION_DATE=2023-07-11T19:52:59.934984+00:00
AIRFLOW_CTX_TRY_NUMBER=1
AIRFLOW_CTX_DAG_RUN_ID=manual__2023-07-11T19:52:59.934984+00:00
[2023-07-11 19:53:09,135] {logging_mixin.py:115} INFO - Connected to Redshift successfully!
[2023-07-11 19:53:14,621] {logging_mixin.py:115} INFO - Proceso terminado
[2023-07-11 19:53:14,621] {python.py:173} INFO - Done. Returned value was: None
[2023-07-11 19:53:14,635] {taskinstance.py:1420} INFO - Marking task as SUCCESS. dag_id=dag_weather, task_id=upload_data, execution_date=20230711T195259, start_date=20230711T195307, end_date=20230711T195314
[2023-07-11 19:53:14,680] {local_task_job.py:156} INFO - Task exited with return code 0
[2023-07-11 19:53:14,720] {local_task_job.py:273} INFO - 1 downstream tasks scheduled from follow-on schedule check
