[2023-07-11 19:29:49,470] {taskinstance.py:1179} INFO - Dependencies all met for <TaskInstance: dag_weather.extract_data manual__2023-07-11T19:29:47.561623+00:00 [queued]>
[2023-07-11 19:29:49,488] {taskinstance.py:1179} INFO - Dependencies all met for <TaskInstance: dag_weather.extract_data manual__2023-07-11T19:29:47.561623+00:00 [queued]>
[2023-07-11 19:29:49,488] {taskinstance.py:1376} INFO - 
--------------------------------------------------------------------------------
[2023-07-11 19:29:49,489] {taskinstance.py:1377} INFO - Starting attempt 1 of 6
[2023-07-11 19:29:49,489] {taskinstance.py:1378} INFO - 
--------------------------------------------------------------------------------
[2023-07-11 19:29:49,518] {taskinstance.py:1397} INFO - Executing <Task(PythonOperator): extract_data> on 2023-07-11 19:29:47.561623+00:00
[2023-07-11 19:29:49,530] {standard_task_runner.py:52} INFO - Started process 244 to run task
[2023-07-11 19:29:49,539] {standard_task_runner.py:79} INFO - Running: ['***', 'tasks', 'run', 'dag_weather', 'extract_data', 'manual__2023-07-11T19:29:47.561623+00:00', '--job-id', '4', '--raw', '--subdir', 'DAGS_FOLDER/dag_weather.py', '--cfg-path', '/tmp/tmpl9tg6k32', '--error-file', '/tmp/tmpjmp3sbz1']
[2023-07-11 19:29:49,542] {standard_task_runner.py:80} INFO - Job 4: Subtask extract_data
[2023-07-11 19:29:49,724] {task_command.py:371} INFO - Running <TaskInstance: dag_weather.extract_data manual__2023-07-11T19:29:47.561623+00:00 [running]> on host 7ee0c55ba55b
[2023-07-11 19:29:49,917] {taskinstance.py:1591} INFO - Exporting the following env vars:
AIRFLOW_CTX_DAG_OWNER=MariaRO
AIRFLOW_CTX_DAG_ID=dag_weather
AIRFLOW_CTX_TASK_ID=extract_data
AIRFLOW_CTX_EXECUTION_DATE=2023-07-11T19:29:47.561623+00:00
AIRFLOW_CTX_TRY_NUMBER=1
AIRFLOW_CTX_DAG_RUN_ID=manual__2023-07-11T19:29:47.561623+00:00
[2023-07-11 19:29:49,919] {logging_mixin.py:115} INFO - ***************
[2023-07-11 19:29:49,919] {logging_mixin.py:115} INFO - 2023-07-11
[2023-07-11 19:29:52,833] {python.py:173} INFO - Done. Returned value was: None
[2023-07-11 19:29:52,848] {taskinstance.py:1420} INFO - Marking task as SUCCESS. dag_id=dag_weather, task_id=extract_data, execution_date=20230711T192947, start_date=20230711T192949, end_date=20230711T192952
[2023-07-11 19:29:52,886] {local_task_job.py:156} INFO - Task exited with return code 0
[2023-07-11 19:29:52,929] {local_task_job.py:273} INFO - 1 downstream tasks scheduled from follow-on schedule check
