[2023-07-13 12:10:08,100] {taskinstance.py:1179} INFO - Dependencies all met for <TaskInstance: dag_weather.extract_data scheduled__2023-07-11T00:00:00+00:00 [queued]>
[2023-07-13 12:10:08,121] {taskinstance.py:1179} INFO - Dependencies all met for <TaskInstance: dag_weather.extract_data scheduled__2023-07-11T00:00:00+00:00 [queued]>
[2023-07-13 12:10:08,121] {taskinstance.py:1376} INFO - 
--------------------------------------------------------------------------------
[2023-07-13 12:10:08,121] {taskinstance.py:1377} INFO - Starting attempt 1 of 6
[2023-07-13 12:10:08,121] {taskinstance.py:1378} INFO - 
--------------------------------------------------------------------------------
[2023-07-13 12:10:08,161] {taskinstance.py:1397} INFO - Executing <Task(PythonOperator): extract_data> on 2023-07-11 00:00:00+00:00
[2023-07-13 12:10:08,169] {standard_task_runner.py:52} INFO - Started process 185 to run task
[2023-07-13 12:10:08,176] {standard_task_runner.py:79} INFO - Running: ['***', 'tasks', 'run', 'dag_weather', 'extract_data', 'scheduled__2023-07-11T00:00:00+00:00', '--job-id', '44', '--raw', '--subdir', 'DAGS_FOLDER/dag_weather.py', '--cfg-path', '/tmp/tmpba0jsy0o', '--error-file', '/tmp/tmpwrekvst1']
[2023-07-13 12:10:08,179] {standard_task_runner.py:80} INFO - Job 44: Subtask extract_data
[2023-07-13 12:10:08,343] {task_command.py:371} INFO - Running <TaskInstance: dag_weather.extract_data scheduled__2023-07-11T00:00:00+00:00 [running]> on host 6fc87d08a0f9
[2023-07-13 12:10:08,634] {taskinstance.py:1591} INFO - Exporting the following env vars:
AIRFLOW_CTX_DAG_OWNER=MariaRO
AIRFLOW_CTX_DAG_ID=dag_weather
AIRFLOW_CTX_TASK_ID=extract_data
AIRFLOW_CTX_EXECUTION_DATE=2023-07-11T00:00:00+00:00
AIRFLOW_CTX_TRY_NUMBER=1
AIRFLOW_CTX_DAG_RUN_ID=scheduled__2023-07-11T00:00:00+00:00
[2023-07-13 12:10:08,642] {logging_mixin.py:115} INFO - ***************
[2023-07-13 12:10:08,642] {logging_mixin.py:115} INFO - 2023-07-11
[2023-07-13 12:10:11,577] {python.py:173} INFO - Done. Returned value was: None
[2023-07-13 12:10:11,648] {taskinstance.py:1420} INFO - Marking task as SUCCESS. dag_id=dag_weather, task_id=extract_data, execution_date=20230711T000000, start_date=20230713T121008, end_date=20230713T121011
[2023-07-13 12:10:11,779] {local_task_job.py:156} INFO - Task exited with return code 0
[2023-07-13 12:10:11,930] {local_task_job.py:273} INFO - 1 downstream tasks scheduled from follow-on schedule check
