[2023-06-28 00:00:00,987] {taskinstance.py:1179} INFO - Dependencies all met for <TaskInstance: dag_weather.extract_data scheduled__2023-06-27T00:00:00+00:00 [queued]>
[2023-06-28 00:00:00,997] {taskinstance.py:1179} INFO - Dependencies all met for <TaskInstance: dag_weather.extract_data scheduled__2023-06-27T00:00:00+00:00 [queued]>
[2023-06-28 00:00:00,997] {taskinstance.py:1376} INFO - 
--------------------------------------------------------------------------------
[2023-06-28 00:00:00,997] {taskinstance.py:1377} INFO - Starting attempt 1 of 6
[2023-06-28 00:00:00,998] {taskinstance.py:1378} INFO - 
--------------------------------------------------------------------------------
[2023-06-28 00:00:01,016] {taskinstance.py:1397} INFO - Executing <Task(PythonOperator): extract_data> on 2023-06-27 00:00:00+00:00
[2023-06-28 00:00:01,020] {standard_task_runner.py:52} INFO - Started process 18317 to run task
[2023-06-28 00:00:01,024] {standard_task_runner.py:79} INFO - Running: ['***', 'tasks', 'run', 'dag_weather', 'extract_data', 'scheduled__2023-06-27T00:00:00+00:00', '--job-id', '117', '--raw', '--subdir', 'DAGS_FOLDER/dag_weather.py', '--cfg-path', '/tmp/tmph04m0rq_', '--error-file', '/tmp/tmpfknht635']
[2023-06-28 00:00:01,025] {standard_task_runner.py:80} INFO - Job 117: Subtask extract_data
[2023-06-28 00:00:01,092] {task_command.py:371} INFO - Running <TaskInstance: dag_weather.extract_data scheduled__2023-06-27T00:00:00+00:00 [running]> on host db753b024971
[2023-06-28 00:00:01,176] {taskinstance.py:1591} INFO - Exporting the following env vars:
AIRFLOW_CTX_DAG_OWNER=MariaRO
AIRFLOW_CTX_DAG_ID=dag_weather
AIRFLOW_CTX_TASK_ID=extract_data
AIRFLOW_CTX_EXECUTION_DATE=2023-06-27T00:00:00+00:00
AIRFLOW_CTX_TRY_NUMBER=1
AIRFLOW_CTX_DAG_RUN_ID=scheduled__2023-06-27T00:00:00+00:00
[2023-06-28 00:00:01,177] {logging_mixin.py:115} INFO - ***************
[2023-06-28 00:00:01,177] {logging_mixin.py:115} INFO - 2023-06-27
[2023-06-28 00:00:06,054] {python.py:173} INFO - Done. Returned value was: None
[2023-06-28 00:00:06,070] {taskinstance.py:1420} INFO - Marking task as SUCCESS. dag_id=dag_weather, task_id=extract_data, execution_date=20230627T000000, start_date=20230628T000000, end_date=20230628T000006
[2023-06-28 00:00:06,086] {local_task_job.py:156} INFO - Task exited with return code 0
[2023-06-28 00:00:06,125] {local_task_job.py:273} INFO - 1 downstream tasks scheduled from follow-on schedule check
