[2023-07-13 18:25:00,169] {taskinstance.py:1179} INFO - Dependencies all met for <TaskInstance: dag_weather.upload_data manual__2023-07-13T18:24:53.109317+00:00 [queued]>
[2023-07-13 18:25:00,183] {taskinstance.py:1179} INFO - Dependencies all met for <TaskInstance: dag_weather.upload_data manual__2023-07-13T18:24:53.109317+00:00 [queued]>
[2023-07-13 18:25:00,183] {taskinstance.py:1376} INFO - 
--------------------------------------------------------------------------------
[2023-07-13 18:25:00,183] {taskinstance.py:1377} INFO - Starting attempt 1 of 6
[2023-07-13 18:25:00,183] {taskinstance.py:1378} INFO - 
--------------------------------------------------------------------------------
[2023-07-13 18:25:00,210] {taskinstance.py:1397} INFO - Executing <Task(PythonOperator): upload_data> on 2023-07-13 18:24:53.109317+00:00
[2023-07-13 18:25:00,215] {standard_task_runner.py:52} INFO - Started process 229 to run task
[2023-07-13 18:25:00,219] {standard_task_runner.py:79} INFO - Running: ['***', 'tasks', 'run', 'dag_weather', 'upload_data', 'manual__2023-07-13T18:24:53.109317+00:00', '--job-id', '61', '--raw', '--subdir', 'DAGS_FOLDER/dag_w_test.py', '--cfg-path', '/tmp/tmplxj7o5no', '--error-file', '/tmp/tmpovzto2tc']
[2023-07-13 18:25:00,221] {standard_task_runner.py:80} INFO - Job 61: Subtask upload_data
[2023-07-13 18:25:00,308] {task_command.py:371} INFO - Running <TaskInstance: dag_weather.upload_data manual__2023-07-13T18:24:53.109317+00:00 [running]> on host 6fc87d08a0f9
[2023-07-13 18:25:00,462] {taskinstance.py:1591} INFO - Exporting the following env vars:
AIRFLOW_CTX_DAG_OWNER=MariaRO
AIRFLOW_CTX_DAG_ID=dag_weather
AIRFLOW_CTX_TASK_ID=upload_data
AIRFLOW_CTX_EXECUTION_DATE=2023-07-13T18:24:53.109317+00:00
AIRFLOW_CTX_TRY_NUMBER=1
AIRFLOW_CTX_DAG_RUN_ID=manual__2023-07-13T18:24:53.109317+00:00
[2023-07-13 18:25:01,875] {logging_mixin.py:115} INFO - Connected to Redshift successfully!
[2023-07-13 18:25:03,615] {logging_mixin.py:115} INFO - Proceso terminado
[2023-07-13 18:25:03,615] {python.py:173} INFO - Done. Returned value was: None
[2023-07-13 18:25:03,631] {taskinstance.py:1420} INFO - Marking task as SUCCESS. dag_id=dag_weather, task_id=upload_data, execution_date=20230713T182453, start_date=20230713T182500, end_date=20230713T182503
[2023-07-13 18:25:03,686] {local_task_job.py:156} INFO - Task exited with return code 0
[2023-07-13 18:25:03,832] {local_task_job.py:273} INFO - 1 downstream tasks scheduled from follow-on schedule check
