[2023-06-19 20:25:44,282] {taskinstance.py:1179} INFO - Dependencies all met for <TaskInstance: dag_weather.extract_data manual__2023-06-19T20:20:29.732102+00:00 [queued]>
[2023-06-19 20:25:44,294] {taskinstance.py:1179} INFO - Dependencies all met for <TaskInstance: dag_weather.extract_data manual__2023-06-19T20:20:29.732102+00:00 [queued]>
[2023-06-19 20:25:44,294] {taskinstance.py:1376} INFO - 
--------------------------------------------------------------------------------
[2023-06-19 20:25:44,294] {taskinstance.py:1377} INFO - Starting attempt 2 of 6
[2023-06-19 20:25:44,294] {taskinstance.py:1378} INFO - 
--------------------------------------------------------------------------------
[2023-06-19 20:25:44,311] {taskinstance.py:1397} INFO - Executing <Task(PythonOperator): extract_data> on 2023-06-19 20:20:29.732102+00:00
[2023-06-19 20:25:44,315] {standard_task_runner.py:52} INFO - Started process 211 to run task
[2023-06-19 20:25:44,318] {standard_task_runner.py:79} INFO - Running: ['***', 'tasks', 'run', 'dag_weather', 'extract_data', 'manual__2023-06-19T20:20:29.732102+00:00', '--job-id', '66', '--raw', '--subdir', 'DAGS_FOLDER/dag_weather.py', '--cfg-path', '/tmp/tmphg616xlh', '--error-file', '/tmp/tmpxgwby2lg']
[2023-06-19 20:25:44,319] {standard_task_runner.py:80} INFO - Job 66: Subtask extract_data
[2023-06-19 20:25:44,383] {task_command.py:371} INFO - Running <TaskInstance: dag_weather.extract_data manual__2023-06-19T20:20:29.732102+00:00 [running]> on host 871cafd9693a
[2023-06-19 20:25:44,458] {taskinstance.py:1591} INFO - Exporting the following env vars:
AIRFLOW_CTX_DAG_OWNER=MariaRO
AIRFLOW_CTX_DAG_ID=dag_weather
AIRFLOW_CTX_TASK_ID=extract_data
AIRFLOW_CTX_EXECUTION_DATE=2023-06-19T20:20:29.732102+00:00
AIRFLOW_CTX_TRY_NUMBER=2
AIRFLOW_CTX_DAG_RUN_ID=manual__2023-06-19T20:20:29.732102+00:00
[2023-06-19 20:25:44,459] {logging_mixin.py:115} INFO - ***************
[2023-06-19 20:25:44,460] {logging_mixin.py:115} INFO - 2023-06-19
[2023-06-19 20:25:54,580] {python.py:173} INFO - Done. Returned value was: None
[2023-06-19 20:25:54,595] {taskinstance.py:1420} INFO - Marking task as SUCCESS. dag_id=dag_weather, task_id=extract_data, execution_date=20230619T202029, start_date=20230619T202544, end_date=20230619T202554
[2023-06-19 20:25:54,625] {local_task_job.py:156} INFO - Task exited with return code 0
[2023-06-19 20:25:54,674] {local_task_job.py:273} INFO - 1 downstream tasks scheduled from follow-on schedule check
