[2023-06-28 00:00:08,197] {taskinstance.py:1179} INFO - Dependencies all met for <TaskInstance: dag_weather.upload_data scheduled__2023-06-27T00:00:00+00:00 [queued]>
[2023-06-28 00:00:08,209] {taskinstance.py:1179} INFO - Dependencies all met for <TaskInstance: dag_weather.upload_data scheduled__2023-06-27T00:00:00+00:00 [queued]>
[2023-06-28 00:00:08,209] {taskinstance.py:1376} INFO - 
--------------------------------------------------------------------------------
[2023-06-28 00:00:08,209] {taskinstance.py:1377} INFO - Starting attempt 1 of 6
[2023-06-28 00:00:08,209] {taskinstance.py:1378} INFO - 
--------------------------------------------------------------------------------
[2023-06-28 00:00:08,224] {taskinstance.py:1397} INFO - Executing <Task(PythonOperator): upload_data> on 2023-06-27 00:00:00+00:00
[2023-06-28 00:00:08,228] {standard_task_runner.py:52} INFO - Started process 18323 to run task
[2023-06-28 00:00:08,232] {standard_task_runner.py:79} INFO - Running: ['***', 'tasks', 'run', 'dag_weather', 'upload_data', 'scheduled__2023-06-27T00:00:00+00:00', '--job-id', '119', '--raw', '--subdir', 'DAGS_FOLDER/dag_weather.py', '--cfg-path', '/tmp/tmp7xvs4uji', '--error-file', '/tmp/tmp1srz_du6']
[2023-06-28 00:00:08,233] {standard_task_runner.py:80} INFO - Job 119: Subtask upload_data
[2023-06-28 00:00:08,297] {task_command.py:371} INFO - Running <TaskInstance: dag_weather.upload_data scheduled__2023-06-27T00:00:00+00:00 [running]> on host db753b024971
[2023-06-28 00:00:08,377] {taskinstance.py:1591} INFO - Exporting the following env vars:
AIRFLOW_CTX_DAG_OWNER=MariaRO
AIRFLOW_CTX_DAG_ID=dag_weather
AIRFLOW_CTX_TASK_ID=upload_data
AIRFLOW_CTX_EXECUTION_DATE=2023-06-27T00:00:00+00:00
AIRFLOW_CTX_TRY_NUMBER=1
AIRFLOW_CTX_DAG_RUN_ID=scheduled__2023-06-27T00:00:00+00:00
[2023-06-28 00:00:10,752] {logging_mixin.py:115} INFO - Connected to Redshift successfully!
[2023-06-28 00:00:11,919] {logging_mixin.py:115} INFO - Proceso terminado
[2023-06-28 00:00:11,921] {python.py:173} INFO - Done. Returned value was: None
[2023-06-28 00:00:11,965] {taskinstance.py:1420} INFO - Marking task as SUCCESS. dag_id=dag_weather, task_id=upload_data, execution_date=20230627T000000, start_date=20230628T000008, end_date=20230628T000011
[2023-06-28 00:00:11,994] {local_task_job.py:156} INFO - Task exited with return code 0
[2023-06-28 00:00:12,034] {local_task_job.py:273} INFO - 0 downstream tasks scheduled from follow-on schedule check
