[2023-07-11 19:29:55,836] {taskinstance.py:1179} INFO - Dependencies all met for <TaskInstance: dag_weather.upload_data manual__2023-07-11T19:29:47.561623+00:00 [queued]>
[2023-07-11 19:29:55,853] {taskinstance.py:1179} INFO - Dependencies all met for <TaskInstance: dag_weather.upload_data manual__2023-07-11T19:29:47.561623+00:00 [queued]>
[2023-07-11 19:29:55,854] {taskinstance.py:1376} INFO - 
--------------------------------------------------------------------------------
[2023-07-11 19:29:55,854] {taskinstance.py:1377} INFO - Starting attempt 1 of 6
[2023-07-11 19:29:55,854] {taskinstance.py:1378} INFO - 
--------------------------------------------------------------------------------
[2023-07-11 19:29:55,881] {taskinstance.py:1397} INFO - Executing <Task(PythonOperator): upload_data> on 2023-07-11 19:29:47.561623+00:00
[2023-07-11 19:29:55,889] {standard_task_runner.py:52} INFO - Started process 264 to run task
[2023-07-11 19:29:55,895] {standard_task_runner.py:79} INFO - Running: ['***', 'tasks', 'run', 'dag_weather', 'upload_data', 'manual__2023-07-11T19:29:47.561623+00:00', '--job-id', '7', '--raw', '--subdir', 'DAGS_FOLDER/dag_weather.py', '--cfg-path', '/tmp/tmpth_s_53n', '--error-file', '/tmp/tmp486sqlt5']
[2023-07-11 19:29:55,899] {standard_task_runner.py:80} INFO - Job 7: Subtask upload_data
[2023-07-11 19:29:56,028] {task_command.py:371} INFO - Running <TaskInstance: dag_weather.upload_data manual__2023-07-11T19:29:47.561623+00:00 [running]> on host 7ee0c55ba55b
[2023-07-11 19:29:56,186] {taskinstance.py:1591} INFO - Exporting the following env vars:
AIRFLOW_CTX_DAG_OWNER=MariaRO
AIRFLOW_CTX_DAG_ID=dag_weather
AIRFLOW_CTX_TASK_ID=upload_data
AIRFLOW_CTX_EXECUTION_DATE=2023-07-11T19:29:47.561623+00:00
AIRFLOW_CTX_TRY_NUMBER=1
AIRFLOW_CTX_DAG_RUN_ID=manual__2023-07-11T19:29:47.561623+00:00
[2023-07-11 19:29:57,596] {logging_mixin.py:115} INFO - Connected to Redshift successfully!
[2023-07-11 19:29:58,840] {logging_mixin.py:115} INFO - Proceso terminado
[2023-07-11 19:29:58,840] {python.py:173} INFO - Done. Returned value was: None
[2023-07-11 19:29:58,856] {taskinstance.py:1420} INFO - Marking task as SUCCESS. dag_id=dag_weather, task_id=upload_data, execution_date=20230711T192947, start_date=20230711T192955, end_date=20230711T192958
[2023-07-11 19:29:58,880] {local_task_job.py:156} INFO - Task exited with return code 0
[2023-07-11 19:29:58,927] {local_task_job.py:273} INFO - 1 downstream tasks scheduled from follow-on schedule check
