[2023-06-25 17:38:04,310] {taskinstance.py:1179} INFO - Dependencies all met for <TaskInstance: dag_weather.transform_data scheduled__2023-06-24T00:00:00+00:00 [queued]>
[2023-06-25 17:38:04,326] {taskinstance.py:1179} INFO - Dependencies all met for <TaskInstance: dag_weather.transform_data scheduled__2023-06-24T00:00:00+00:00 [queued]>
[2023-06-25 17:38:04,326] {taskinstance.py:1376} INFO - 
--------------------------------------------------------------------------------
[2023-06-25 17:38:04,326] {taskinstance.py:1377} INFO - Starting attempt 1 of 6
[2023-06-25 17:38:04,327] {taskinstance.py:1378} INFO - 
--------------------------------------------------------------------------------
[2023-06-25 17:38:04,352] {taskinstance.py:1397} INFO - Executing <Task(PythonOperator): transform_data> on 2023-06-24 00:00:00+00:00
[2023-06-25 17:38:04,357] {standard_task_runner.py:52} INFO - Started process 1033 to run task
[2023-06-25 17:38:04,362] {standard_task_runner.py:79} INFO - Running: ['***', 'tasks', 'run', 'dag_weather', 'transform_data', 'scheduled__2023-06-24T00:00:00+00:00', '--job-id', '108', '--raw', '--subdir', 'DAGS_FOLDER/dag_weather.py', '--cfg-path', '/tmp/tmppvegd0ip', '--error-file', '/tmp/tmprlpazvfw']
[2023-06-25 17:38:04,363] {standard_task_runner.py:80} INFO - Job 108: Subtask transform_data
[2023-06-25 17:38:04,455] {task_command.py:371} INFO - Running <TaskInstance: dag_weather.transform_data scheduled__2023-06-24T00:00:00+00:00 [running]> on host db753b024971
[2023-06-25 17:38:04,590] {taskinstance.py:1591} INFO - Exporting the following env vars:
AIRFLOW_CTX_DAG_OWNER=MariaRO
AIRFLOW_CTX_DAG_ID=dag_weather
AIRFLOW_CTX_TASK_ID=transform_data
AIRFLOW_CTX_EXECUTION_DATE=2023-06-24T00:00:00+00:00
AIRFLOW_CTX_TRY_NUMBER=1
AIRFLOW_CTX_DAG_RUN_ID=scheduled__2023-06-24T00:00:00+00:00
[2023-06-25 17:38:04,622] {python.py:173} INFO - Done. Returned value was: None
[2023-06-25 17:38:04,638] {taskinstance.py:1420} INFO - Marking task as SUCCESS. dag_id=dag_weather, task_id=transform_data, execution_date=20230624T000000, start_date=20230625T173804, end_date=20230625T173804
[2023-06-25 17:38:04,693] {local_task_job.py:156} INFO - Task exited with return code 0
[2023-06-25 17:38:04,738] {local_task_job.py:273} INFO - 0 downstream tasks scheduled from follow-on schedule check
