[2023-07-04 01:52:36,676] {taskinstance.py:1179} INFO - Dependencies all met for <TaskInstance: dag_weather.upload_data scheduled__2023-07-03T00:00:00+00:00 [queued]>
[2023-07-04 01:52:36,687] {taskinstance.py:1179} INFO - Dependencies all met for <TaskInstance: dag_weather.upload_data scheduled__2023-07-03T00:00:00+00:00 [queued]>
[2023-07-04 01:52:36,688] {taskinstance.py:1376} INFO - 
--------------------------------------------------------------------------------
[2023-07-04 01:52:36,688] {taskinstance.py:1377} INFO - Starting attempt 1 of 6
[2023-07-04 01:52:36,688] {taskinstance.py:1378} INFO - 
--------------------------------------------------------------------------------
[2023-07-04 01:52:36,711] {taskinstance.py:1397} INFO - Executing <Task(PythonOperator): upload_data> on 2023-07-03 00:00:00+00:00
[2023-07-04 01:52:36,716] {standard_task_runner.py:52} INFO - Started process 8191 to run task
[2023-07-04 01:52:36,719] {standard_task_runner.py:79} INFO - Running: ['***', 'tasks', 'run', 'dag_weather', 'upload_data', 'scheduled__2023-07-03T00:00:00+00:00', '--job-id', '139', '--raw', '--subdir', 'DAGS_FOLDER/dag_weather.py', '--cfg-path', '/tmp/tmp2hc5m9az', '--error-file', '/tmp/tmpudtwhl8v']
[2023-07-04 01:52:36,721] {standard_task_runner.py:80} INFO - Job 139: Subtask upload_data
[2023-07-04 01:52:36,792] {task_command.py:371} INFO - Running <TaskInstance: dag_weather.upload_data scheduled__2023-07-03T00:00:00+00:00 [running]> on host db753b024971
[2023-07-04 01:52:36,883] {taskinstance.py:1591} INFO - Exporting the following env vars:
AIRFLOW_CTX_DAG_OWNER=MariaRO
AIRFLOW_CTX_DAG_ID=dag_weather
AIRFLOW_CTX_TASK_ID=upload_data
AIRFLOW_CTX_EXECUTION_DATE=2023-07-03T00:00:00+00:00
AIRFLOW_CTX_TRY_NUMBER=1
AIRFLOW_CTX_DAG_RUN_ID=scheduled__2023-07-03T00:00:00+00:00
[2023-07-04 01:52:38,299] {logging_mixin.py:115} INFO - Connected to Redshift successfully!
[2023-07-04 01:52:39,447] {logging_mixin.py:115} INFO - Proceso terminado
[2023-07-04 01:52:39,447] {python.py:173} INFO - Done. Returned value was: None
[2023-07-04 01:52:39,464] {taskinstance.py:1420} INFO - Marking task as SUCCESS. dag_id=dag_weather, task_id=upload_data, execution_date=20230703T000000, start_date=20230704T015236, end_date=20230704T015239
[2023-07-04 01:52:39,506] {local_task_job.py:156} INFO - Task exited with return code 0
[2023-07-04 01:52:39,545] {local_task_job.py:273} INFO - 0 downstream tasks scheduled from follow-on schedule check
