[2023-07-13 12:10:22,855] {taskinstance.py:1179} INFO - Dependencies all met for <TaskInstance: dag_weather.send_email scheduled__2023-07-11T00:00:00+00:00 [queued]>
[2023-07-13 12:10:22,891] {taskinstance.py:1179} INFO - Dependencies all met for <TaskInstance: dag_weather.send_email scheduled__2023-07-11T00:00:00+00:00 [queued]>
[2023-07-13 12:10:22,892] {taskinstance.py:1376} INFO - 
--------------------------------------------------------------------------------
[2023-07-13 12:10:22,892] {taskinstance.py:1377} INFO - Starting attempt 1 of 6
[2023-07-13 12:10:22,892] {taskinstance.py:1378} INFO - 
--------------------------------------------------------------------------------
[2023-07-13 12:10:22,954] {taskinstance.py:1397} INFO - Executing <Task(PythonOperator): send_email> on 2023-07-11 00:00:00+00:00
[2023-07-13 12:10:22,962] {standard_task_runner.py:52} INFO - Started process 206 to run task
[2023-07-13 12:10:22,970] {standard_task_runner.py:79} INFO - Running: ['***', 'tasks', 'run', 'dag_weather', 'send_email', 'scheduled__2023-07-11T00:00:00+00:00', '--job-id', '49', '--raw', '--subdir', 'DAGS_FOLDER/dag_weather.py', '--cfg-path', '/tmp/tmpnn_pubmf', '--error-file', '/tmp/tmp262iq3ig']
[2023-07-13 12:10:22,973] {standard_task_runner.py:80} INFO - Job 49: Subtask send_email
[2023-07-13 12:10:23,154] {task_command.py:371} INFO - Running <TaskInstance: dag_weather.send_email scheduled__2023-07-11T00:00:00+00:00 [running]> on host 6fc87d08a0f9
[2023-07-13 12:10:23,335] {taskinstance.py:1591} INFO - Exporting the following env vars:
AIRFLOW_CTX_DAG_OWNER=MariaRO
AIRFLOW_CTX_DAG_ID=dag_weather
AIRFLOW_CTX_TASK_ID=send_email
AIRFLOW_CTX_EXECUTION_DATE=2023-07-11T00:00:00+00:00
AIRFLOW_CTX_TRY_NUMBER=1
AIRFLOW_CTX_DAG_RUN_ID=scheduled__2023-07-11T00:00:00+00:00
[2023-07-13 12:10:26,988] {python.py:173} INFO - Done. Returned value was: None
[2023-07-13 12:10:27,037] {taskinstance.py:1420} INFO - Marking task as SUCCESS. dag_id=dag_weather, task_id=send_email, execution_date=20230711T000000, start_date=20230713T121022, end_date=20230713T121027
[2023-07-13 12:10:27,100] {local_task_job.py:156} INFO - Task exited with return code 0
[2023-07-13 12:10:27,187] {local_task_job.py:273} INFO - 0 downstream tasks scheduled from follow-on schedule check
