[2023-07-11 19:29:54,051] {taskinstance.py:1179} INFO - Dependencies all met for <TaskInstance: dag_weather.transform_data manual__2023-07-11T19:29:47.561623+00:00 [queued]>
[2023-07-11 19:29:54,079] {taskinstance.py:1179} INFO - Dependencies all met for <TaskInstance: dag_weather.transform_data manual__2023-07-11T19:29:47.561623+00:00 [queued]>
[2023-07-11 19:29:54,080] {taskinstance.py:1376} INFO - 
--------------------------------------------------------------------------------
[2023-07-11 19:29:54,080] {taskinstance.py:1377} INFO - Starting attempt 1 of 6
[2023-07-11 19:29:54,080] {taskinstance.py:1378} INFO - 
--------------------------------------------------------------------------------
[2023-07-11 19:29:54,114] {taskinstance.py:1397} INFO - Executing <Task(PythonOperator): transform_data> on 2023-07-11 19:29:47.561623+00:00
[2023-07-11 19:29:54,123] {standard_task_runner.py:52} INFO - Started process 255 to run task
[2023-07-11 19:29:54,130] {standard_task_runner.py:79} INFO - Running: ['***', 'tasks', 'run', 'dag_weather', 'transform_data', 'manual__2023-07-11T19:29:47.561623+00:00', '--job-id', '6', '--raw', '--subdir', 'DAGS_FOLDER/dag_weather.py', '--cfg-path', '/tmp/tmpaf_5luya', '--error-file', '/tmp/tmpl9sdk9vc']
[2023-07-11 19:29:54,132] {standard_task_runner.py:80} INFO - Job 6: Subtask transform_data
[2023-07-11 19:29:54,255] {task_command.py:371} INFO - Running <TaskInstance: dag_weather.transform_data manual__2023-07-11T19:29:47.561623+00:00 [running]> on host 7ee0c55ba55b
[2023-07-11 19:29:54,428] {taskinstance.py:1591} INFO - Exporting the following env vars:
AIRFLOW_CTX_DAG_OWNER=MariaRO
AIRFLOW_CTX_DAG_ID=dag_weather
AIRFLOW_CTX_TASK_ID=transform_data
AIRFLOW_CTX_EXECUTION_DATE=2023-07-11T19:29:47.561623+00:00
AIRFLOW_CTX_TRY_NUMBER=1
AIRFLOW_CTX_DAG_RUN_ID=manual__2023-07-11T19:29:47.561623+00:00
[2023-07-11 19:29:54,465] {python.py:173} INFO - Done. Returned value was: None
[2023-07-11 19:29:54,490] {taskinstance.py:1420} INFO - Marking task as SUCCESS. dag_id=dag_weather, task_id=transform_data, execution_date=20230711T192947, start_date=20230711T192954, end_date=20230711T192954
[2023-07-11 19:29:54,541] {local_task_job.py:156} INFO - Task exited with return code 0
[2023-07-11 19:29:54,609] {local_task_job.py:273} INFO - 1 downstream tasks scheduled from follow-on schedule check
