[2023-07-10 12:34:54,788] {taskinstance.py:1179} INFO - Dependencies all met for <TaskInstance: dag_weather.extract_data scheduled__2023-07-09T00:00:00+00:00 [queued]>
[2023-07-10 12:34:54,807] {taskinstance.py:1179} INFO - Dependencies all met for <TaskInstance: dag_weather.extract_data scheduled__2023-07-09T00:00:00+00:00 [queued]>
[2023-07-10 12:34:54,807] {taskinstance.py:1376} INFO - 
--------------------------------------------------------------------------------
[2023-07-10 12:34:54,807] {taskinstance.py:1377} INFO - Starting attempt 1 of 6
[2023-07-10 12:34:54,807] {taskinstance.py:1378} INFO - 
--------------------------------------------------------------------------------
[2023-07-10 12:34:54,831] {taskinstance.py:1397} INFO - Executing <Task(PythonOperator): extract_data> on 2023-07-09 00:00:00+00:00
[2023-07-10 12:34:54,835] {standard_task_runner.py:52} INFO - Started process 183 to run task
[2023-07-10 12:34:54,839] {standard_task_runner.py:79} INFO - Running: ['***', 'tasks', 'run', 'dag_weather', 'extract_data', 'scheduled__2023-07-09T00:00:00+00:00', '--job-id', '146', '--raw', '--subdir', 'DAGS_FOLDER/dag_weather.py', '--cfg-path', '/tmp/tmp_m9_0c__', '--error-file', '/tmp/tmp0wivhwpx']
[2023-07-10 12:34:54,841] {standard_task_runner.py:80} INFO - Job 146: Subtask extract_data
[2023-07-10 12:34:54,934] {task_command.py:371} INFO - Running <TaskInstance: dag_weather.extract_data scheduled__2023-07-09T00:00:00+00:00 [running]> on host db753b024971
[2023-07-10 12:34:55,049] {taskinstance.py:1591} INFO - Exporting the following env vars:
AIRFLOW_CTX_DAG_OWNER=MariaRO
AIRFLOW_CTX_DAG_ID=dag_weather
AIRFLOW_CTX_TASK_ID=extract_data
AIRFLOW_CTX_EXECUTION_DATE=2023-07-09T00:00:00+00:00
AIRFLOW_CTX_TRY_NUMBER=1
AIRFLOW_CTX_DAG_RUN_ID=scheduled__2023-07-09T00:00:00+00:00
[2023-07-10 12:34:55,050] {logging_mixin.py:115} INFO - ***************
[2023-07-10 12:34:55,050] {logging_mixin.py:115} INFO - 2023-07-09
[2023-07-10 12:34:58,400] {python.py:173} INFO - Done. Returned value was: None
[2023-07-10 12:34:58,513] {taskinstance.py:1420} INFO - Marking task as SUCCESS. dag_id=dag_weather, task_id=extract_data, execution_date=20230709T000000, start_date=20230710T123454, end_date=20230710T123458
[2023-07-10 12:34:58,625] {local_task_job.py:156} INFO - Task exited with return code 0
[2023-07-10 12:34:58,694] {local_task_job.py:273} INFO - 1 downstream tasks scheduled from follow-on schedule check
