[2023-07-13 18:48:06,546] {taskinstance.py:1179} INFO - Dependencies all met for <TaskInstance: dag_weather.extract_data manual__2023-07-13T18:48:05.063359+00:00 [queued]>
[2023-07-13 18:48:06,558] {taskinstance.py:1179} INFO - Dependencies all met for <TaskInstance: dag_weather.extract_data manual__2023-07-13T18:48:05.063359+00:00 [queued]>
[2023-07-13 18:48:06,558] {taskinstance.py:1376} INFO - 
--------------------------------------------------------------------------------
[2023-07-13 18:48:06,559] {taskinstance.py:1377} INFO - Starting attempt 1 of 6
[2023-07-13 18:48:06,559] {taskinstance.py:1378} INFO - 
--------------------------------------------------------------------------------
[2023-07-13 18:48:06,580] {taskinstance.py:1397} INFO - Executing <Task(PythonOperator): extract_data> on 2023-07-13 18:48:05.063359+00:00
[2023-07-13 18:48:06,585] {standard_task_runner.py:52} INFO - Started process 211 to run task
[2023-07-13 18:48:06,589] {standard_task_runner.py:79} INFO - Running: ['***', 'tasks', 'run', 'dag_weather', 'extract_data', 'manual__2023-07-13T18:48:05.063359+00:00', '--job-id', '64', '--raw', '--subdir', 'DAGS_FOLDER/dag_w_test.py', '--cfg-path', '/tmp/tmpzlhnwd30', '--error-file', '/tmp/tmpv7m0p2g0']
[2023-07-13 18:48:06,590] {standard_task_runner.py:80} INFO - Job 64: Subtask extract_data
[2023-07-13 18:48:06,671] {task_command.py:371} INFO - Running <TaskInstance: dag_weather.extract_data manual__2023-07-13T18:48:05.063359+00:00 [running]> on host 6fc87d08a0f9
[2023-07-13 18:48:06,775] {taskinstance.py:1591} INFO - Exporting the following env vars:
AIRFLOW_CTX_DAG_OWNER=MariaRO
AIRFLOW_CTX_DAG_ID=dag_weather
AIRFLOW_CTX_TASK_ID=extract_data
AIRFLOW_CTX_EXECUTION_DATE=2023-07-13T18:48:05.063359+00:00
AIRFLOW_CTX_TRY_NUMBER=1
AIRFLOW_CTX_DAG_RUN_ID=manual__2023-07-13T18:48:05.063359+00:00
[2023-07-13 18:48:06,776] {logging_mixin.py:115} INFO - ***************
[2023-07-13 18:48:06,777] {logging_mixin.py:115} INFO - 2023-07-13
[2023-07-13 18:48:10,072] {python.py:173} INFO - Done. Returned value was: None
[2023-07-13 18:48:10,089] {taskinstance.py:1420} INFO - Marking task as SUCCESS. dag_id=dag_weather, task_id=extract_data, execution_date=20230713T184805, start_date=20230713T184806, end_date=20230713T184810
[2023-07-13 18:48:10,136] {local_task_job.py:156} INFO - Task exited with return code 0
[2023-07-13 18:48:10,191] {local_task_job.py:273} INFO - 1 downstream tasks scheduled from follow-on schedule check
