[2023-07-11 18:22:49,271] {processor.py:163} INFO - Started process (PID=91) to work on /home/airflow/.local/lib/python3.7/site-packages/airflow/example_dags/example_time_delta_sensor_async.py
[2023-07-11 18:22:49,273] {processor.py:642} INFO - Processing file /home/airflow/.local/lib/python3.7/site-packages/airflow/example_dags/example_time_delta_sensor_async.py for tasks to queue
[2023-07-11 18:22:49,274] {logging_mixin.py:109} INFO - [2023-07-11 18:22:49,274] {dagbag.py:500} INFO - Filling up the DagBag from /home/airflow/.local/lib/python3.7/site-packages/airflow/example_dags/example_time_delta_sensor_async.py
[2023-07-11 18:22:49,355] {processor.py:654} INFO - DAG(s) dict_keys(['example_time_delta_sensor_async']) retrieved from /home/airflow/.local/lib/python3.7/site-packages/airflow/example_dags/example_time_delta_sensor_async.py
[2023-07-11 18:22:49,376] {logging_mixin.py:109} INFO - [2023-07-11 18:22:49,376] {dag.py:2396} INFO - Sync 1 DAGs
[2023-07-11 18:22:49,418] {logging_mixin.py:109} INFO - [2023-07-11 18:22:49,418] {dag.py:2935} INFO - Setting next_dagrun for example_time_delta_sensor_async to None
[2023-07-11 18:22:49,938] {processor.py:171} INFO - Processing /home/airflow/.local/lib/python3.7/site-packages/airflow/example_dags/example_time_delta_sensor_async.py took 0.676 seconds
[2023-07-11 18:23:20,601] {processor.py:163} INFO - Started process (PID=172) to work on /home/airflow/.local/lib/python3.7/site-packages/airflow/example_dags/example_time_delta_sensor_async.py
[2023-07-11 18:23:20,603] {processor.py:642} INFO - Processing file /home/airflow/.local/lib/python3.7/site-packages/airflow/example_dags/example_time_delta_sensor_async.py for tasks to queue
[2023-07-11 18:23:20,604] {logging_mixin.py:109} INFO - [2023-07-11 18:23:20,604] {dagbag.py:500} INFO - Filling up the DagBag from /home/airflow/.local/lib/python3.7/site-packages/airflow/example_dags/example_time_delta_sensor_async.py
[2023-07-11 18:23:20,647] {processor.py:654} INFO - DAG(s) dict_keys(['example_time_delta_sensor_async']) retrieved from /home/airflow/.local/lib/python3.7/site-packages/airflow/example_dags/example_time_delta_sensor_async.py
[2023-07-11 18:23:20,663] {logging_mixin.py:109} INFO - [2023-07-11 18:23:20,663] {dag.py:2396} INFO - Sync 1 DAGs
[2023-07-11 18:23:20,685] {logging_mixin.py:109} INFO - [2023-07-11 18:23:20,685] {dag.py:2935} INFO - Setting next_dagrun for example_time_delta_sensor_async to None
[2023-07-11 18:23:20,701] {processor.py:171} INFO - Processing /home/airflow/.local/lib/python3.7/site-packages/airflow/example_dags/example_time_delta_sensor_async.py took 0.106 seconds
[2023-07-11 18:23:51,565] {processor.py:163} INFO - Started process (PID=249) to work on /home/airflow/.local/lib/python3.7/site-packages/airflow/example_dags/example_time_delta_sensor_async.py
[2023-07-11 18:23:51,567] {processor.py:642} INFO - Processing file /home/airflow/.local/lib/python3.7/site-packages/airflow/example_dags/example_time_delta_sensor_async.py for tasks to queue
[2023-07-11 18:23:51,568] {logging_mixin.py:109} INFO - [2023-07-11 18:23:51,568] {dagbag.py:500} INFO - Filling up the DagBag from /home/airflow/.local/lib/python3.7/site-packages/airflow/example_dags/example_time_delta_sensor_async.py
[2023-07-11 18:23:51,603] {processor.py:654} INFO - DAG(s) dict_keys(['example_time_delta_sensor_async']) retrieved from /home/airflow/.local/lib/python3.7/site-packages/airflow/example_dags/example_time_delta_sensor_async.py
[2023-07-11 18:23:51,615] {logging_mixin.py:109} INFO - [2023-07-11 18:23:51,615] {dag.py:2396} INFO - Sync 1 DAGs
[2023-07-11 18:23:51,635] {logging_mixin.py:109} INFO - [2023-07-11 18:23:51,635] {dag.py:2935} INFO - Setting next_dagrun for example_time_delta_sensor_async to None
[2023-07-11 18:23:51,650] {processor.py:171} INFO - Processing /home/airflow/.local/lib/python3.7/site-packages/airflow/example_dags/example_time_delta_sensor_async.py took 0.089 seconds
[2023-07-11 18:24:23,271] {processor.py:163} INFO - Started process (PID=339) to work on /home/airflow/.local/lib/python3.7/site-packages/airflow/example_dags/example_time_delta_sensor_async.py
[2023-07-11 18:24:23,275] {processor.py:642} INFO - Processing file /home/airflow/.local/lib/python3.7/site-packages/airflow/example_dags/example_time_delta_sensor_async.py for tasks to queue
[2023-07-11 18:24:23,277] {logging_mixin.py:109} INFO - [2023-07-11 18:24:23,276] {dagbag.py:500} INFO - Filling up the DagBag from /home/airflow/.local/lib/python3.7/site-packages/airflow/example_dags/example_time_delta_sensor_async.py
[2023-07-11 18:24:23,363] {processor.py:654} INFO - DAG(s) dict_keys(['example_time_delta_sensor_async']) retrieved from /home/airflow/.local/lib/python3.7/site-packages/airflow/example_dags/example_time_delta_sensor_async.py
[2023-07-11 18:24:23,399] {logging_mixin.py:109} INFO - [2023-07-11 18:24:23,398] {dag.py:2396} INFO - Sync 1 DAGs
[2023-07-11 18:24:23,440] {logging_mixin.py:109} INFO - [2023-07-11 18:24:23,439] {dag.py:2935} INFO - Setting next_dagrun for example_time_delta_sensor_async to None
[2023-07-11 18:24:23,462] {processor.py:171} INFO - Processing /home/airflow/.local/lib/python3.7/site-packages/airflow/example_dags/example_time_delta_sensor_async.py took 0.207 seconds
[2023-07-11 18:24:53,847] {processor.py:163} INFO - Started process (PID=410) to work on /home/airflow/.local/lib/python3.7/site-packages/airflow/example_dags/example_time_delta_sensor_async.py
[2023-07-11 18:24:53,849] {processor.py:642} INFO - Processing file /home/airflow/.local/lib/python3.7/site-packages/airflow/example_dags/example_time_delta_sensor_async.py for tasks to queue
[2023-07-11 18:24:53,850] {logging_mixin.py:109} INFO - [2023-07-11 18:24:53,850] {dagbag.py:500} INFO - Filling up the DagBag from /home/airflow/.local/lib/python3.7/site-packages/airflow/example_dags/example_time_delta_sensor_async.py
[2023-07-11 18:24:53,903] {processor.py:654} INFO - DAG(s) dict_keys(['example_time_delta_sensor_async']) retrieved from /home/airflow/.local/lib/python3.7/site-packages/airflow/example_dags/example_time_delta_sensor_async.py
[2023-07-11 18:24:53,924] {logging_mixin.py:109} INFO - [2023-07-11 18:24:53,924] {dag.py:2396} INFO - Sync 1 DAGs
[2023-07-11 18:24:53,952] {logging_mixin.py:109} INFO - [2023-07-11 18:24:53,952] {dag.py:2935} INFO - Setting next_dagrun for example_time_delta_sensor_async to None
[2023-07-11 18:24:53,969] {processor.py:171} INFO - Processing /home/airflow/.local/lib/python3.7/site-packages/airflow/example_dags/example_time_delta_sensor_async.py took 0.128 seconds
[2023-07-11 18:25:25,391] {processor.py:163} INFO - Started process (PID=499) to work on /home/airflow/.local/lib/python3.7/site-packages/airflow/example_dags/example_time_delta_sensor_async.py
[2023-07-11 18:25:25,393] {processor.py:642} INFO - Processing file /home/airflow/.local/lib/python3.7/site-packages/airflow/example_dags/example_time_delta_sensor_async.py for tasks to queue
[2023-07-11 18:25:25,394] {logging_mixin.py:109} INFO - [2023-07-11 18:25:25,394] {dagbag.py:500} INFO - Filling up the DagBag from /home/airflow/.local/lib/python3.7/site-packages/airflow/example_dags/example_time_delta_sensor_async.py
[2023-07-11 18:25:25,434] {processor.py:654} INFO - DAG(s) dict_keys(['example_time_delta_sensor_async']) retrieved from /home/airflow/.local/lib/python3.7/site-packages/airflow/example_dags/example_time_delta_sensor_async.py
[2023-07-11 18:25:25,449] {logging_mixin.py:109} INFO - [2023-07-11 18:25:25,449] {dag.py:2396} INFO - Sync 1 DAGs
[2023-07-11 18:25:25,475] {logging_mixin.py:109} INFO - [2023-07-11 18:25:25,474] {dag.py:2935} INFO - Setting next_dagrun for example_time_delta_sensor_async to None
[2023-07-11 18:25:25,490] {processor.py:171} INFO - Processing /home/airflow/.local/lib/python3.7/site-packages/airflow/example_dags/example_time_delta_sensor_async.py took 0.104 seconds
[2023-07-11 18:25:57,743] {processor.py:163} INFO - Started process (PID=579) to work on /home/airflow/.local/lib/python3.7/site-packages/airflow/example_dags/example_time_delta_sensor_async.py
[2023-07-11 18:25:57,746] {processor.py:642} INFO - Processing file /home/airflow/.local/lib/python3.7/site-packages/airflow/example_dags/example_time_delta_sensor_async.py for tasks to queue
[2023-07-11 18:25:57,747] {logging_mixin.py:109} INFO - [2023-07-11 18:25:57,747] {dagbag.py:500} INFO - Filling up the DagBag from /home/airflow/.local/lib/python3.7/site-packages/airflow/example_dags/example_time_delta_sensor_async.py
[2023-07-11 18:25:57,800] {processor.py:654} INFO - DAG(s) dict_keys(['example_time_delta_sensor_async']) retrieved from /home/airflow/.local/lib/python3.7/site-packages/airflow/example_dags/example_time_delta_sensor_async.py
[2023-07-11 18:25:57,819] {logging_mixin.py:109} INFO - [2023-07-11 18:25:57,819] {dag.py:2396} INFO - Sync 1 DAGs
[2023-07-11 18:25:57,849] {logging_mixin.py:109} INFO - [2023-07-11 18:25:57,849] {dag.py:2935} INFO - Setting next_dagrun for example_time_delta_sensor_async to None
[2023-07-11 18:25:57,867] {processor.py:171} INFO - Processing /home/airflow/.local/lib/python3.7/site-packages/airflow/example_dags/example_time_delta_sensor_async.py took 0.130 seconds
[2023-07-11 18:26:28,377] {processor.py:163} INFO - Started process (PID=659) to work on /home/airflow/.local/lib/python3.7/site-packages/airflow/example_dags/example_time_delta_sensor_async.py
[2023-07-11 18:26:28,379] {processor.py:642} INFO - Processing file /home/airflow/.local/lib/python3.7/site-packages/airflow/example_dags/example_time_delta_sensor_async.py for tasks to queue
[2023-07-11 18:26:28,380] {logging_mixin.py:109} INFO - [2023-07-11 18:26:28,380] {dagbag.py:500} INFO - Filling up the DagBag from /home/airflow/.local/lib/python3.7/site-packages/airflow/example_dags/example_time_delta_sensor_async.py
[2023-07-11 18:26:28,416] {processor.py:654} INFO - DAG(s) dict_keys(['example_time_delta_sensor_async']) retrieved from /home/airflow/.local/lib/python3.7/site-packages/airflow/example_dags/example_time_delta_sensor_async.py
[2023-07-11 18:26:28,429] {logging_mixin.py:109} INFO - [2023-07-11 18:26:28,429] {dag.py:2396} INFO - Sync 1 DAGs
[2023-07-11 18:26:28,454] {logging_mixin.py:109} INFO - [2023-07-11 18:26:28,453] {dag.py:2935} INFO - Setting next_dagrun for example_time_delta_sensor_async to None
[2023-07-11 18:26:28,471] {processor.py:171} INFO - Processing /home/airflow/.local/lib/python3.7/site-packages/airflow/example_dags/example_time_delta_sensor_async.py took 0.100 seconds
[2023-07-11 18:26:59,707] {processor.py:163} INFO - Started process (PID=738) to work on /home/airflow/.local/lib/python3.7/site-packages/airflow/example_dags/example_time_delta_sensor_async.py
[2023-07-11 18:26:59,709] {processor.py:642} INFO - Processing file /home/airflow/.local/lib/python3.7/site-packages/airflow/example_dags/example_time_delta_sensor_async.py for tasks to queue
[2023-07-11 18:26:59,710] {logging_mixin.py:109} INFO - [2023-07-11 18:26:59,710] {dagbag.py:500} INFO - Filling up the DagBag from /home/airflow/.local/lib/python3.7/site-packages/airflow/example_dags/example_time_delta_sensor_async.py
[2023-07-11 18:26:59,803] {processor.py:654} INFO - DAG(s) dict_keys(['example_time_delta_sensor_async']) retrieved from /home/airflow/.local/lib/python3.7/site-packages/airflow/example_dags/example_time_delta_sensor_async.py
[2023-07-11 18:26:59,827] {logging_mixin.py:109} INFO - [2023-07-11 18:26:59,827] {dag.py:2396} INFO - Sync 1 DAGs
[2023-07-11 18:26:59,863] {logging_mixin.py:109} INFO - [2023-07-11 18:26:59,863] {dag.py:2935} INFO - Setting next_dagrun for example_time_delta_sensor_async to None
[2023-07-11 18:26:59,884] {processor.py:171} INFO - Processing /home/airflow/.local/lib/python3.7/site-packages/airflow/example_dags/example_time_delta_sensor_async.py took 0.191 seconds
[2023-07-11 18:27:30,249] {processor.py:163} INFO - Started process (PID=818) to work on /home/airflow/.local/lib/python3.7/site-packages/airflow/example_dags/example_time_delta_sensor_async.py
[2023-07-11 18:27:30,252] {processor.py:642} INFO - Processing file /home/airflow/.local/lib/python3.7/site-packages/airflow/example_dags/example_time_delta_sensor_async.py for tasks to queue
[2023-07-11 18:27:30,254] {logging_mixin.py:109} INFO - [2023-07-11 18:27:30,254] {dagbag.py:500} INFO - Filling up the DagBag from /home/airflow/.local/lib/python3.7/site-packages/airflow/example_dags/example_time_delta_sensor_async.py
[2023-07-11 18:27:30,323] {processor.py:654} INFO - DAG(s) dict_keys(['example_time_delta_sensor_async']) retrieved from /home/airflow/.local/lib/python3.7/site-packages/airflow/example_dags/example_time_delta_sensor_async.py
[2023-07-11 18:27:30,347] {logging_mixin.py:109} INFO - [2023-07-11 18:27:30,347] {dag.py:2396} INFO - Sync 1 DAGs
[2023-07-11 18:27:30,418] {logging_mixin.py:109} INFO - [2023-07-11 18:27:30,418] {dag.py:2935} INFO - Setting next_dagrun for example_time_delta_sensor_async to None
[2023-07-11 18:27:30,457] {processor.py:171} INFO - Processing /home/airflow/.local/lib/python3.7/site-packages/airflow/example_dags/example_time_delta_sensor_async.py took 0.215 seconds
[2023-07-11 18:28:00,543] {processor.py:163} INFO - Started process (PID=898) to work on /home/airflow/.local/lib/python3.7/site-packages/airflow/example_dags/example_time_delta_sensor_async.py
[2023-07-11 18:28:00,545] {processor.py:642} INFO - Processing file /home/airflow/.local/lib/python3.7/site-packages/airflow/example_dags/example_time_delta_sensor_async.py for tasks to queue
[2023-07-11 18:28:00,546] {logging_mixin.py:109} INFO - [2023-07-11 18:28:00,546] {dagbag.py:500} INFO - Filling up the DagBag from /home/airflow/.local/lib/python3.7/site-packages/airflow/example_dags/example_time_delta_sensor_async.py
[2023-07-11 18:28:00,607] {processor.py:654} INFO - DAG(s) dict_keys(['example_time_delta_sensor_async']) retrieved from /home/airflow/.local/lib/python3.7/site-packages/airflow/example_dags/example_time_delta_sensor_async.py
[2023-07-11 18:28:00,627] {logging_mixin.py:109} INFO - [2023-07-11 18:28:00,627] {dag.py:2396} INFO - Sync 1 DAGs
[2023-07-11 18:28:00,659] {logging_mixin.py:109} INFO - [2023-07-11 18:28:00,659] {dag.py:2935} INFO - Setting next_dagrun for example_time_delta_sensor_async to None
[2023-07-11 18:28:00,680] {processor.py:171} INFO - Processing /home/airflow/.local/lib/python3.7/site-packages/airflow/example_dags/example_time_delta_sensor_async.py took 0.149 seconds
[2023-07-11 18:29:56,262] {processor.py:163} INFO - Started process (PID=88) to work on /home/airflow/.local/lib/python3.7/site-packages/airflow/example_dags/example_time_delta_sensor_async.py
[2023-07-11 18:29:56,265] {processor.py:642} INFO - Processing file /home/airflow/.local/lib/python3.7/site-packages/airflow/example_dags/example_time_delta_sensor_async.py for tasks to queue
[2023-07-11 18:29:56,266] {logging_mixin.py:109} INFO - [2023-07-11 18:29:56,266] {dagbag.py:500} INFO - Filling up the DagBag from /home/airflow/.local/lib/python3.7/site-packages/airflow/example_dags/example_time_delta_sensor_async.py
[2023-07-11 18:29:56,319] {processor.py:654} INFO - DAG(s) dict_keys(['example_time_delta_sensor_async']) retrieved from /home/airflow/.local/lib/python3.7/site-packages/airflow/example_dags/example_time_delta_sensor_async.py
[2023-07-11 18:29:56,333] {logging_mixin.py:109} INFO - [2023-07-11 18:29:56,333] {dag.py:2396} INFO - Sync 1 DAGs
[2023-07-11 18:29:56,361] {logging_mixin.py:109} INFO - [2023-07-11 18:29:56,361] {dag.py:2935} INFO - Setting next_dagrun for example_time_delta_sensor_async to None
[2023-07-11 18:29:56,380] {processor.py:171} INFO - Processing /home/airflow/.local/lib/python3.7/site-packages/airflow/example_dags/example_time_delta_sensor_async.py took 0.122 seconds
[2023-07-11 18:30:27,729] {processor.py:163} INFO - Started process (PID=168) to work on /home/airflow/.local/lib/python3.7/site-packages/airflow/example_dags/example_time_delta_sensor_async.py
[2023-07-11 18:30:27,736] {processor.py:642} INFO - Processing file /home/airflow/.local/lib/python3.7/site-packages/airflow/example_dags/example_time_delta_sensor_async.py for tasks to queue
[2023-07-11 18:30:27,737] {logging_mixin.py:109} INFO - [2023-07-11 18:30:27,737] {dagbag.py:500} INFO - Filling up the DagBag from /home/airflow/.local/lib/python3.7/site-packages/airflow/example_dags/example_time_delta_sensor_async.py
[2023-07-11 18:30:27,840] {processor.py:654} INFO - DAG(s) dict_keys(['example_time_delta_sensor_async']) retrieved from /home/airflow/.local/lib/python3.7/site-packages/airflow/example_dags/example_time_delta_sensor_async.py
[2023-07-11 18:30:27,866] {logging_mixin.py:109} INFO - [2023-07-11 18:30:27,866] {dag.py:2396} INFO - Sync 1 DAGs
[2023-07-11 18:30:27,917] {logging_mixin.py:109} INFO - [2023-07-11 18:30:27,917] {dag.py:2935} INFO - Setting next_dagrun for example_time_delta_sensor_async to None
[2023-07-11 18:30:27,938] {processor.py:171} INFO - Processing /home/airflow/.local/lib/python3.7/site-packages/airflow/example_dags/example_time_delta_sensor_async.py took 0.226 seconds
[2023-07-11 18:30:58,826] {processor.py:163} INFO - Started process (PID=248) to work on /home/airflow/.local/lib/python3.7/site-packages/airflow/example_dags/example_time_delta_sensor_async.py
[2023-07-11 18:30:58,828] {processor.py:642} INFO - Processing file /home/airflow/.local/lib/python3.7/site-packages/airflow/example_dags/example_time_delta_sensor_async.py for tasks to queue
[2023-07-11 18:30:58,829] {logging_mixin.py:109} INFO - [2023-07-11 18:30:58,829] {dagbag.py:500} INFO - Filling up the DagBag from /home/airflow/.local/lib/python3.7/site-packages/airflow/example_dags/example_time_delta_sensor_async.py
[2023-07-11 18:30:58,873] {processor.py:654} INFO - DAG(s) dict_keys(['example_time_delta_sensor_async']) retrieved from /home/airflow/.local/lib/python3.7/site-packages/airflow/example_dags/example_time_delta_sensor_async.py
[2023-07-11 18:30:58,891] {logging_mixin.py:109} INFO - [2023-07-11 18:30:58,891] {dag.py:2396} INFO - Sync 1 DAGs
[2023-07-11 18:30:58,920] {logging_mixin.py:109} INFO - [2023-07-11 18:30:58,920] {dag.py:2935} INFO - Setting next_dagrun for example_time_delta_sensor_async to None
[2023-07-11 18:30:58,938] {processor.py:171} INFO - Processing /home/airflow/.local/lib/python3.7/site-packages/airflow/example_dags/example_time_delta_sensor_async.py took 0.118 seconds
[2023-07-11 18:31:29,678] {processor.py:163} INFO - Started process (PID=329) to work on /home/airflow/.local/lib/python3.7/site-packages/airflow/example_dags/example_time_delta_sensor_async.py
[2023-07-11 18:31:29,679] {processor.py:642} INFO - Processing file /home/airflow/.local/lib/python3.7/site-packages/airflow/example_dags/example_time_delta_sensor_async.py for tasks to queue
[2023-07-11 18:31:29,680] {logging_mixin.py:109} INFO - [2023-07-11 18:31:29,680] {dagbag.py:500} INFO - Filling up the DagBag from /home/airflow/.local/lib/python3.7/site-packages/airflow/example_dags/example_time_delta_sensor_async.py
[2023-07-11 18:31:29,706] {processor.py:654} INFO - DAG(s) dict_keys(['example_time_delta_sensor_async']) retrieved from /home/airflow/.local/lib/python3.7/site-packages/airflow/example_dags/example_time_delta_sensor_async.py
[2023-07-11 18:31:29,716] {logging_mixin.py:109} INFO - [2023-07-11 18:31:29,716] {dag.py:2396} INFO - Sync 1 DAGs
[2023-07-11 18:31:29,731] {logging_mixin.py:109} INFO - [2023-07-11 18:31:29,731] {dag.py:2935} INFO - Setting next_dagrun for example_time_delta_sensor_async to None
[2023-07-11 18:31:29,741] {processor.py:171} INFO - Processing /home/airflow/.local/lib/python3.7/site-packages/airflow/example_dags/example_time_delta_sensor_async.py took 0.068 seconds
