[2023-07-11 18:22:39,188] {processor.py:163} INFO - Started process (PID=57) to work on /home/airflow/.local/lib/python3.7/site-packages/airflow/example_dags/example_nested_branch_dag.py
[2023-07-11 18:22:39,191] {processor.py:642} INFO - Processing file /home/airflow/.local/lib/python3.7/site-packages/airflow/example_dags/example_nested_branch_dag.py for tasks to queue
[2023-07-11 18:22:39,192] {logging_mixin.py:109} INFO - [2023-07-11 18:22:39,192] {dagbag.py:500} INFO - Filling up the DagBag from /home/airflow/.local/lib/python3.7/site-packages/airflow/example_dags/example_nested_branch_dag.py
[2023-07-11 18:22:39,381] {processor.py:654} INFO - DAG(s) dict_keys(['example_nested_branch_dag']) retrieved from /home/airflow/.local/lib/python3.7/site-packages/airflow/example_dags/example_nested_branch_dag.py
[2023-07-11 18:22:39,445] {logging_mixin.py:109} INFO - [2023-07-11 18:22:39,444] {dag.py:2396} INFO - Sync 1 DAGs
[2023-07-11 18:22:39,580] {logging_mixin.py:109} INFO - [2023-07-11 18:22:39,579] {dag.py:2935} INFO - Setting next_dagrun for example_nested_branch_dag to 2023-07-10 00:00:00+00:00
[2023-07-11 18:22:39,651] {processor.py:171} INFO - Processing /home/airflow/.local/lib/python3.7/site-packages/airflow/example_dags/example_nested_branch_dag.py took 0.481 seconds
[2023-07-11 18:23:11,637] {processor.py:163} INFO - Started process (PID=130) to work on /home/airflow/.local/lib/python3.7/site-packages/airflow/example_dags/example_nested_branch_dag.py
[2023-07-11 18:23:11,667] {processor.py:642} INFO - Processing file /home/airflow/.local/lib/python3.7/site-packages/airflow/example_dags/example_nested_branch_dag.py for tasks to queue
[2023-07-11 18:23:11,668] {logging_mixin.py:109} INFO - [2023-07-11 18:23:11,668] {dagbag.py:500} INFO - Filling up the DagBag from /home/airflow/.local/lib/python3.7/site-packages/airflow/example_dags/example_nested_branch_dag.py
[2023-07-11 18:23:11,853] {processor.py:654} INFO - DAG(s) dict_keys(['example_nested_branch_dag']) retrieved from /home/airflow/.local/lib/python3.7/site-packages/airflow/example_dags/example_nested_branch_dag.py
[2023-07-11 18:23:11,881] {logging_mixin.py:109} INFO - [2023-07-11 18:23:11,881] {dag.py:2396} INFO - Sync 1 DAGs
[2023-07-11 18:23:11,987] {logging_mixin.py:109} INFO - [2023-07-11 18:23:11,987] {dag.py:2935} INFO - Setting next_dagrun for example_nested_branch_dag to 2023-07-10 00:00:00+00:00
[2023-07-11 18:23:12,027] {processor.py:171} INFO - Processing /home/airflow/.local/lib/python3.7/site-packages/airflow/example_dags/example_nested_branch_dag.py took 0.398 seconds
[2023-07-11 18:23:42,174] {processor.py:163} INFO - Started process (PID=211) to work on /home/airflow/.local/lib/python3.7/site-packages/airflow/example_dags/example_nested_branch_dag.py
[2023-07-11 18:23:42,180] {processor.py:642} INFO - Processing file /home/airflow/.local/lib/python3.7/site-packages/airflow/example_dags/example_nested_branch_dag.py for tasks to queue
[2023-07-11 18:23:42,181] {logging_mixin.py:109} INFO - [2023-07-11 18:23:42,180] {dagbag.py:500} INFO - Filling up the DagBag from /home/airflow/.local/lib/python3.7/site-packages/airflow/example_dags/example_nested_branch_dag.py
[2023-07-11 18:23:42,224] {processor.py:654} INFO - DAG(s) dict_keys(['example_nested_branch_dag']) retrieved from /home/airflow/.local/lib/python3.7/site-packages/airflow/example_dags/example_nested_branch_dag.py
[2023-07-11 18:23:42,241] {logging_mixin.py:109} INFO - [2023-07-11 18:23:42,241] {dag.py:2396} INFO - Sync 1 DAGs
[2023-07-11 18:23:42,269] {logging_mixin.py:109} INFO - [2023-07-11 18:23:42,269] {dag.py:2935} INFO - Setting next_dagrun for example_nested_branch_dag to 2023-07-10 00:00:00+00:00
[2023-07-11 18:23:42,286] {processor.py:171} INFO - Processing /home/airflow/.local/lib/python3.7/site-packages/airflow/example_dags/example_nested_branch_dag.py took 0.116 seconds
[2023-07-11 18:24:13,020] {processor.py:163} INFO - Started process (PID=291) to work on /home/airflow/.local/lib/python3.7/site-packages/airflow/example_dags/example_nested_branch_dag.py
[2023-07-11 18:24:13,022] {processor.py:642} INFO - Processing file /home/airflow/.local/lib/python3.7/site-packages/airflow/example_dags/example_nested_branch_dag.py for tasks to queue
[2023-07-11 18:24:13,023] {logging_mixin.py:109} INFO - [2023-07-11 18:24:13,023] {dagbag.py:500} INFO - Filling up the DagBag from /home/airflow/.local/lib/python3.7/site-packages/airflow/example_dags/example_nested_branch_dag.py
[2023-07-11 18:24:13,083] {processor.py:654} INFO - DAG(s) dict_keys(['example_nested_branch_dag']) retrieved from /home/airflow/.local/lib/python3.7/site-packages/airflow/example_dags/example_nested_branch_dag.py
[2023-07-11 18:24:13,107] {logging_mixin.py:109} INFO - [2023-07-11 18:24:13,107] {dag.py:2396} INFO - Sync 1 DAGs
[2023-07-11 18:24:13,140] {logging_mixin.py:109} INFO - [2023-07-11 18:24:13,140] {dag.py:2935} INFO - Setting next_dagrun for example_nested_branch_dag to 2023-07-10 00:00:00+00:00
[2023-07-11 18:24:13,180] {processor.py:171} INFO - Processing /home/airflow/.local/lib/python3.7/site-packages/airflow/example_dags/example_nested_branch_dag.py took 0.166 seconds
[2023-07-11 18:24:44,121] {processor.py:163} INFO - Started process (PID=371) to work on /home/airflow/.local/lib/python3.7/site-packages/airflow/example_dags/example_nested_branch_dag.py
[2023-07-11 18:24:44,125] {processor.py:642} INFO - Processing file /home/airflow/.local/lib/python3.7/site-packages/airflow/example_dags/example_nested_branch_dag.py for tasks to queue
[2023-07-11 18:24:44,127] {logging_mixin.py:109} INFO - [2023-07-11 18:24:44,126] {dagbag.py:500} INFO - Filling up the DagBag from /home/airflow/.local/lib/python3.7/site-packages/airflow/example_dags/example_nested_branch_dag.py
[2023-07-11 18:24:44,306] {processor.py:654} INFO - DAG(s) dict_keys(['example_nested_branch_dag']) retrieved from /home/airflow/.local/lib/python3.7/site-packages/airflow/example_dags/example_nested_branch_dag.py
[2023-07-11 18:24:44,333] {logging_mixin.py:109} INFO - [2023-07-11 18:24:44,332] {dag.py:2396} INFO - Sync 1 DAGs
[2023-07-11 18:24:44,388] {logging_mixin.py:109} INFO - [2023-07-11 18:24:44,387] {dag.py:2935} INFO - Setting next_dagrun for example_nested_branch_dag to 2023-07-10 00:00:00+00:00
[2023-07-11 18:24:44,417] {processor.py:171} INFO - Processing /home/airflow/.local/lib/python3.7/site-packages/airflow/example_dags/example_nested_branch_dag.py took 0.304 seconds
[2023-07-11 18:25:14,685] {processor.py:163} INFO - Started process (PID=450) to work on /home/airflow/.local/lib/python3.7/site-packages/airflow/example_dags/example_nested_branch_dag.py
[2023-07-11 18:25:14,687] {processor.py:642} INFO - Processing file /home/airflow/.local/lib/python3.7/site-packages/airflow/example_dags/example_nested_branch_dag.py for tasks to queue
[2023-07-11 18:25:14,688] {logging_mixin.py:109} INFO - [2023-07-11 18:25:14,688] {dagbag.py:500} INFO - Filling up the DagBag from /home/airflow/.local/lib/python3.7/site-packages/airflow/example_dags/example_nested_branch_dag.py
[2023-07-11 18:25:14,742] {processor.py:654} INFO - DAG(s) dict_keys(['example_nested_branch_dag']) retrieved from /home/airflow/.local/lib/python3.7/site-packages/airflow/example_dags/example_nested_branch_dag.py
[2023-07-11 18:25:14,759] {logging_mixin.py:109} INFO - [2023-07-11 18:25:14,759] {dag.py:2396} INFO - Sync 1 DAGs
[2023-07-11 18:25:14,787] {logging_mixin.py:109} INFO - [2023-07-11 18:25:14,787] {dag.py:2935} INFO - Setting next_dagrun for example_nested_branch_dag to 2023-07-10 00:00:00+00:00
[2023-07-11 18:25:14,807] {processor.py:171} INFO - Processing /home/airflow/.local/lib/python3.7/site-packages/airflow/example_dags/example_nested_branch_dag.py took 0.129 seconds
[2023-07-11 18:25:45,091] {processor.py:163} INFO - Started process (PID=530) to work on /home/airflow/.local/lib/python3.7/site-packages/airflow/example_dags/example_nested_branch_dag.py
[2023-07-11 18:25:45,102] {processor.py:642} INFO - Processing file /home/airflow/.local/lib/python3.7/site-packages/airflow/example_dags/example_nested_branch_dag.py for tasks to queue
[2023-07-11 18:25:45,102] {logging_mixin.py:109} INFO - [2023-07-11 18:25:45,102] {dagbag.py:500} INFO - Filling up the DagBag from /home/airflow/.local/lib/python3.7/site-packages/airflow/example_dags/example_nested_branch_dag.py
[2023-07-11 18:25:45,139] {processor.py:654} INFO - DAG(s) dict_keys(['example_nested_branch_dag']) retrieved from /home/airflow/.local/lib/python3.7/site-packages/airflow/example_dags/example_nested_branch_dag.py
[2023-07-11 18:25:45,149] {logging_mixin.py:109} INFO - [2023-07-11 18:25:45,149] {dag.py:2396} INFO - Sync 1 DAGs
[2023-07-11 18:25:45,167] {logging_mixin.py:109} INFO - [2023-07-11 18:25:45,167] {dag.py:2935} INFO - Setting next_dagrun for example_nested_branch_dag to 2023-07-10 00:00:00+00:00
[2023-07-11 18:25:45,177] {processor.py:171} INFO - Processing /home/airflow/.local/lib/python3.7/site-packages/airflow/example_dags/example_nested_branch_dag.py took 0.090 seconds
[2023-07-11 18:26:15,267] {processor.py:163} INFO - Started process (PID=601) to work on /home/airflow/.local/lib/python3.7/site-packages/airflow/example_dags/example_nested_branch_dag.py
[2023-07-11 18:26:15,272] {processor.py:642} INFO - Processing file /home/airflow/.local/lib/python3.7/site-packages/airflow/example_dags/example_nested_branch_dag.py for tasks to queue
[2023-07-11 18:26:15,272] {logging_mixin.py:109} INFO - [2023-07-11 18:26:15,272] {dagbag.py:500} INFO - Filling up the DagBag from /home/airflow/.local/lib/python3.7/site-packages/airflow/example_dags/example_nested_branch_dag.py
[2023-07-11 18:26:15,302] {processor.py:654} INFO - DAG(s) dict_keys(['example_nested_branch_dag']) retrieved from /home/airflow/.local/lib/python3.7/site-packages/airflow/example_dags/example_nested_branch_dag.py
[2023-07-11 18:26:15,312] {logging_mixin.py:109} INFO - [2023-07-11 18:26:15,312] {dag.py:2396} INFO - Sync 1 DAGs
[2023-07-11 18:26:15,329] {logging_mixin.py:109} INFO - [2023-07-11 18:26:15,329] {dag.py:2935} INFO - Setting next_dagrun for example_nested_branch_dag to 2023-07-10 00:00:00+00:00
[2023-07-11 18:26:15,342] {processor.py:171} INFO - Processing /home/airflow/.local/lib/python3.7/site-packages/airflow/example_dags/example_nested_branch_dag.py took 0.079 seconds
[2023-07-11 18:26:45,608] {processor.py:163} INFO - Started process (PID=681) to work on /home/airflow/.local/lib/python3.7/site-packages/airflow/example_dags/example_nested_branch_dag.py
[2023-07-11 18:26:45,609] {processor.py:642} INFO - Processing file /home/airflow/.local/lib/python3.7/site-packages/airflow/example_dags/example_nested_branch_dag.py for tasks to queue
[2023-07-11 18:26:45,610] {logging_mixin.py:109} INFO - [2023-07-11 18:26:45,610] {dagbag.py:500} INFO - Filling up the DagBag from /home/airflow/.local/lib/python3.7/site-packages/airflow/example_dags/example_nested_branch_dag.py
[2023-07-11 18:26:45,639] {processor.py:654} INFO - DAG(s) dict_keys(['example_nested_branch_dag']) retrieved from /home/airflow/.local/lib/python3.7/site-packages/airflow/example_dags/example_nested_branch_dag.py
[2023-07-11 18:26:45,651] {logging_mixin.py:109} INFO - [2023-07-11 18:26:45,650] {dag.py:2396} INFO - Sync 1 DAGs
[2023-07-11 18:26:45,669] {logging_mixin.py:109} INFO - [2023-07-11 18:26:45,669] {dag.py:2935} INFO - Setting next_dagrun for example_nested_branch_dag to 2023-07-10 00:00:00+00:00
[2023-07-11 18:26:45,685] {processor.py:171} INFO - Processing /home/airflow/.local/lib/python3.7/site-packages/airflow/example_dags/example_nested_branch_dag.py took 0.081 seconds
[2023-07-11 18:27:16,542] {processor.py:163} INFO - Started process (PID=761) to work on /home/airflow/.local/lib/python3.7/site-packages/airflow/example_dags/example_nested_branch_dag.py
[2023-07-11 18:27:16,547] {processor.py:642} INFO - Processing file /home/airflow/.local/lib/python3.7/site-packages/airflow/example_dags/example_nested_branch_dag.py for tasks to queue
[2023-07-11 18:27:16,548] {logging_mixin.py:109} INFO - [2023-07-11 18:27:16,548] {dagbag.py:500} INFO - Filling up the DagBag from /home/airflow/.local/lib/python3.7/site-packages/airflow/example_dags/example_nested_branch_dag.py
[2023-07-11 18:27:16,632] {processor.py:654} INFO - DAG(s) dict_keys(['example_nested_branch_dag']) retrieved from /home/airflow/.local/lib/python3.7/site-packages/airflow/example_dags/example_nested_branch_dag.py
[2023-07-11 18:27:16,661] {logging_mixin.py:109} INFO - [2023-07-11 18:27:16,661] {dag.py:2396} INFO - Sync 1 DAGs
[2023-07-11 18:27:16,709] {logging_mixin.py:109} INFO - [2023-07-11 18:27:16,708] {dag.py:2935} INFO - Setting next_dagrun for example_nested_branch_dag to 2023-07-10 00:00:00+00:00
[2023-07-11 18:27:16,742] {processor.py:171} INFO - Processing /home/airflow/.local/lib/python3.7/site-packages/airflow/example_dags/example_nested_branch_dag.py took 0.209 seconds
[2023-07-11 18:27:47,148] {processor.py:163} INFO - Started process (PID=841) to work on /home/airflow/.local/lib/python3.7/site-packages/airflow/example_dags/example_nested_branch_dag.py
[2023-07-11 18:27:47,153] {processor.py:642} INFO - Processing file /home/airflow/.local/lib/python3.7/site-packages/airflow/example_dags/example_nested_branch_dag.py for tasks to queue
[2023-07-11 18:27:47,155] {logging_mixin.py:109} INFO - [2023-07-11 18:27:47,154] {dagbag.py:500} INFO - Filling up the DagBag from /home/airflow/.local/lib/python3.7/site-packages/airflow/example_dags/example_nested_branch_dag.py
[2023-07-11 18:27:47,223] {processor.py:654} INFO - DAG(s) dict_keys(['example_nested_branch_dag']) retrieved from /home/airflow/.local/lib/python3.7/site-packages/airflow/example_dags/example_nested_branch_dag.py
[2023-07-11 18:27:47,262] {logging_mixin.py:109} INFO - [2023-07-11 18:27:47,261] {dag.py:2396} INFO - Sync 1 DAGs
[2023-07-11 18:27:47,312] {logging_mixin.py:109} INFO - [2023-07-11 18:27:47,311] {dag.py:2935} INFO - Setting next_dagrun for example_nested_branch_dag to 2023-07-10 00:00:00+00:00
[2023-07-11 18:27:47,350] {processor.py:171} INFO - Processing /home/airflow/.local/lib/python3.7/site-packages/airflow/example_dags/example_nested_branch_dag.py took 0.212 seconds
[2023-07-11 18:28:17,711] {processor.py:163} INFO - Started process (PID=922) to work on /home/airflow/.local/lib/python3.7/site-packages/airflow/example_dags/example_nested_branch_dag.py
[2023-07-11 18:28:17,715] {processor.py:642} INFO - Processing file /home/airflow/.local/lib/python3.7/site-packages/airflow/example_dags/example_nested_branch_dag.py for tasks to queue
[2023-07-11 18:28:17,716] {logging_mixin.py:109} INFO - [2023-07-11 18:28:17,716] {dagbag.py:500} INFO - Filling up the DagBag from /home/airflow/.local/lib/python3.7/site-packages/airflow/example_dags/example_nested_branch_dag.py
[2023-07-11 18:28:17,751] {processor.py:654} INFO - DAG(s) dict_keys(['example_nested_branch_dag']) retrieved from /home/airflow/.local/lib/python3.7/site-packages/airflow/example_dags/example_nested_branch_dag.py
[2023-07-11 18:28:17,766] {logging_mixin.py:109} INFO - [2023-07-11 18:28:17,765] {dag.py:2396} INFO - Sync 1 DAGs
[2023-07-11 18:28:17,789] {logging_mixin.py:109} INFO - [2023-07-11 18:28:17,789] {dag.py:2935} INFO - Setting next_dagrun for example_nested_branch_dag to 2023-07-10 00:00:00+00:00
[2023-07-11 18:28:17,806] {processor.py:171} INFO - Processing /home/airflow/.local/lib/python3.7/site-packages/airflow/example_dags/example_nested_branch_dag.py took 0.099 seconds
[2023-07-11 18:29:47,378] {processor.py:163} INFO - Started process (PID=56) to work on /home/airflow/.local/lib/python3.7/site-packages/airflow/example_dags/example_nested_branch_dag.py
[2023-07-11 18:29:47,396] {processor.py:642} INFO - Processing file /home/airflow/.local/lib/python3.7/site-packages/airflow/example_dags/example_nested_branch_dag.py for tasks to queue
[2023-07-11 18:29:47,398] {logging_mixin.py:109} INFO - [2023-07-11 18:29:47,397] {dagbag.py:500} INFO - Filling up the DagBag from /home/airflow/.local/lib/python3.7/site-packages/airflow/example_dags/example_nested_branch_dag.py
[2023-07-11 18:29:47,534] {processor.py:654} INFO - DAG(s) dict_keys(['example_nested_branch_dag']) retrieved from /home/airflow/.local/lib/python3.7/site-packages/airflow/example_dags/example_nested_branch_dag.py
[2023-07-11 18:29:47,582] {logging_mixin.py:109} INFO - [2023-07-11 18:29:47,581] {dag.py:2396} INFO - Sync 1 DAGs
[2023-07-11 18:29:47,638] {logging_mixin.py:109} INFO - [2023-07-11 18:29:47,637] {dag.py:2935} INFO - Setting next_dagrun for example_nested_branch_dag to 2023-07-10 00:00:00+00:00
[2023-07-11 18:29:47,669] {processor.py:171} INFO - Processing /home/airflow/.local/lib/python3.7/site-packages/airflow/example_dags/example_nested_branch_dag.py took 0.298 seconds
[2023-07-11 18:30:18,348] {processor.py:163} INFO - Started process (PID=129) to work on /home/airflow/.local/lib/python3.7/site-packages/airflow/example_dags/example_nested_branch_dag.py
[2023-07-11 18:30:18,353] {processor.py:642} INFO - Processing file /home/airflow/.local/lib/python3.7/site-packages/airflow/example_dags/example_nested_branch_dag.py for tasks to queue
[2023-07-11 18:30:18,356] {logging_mixin.py:109} INFO - [2023-07-11 18:30:18,354] {dagbag.py:500} INFO - Filling up the DagBag from /home/airflow/.local/lib/python3.7/site-packages/airflow/example_dags/example_nested_branch_dag.py
[2023-07-11 18:30:18,476] {processor.py:654} INFO - DAG(s) dict_keys(['example_nested_branch_dag']) retrieved from /home/airflow/.local/lib/python3.7/site-packages/airflow/example_dags/example_nested_branch_dag.py
[2023-07-11 18:30:18,524] {logging_mixin.py:109} INFO - [2023-07-11 18:30:18,524] {dag.py:2396} INFO - Sync 1 DAGs
[2023-07-11 18:30:18,615] {logging_mixin.py:109} INFO - [2023-07-11 18:30:18,614] {dag.py:2935} INFO - Setting next_dagrun for example_nested_branch_dag to 2023-07-10 00:00:00+00:00
[2023-07-11 18:30:18,655] {processor.py:171} INFO - Processing /home/airflow/.local/lib/python3.7/site-packages/airflow/example_dags/example_nested_branch_dag.py took 0.314 seconds
[2023-07-11 18:30:49,214] {processor.py:163} INFO - Started process (PID=200) to work on /home/airflow/.local/lib/python3.7/site-packages/airflow/example_dags/example_nested_branch_dag.py
[2023-07-11 18:30:49,220] {processor.py:642} INFO - Processing file /home/airflow/.local/lib/python3.7/site-packages/airflow/example_dags/example_nested_branch_dag.py for tasks to queue
[2023-07-11 18:30:49,221] {logging_mixin.py:109} INFO - [2023-07-11 18:30:49,221] {dagbag.py:500} INFO - Filling up the DagBag from /home/airflow/.local/lib/python3.7/site-packages/airflow/example_dags/example_nested_branch_dag.py
[2023-07-11 18:30:49,255] {processor.py:654} INFO - DAG(s) dict_keys(['example_nested_branch_dag']) retrieved from /home/airflow/.local/lib/python3.7/site-packages/airflow/example_dags/example_nested_branch_dag.py
[2023-07-11 18:30:49,265] {logging_mixin.py:109} INFO - [2023-07-11 18:30:49,265] {dag.py:2396} INFO - Sync 1 DAGs
[2023-07-11 18:30:49,282] {logging_mixin.py:109} INFO - [2023-07-11 18:30:49,282] {dag.py:2935} INFO - Setting next_dagrun for example_nested_branch_dag to 2023-07-10 00:00:00+00:00
[2023-07-11 18:30:49,295] {processor.py:171} INFO - Processing /home/airflow/.local/lib/python3.7/site-packages/airflow/example_dags/example_nested_branch_dag.py took 0.085 seconds
[2023-07-11 18:31:19,431] {processor.py:163} INFO - Started process (PID=280) to work on /home/airflow/.local/lib/python3.7/site-packages/airflow/example_dags/example_nested_branch_dag.py
[2023-07-11 18:31:19,437] {processor.py:642} INFO - Processing file /home/airflow/.local/lib/python3.7/site-packages/airflow/example_dags/example_nested_branch_dag.py for tasks to queue
[2023-07-11 18:31:19,438] {logging_mixin.py:109} INFO - [2023-07-11 18:31:19,438] {dagbag.py:500} INFO - Filling up the DagBag from /home/airflow/.local/lib/python3.7/site-packages/airflow/example_dags/example_nested_branch_dag.py
[2023-07-11 18:31:19,503] {processor.py:654} INFO - DAG(s) dict_keys(['example_nested_branch_dag']) retrieved from /home/airflow/.local/lib/python3.7/site-packages/airflow/example_dags/example_nested_branch_dag.py
[2023-07-11 18:31:19,527] {logging_mixin.py:109} INFO - [2023-07-11 18:31:19,527] {dag.py:2396} INFO - Sync 1 DAGs
[2023-07-11 18:31:19,567] {logging_mixin.py:109} INFO - [2023-07-11 18:31:19,567] {dag.py:2935} INFO - Setting next_dagrun for example_nested_branch_dag to 2023-07-10 00:00:00+00:00
[2023-07-11 18:31:19,581] {processor.py:171} INFO - Processing /home/airflow/.local/lib/python3.7/site-packages/airflow/example_dags/example_nested_branch_dag.py took 0.156 seconds
[2023-07-11 18:31:49,974] {processor.py:163} INFO - Started process (PID=370) to work on /home/airflow/.local/lib/python3.7/site-packages/airflow/example_dags/example_nested_branch_dag.py
[2023-07-11 18:31:49,975] {processor.py:642} INFO - Processing file /home/airflow/.local/lib/python3.7/site-packages/airflow/example_dags/example_nested_branch_dag.py for tasks to queue
[2023-07-11 18:31:49,976] {logging_mixin.py:109} INFO - [2023-07-11 18:31:49,976] {dagbag.py:500} INFO - Filling up the DagBag from /home/airflow/.local/lib/python3.7/site-packages/airflow/example_dags/example_nested_branch_dag.py
[2023-07-11 18:31:50,008] {processor.py:654} INFO - DAG(s) dict_keys(['example_nested_branch_dag']) retrieved from /home/airflow/.local/lib/python3.7/site-packages/airflow/example_dags/example_nested_branch_dag.py
[2023-07-11 18:31:50,020] {logging_mixin.py:109} INFO - [2023-07-11 18:31:50,020] {dag.py:2396} INFO - Sync 1 DAGs
[2023-07-11 18:31:50,039] {logging_mixin.py:109} INFO - [2023-07-11 18:31:50,039] {dag.py:2935} INFO - Setting next_dagrun for example_nested_branch_dag to 2023-07-10 00:00:00+00:00
[2023-07-11 18:31:50,053] {processor.py:171} INFO - Processing /home/airflow/.local/lib/python3.7/site-packages/airflow/example_dags/example_nested_branch_dag.py took 0.083 seconds
