[2023-07-11 18:22:46,026] {processor.py:163} INFO - Started process (PID=75) to work on /home/airflow/.local/lib/python3.7/site-packages/airflow/example_dags/example_branch_python_dop_operator_3.py
[2023-07-11 18:22:46,028] {processor.py:642} INFO - Processing file /home/airflow/.local/lib/python3.7/site-packages/airflow/example_dags/example_branch_python_dop_operator_3.py for tasks to queue
[2023-07-11 18:22:46,030] {logging_mixin.py:109} INFO - [2023-07-11 18:22:46,029] {dagbag.py:500} INFO - Filling up the DagBag from /home/airflow/.local/lib/python3.7/site-packages/airflow/example_dags/example_branch_python_dop_operator_3.py
[2023-07-11 18:22:46,097] {processor.py:654} INFO - DAG(s) dict_keys(['example_branch_dop_operator_v3']) retrieved from /home/airflow/.local/lib/python3.7/site-packages/airflow/example_dags/example_branch_python_dop_operator_3.py
[2023-07-11 18:22:46,124] {logging_mixin.py:109} INFO - [2023-07-11 18:22:46,123] {dag.py:2396} INFO - Sync 1 DAGs
[2023-07-11 18:22:46,180] {logging_mixin.py:109} INFO - [2023-07-11 18:22:46,180] {dag.py:2935} INFO - Setting next_dagrun for example_branch_dop_operator_v3 to 2023-07-11T18:21:00+00:00
[2023-07-11 18:22:46,200] {processor.py:171} INFO - Processing /home/airflow/.local/lib/python3.7/site-packages/airflow/example_dags/example_branch_python_dop_operator_3.py took 0.179 seconds
[2023-07-11 18:23:16,369] {processor.py:163} INFO - Started process (PID=144) to work on /home/airflow/.local/lib/python3.7/site-packages/airflow/example_dags/example_branch_python_dop_operator_3.py
[2023-07-11 18:23:16,395] {processor.py:642} INFO - Processing file /home/airflow/.local/lib/python3.7/site-packages/airflow/example_dags/example_branch_python_dop_operator_3.py for tasks to queue
[2023-07-11 18:23:16,396] {logging_mixin.py:109} INFO - [2023-07-11 18:23:16,396] {dagbag.py:500} INFO - Filling up the DagBag from /home/airflow/.local/lib/python3.7/site-packages/airflow/example_dags/example_branch_python_dop_operator_3.py
[2023-07-11 18:23:16,459] {processor.py:654} INFO - DAG(s) dict_keys(['example_branch_dop_operator_v3']) retrieved from /home/airflow/.local/lib/python3.7/site-packages/airflow/example_dags/example_branch_python_dop_operator_3.py
[2023-07-11 18:23:16,474] {logging_mixin.py:109} INFO - [2023-07-11 18:23:16,474] {dag.py:2396} INFO - Sync 1 DAGs
[2023-07-11 18:23:16,510] {logging_mixin.py:109} INFO - [2023-07-11 18:23:16,510] {dag.py:2935} INFO - Setting next_dagrun for example_branch_dop_operator_v3 to 2023-07-11T18:22:00+00:00
[2023-07-11 18:23:16,528] {processor.py:171} INFO - Processing /home/airflow/.local/lib/python3.7/site-packages/airflow/example_dags/example_branch_python_dop_operator_3.py took 0.166 seconds
[2023-07-11 18:23:47,005] {processor.py:163} INFO - Started process (PID=224) to work on /home/airflow/.local/lib/python3.7/site-packages/airflow/example_dags/example_branch_python_dop_operator_3.py
[2023-07-11 18:23:47,007] {processor.py:642} INFO - Processing file /home/airflow/.local/lib/python3.7/site-packages/airflow/example_dags/example_branch_python_dop_operator_3.py for tasks to queue
[2023-07-11 18:23:47,009] {logging_mixin.py:109} INFO - [2023-07-11 18:23:47,008] {dagbag.py:500} INFO - Filling up the DagBag from /home/airflow/.local/lib/python3.7/site-packages/airflow/example_dags/example_branch_python_dop_operator_3.py
[2023-07-11 18:23:47,058] {processor.py:654} INFO - DAG(s) dict_keys(['example_branch_dop_operator_v3']) retrieved from /home/airflow/.local/lib/python3.7/site-packages/airflow/example_dags/example_branch_python_dop_operator_3.py
[2023-07-11 18:23:47,075] {logging_mixin.py:109} INFO - [2023-07-11 18:23:47,074] {dag.py:2396} INFO - Sync 1 DAGs
[2023-07-11 18:23:47,114] {logging_mixin.py:109} INFO - [2023-07-11 18:23:47,114] {dag.py:2935} INFO - Setting next_dagrun for example_branch_dop_operator_v3 to 2023-07-11T18:22:00+00:00
[2023-07-11 18:23:47,138] {processor.py:171} INFO - Processing /home/airflow/.local/lib/python3.7/site-packages/airflow/example_dags/example_branch_python_dop_operator_3.py took 0.140 seconds
[2023-07-11 18:24:17,984] {processor.py:163} INFO - Started process (PID=304) to work on /home/airflow/.local/lib/python3.7/site-packages/airflow/example_dags/example_branch_python_dop_operator_3.py
[2023-07-11 18:24:17,986] {processor.py:642} INFO - Processing file /home/airflow/.local/lib/python3.7/site-packages/airflow/example_dags/example_branch_python_dop_operator_3.py for tasks to queue
[2023-07-11 18:24:17,987] {logging_mixin.py:109} INFO - [2023-07-11 18:24:17,987] {dagbag.py:500} INFO - Filling up the DagBag from /home/airflow/.local/lib/python3.7/site-packages/airflow/example_dags/example_branch_python_dop_operator_3.py
[2023-07-11 18:24:18,040] {processor.py:654} INFO - DAG(s) dict_keys(['example_branch_dop_operator_v3']) retrieved from /home/airflow/.local/lib/python3.7/site-packages/airflow/example_dags/example_branch_python_dop_operator_3.py
[2023-07-11 18:24:18,058] {logging_mixin.py:109} INFO - [2023-07-11 18:24:18,058] {dag.py:2396} INFO - Sync 1 DAGs
[2023-07-11 18:24:18,093] {logging_mixin.py:109} INFO - [2023-07-11 18:24:18,093] {dag.py:2935} INFO - Setting next_dagrun for example_branch_dop_operator_v3 to 2023-07-11T18:23:00+00:00
[2023-07-11 18:24:18,113] {processor.py:171} INFO - Processing /home/airflow/.local/lib/python3.7/site-packages/airflow/example_dags/example_branch_python_dop_operator_3.py took 0.135 seconds
[2023-07-11 18:24:49,638] {processor.py:163} INFO - Started process (PID=384) to work on /home/airflow/.local/lib/python3.7/site-packages/airflow/example_dags/example_branch_python_dop_operator_3.py
[2023-07-11 18:24:49,642] {processor.py:642} INFO - Processing file /home/airflow/.local/lib/python3.7/site-packages/airflow/example_dags/example_branch_python_dop_operator_3.py for tasks to queue
[2023-07-11 18:24:49,649] {logging_mixin.py:109} INFO - [2023-07-11 18:24:49,648] {dagbag.py:500} INFO - Filling up the DagBag from /home/airflow/.local/lib/python3.7/site-packages/airflow/example_dags/example_branch_python_dop_operator_3.py
[2023-07-11 18:24:49,781] {processor.py:654} INFO - DAG(s) dict_keys(['example_branch_dop_operator_v3']) retrieved from /home/airflow/.local/lib/python3.7/site-packages/airflow/example_dags/example_branch_python_dop_operator_3.py
[2023-07-11 18:24:49,801] {logging_mixin.py:109} INFO - [2023-07-11 18:24:49,801] {dag.py:2396} INFO - Sync 1 DAGs
[2023-07-11 18:24:49,869] {logging_mixin.py:109} INFO - [2023-07-11 18:24:49,869] {dag.py:2935} INFO - Setting next_dagrun for example_branch_dop_operator_v3 to 2023-07-11T18:23:00+00:00
[2023-07-11 18:24:49,892] {processor.py:171} INFO - Processing /home/airflow/.local/lib/python3.7/site-packages/airflow/example_dags/example_branch_python_dop_operator_3.py took 0.271 seconds
[2023-07-11 18:25:20,266] {processor.py:163} INFO - Started process (PID=464) to work on /home/airflow/.local/lib/python3.7/site-packages/airflow/example_dags/example_branch_python_dop_operator_3.py
[2023-07-11 18:25:20,268] {processor.py:642} INFO - Processing file /home/airflow/.local/lib/python3.7/site-packages/airflow/example_dags/example_branch_python_dop_operator_3.py for tasks to queue
[2023-07-11 18:25:20,268] {logging_mixin.py:109} INFO - [2023-07-11 18:25:20,268] {dagbag.py:500} INFO - Filling up the DagBag from /home/airflow/.local/lib/python3.7/site-packages/airflow/example_dags/example_branch_python_dop_operator_3.py
[2023-07-11 18:25:20,316] {processor.py:654} INFO - DAG(s) dict_keys(['example_branch_dop_operator_v3']) retrieved from /home/airflow/.local/lib/python3.7/site-packages/airflow/example_dags/example_branch_python_dop_operator_3.py
[2023-07-11 18:25:20,338] {logging_mixin.py:109} INFO - [2023-07-11 18:25:20,337] {dag.py:2396} INFO - Sync 1 DAGs
[2023-07-11 18:25:20,386] {logging_mixin.py:109} INFO - [2023-07-11 18:25:20,385] {dag.py:2935} INFO - Setting next_dagrun for example_branch_dop_operator_v3 to 2023-07-11T18:24:00+00:00
[2023-07-11 18:25:20,415] {processor.py:171} INFO - Processing /home/airflow/.local/lib/python3.7/site-packages/airflow/example_dags/example_branch_python_dop_operator_3.py took 0.154 seconds
[2023-07-11 18:25:52,013] {processor.py:163} INFO - Started process (PID=553) to work on /home/airflow/.local/lib/python3.7/site-packages/airflow/example_dags/example_branch_python_dop_operator_3.py
[2023-07-11 18:25:52,023] {processor.py:642} INFO - Processing file /home/airflow/.local/lib/python3.7/site-packages/airflow/example_dags/example_branch_python_dop_operator_3.py for tasks to queue
[2023-07-11 18:25:52,025] {logging_mixin.py:109} INFO - [2023-07-11 18:25:52,024] {dagbag.py:500} INFO - Filling up the DagBag from /home/airflow/.local/lib/python3.7/site-packages/airflow/example_dags/example_branch_python_dop_operator_3.py
[2023-07-11 18:25:52,130] {processor.py:654} INFO - DAG(s) dict_keys(['example_branch_dop_operator_v3']) retrieved from /home/airflow/.local/lib/python3.7/site-packages/airflow/example_dags/example_branch_python_dop_operator_3.py
[2023-07-11 18:25:52,156] {logging_mixin.py:109} INFO - [2023-07-11 18:25:52,155] {dag.py:2396} INFO - Sync 1 DAGs
[2023-07-11 18:25:52,212] {logging_mixin.py:109} INFO - [2023-07-11 18:25:52,212] {dag.py:2935} INFO - Setting next_dagrun for example_branch_dop_operator_v3 to 2023-07-11T18:24:00+00:00
[2023-07-11 18:25:52,232] {processor.py:171} INFO - Processing /home/airflow/.local/lib/python3.7/site-packages/airflow/example_dags/example_branch_python_dop_operator_3.py took 0.229 seconds
[2023-07-11 18:26:23,110] {processor.py:163} INFO - Started process (PID=633) to work on /home/airflow/.local/lib/python3.7/site-packages/airflow/example_dags/example_branch_python_dop_operator_3.py
[2023-07-11 18:26:23,113] {processor.py:642} INFO - Processing file /home/airflow/.local/lib/python3.7/site-packages/airflow/example_dags/example_branch_python_dop_operator_3.py for tasks to queue
[2023-07-11 18:26:23,115] {logging_mixin.py:109} INFO - [2023-07-11 18:26:23,115] {dagbag.py:500} INFO - Filling up the DagBag from /home/airflow/.local/lib/python3.7/site-packages/airflow/example_dags/example_branch_python_dop_operator_3.py
[2023-07-11 18:26:23,170] {processor.py:654} INFO - DAG(s) dict_keys(['example_branch_dop_operator_v3']) retrieved from /home/airflow/.local/lib/python3.7/site-packages/airflow/example_dags/example_branch_python_dop_operator_3.py
[2023-07-11 18:26:23,187] {logging_mixin.py:109} INFO - [2023-07-11 18:26:23,187] {dag.py:2396} INFO - Sync 1 DAGs
[2023-07-11 18:26:23,226] {logging_mixin.py:109} INFO - [2023-07-11 18:26:23,226] {dag.py:2935} INFO - Setting next_dagrun for example_branch_dop_operator_v3 to 2023-07-11T18:25:00+00:00
[2023-07-11 18:26:23,249] {processor.py:171} INFO - Processing /home/airflow/.local/lib/python3.7/site-packages/airflow/example_dags/example_branch_python_dop_operator_3.py took 0.146 seconds
[2023-07-11 18:26:54,446] {processor.py:163} INFO - Started process (PID=713) to work on /home/airflow/.local/lib/python3.7/site-packages/airflow/example_dags/example_branch_python_dop_operator_3.py
[2023-07-11 18:26:54,449] {processor.py:642} INFO - Processing file /home/airflow/.local/lib/python3.7/site-packages/airflow/example_dags/example_branch_python_dop_operator_3.py for tasks to queue
[2023-07-11 18:26:54,452] {logging_mixin.py:109} INFO - [2023-07-11 18:26:54,452] {dagbag.py:500} INFO - Filling up the DagBag from /home/airflow/.local/lib/python3.7/site-packages/airflow/example_dags/example_branch_python_dop_operator_3.py
[2023-07-11 18:26:54,544] {processor.py:654} INFO - DAG(s) dict_keys(['example_branch_dop_operator_v3']) retrieved from /home/airflow/.local/lib/python3.7/site-packages/airflow/example_dags/example_branch_python_dop_operator_3.py
[2023-07-11 18:26:54,572] {logging_mixin.py:109} INFO - [2023-07-11 18:26:54,571] {dag.py:2396} INFO - Sync 1 DAGs
[2023-07-11 18:26:54,628] {logging_mixin.py:109} INFO - [2023-07-11 18:26:54,627] {dag.py:2935} INFO - Setting next_dagrun for example_branch_dop_operator_v3 to 2023-07-11T18:25:00+00:00
[2023-07-11 18:26:54,650] {processor.py:171} INFO - Processing /home/airflow/.local/lib/python3.7/site-packages/airflow/example_dags/example_branch_python_dop_operator_3.py took 0.214 seconds
[2023-07-11 18:27:24,987] {processor.py:163} INFO - Started process (PID=784) to work on /home/airflow/.local/lib/python3.7/site-packages/airflow/example_dags/example_branch_python_dop_operator_3.py
[2023-07-11 18:27:24,989] {processor.py:642} INFO - Processing file /home/airflow/.local/lib/python3.7/site-packages/airflow/example_dags/example_branch_python_dop_operator_3.py for tasks to queue
[2023-07-11 18:27:24,990] {logging_mixin.py:109} INFO - [2023-07-11 18:27:24,990] {dagbag.py:500} INFO - Filling up the DagBag from /home/airflow/.local/lib/python3.7/site-packages/airflow/example_dags/example_branch_python_dop_operator_3.py
[2023-07-11 18:27:25,034] {processor.py:654} INFO - DAG(s) dict_keys(['example_branch_dop_operator_v3']) retrieved from /home/airflow/.local/lib/python3.7/site-packages/airflow/example_dags/example_branch_python_dop_operator_3.py
[2023-07-11 18:27:25,052] {logging_mixin.py:109} INFO - [2023-07-11 18:27:25,052] {dag.py:2396} INFO - Sync 1 DAGs
[2023-07-11 18:27:25,101] {logging_mixin.py:109} INFO - [2023-07-11 18:27:25,101] {dag.py:2935} INFO - Setting next_dagrun for example_branch_dop_operator_v3 to 2023-07-11T18:26:00+00:00
[2023-07-11 18:27:25,129] {processor.py:171} INFO - Processing /home/airflow/.local/lib/python3.7/site-packages/airflow/example_dags/example_branch_python_dop_operator_3.py took 0.147 seconds
[2023-07-11 18:27:56,257] {processor.py:163} INFO - Started process (PID=864) to work on /home/airflow/.local/lib/python3.7/site-packages/airflow/example_dags/example_branch_python_dop_operator_3.py
[2023-07-11 18:27:56,259] {processor.py:642} INFO - Processing file /home/airflow/.local/lib/python3.7/site-packages/airflow/example_dags/example_branch_python_dop_operator_3.py for tasks to queue
[2023-07-11 18:27:56,261] {logging_mixin.py:109} INFO - [2023-07-11 18:27:56,260] {dagbag.py:500} INFO - Filling up the DagBag from /home/airflow/.local/lib/python3.7/site-packages/airflow/example_dags/example_branch_python_dop_operator_3.py
[2023-07-11 18:27:56,314] {processor.py:654} INFO - DAG(s) dict_keys(['example_branch_dop_operator_v3']) retrieved from /home/airflow/.local/lib/python3.7/site-packages/airflow/example_dags/example_branch_python_dop_operator_3.py
[2023-07-11 18:27:56,344] {logging_mixin.py:109} INFO - [2023-07-11 18:27:56,343] {dag.py:2396} INFO - Sync 1 DAGs
[2023-07-11 18:27:56,390] {logging_mixin.py:109} INFO - [2023-07-11 18:27:56,390] {dag.py:2935} INFO - Setting next_dagrun for example_branch_dop_operator_v3 to 2023-07-11T18:26:00+00:00
[2023-07-11 18:27:56,409] {processor.py:171} INFO - Processing /home/airflow/.local/lib/python3.7/site-packages/airflow/example_dags/example_branch_python_dop_operator_3.py took 0.159 seconds
[2023-07-11 18:29:54,001] {processor.py:163} INFO - Started process (PID=72) to work on /home/airflow/.local/lib/python3.7/site-packages/airflow/example_dags/example_branch_python_dop_operator_3.py
[2023-07-11 18:29:54,005] {processor.py:642} INFO - Processing file /home/airflow/.local/lib/python3.7/site-packages/airflow/example_dags/example_branch_python_dop_operator_3.py for tasks to queue
[2023-07-11 18:29:54,006] {logging_mixin.py:109} INFO - [2023-07-11 18:29:54,006] {dagbag.py:500} INFO - Filling up the DagBag from /home/airflow/.local/lib/python3.7/site-packages/airflow/example_dags/example_branch_python_dop_operator_3.py
[2023-07-11 18:29:54,069] {processor.py:654} INFO - DAG(s) dict_keys(['example_branch_dop_operator_v3']) retrieved from /home/airflow/.local/lib/python3.7/site-packages/airflow/example_dags/example_branch_python_dop_operator_3.py
[2023-07-11 18:29:54,088] {logging_mixin.py:109} INFO - [2023-07-11 18:29:54,088] {dag.py:2396} INFO - Sync 1 DAGs
[2023-07-11 18:29:54,132] {logging_mixin.py:109} INFO - [2023-07-11 18:29:54,132] {dag.py:2935} INFO - Setting next_dagrun for example_branch_dop_operator_v3 to 2023-07-11T18:28:00+00:00
[2023-07-11 18:29:54,152] {processor.py:171} INFO - Processing /home/airflow/.local/lib/python3.7/site-packages/airflow/example_dags/example_branch_python_dop_operator_3.py took 0.158 seconds
[2023-07-11 18:30:24,434] {processor.py:163} INFO - Started process (PID=152) to work on /home/airflow/.local/lib/python3.7/site-packages/airflow/example_dags/example_branch_python_dop_operator_3.py
[2023-07-11 18:30:24,436] {processor.py:642} INFO - Processing file /home/airflow/.local/lib/python3.7/site-packages/airflow/example_dags/example_branch_python_dop_operator_3.py for tasks to queue
[2023-07-11 18:30:24,437] {logging_mixin.py:109} INFO - [2023-07-11 18:30:24,436] {dagbag.py:500} INFO - Filling up the DagBag from /home/airflow/.local/lib/python3.7/site-packages/airflow/example_dags/example_branch_python_dop_operator_3.py
[2023-07-11 18:30:24,494] {processor.py:654} INFO - DAG(s) dict_keys(['example_branch_dop_operator_v3']) retrieved from /home/airflow/.local/lib/python3.7/site-packages/airflow/example_dags/example_branch_python_dop_operator_3.py
[2023-07-11 18:30:24,513] {logging_mixin.py:109} INFO - [2023-07-11 18:30:24,513] {dag.py:2396} INFO - Sync 1 DAGs
[2023-07-11 18:30:24,551] {logging_mixin.py:109} INFO - [2023-07-11 18:30:24,551] {dag.py:2935} INFO - Setting next_dagrun for example_branch_dop_operator_v3 to 2023-07-11T18:29:00+00:00
[2023-07-11 18:30:24,567] {processor.py:171} INFO - Processing /home/airflow/.local/lib/python3.7/site-packages/airflow/example_dags/example_branch_python_dop_operator_3.py took 0.139 seconds
[2023-07-11 18:30:54,958] {processor.py:163} INFO - Started process (PID=232) to work on /home/airflow/.local/lib/python3.7/site-packages/airflow/example_dags/example_branch_python_dop_operator_3.py
[2023-07-11 18:30:54,960] {processor.py:642} INFO - Processing file /home/airflow/.local/lib/python3.7/site-packages/airflow/example_dags/example_branch_python_dop_operator_3.py for tasks to queue
[2023-07-11 18:30:54,963] {logging_mixin.py:109} INFO - [2023-07-11 18:30:54,962] {dagbag.py:500} INFO - Filling up the DagBag from /home/airflow/.local/lib/python3.7/site-packages/airflow/example_dags/example_branch_python_dop_operator_3.py
[2023-07-11 18:30:55,052] {processor.py:654} INFO - DAG(s) dict_keys(['example_branch_dop_operator_v3']) retrieved from /home/airflow/.local/lib/python3.7/site-packages/airflow/example_dags/example_branch_python_dop_operator_3.py
[2023-07-11 18:30:55,077] {logging_mixin.py:109} INFO - [2023-07-11 18:30:55,077] {dag.py:2396} INFO - Sync 1 DAGs
[2023-07-11 18:30:55,116] {logging_mixin.py:109} INFO - [2023-07-11 18:30:55,116] {dag.py:2935} INFO - Setting next_dagrun for example_branch_dop_operator_v3 to 2023-07-11T18:29:00+00:00
[2023-07-11 18:30:55,135] {processor.py:171} INFO - Processing /home/airflow/.local/lib/python3.7/site-packages/airflow/example_dags/example_branch_python_dop_operator_3.py took 0.183 seconds
[2023-07-11 18:31:25,326] {processor.py:163} INFO - Started process (PID=313) to work on /home/airflow/.local/lib/python3.7/site-packages/airflow/example_dags/example_branch_python_dop_operator_3.py
[2023-07-11 18:31:25,327] {processor.py:642} INFO - Processing file /home/airflow/.local/lib/python3.7/site-packages/airflow/example_dags/example_branch_python_dop_operator_3.py for tasks to queue
[2023-07-11 18:31:25,328] {logging_mixin.py:109} INFO - [2023-07-11 18:31:25,328] {dagbag.py:500} INFO - Filling up the DagBag from /home/airflow/.local/lib/python3.7/site-packages/airflow/example_dags/example_branch_python_dop_operator_3.py
[2023-07-11 18:31:25,369] {processor.py:654} INFO - DAG(s) dict_keys(['example_branch_dop_operator_v3']) retrieved from /home/airflow/.local/lib/python3.7/site-packages/airflow/example_dags/example_branch_python_dop_operator_3.py
[2023-07-11 18:31:25,383] {logging_mixin.py:109} INFO - [2023-07-11 18:31:25,383] {dag.py:2396} INFO - Sync 1 DAGs
[2023-07-11 18:31:25,418] {logging_mixin.py:109} INFO - [2023-07-11 18:31:25,418] {dag.py:2935} INFO - Setting next_dagrun for example_branch_dop_operator_v3 to 2023-07-11T18:30:00+00:00
[2023-07-11 18:31:25,435] {processor.py:171} INFO - Processing /home/airflow/.local/lib/python3.7/site-packages/airflow/example_dags/example_branch_python_dop_operator_3.py took 0.113 seconds
[2023-07-11 18:31:55,633] {processor.py:163} INFO - Started process (PID=393) to work on /home/airflow/.local/lib/python3.7/site-packages/airflow/example_dags/example_branch_python_dop_operator_3.py
[2023-07-11 18:31:55,634] {processor.py:642} INFO - Processing file /home/airflow/.local/lib/python3.7/site-packages/airflow/example_dags/example_branch_python_dop_operator_3.py for tasks to queue
[2023-07-11 18:31:55,635] {logging_mixin.py:109} INFO - [2023-07-11 18:31:55,635] {dagbag.py:500} INFO - Filling up the DagBag from /home/airflow/.local/lib/python3.7/site-packages/airflow/example_dags/example_branch_python_dop_operator_3.py
[2023-07-11 18:31:55,680] {processor.py:654} INFO - DAG(s) dict_keys(['example_branch_dop_operator_v3']) retrieved from /home/airflow/.local/lib/python3.7/site-packages/airflow/example_dags/example_branch_python_dop_operator_3.py
[2023-07-11 18:31:55,694] {logging_mixin.py:109} INFO - [2023-07-11 18:31:55,694] {dag.py:2396} INFO - Sync 1 DAGs
[2023-07-11 18:31:55,723] {logging_mixin.py:109} INFO - [2023-07-11 18:31:55,723] {dag.py:2935} INFO - Setting next_dagrun for example_branch_dop_operator_v3 to 2023-07-11T18:30:00+00:00
[2023-07-11 18:31:55,737] {processor.py:171} INFO - Processing /home/airflow/.local/lib/python3.7/site-packages/airflow/example_dags/example_branch_python_dop_operator_3.py took 0.109 seconds
