[2023-07-11 18:22:45,537] {processor.py:163} INFO - Started process (PID=72) to work on /home/airflow/.local/lib/python3.7/site-packages/airflow/example_dags/example_external_task_marker_dag.py
[2023-07-11 18:22:45,539] {processor.py:642} INFO - Processing file /home/airflow/.local/lib/python3.7/site-packages/airflow/example_dags/example_external_task_marker_dag.py for tasks to queue
[2023-07-11 18:22:45,541] {logging_mixin.py:109} INFO - [2023-07-11 18:22:45,540] {dagbag.py:500} INFO - Filling up the DagBag from /home/airflow/.local/lib/python3.7/site-packages/airflow/example_dags/example_external_task_marker_dag.py
[2023-07-11 18:22:45,635] {processor.py:654} INFO - DAG(s) dict_keys(['example_external_task_marker_parent', 'example_external_task_marker_child']) retrieved from /home/airflow/.local/lib/python3.7/site-packages/airflow/example_dags/example_external_task_marker_dag.py
[2023-07-11 18:22:45,678] {logging_mixin.py:109} INFO - [2023-07-11 18:22:45,677] {dag.py:2396} INFO - Sync 2 DAGs
[2023-07-11 18:22:45,726] {logging_mixin.py:109} INFO - [2023-07-11 18:22:45,726] {dag.py:2935} INFO - Setting next_dagrun for example_external_task_marker_child to None
[2023-07-11 18:22:45,727] {logging_mixin.py:109} INFO - [2023-07-11 18:22:45,727] {dag.py:2935} INFO - Setting next_dagrun for example_external_task_marker_parent to None
[2023-07-11 18:22:45,753] {processor.py:171} INFO - Processing /home/airflow/.local/lib/python3.7/site-packages/airflow/example_dags/example_external_task_marker_dag.py took 0.223 seconds
[2023-07-11 18:23:16,099] {processor.py:163} INFO - Started process (PID=141) to work on /home/airflow/.local/lib/python3.7/site-packages/airflow/example_dags/example_external_task_marker_dag.py
[2023-07-11 18:23:16,100] {processor.py:642} INFO - Processing file /home/airflow/.local/lib/python3.7/site-packages/airflow/example_dags/example_external_task_marker_dag.py for tasks to queue
[2023-07-11 18:23:16,101] {logging_mixin.py:109} INFO - [2023-07-11 18:23:16,101] {dagbag.py:500} INFO - Filling up the DagBag from /home/airflow/.local/lib/python3.7/site-packages/airflow/example_dags/example_external_task_marker_dag.py
[2023-07-11 18:23:16,143] {processor.py:654} INFO - DAG(s) dict_keys(['example_external_task_marker_parent', 'example_external_task_marker_child']) retrieved from /home/airflow/.local/lib/python3.7/site-packages/airflow/example_dags/example_external_task_marker_dag.py
[2023-07-11 18:23:16,163] {logging_mixin.py:109} INFO - [2023-07-11 18:23:16,163] {dag.py:2396} INFO - Sync 2 DAGs
[2023-07-11 18:23:16,187] {logging_mixin.py:109} INFO - [2023-07-11 18:23:16,187] {dag.py:2935} INFO - Setting next_dagrun for example_external_task_marker_child to None
[2023-07-11 18:23:16,187] {logging_mixin.py:109} INFO - [2023-07-11 18:23:16,187] {dag.py:2935} INFO - Setting next_dagrun for example_external_task_marker_parent to None
[2023-07-11 18:23:16,205] {processor.py:171} INFO - Processing /home/airflow/.local/lib/python3.7/site-packages/airflow/example_dags/example_external_task_marker_dag.py took 0.111 seconds
[2023-07-11 18:23:46,735] {processor.py:163} INFO - Started process (PID=221) to work on /home/airflow/.local/lib/python3.7/site-packages/airflow/example_dags/example_external_task_marker_dag.py
[2023-07-11 18:23:46,738] {processor.py:642} INFO - Processing file /home/airflow/.local/lib/python3.7/site-packages/airflow/example_dags/example_external_task_marker_dag.py for tasks to queue
[2023-07-11 18:23:46,739] {logging_mixin.py:109} INFO - [2023-07-11 18:23:46,739] {dagbag.py:500} INFO - Filling up the DagBag from /home/airflow/.local/lib/python3.7/site-packages/airflow/example_dags/example_external_task_marker_dag.py
[2023-07-11 18:23:46,781] {processor.py:654} INFO - DAG(s) dict_keys(['example_external_task_marker_parent', 'example_external_task_marker_child']) retrieved from /home/airflow/.local/lib/python3.7/site-packages/airflow/example_dags/example_external_task_marker_dag.py
[2023-07-11 18:23:46,803] {logging_mixin.py:109} INFO - [2023-07-11 18:23:46,803] {dag.py:2396} INFO - Sync 2 DAGs
[2023-07-11 18:23:46,835] {logging_mixin.py:109} INFO - [2023-07-11 18:23:46,835] {dag.py:2935} INFO - Setting next_dagrun for example_external_task_marker_child to None
[2023-07-11 18:23:46,836] {logging_mixin.py:109} INFO - [2023-07-11 18:23:46,836] {dag.py:2935} INFO - Setting next_dagrun for example_external_task_marker_parent to None
[2023-07-11 18:23:46,855] {processor.py:171} INFO - Processing /home/airflow/.local/lib/python3.7/site-packages/airflow/example_dags/example_external_task_marker_dag.py took 0.127 seconds
[2023-07-11 18:24:17,719] {processor.py:163} INFO - Started process (PID=301) to work on /home/airflow/.local/lib/python3.7/site-packages/airflow/example_dags/example_external_task_marker_dag.py
[2023-07-11 18:24:17,721] {processor.py:642} INFO - Processing file /home/airflow/.local/lib/python3.7/site-packages/airflow/example_dags/example_external_task_marker_dag.py for tasks to queue
[2023-07-11 18:24:17,722] {logging_mixin.py:109} INFO - [2023-07-11 18:24:17,722] {dagbag.py:500} INFO - Filling up the DagBag from /home/airflow/.local/lib/python3.7/site-packages/airflow/example_dags/example_external_task_marker_dag.py
[2023-07-11 18:24:17,771] {processor.py:654} INFO - DAG(s) dict_keys(['example_external_task_marker_parent', 'example_external_task_marker_child']) retrieved from /home/airflow/.local/lib/python3.7/site-packages/airflow/example_dags/example_external_task_marker_dag.py
[2023-07-11 18:24:17,796] {logging_mixin.py:109} INFO - [2023-07-11 18:24:17,796] {dag.py:2396} INFO - Sync 2 DAGs
[2023-07-11 18:24:17,827] {logging_mixin.py:109} INFO - [2023-07-11 18:24:17,826] {dag.py:2935} INFO - Setting next_dagrun for example_external_task_marker_child to None
[2023-07-11 18:24:17,827] {logging_mixin.py:109} INFO - [2023-07-11 18:24:17,827] {dag.py:2935} INFO - Setting next_dagrun for example_external_task_marker_parent to None
[2023-07-11 18:24:17,846] {processor.py:171} INFO - Processing /home/airflow/.local/lib/python3.7/site-packages/airflow/example_dags/example_external_task_marker_dag.py took 0.133 seconds
[2023-07-11 18:24:49,214] {processor.py:163} INFO - Started process (PID=381) to work on /home/airflow/.local/lib/python3.7/site-packages/airflow/example_dags/example_external_task_marker_dag.py
[2023-07-11 18:24:49,218] {processor.py:642} INFO - Processing file /home/airflow/.local/lib/python3.7/site-packages/airflow/example_dags/example_external_task_marker_dag.py for tasks to queue
[2023-07-11 18:24:49,219] {logging_mixin.py:109} INFO - [2023-07-11 18:24:49,219] {dagbag.py:500} INFO - Filling up the DagBag from /home/airflow/.local/lib/python3.7/site-packages/airflow/example_dags/example_external_task_marker_dag.py
[2023-07-11 18:24:49,291] {processor.py:654} INFO - DAG(s) dict_keys(['example_external_task_marker_parent', 'example_external_task_marker_child']) retrieved from /home/airflow/.local/lib/python3.7/site-packages/airflow/example_dags/example_external_task_marker_dag.py
[2023-07-11 18:24:49,333] {logging_mixin.py:109} INFO - [2023-07-11 18:24:49,333] {dag.py:2396} INFO - Sync 2 DAGs
[2023-07-11 18:24:49,386] {logging_mixin.py:109} INFO - [2023-07-11 18:24:49,385] {dag.py:2935} INFO - Setting next_dagrun for example_external_task_marker_child to None
[2023-07-11 18:24:49,387] {logging_mixin.py:109} INFO - [2023-07-11 18:24:49,386] {dag.py:2935} INFO - Setting next_dagrun for example_external_task_marker_parent to None
[2023-07-11 18:24:49,416] {processor.py:171} INFO - Processing /home/airflow/.local/lib/python3.7/site-packages/airflow/example_dags/example_external_task_marker_dag.py took 0.209 seconds
[2023-07-11 18:25:19,999] {processor.py:163} INFO - Started process (PID=461) to work on /home/airflow/.local/lib/python3.7/site-packages/airflow/example_dags/example_external_task_marker_dag.py
[2023-07-11 18:25:20,001] {processor.py:642} INFO - Processing file /home/airflow/.local/lib/python3.7/site-packages/airflow/example_dags/example_external_task_marker_dag.py for tasks to queue
[2023-07-11 18:25:20,002] {logging_mixin.py:109} INFO - [2023-07-11 18:25:20,002] {dagbag.py:500} INFO - Filling up the DagBag from /home/airflow/.local/lib/python3.7/site-packages/airflow/example_dags/example_external_task_marker_dag.py
[2023-07-11 18:25:20,047] {processor.py:654} INFO - DAG(s) dict_keys(['example_external_task_marker_parent', 'example_external_task_marker_child']) retrieved from /home/airflow/.local/lib/python3.7/site-packages/airflow/example_dags/example_external_task_marker_dag.py
[2023-07-11 18:25:20,069] {logging_mixin.py:109} INFO - [2023-07-11 18:25:20,069] {dag.py:2396} INFO - Sync 2 DAGs
[2023-07-11 18:25:20,101] {logging_mixin.py:109} INFO - [2023-07-11 18:25:20,101] {dag.py:2935} INFO - Setting next_dagrun for example_external_task_marker_child to None
[2023-07-11 18:25:20,102] {logging_mixin.py:109} INFO - [2023-07-11 18:25:20,102] {dag.py:2935} INFO - Setting next_dagrun for example_external_task_marker_parent to None
[2023-07-11 18:25:20,121] {processor.py:171} INFO - Processing /home/airflow/.local/lib/python3.7/site-packages/airflow/example_dags/example_external_task_marker_dag.py took 0.132 seconds
[2023-07-11 18:25:51,485] {processor.py:163} INFO - Started process (PID=550) to work on /home/airflow/.local/lib/python3.7/site-packages/airflow/example_dags/example_external_task_marker_dag.py
[2023-07-11 18:25:51,488] {processor.py:642} INFO - Processing file /home/airflow/.local/lib/python3.7/site-packages/airflow/example_dags/example_external_task_marker_dag.py for tasks to queue
[2023-07-11 18:25:51,489] {logging_mixin.py:109} INFO - [2023-07-11 18:25:51,489] {dagbag.py:500} INFO - Filling up the DagBag from /home/airflow/.local/lib/python3.7/site-packages/airflow/example_dags/example_external_task_marker_dag.py
[2023-07-11 18:25:51,576] {processor.py:654} INFO - DAG(s) dict_keys(['example_external_task_marker_parent', 'example_external_task_marker_child']) retrieved from /home/airflow/.local/lib/python3.7/site-packages/airflow/example_dags/example_external_task_marker_dag.py
[2023-07-11 18:25:51,606] {logging_mixin.py:109} INFO - [2023-07-11 18:25:51,606] {dag.py:2396} INFO - Sync 2 DAGs
[2023-07-11 18:25:51,661] {logging_mixin.py:109} INFO - [2023-07-11 18:25:51,660] {dag.py:2935} INFO - Setting next_dagrun for example_external_task_marker_child to None
[2023-07-11 18:25:51,668] {logging_mixin.py:109} INFO - [2023-07-11 18:25:51,661] {dag.py:2935} INFO - Setting next_dagrun for example_external_task_marker_parent to None
[2023-07-11 18:25:51,692] {processor.py:171} INFO - Processing /home/airflow/.local/lib/python3.7/site-packages/airflow/example_dags/example_external_task_marker_dag.py took 0.219 seconds
[2023-07-11 18:26:22,823] {processor.py:163} INFO - Started process (PID=630) to work on /home/airflow/.local/lib/python3.7/site-packages/airflow/example_dags/example_external_task_marker_dag.py
[2023-07-11 18:26:22,825] {processor.py:642} INFO - Processing file /home/airflow/.local/lib/python3.7/site-packages/airflow/example_dags/example_external_task_marker_dag.py for tasks to queue
[2023-07-11 18:26:22,826] {logging_mixin.py:109} INFO - [2023-07-11 18:26:22,826] {dagbag.py:500} INFO - Filling up the DagBag from /home/airflow/.local/lib/python3.7/site-packages/airflow/example_dags/example_external_task_marker_dag.py
[2023-07-11 18:26:22,862] {processor.py:654} INFO - DAG(s) dict_keys(['example_external_task_marker_parent', 'example_external_task_marker_child']) retrieved from /home/airflow/.local/lib/python3.7/site-packages/airflow/example_dags/example_external_task_marker_dag.py
[2023-07-11 18:26:22,880] {logging_mixin.py:109} INFO - [2023-07-11 18:26:22,880] {dag.py:2396} INFO - Sync 2 DAGs
[2023-07-11 18:26:22,903] {logging_mixin.py:109} INFO - [2023-07-11 18:26:22,903] {dag.py:2935} INFO - Setting next_dagrun for example_external_task_marker_child to None
[2023-07-11 18:26:22,903] {logging_mixin.py:109} INFO - [2023-07-11 18:26:22,903] {dag.py:2935} INFO - Setting next_dagrun for example_external_task_marker_parent to None
[2023-07-11 18:26:22,923] {processor.py:171} INFO - Processing /home/airflow/.local/lib/python3.7/site-packages/airflow/example_dags/example_external_task_marker_dag.py took 0.104 seconds
[2023-07-11 18:26:54,034] {processor.py:163} INFO - Started process (PID=710) to work on /home/airflow/.local/lib/python3.7/site-packages/airflow/example_dags/example_external_task_marker_dag.py
[2023-07-11 18:26:54,037] {processor.py:642} INFO - Processing file /home/airflow/.local/lib/python3.7/site-packages/airflow/example_dags/example_external_task_marker_dag.py for tasks to queue
[2023-07-11 18:26:54,038] {logging_mixin.py:109} INFO - [2023-07-11 18:26:54,038] {dagbag.py:500} INFO - Filling up the DagBag from /home/airflow/.local/lib/python3.7/site-packages/airflow/example_dags/example_external_task_marker_dag.py
[2023-07-11 18:26:54,095] {processor.py:654} INFO - DAG(s) dict_keys(['example_external_task_marker_parent', 'example_external_task_marker_child']) retrieved from /home/airflow/.local/lib/python3.7/site-packages/airflow/example_dags/example_external_task_marker_dag.py
[2023-07-11 18:26:54,120] {logging_mixin.py:109} INFO - [2023-07-11 18:26:54,120] {dag.py:2396} INFO - Sync 2 DAGs
[2023-07-11 18:26:54,194] {logging_mixin.py:109} INFO - [2023-07-11 18:26:54,194] {dag.py:2935} INFO - Setting next_dagrun for example_external_task_marker_child to None
[2023-07-11 18:26:54,194] {logging_mixin.py:109} INFO - [2023-07-11 18:26:54,194] {dag.py:2935} INFO - Setting next_dagrun for example_external_task_marker_parent to None
[2023-07-11 18:26:54,231] {processor.py:171} INFO - Processing /home/airflow/.local/lib/python3.7/site-packages/airflow/example_dags/example_external_task_marker_dag.py took 0.204 seconds
[2023-07-11 18:27:24,773] {processor.py:163} INFO - Started process (PID=781) to work on /home/airflow/.local/lib/python3.7/site-packages/airflow/example_dags/example_external_task_marker_dag.py
[2023-07-11 18:27:24,775] {processor.py:642} INFO - Processing file /home/airflow/.local/lib/python3.7/site-packages/airflow/example_dags/example_external_task_marker_dag.py for tasks to queue
[2023-07-11 18:27:24,776] {logging_mixin.py:109} INFO - [2023-07-11 18:27:24,776] {dagbag.py:500} INFO - Filling up the DagBag from /home/airflow/.local/lib/python3.7/site-packages/airflow/example_dags/example_external_task_marker_dag.py
[2023-07-11 18:27:24,807] {processor.py:654} INFO - DAG(s) dict_keys(['example_external_task_marker_parent', 'example_external_task_marker_child']) retrieved from /home/airflow/.local/lib/python3.7/site-packages/airflow/example_dags/example_external_task_marker_dag.py
[2023-07-11 18:27:24,824] {logging_mixin.py:109} INFO - [2023-07-11 18:27:24,824] {dag.py:2396} INFO - Sync 2 DAGs
[2023-07-11 18:27:24,843] {logging_mixin.py:109} INFO - [2023-07-11 18:27:24,843] {dag.py:2935} INFO - Setting next_dagrun for example_external_task_marker_child to None
[2023-07-11 18:27:24,843] {logging_mixin.py:109} INFO - [2023-07-11 18:27:24,843] {dag.py:2935} INFO - Setting next_dagrun for example_external_task_marker_parent to None
[2023-07-11 18:27:24,862] {processor.py:171} INFO - Processing /home/airflow/.local/lib/python3.7/site-packages/airflow/example_dags/example_external_task_marker_dag.py took 0.093 seconds
[2023-07-11 18:27:55,854] {processor.py:163} INFO - Started process (PID=861) to work on /home/airflow/.local/lib/python3.7/site-packages/airflow/example_dags/example_external_task_marker_dag.py
[2023-07-11 18:27:55,862] {processor.py:642} INFO - Processing file /home/airflow/.local/lib/python3.7/site-packages/airflow/example_dags/example_external_task_marker_dag.py for tasks to queue
[2023-07-11 18:27:55,865] {logging_mixin.py:109} INFO - [2023-07-11 18:27:55,864] {dagbag.py:500} INFO - Filling up the DagBag from /home/airflow/.local/lib/python3.7/site-packages/airflow/example_dags/example_external_task_marker_dag.py
[2023-07-11 18:27:55,953] {processor.py:654} INFO - DAG(s) dict_keys(['example_external_task_marker_parent', 'example_external_task_marker_child']) retrieved from /home/airflow/.local/lib/python3.7/site-packages/airflow/example_dags/example_external_task_marker_dag.py
[2023-07-11 18:27:56,000] {logging_mixin.py:109} INFO - [2023-07-11 18:27:56,000] {dag.py:2396} INFO - Sync 2 DAGs
[2023-07-11 18:27:56,051] {logging_mixin.py:109} INFO - [2023-07-11 18:27:56,050] {dag.py:2935} INFO - Setting next_dagrun for example_external_task_marker_child to None
[2023-07-11 18:27:56,051] {logging_mixin.py:109} INFO - [2023-07-11 18:27:56,051] {dag.py:2935} INFO - Setting next_dagrun for example_external_task_marker_parent to None
[2023-07-11 18:27:56,072] {processor.py:171} INFO - Processing /home/airflow/.local/lib/python3.7/site-packages/airflow/example_dags/example_external_task_marker_dag.py took 0.226 seconds
[2023-07-11 18:29:53,661] {processor.py:163} INFO - Started process (PID=69) to work on /home/airflow/.local/lib/python3.7/site-packages/airflow/example_dags/example_external_task_marker_dag.py
[2023-07-11 18:29:53,665] {processor.py:642} INFO - Processing file /home/airflow/.local/lib/python3.7/site-packages/airflow/example_dags/example_external_task_marker_dag.py for tasks to queue
[2023-07-11 18:29:53,668] {logging_mixin.py:109} INFO - [2023-07-11 18:29:53,667] {dagbag.py:500} INFO - Filling up the DagBag from /home/airflow/.local/lib/python3.7/site-packages/airflow/example_dags/example_external_task_marker_dag.py
[2023-07-11 18:29:53,737] {processor.py:654} INFO - DAG(s) dict_keys(['example_external_task_marker_parent', 'example_external_task_marker_child']) retrieved from /home/airflow/.local/lib/python3.7/site-packages/airflow/example_dags/example_external_task_marker_dag.py
[2023-07-11 18:29:53,764] {logging_mixin.py:109} INFO - [2023-07-11 18:29:53,763] {dag.py:2396} INFO - Sync 2 DAGs
[2023-07-11 18:29:53,794] {logging_mixin.py:109} INFO - [2023-07-11 18:29:53,794] {dag.py:2935} INFO - Setting next_dagrun for example_external_task_marker_child to None
[2023-07-11 18:29:53,795] {logging_mixin.py:109} INFO - [2023-07-11 18:29:53,795] {dag.py:2935} INFO - Setting next_dagrun for example_external_task_marker_parent to None
[2023-07-11 18:29:53,812] {processor.py:171} INFO - Processing /home/airflow/.local/lib/python3.7/site-packages/airflow/example_dags/example_external_task_marker_dag.py took 0.158 seconds
[2023-07-11 18:30:24,134] {processor.py:163} INFO - Started process (PID=147) to work on /home/airflow/.local/lib/python3.7/site-packages/airflow/example_dags/example_external_task_marker_dag.py
[2023-07-11 18:30:24,137] {processor.py:642} INFO - Processing file /home/airflow/.local/lib/python3.7/site-packages/airflow/example_dags/example_external_task_marker_dag.py for tasks to queue
[2023-07-11 18:30:24,138] {logging_mixin.py:109} INFO - [2023-07-11 18:30:24,138] {dagbag.py:500} INFO - Filling up the DagBag from /home/airflow/.local/lib/python3.7/site-packages/airflow/example_dags/example_external_task_marker_dag.py
[2023-07-11 18:30:24,259] {processor.py:654} INFO - DAG(s) dict_keys(['example_external_task_marker_parent', 'example_external_task_marker_child']) retrieved from /home/airflow/.local/lib/python3.7/site-packages/airflow/example_dags/example_external_task_marker_dag.py
[2023-07-11 18:30:24,299] {logging_mixin.py:109} INFO - [2023-07-11 18:30:24,299] {dag.py:2396} INFO - Sync 2 DAGs
[2023-07-11 18:30:24,340] {logging_mixin.py:109} INFO - [2023-07-11 18:30:24,340] {dag.py:2935} INFO - Setting next_dagrun for example_external_task_marker_child to None
[2023-07-11 18:30:24,341] {logging_mixin.py:109} INFO - [2023-07-11 18:30:24,341] {dag.py:2935} INFO - Setting next_dagrun for example_external_task_marker_parent to None
[2023-07-11 18:30:24,358] {processor.py:171} INFO - Processing /home/airflow/.local/lib/python3.7/site-packages/airflow/example_dags/example_external_task_marker_dag.py took 0.231 seconds
[2023-07-11 18:30:54,717] {processor.py:163} INFO - Started process (PID=229) to work on /home/airflow/.local/lib/python3.7/site-packages/airflow/example_dags/example_external_task_marker_dag.py
[2023-07-11 18:30:54,721] {processor.py:642} INFO - Processing file /home/airflow/.local/lib/python3.7/site-packages/airflow/example_dags/example_external_task_marker_dag.py for tasks to queue
[2023-07-11 18:30:54,723] {logging_mixin.py:109} INFO - [2023-07-11 18:30:54,722] {dagbag.py:500} INFO - Filling up the DagBag from /home/airflow/.local/lib/python3.7/site-packages/airflow/example_dags/example_external_task_marker_dag.py
[2023-07-11 18:30:54,803] {processor.py:654} INFO - DAG(s) dict_keys(['example_external_task_marker_parent', 'example_external_task_marker_child']) retrieved from /home/airflow/.local/lib/python3.7/site-packages/airflow/example_dags/example_external_task_marker_dag.py
[2023-07-11 18:30:54,837] {logging_mixin.py:109} INFO - [2023-07-11 18:30:54,837] {dag.py:2396} INFO - Sync 2 DAGs
[2023-07-11 18:30:54,869] {logging_mixin.py:109} INFO - [2023-07-11 18:30:54,869] {dag.py:2935} INFO - Setting next_dagrun for example_external_task_marker_child to None
[2023-07-11 18:30:54,870] {logging_mixin.py:109} INFO - [2023-07-11 18:30:54,870] {dag.py:2935} INFO - Setting next_dagrun for example_external_task_marker_parent to None
[2023-07-11 18:30:54,892] {processor.py:171} INFO - Processing /home/airflow/.local/lib/python3.7/site-packages/airflow/example_dags/example_external_task_marker_dag.py took 0.187 seconds
[2023-07-11 18:31:25,081] {processor.py:163} INFO - Started process (PID=310) to work on /home/airflow/.local/lib/python3.7/site-packages/airflow/example_dags/example_external_task_marker_dag.py
[2023-07-11 18:31:25,083] {processor.py:642} INFO - Processing file /home/airflow/.local/lib/python3.7/site-packages/airflow/example_dags/example_external_task_marker_dag.py for tasks to queue
[2023-07-11 18:31:25,084] {logging_mixin.py:109} INFO - [2023-07-11 18:31:25,084] {dagbag.py:500} INFO - Filling up the DagBag from /home/airflow/.local/lib/python3.7/site-packages/airflow/example_dags/example_external_task_marker_dag.py
[2023-07-11 18:31:25,125] {processor.py:654} INFO - DAG(s) dict_keys(['example_external_task_marker_parent', 'example_external_task_marker_child']) retrieved from /home/airflow/.local/lib/python3.7/site-packages/airflow/example_dags/example_external_task_marker_dag.py
[2023-07-11 18:31:25,147] {logging_mixin.py:109} INFO - [2023-07-11 18:31:25,146] {dag.py:2396} INFO - Sync 2 DAGs
[2023-07-11 18:31:25,168] {logging_mixin.py:109} INFO - [2023-07-11 18:31:25,167] {dag.py:2935} INFO - Setting next_dagrun for example_external_task_marker_child to None
[2023-07-11 18:31:25,168] {logging_mixin.py:109} INFO - [2023-07-11 18:31:25,168] {dag.py:2935} INFO - Setting next_dagrun for example_external_task_marker_parent to None
[2023-07-11 18:31:25,184] {processor.py:171} INFO - Processing /home/airflow/.local/lib/python3.7/site-packages/airflow/example_dags/example_external_task_marker_dag.py took 0.107 seconds
[2023-07-11 18:31:55,232] {processor.py:163} INFO - Started process (PID=390) to work on /home/airflow/.local/lib/python3.7/site-packages/airflow/example_dags/example_external_task_marker_dag.py
[2023-07-11 18:31:55,234] {processor.py:642} INFO - Processing file /home/airflow/.local/lib/python3.7/site-packages/airflow/example_dags/example_external_task_marker_dag.py for tasks to queue
[2023-07-11 18:31:55,235] {logging_mixin.py:109} INFO - [2023-07-11 18:31:55,235] {dagbag.py:500} INFO - Filling up the DagBag from /home/airflow/.local/lib/python3.7/site-packages/airflow/example_dags/example_external_task_marker_dag.py
[2023-07-11 18:31:55,273] {processor.py:654} INFO - DAG(s) dict_keys(['example_external_task_marker_parent', 'example_external_task_marker_child']) retrieved from /home/airflow/.local/lib/python3.7/site-packages/airflow/example_dags/example_external_task_marker_dag.py
[2023-07-11 18:31:55,293] {logging_mixin.py:109} INFO - [2023-07-11 18:31:55,292] {dag.py:2396} INFO - Sync 2 DAGs
[2023-07-11 18:31:55,316] {logging_mixin.py:109} INFO - [2023-07-11 18:31:55,316] {dag.py:2935} INFO - Setting next_dagrun for example_external_task_marker_child to None
[2023-07-11 18:31:55,316] {logging_mixin.py:109} INFO - [2023-07-11 18:31:55,316] {dag.py:2935} INFO - Setting next_dagrun for example_external_task_marker_parent to None
[2023-07-11 18:31:55,330] {processor.py:171} INFO - Processing /home/airflow/.local/lib/python3.7/site-packages/airflow/example_dags/example_external_task_marker_dag.py took 0.103 seconds
