[2023-07-11 18:22:45,813] {processor.py:163} INFO - Started process (PID=74) to work on /home/airflow/.local/lib/python3.7/site-packages/airflow/example_dags/example_sla_dag.py
[2023-07-11 18:22:45,816] {processor.py:642} INFO - Processing file /home/airflow/.local/lib/python3.7/site-packages/airflow/example_dags/example_sla_dag.py for tasks to queue
[2023-07-11 18:22:45,823] {logging_mixin.py:109} INFO - [2023-07-11 18:22:45,823] {dagbag.py:500} INFO - Filling up the DagBag from /home/airflow/.local/lib/python3.7/site-packages/airflow/example_dags/example_sla_dag.py
[2023-07-11 18:22:45,961] {processor.py:654} INFO - DAG(s) dict_keys(['example_sla_dag']) retrieved from /home/airflow/.local/lib/python3.7/site-packages/airflow/example_dags/example_sla_dag.py
[2023-07-11 18:22:45,981] {logging_mixin.py:109} INFO - [2023-07-11 18:22:45,981] {dag.py:2396} INFO - Sync 1 DAGs
[2023-07-11 18:22:46,022] {logging_mixin.py:109} INFO - [2023-07-11 18:22:46,021] {dag.py:2935} INFO - Setting next_dagrun for example_sla_dag to 2023-07-11T18:20:00+00:00
[2023-07-11 18:22:46,040] {processor.py:171} INFO - Processing /home/airflow/.local/lib/python3.7/site-packages/airflow/example_dags/example_sla_dag.py took 0.244 seconds
[2023-07-11 18:23:16,231] {processor.py:163} INFO - Started process (PID=143) to work on /home/airflow/.local/lib/python3.7/site-packages/airflow/example_dags/example_sla_dag.py
[2023-07-11 18:23:16,234] {processor.py:642} INFO - Processing file /home/airflow/.local/lib/python3.7/site-packages/airflow/example_dags/example_sla_dag.py for tasks to queue
[2023-07-11 18:23:16,235] {logging_mixin.py:109} INFO - [2023-07-11 18:23:16,235] {dagbag.py:500} INFO - Filling up the DagBag from /home/airflow/.local/lib/python3.7/site-packages/airflow/example_dags/example_sla_dag.py
[2023-07-11 18:23:16,288] {processor.py:654} INFO - DAG(s) dict_keys(['example_sla_dag']) retrieved from /home/airflow/.local/lib/python3.7/site-packages/airflow/example_dags/example_sla_dag.py
[2023-07-11 18:23:16,305] {logging_mixin.py:109} INFO - [2023-07-11 18:23:16,305] {dag.py:2396} INFO - Sync 1 DAGs
[2023-07-11 18:23:16,345] {logging_mixin.py:109} INFO - [2023-07-11 18:23:16,344] {dag.py:2935} INFO - Setting next_dagrun for example_sla_dag to 2023-07-11T18:20:00+00:00
[2023-07-11 18:23:16,363] {processor.py:171} INFO - Processing /home/airflow/.local/lib/python3.7/site-packages/airflow/example_dags/example_sla_dag.py took 0.136 seconds
[2023-07-11 18:23:46,885] {processor.py:163} INFO - Started process (PID=223) to work on /home/airflow/.local/lib/python3.7/site-packages/airflow/example_dags/example_sla_dag.py
[2023-07-11 18:23:46,887] {processor.py:642} INFO - Processing file /home/airflow/.local/lib/python3.7/site-packages/airflow/example_dags/example_sla_dag.py for tasks to queue
[2023-07-11 18:23:46,888] {logging_mixin.py:109} INFO - [2023-07-11 18:23:46,888] {dagbag.py:500} INFO - Filling up the DagBag from /home/airflow/.local/lib/python3.7/site-packages/airflow/example_dags/example_sla_dag.py
[2023-07-11 18:23:46,944] {processor.py:654} INFO - DAG(s) dict_keys(['example_sla_dag']) retrieved from /home/airflow/.local/lib/python3.7/site-packages/airflow/example_dags/example_sla_dag.py
[2023-07-11 18:23:46,958] {logging_mixin.py:109} INFO - [2023-07-11 18:23:46,957] {dag.py:2396} INFO - Sync 1 DAGs
[2023-07-11 18:23:46,991] {logging_mixin.py:109} INFO - [2023-07-11 18:23:46,991] {dag.py:2935} INFO - Setting next_dagrun for example_sla_dag to 2023-07-11T18:20:00+00:00
[2023-07-11 18:23:47,004] {processor.py:171} INFO - Processing /home/airflow/.local/lib/python3.7/site-packages/airflow/example_dags/example_sla_dag.py took 0.124 seconds
[2023-07-11 18:24:17,870] {processor.py:163} INFO - Started process (PID=303) to work on /home/airflow/.local/lib/python3.7/site-packages/airflow/example_dags/example_sla_dag.py
[2023-07-11 18:24:17,871] {processor.py:642} INFO - Processing file /home/airflow/.local/lib/python3.7/site-packages/airflow/example_dags/example_sla_dag.py for tasks to queue
[2023-07-11 18:24:17,872] {logging_mixin.py:109} INFO - [2023-07-11 18:24:17,872] {dagbag.py:500} INFO - Filling up the DagBag from /home/airflow/.local/lib/python3.7/site-packages/airflow/example_dags/example_sla_dag.py
[2023-07-11 18:24:17,922] {processor.py:654} INFO - DAG(s) dict_keys(['example_sla_dag']) retrieved from /home/airflow/.local/lib/python3.7/site-packages/airflow/example_dags/example_sla_dag.py
[2023-07-11 18:24:17,938] {logging_mixin.py:109} INFO - [2023-07-11 18:24:17,938] {dag.py:2396} INFO - Sync 1 DAGs
[2023-07-11 18:24:17,970] {logging_mixin.py:109} INFO - [2023-07-11 18:24:17,970] {dag.py:2935} INFO - Setting next_dagrun for example_sla_dag to 2023-07-11T18:22:00+00:00
[2023-07-11 18:24:17,985] {processor.py:171} INFO - Processing /home/airflow/.local/lib/python3.7/site-packages/airflow/example_dags/example_sla_dag.py took 0.121 seconds
[2023-07-11 18:24:49,446] {processor.py:163} INFO - Started process (PID=383) to work on /home/airflow/.local/lib/python3.7/site-packages/airflow/example_dags/example_sla_dag.py
[2023-07-11 18:24:49,451] {processor.py:642} INFO - Processing file /home/airflow/.local/lib/python3.7/site-packages/airflow/example_dags/example_sla_dag.py for tasks to queue
[2023-07-11 18:24:49,452] {logging_mixin.py:109} INFO - [2023-07-11 18:24:49,452] {dagbag.py:500} INFO - Filling up the DagBag from /home/airflow/.local/lib/python3.7/site-packages/airflow/example_dags/example_sla_dag.py
[2023-07-11 18:24:49,559] {processor.py:654} INFO - DAG(s) dict_keys(['example_sla_dag']) retrieved from /home/airflow/.local/lib/python3.7/site-packages/airflow/example_dags/example_sla_dag.py
[2023-07-11 18:24:49,589] {logging_mixin.py:109} INFO - [2023-07-11 18:24:49,589] {dag.py:2396} INFO - Sync 1 DAGs
[2023-07-11 18:24:49,670] {logging_mixin.py:109} INFO - [2023-07-11 18:24:49,667] {dag.py:2935} INFO - Setting next_dagrun for example_sla_dag to 2023-07-11T18:22:00+00:00
[2023-07-11 18:24:49,691] {processor.py:171} INFO - Processing /home/airflow/.local/lib/python3.7/site-packages/airflow/example_dags/example_sla_dag.py took 0.253 seconds
[2023-07-11 18:25:20,144] {processor.py:163} INFO - Started process (PID=463) to work on /home/airflow/.local/lib/python3.7/site-packages/airflow/example_dags/example_sla_dag.py
[2023-07-11 18:25:20,146] {processor.py:642} INFO - Processing file /home/airflow/.local/lib/python3.7/site-packages/airflow/example_dags/example_sla_dag.py for tasks to queue
[2023-07-11 18:25:20,147] {logging_mixin.py:109} INFO - [2023-07-11 18:25:20,147] {dagbag.py:500} INFO - Filling up the DagBag from /home/airflow/.local/lib/python3.7/site-packages/airflow/example_dags/example_sla_dag.py
[2023-07-11 18:25:20,189] {processor.py:654} INFO - DAG(s) dict_keys(['example_sla_dag']) retrieved from /home/airflow/.local/lib/python3.7/site-packages/airflow/example_dags/example_sla_dag.py
[2023-07-11 18:25:20,202] {logging_mixin.py:109} INFO - [2023-07-11 18:25:20,202] {dag.py:2396} INFO - Sync 1 DAGs
[2023-07-11 18:25:20,229] {logging_mixin.py:109} INFO - [2023-07-11 18:25:20,229] {dag.py:2935} INFO - Setting next_dagrun for example_sla_dag to 2023-07-11T18:22:00+00:00
[2023-07-11 18:25:20,244] {processor.py:171} INFO - Processing /home/airflow/.local/lib/python3.7/site-packages/airflow/example_dags/example_sla_dag.py took 0.105 seconds
[2023-07-11 18:25:51,791] {processor.py:163} INFO - Started process (PID=552) to work on /home/airflow/.local/lib/python3.7/site-packages/airflow/example_dags/example_sla_dag.py
[2023-07-11 18:25:51,798] {processor.py:642} INFO - Processing file /home/airflow/.local/lib/python3.7/site-packages/airflow/example_dags/example_sla_dag.py for tasks to queue
[2023-07-11 18:25:51,800] {logging_mixin.py:109} INFO - [2023-07-11 18:25:51,799] {dagbag.py:500} INFO - Filling up the DagBag from /home/airflow/.local/lib/python3.7/site-packages/airflow/example_dags/example_sla_dag.py
[2023-07-11 18:25:51,934] {processor.py:654} INFO - DAG(s) dict_keys(['example_sla_dag']) retrieved from /home/airflow/.local/lib/python3.7/site-packages/airflow/example_dags/example_sla_dag.py
[2023-07-11 18:25:51,965] {logging_mixin.py:109} INFO - [2023-07-11 18:25:51,965] {dag.py:2396} INFO - Sync 1 DAGs
[2023-07-11 18:25:52,046] {logging_mixin.py:109} INFO - [2023-07-11 18:25:52,046] {dag.py:2935} INFO - Setting next_dagrun for example_sla_dag to 2023-07-11T18:22:00+00:00
[2023-07-11 18:25:52,080] {processor.py:171} INFO - Processing /home/airflow/.local/lib/python3.7/site-packages/airflow/example_dags/example_sla_dag.py took 0.298 seconds
[2023-07-11 18:26:22,951] {processor.py:163} INFO - Started process (PID=632) to work on /home/airflow/.local/lib/python3.7/site-packages/airflow/example_dags/example_sla_dag.py
[2023-07-11 18:26:22,953] {processor.py:642} INFO - Processing file /home/airflow/.local/lib/python3.7/site-packages/airflow/example_dags/example_sla_dag.py for tasks to queue
[2023-07-11 18:26:22,954] {logging_mixin.py:109} INFO - [2023-07-11 18:26:22,954] {dagbag.py:500} INFO - Filling up the DagBag from /home/airflow/.local/lib/python3.7/site-packages/airflow/example_dags/example_sla_dag.py
[2023-07-11 18:26:23,009] {processor.py:654} INFO - DAG(s) dict_keys(['example_sla_dag']) retrieved from /home/airflow/.local/lib/python3.7/site-packages/airflow/example_dags/example_sla_dag.py
[2023-07-11 18:26:23,033] {logging_mixin.py:109} INFO - [2023-07-11 18:26:23,032] {dag.py:2396} INFO - Sync 1 DAGs
[2023-07-11 18:26:23,076] {logging_mixin.py:109} INFO - [2023-07-11 18:26:23,076] {dag.py:2935} INFO - Setting next_dagrun for example_sla_dag to 2023-07-11T18:24:00+00:00
[2023-07-11 18:26:23,095] {processor.py:171} INFO - Processing /home/airflow/.local/lib/python3.7/site-packages/airflow/example_dags/example_sla_dag.py took 0.150 seconds
[2023-07-11 18:26:54,280] {processor.py:163} INFO - Started process (PID=712) to work on /home/airflow/.local/lib/python3.7/site-packages/airflow/example_dags/example_sla_dag.py
[2023-07-11 18:26:54,282] {processor.py:642} INFO - Processing file /home/airflow/.local/lib/python3.7/site-packages/airflow/example_dags/example_sla_dag.py for tasks to queue
[2023-07-11 18:26:54,285] {logging_mixin.py:109} INFO - [2023-07-11 18:26:54,284] {dagbag.py:500} INFO - Filling up the DagBag from /home/airflow/.local/lib/python3.7/site-packages/airflow/example_dags/example_sla_dag.py
[2023-07-11 18:26:54,374] {processor.py:654} INFO - DAG(s) dict_keys(['example_sla_dag']) retrieved from /home/airflow/.local/lib/python3.7/site-packages/airflow/example_dags/example_sla_dag.py
[2023-07-11 18:26:54,397] {logging_mixin.py:109} INFO - [2023-07-11 18:26:54,396] {dag.py:2396} INFO - Sync 1 DAGs
[2023-07-11 18:26:54,444] {logging_mixin.py:109} INFO - [2023-07-11 18:26:54,444] {dag.py:2935} INFO - Setting next_dagrun for example_sla_dag to 2023-07-11T18:24:00+00:00
[2023-07-11 18:26:54,468] {processor.py:171} INFO - Processing /home/airflow/.local/lib/python3.7/site-packages/airflow/example_dags/example_sla_dag.py took 0.203 seconds
[2023-07-11 18:27:24,883] {processor.py:163} INFO - Started process (PID=783) to work on /home/airflow/.local/lib/python3.7/site-packages/airflow/example_dags/example_sla_dag.py
[2023-07-11 18:27:24,885] {processor.py:642} INFO - Processing file /home/airflow/.local/lib/python3.7/site-packages/airflow/example_dags/example_sla_dag.py for tasks to queue
[2023-07-11 18:27:24,886] {logging_mixin.py:109} INFO - [2023-07-11 18:27:24,886] {dagbag.py:500} INFO - Filling up the DagBag from /home/airflow/.local/lib/python3.7/site-packages/airflow/example_dags/example_sla_dag.py
[2023-07-11 18:27:24,923] {processor.py:654} INFO - DAG(s) dict_keys(['example_sla_dag']) retrieved from /home/airflow/.local/lib/python3.7/site-packages/airflow/example_dags/example_sla_dag.py
[2023-07-11 18:27:24,934] {logging_mixin.py:109} INFO - [2023-07-11 18:27:24,934] {dag.py:2396} INFO - Sync 1 DAGs
[2023-07-11 18:27:24,962] {logging_mixin.py:109} INFO - [2023-07-11 18:27:24,962] {dag.py:2935} INFO - Setting next_dagrun for example_sla_dag to 2023-07-11T18:24:00+00:00
[2023-07-11 18:27:24,976] {processor.py:171} INFO - Processing /home/airflow/.local/lib/python3.7/site-packages/airflow/example_dags/example_sla_dag.py took 0.097 seconds
[2023-07-11 18:27:56,102] {processor.py:163} INFO - Started process (PID=863) to work on /home/airflow/.local/lib/python3.7/site-packages/airflow/example_dags/example_sla_dag.py
[2023-07-11 18:27:56,106] {processor.py:642} INFO - Processing file /home/airflow/.local/lib/python3.7/site-packages/airflow/example_dags/example_sla_dag.py for tasks to queue
[2023-07-11 18:27:56,107] {logging_mixin.py:109} INFO - [2023-07-11 18:27:56,107] {dagbag.py:500} INFO - Filling up the DagBag from /home/airflow/.local/lib/python3.7/site-packages/airflow/example_dags/example_sla_dag.py
[2023-07-11 18:27:56,169] {processor.py:654} INFO - DAG(s) dict_keys(['example_sla_dag']) retrieved from /home/airflow/.local/lib/python3.7/site-packages/airflow/example_dags/example_sla_dag.py
[2023-07-11 18:27:56,190] {logging_mixin.py:109} INFO - [2023-07-11 18:27:56,189] {dag.py:2396} INFO - Sync 1 DAGs
[2023-07-11 18:27:56,234] {logging_mixin.py:109} INFO - [2023-07-11 18:27:56,233] {dag.py:2935} INFO - Setting next_dagrun for example_sla_dag to 2023-07-11T18:24:00+00:00
[2023-07-11 18:27:56,251] {processor.py:171} INFO - Processing /home/airflow/.local/lib/python3.7/site-packages/airflow/example_dags/example_sla_dag.py took 0.156 seconds
[2023-07-11 18:29:53,835] {processor.py:163} INFO - Started process (PID=71) to work on /home/airflow/.local/lib/python3.7/site-packages/airflow/example_dags/example_sla_dag.py
[2023-07-11 18:29:53,838] {processor.py:642} INFO - Processing file /home/airflow/.local/lib/python3.7/site-packages/airflow/example_dags/example_sla_dag.py for tasks to queue
[2023-07-11 18:29:53,839] {logging_mixin.py:109} INFO - [2023-07-11 18:29:53,839] {dagbag.py:500} INFO - Filling up the DagBag from /home/airflow/.local/lib/python3.7/site-packages/airflow/example_dags/example_sla_dag.py
[2023-07-11 18:29:53,892] {processor.py:654} INFO - DAG(s) dict_keys(['example_sla_dag']) retrieved from /home/airflow/.local/lib/python3.7/site-packages/airflow/example_dags/example_sla_dag.py
[2023-07-11 18:29:53,910] {logging_mixin.py:109} INFO - [2023-07-11 18:29:53,910] {dag.py:2396} INFO - Sync 1 DAGs
[2023-07-11 18:29:53,944] {logging_mixin.py:109} INFO - [2023-07-11 18:29:53,944] {dag.py:2935} INFO - Setting next_dagrun for example_sla_dag to 2023-07-11T18:26:00+00:00
[2023-07-11 18:29:53,974] {processor.py:171} INFO - Processing /home/airflow/.local/lib/python3.7/site-packages/airflow/example_dags/example_sla_dag.py took 0.145 seconds
[2023-07-11 18:30:24,386] {processor.py:163} INFO - Started process (PID=151) to work on /home/airflow/.local/lib/python3.7/site-packages/airflow/example_dags/example_sla_dag.py
[2023-07-11 18:30:24,389] {processor.py:642} INFO - Processing file /home/airflow/.local/lib/python3.7/site-packages/airflow/example_dags/example_sla_dag.py for tasks to queue
[2023-07-11 18:30:24,390] {logging_mixin.py:109} INFO - [2023-07-11 18:30:24,390] {dagbag.py:500} INFO - Filling up the DagBag from /home/airflow/.local/lib/python3.7/site-packages/airflow/example_dags/example_sla_dag.py
[2023-07-11 18:30:24,445] {processor.py:654} INFO - DAG(s) dict_keys(['example_sla_dag']) retrieved from /home/airflow/.local/lib/python3.7/site-packages/airflow/example_dags/example_sla_dag.py
[2023-07-11 18:30:24,463] {logging_mixin.py:109} INFO - [2023-07-11 18:30:24,462] {dag.py:2396} INFO - Sync 1 DAGs
[2023-07-11 18:30:24,505] {logging_mixin.py:109} INFO - [2023-07-11 18:30:24,505] {dag.py:2935} INFO - Setting next_dagrun for example_sla_dag to 2023-07-11T18:28:00+00:00
[2023-07-11 18:30:24,546] {processor.py:171} INFO - Processing /home/airflow/.local/lib/python3.7/site-packages/airflow/example_dags/example_sla_dag.py took 0.166 seconds
[2023-07-11 18:30:54,929] {processor.py:163} INFO - Started process (PID=231) to work on /home/airflow/.local/lib/python3.7/site-packages/airflow/example_dags/example_sla_dag.py
[2023-07-11 18:30:54,933] {processor.py:642} INFO - Processing file /home/airflow/.local/lib/python3.7/site-packages/airflow/example_dags/example_sla_dag.py for tasks to queue
[2023-07-11 18:30:54,934] {logging_mixin.py:109} INFO - [2023-07-11 18:30:54,934] {dagbag.py:500} INFO - Filling up the DagBag from /home/airflow/.local/lib/python3.7/site-packages/airflow/example_dags/example_sla_dag.py
[2023-07-11 18:30:55,036] {processor.py:654} INFO - DAG(s) dict_keys(['example_sla_dag']) retrieved from /home/airflow/.local/lib/python3.7/site-packages/airflow/example_dags/example_sla_dag.py
[2023-07-11 18:30:55,057] {logging_mixin.py:109} INFO - [2023-07-11 18:30:55,057] {dag.py:2396} INFO - Sync 1 DAGs
[2023-07-11 18:30:55,101] {logging_mixin.py:109} INFO - [2023-07-11 18:30:55,101] {dag.py:2935} INFO - Setting next_dagrun for example_sla_dag to 2023-07-11T18:28:00+00:00
[2023-07-11 18:30:55,117] {processor.py:171} INFO - Processing /home/airflow/.local/lib/python3.7/site-packages/airflow/example_dags/example_sla_dag.py took 0.197 seconds
[2023-07-11 18:31:25,321] {processor.py:163} INFO - Started process (PID=312) to work on /home/airflow/.local/lib/python3.7/site-packages/airflow/example_dags/example_sla_dag.py
[2023-07-11 18:31:25,323] {processor.py:642} INFO - Processing file /home/airflow/.local/lib/python3.7/site-packages/airflow/example_dags/example_sla_dag.py for tasks to queue
[2023-07-11 18:31:25,324] {logging_mixin.py:109} INFO - [2023-07-11 18:31:25,324] {dagbag.py:500} INFO - Filling up the DagBag from /home/airflow/.local/lib/python3.7/site-packages/airflow/example_dags/example_sla_dag.py
[2023-07-11 18:31:25,369] {processor.py:654} INFO - DAG(s) dict_keys(['example_sla_dag']) retrieved from /home/airflow/.local/lib/python3.7/site-packages/airflow/example_dags/example_sla_dag.py
[2023-07-11 18:31:25,382] {logging_mixin.py:109} INFO - [2023-07-11 18:31:25,382] {dag.py:2396} INFO - Sync 1 DAGs
[2023-07-11 18:31:25,413] {logging_mixin.py:109} INFO - [2023-07-11 18:31:25,413] {dag.py:2935} INFO - Setting next_dagrun for example_sla_dag to 2023-07-11T18:28:00+00:00
[2023-07-11 18:31:25,431] {processor.py:171} INFO - Processing /home/airflow/.local/lib/python3.7/site-packages/airflow/example_dags/example_sla_dag.py took 0.115 seconds
[2023-07-11 18:31:55,494] {processor.py:163} INFO - Started process (PID=392) to work on /home/airflow/.local/lib/python3.7/site-packages/airflow/example_dags/example_sla_dag.py
[2023-07-11 18:31:55,496] {processor.py:642} INFO - Processing file /home/airflow/.local/lib/python3.7/site-packages/airflow/example_dags/example_sla_dag.py for tasks to queue
[2023-07-11 18:31:55,497] {logging_mixin.py:109} INFO - [2023-07-11 18:31:55,497] {dagbag.py:500} INFO - Filling up the DagBag from /home/airflow/.local/lib/python3.7/site-packages/airflow/example_dags/example_sla_dag.py
[2023-07-11 18:31:55,549] {processor.py:654} INFO - DAG(s) dict_keys(['example_sla_dag']) retrieved from /home/airflow/.local/lib/python3.7/site-packages/airflow/example_dags/example_sla_dag.py
[2023-07-11 18:31:55,563] {logging_mixin.py:109} INFO - [2023-07-11 18:31:55,563] {dag.py:2396} INFO - Sync 1 DAGs
[2023-07-11 18:31:55,595] {logging_mixin.py:109} INFO - [2023-07-11 18:31:55,595] {dag.py:2935} INFO - Setting next_dagrun for example_sla_dag to 2023-07-11T18:28:00+00:00
[2023-07-11 18:31:55,612] {processor.py:171} INFO - Processing /home/airflow/.local/lib/python3.7/site-packages/airflow/example_dags/example_sla_dag.py took 0.124 seconds
