[2023-07-11 18:22:47,302] {processor.py:163} INFO - Started process (PID=85) to work on /home/airflow/.local/lib/python3.7/site-packages/airflow/example_dags/example_kubernetes_executor.py
[2023-07-11 18:22:47,307] {processor.py:642} INFO - Processing file /home/airflow/.local/lib/python3.7/site-packages/airflow/example_dags/example_kubernetes_executor.py for tasks to queue
[2023-07-11 18:22:47,309] {logging_mixin.py:109} INFO - [2023-07-11 18:22:47,309] {dagbag.py:500} INFO - Filling up the DagBag from /home/airflow/.local/lib/python3.7/site-packages/airflow/example_dags/example_kubernetes_executor.py
[2023-07-11 18:22:47,371] {processor.py:654} INFO - DAG(s) dict_keys(['example_kubernetes_executor']) retrieved from /home/airflow/.local/lib/python3.7/site-packages/airflow/example_dags/example_kubernetes_executor.py
[2023-07-11 18:22:47,398] {logging_mixin.py:109} INFO - [2023-07-11 18:22:47,398] {dag.py:2396} INFO - Sync 1 DAGs
[2023-07-11 18:22:47,430] {logging_mixin.py:109} INFO - [2023-07-11 18:22:47,430] {dag.py:2935} INFO - Setting next_dagrun for example_kubernetes_executor to None
[2023-07-11 18:22:47,501] {processor.py:171} INFO - Processing /home/airflow/.local/lib/python3.7/site-packages/airflow/example_dags/example_kubernetes_executor.py took 0.204 seconds
[2023-07-11 18:23:18,161] {processor.py:163} INFO - Started process (PID=154) to work on /home/airflow/.local/lib/python3.7/site-packages/airflow/example_dags/example_kubernetes_executor.py
[2023-07-11 18:23:18,163] {processor.py:642} INFO - Processing file /home/airflow/.local/lib/python3.7/site-packages/airflow/example_dags/example_kubernetes_executor.py for tasks to queue
[2023-07-11 18:23:18,163] {logging_mixin.py:109} INFO - [2023-07-11 18:23:18,163] {dagbag.py:500} INFO - Filling up the DagBag from /home/airflow/.local/lib/python3.7/site-packages/airflow/example_dags/example_kubernetes_executor.py
[2023-07-11 18:23:18,206] {processor.py:654} INFO - DAG(s) dict_keys(['example_kubernetes_executor']) retrieved from /home/airflow/.local/lib/python3.7/site-packages/airflow/example_dags/example_kubernetes_executor.py
[2023-07-11 18:23:18,220] {logging_mixin.py:109} INFO - [2023-07-11 18:23:18,220] {dag.py:2396} INFO - Sync 1 DAGs
[2023-07-11 18:23:18,239] {logging_mixin.py:109} INFO - [2023-07-11 18:23:18,239] {dag.py:2935} INFO - Setting next_dagrun for example_kubernetes_executor to None
[2023-07-11 18:23:18,252] {processor.py:171} INFO - Processing /home/airflow/.local/lib/python3.7/site-packages/airflow/example_dags/example_kubernetes_executor.py took 0.095 seconds
[2023-07-11 18:23:48,784] {processor.py:163} INFO - Started process (PID=234) to work on /home/airflow/.local/lib/python3.7/site-packages/airflow/example_dags/example_kubernetes_executor.py
[2023-07-11 18:23:48,785] {processor.py:642} INFO - Processing file /home/airflow/.local/lib/python3.7/site-packages/airflow/example_dags/example_kubernetes_executor.py for tasks to queue
[2023-07-11 18:23:48,786] {logging_mixin.py:109} INFO - [2023-07-11 18:23:48,786] {dagbag.py:500} INFO - Filling up the DagBag from /home/airflow/.local/lib/python3.7/site-packages/airflow/example_dags/example_kubernetes_executor.py
[2023-07-11 18:23:48,823] {processor.py:654} INFO - DAG(s) dict_keys(['example_kubernetes_executor']) retrieved from /home/airflow/.local/lib/python3.7/site-packages/airflow/example_dags/example_kubernetes_executor.py
[2023-07-11 18:23:48,838] {logging_mixin.py:109} INFO - [2023-07-11 18:23:48,838] {dag.py:2396} INFO - Sync 1 DAGs
[2023-07-11 18:23:48,863] {logging_mixin.py:109} INFO - [2023-07-11 18:23:48,863] {dag.py:2935} INFO - Setting next_dagrun for example_kubernetes_executor to None
[2023-07-11 18:23:48,875] {processor.py:171} INFO - Processing /home/airflow/.local/lib/python3.7/site-packages/airflow/example_dags/example_kubernetes_executor.py took 0.095 seconds
[2023-07-11 18:24:19,780] {processor.py:163} INFO - Started process (PID=314) to work on /home/airflow/.local/lib/python3.7/site-packages/airflow/example_dags/example_kubernetes_executor.py
[2023-07-11 18:24:19,782] {processor.py:642} INFO - Processing file /home/airflow/.local/lib/python3.7/site-packages/airflow/example_dags/example_kubernetes_executor.py for tasks to queue
[2023-07-11 18:24:19,783] {logging_mixin.py:109} INFO - [2023-07-11 18:24:19,782] {dagbag.py:500} INFO - Filling up the DagBag from /home/airflow/.local/lib/python3.7/site-packages/airflow/example_dags/example_kubernetes_executor.py
[2023-07-11 18:24:19,822] {processor.py:654} INFO - DAG(s) dict_keys(['example_kubernetes_executor']) retrieved from /home/airflow/.local/lib/python3.7/site-packages/airflow/example_dags/example_kubernetes_executor.py
[2023-07-11 18:24:19,839] {logging_mixin.py:109} INFO - [2023-07-11 18:24:19,839] {dag.py:2396} INFO - Sync 1 DAGs
[2023-07-11 18:24:19,863] {logging_mixin.py:109} INFO - [2023-07-11 18:24:19,863] {dag.py:2935} INFO - Setting next_dagrun for example_kubernetes_executor to None
[2023-07-11 18:24:19,882] {processor.py:171} INFO - Processing /home/airflow/.local/lib/python3.7/site-packages/airflow/example_dags/example_kubernetes_executor.py took 0.106 seconds
[2023-07-11 18:24:51,097] {processor.py:163} INFO - Started process (PID=394) to work on /home/airflow/.local/lib/python3.7/site-packages/airflow/example_dags/example_kubernetes_executor.py
[2023-07-11 18:24:51,102] {processor.py:642} INFO - Processing file /home/airflow/.local/lib/python3.7/site-packages/airflow/example_dags/example_kubernetes_executor.py for tasks to queue
[2023-07-11 18:24:51,103] {logging_mixin.py:109} INFO - [2023-07-11 18:24:51,103] {dagbag.py:500} INFO - Filling up the DagBag from /home/airflow/.local/lib/python3.7/site-packages/airflow/example_dags/example_kubernetes_executor.py
[2023-07-11 18:24:51,174] {processor.py:654} INFO - DAG(s) dict_keys(['example_kubernetes_executor']) retrieved from /home/airflow/.local/lib/python3.7/site-packages/airflow/example_dags/example_kubernetes_executor.py
[2023-07-11 18:24:51,211] {logging_mixin.py:109} INFO - [2023-07-11 18:24:51,210] {dag.py:2396} INFO - Sync 1 DAGs
[2023-07-11 18:24:51,249] {logging_mixin.py:109} INFO - [2023-07-11 18:24:51,248] {dag.py:2935} INFO - Setting next_dagrun for example_kubernetes_executor to None
[2023-07-11 18:24:51,268] {processor.py:171} INFO - Processing /home/airflow/.local/lib/python3.7/site-packages/airflow/example_dags/example_kubernetes_executor.py took 0.178 seconds
[2023-07-11 18:25:22,322] {processor.py:163} INFO - Started process (PID=481) to work on /home/airflow/.local/lib/python3.7/site-packages/airflow/example_dags/example_kubernetes_executor.py
[2023-07-11 18:25:22,324] {processor.py:642} INFO - Processing file /home/airflow/.local/lib/python3.7/site-packages/airflow/example_dags/example_kubernetes_executor.py for tasks to queue
[2023-07-11 18:25:22,326] {logging_mixin.py:109} INFO - [2023-07-11 18:25:22,326] {dagbag.py:500} INFO - Filling up the DagBag from /home/airflow/.local/lib/python3.7/site-packages/airflow/example_dags/example_kubernetes_executor.py
[2023-07-11 18:25:22,414] {processor.py:654} INFO - DAG(s) dict_keys(['example_kubernetes_executor']) retrieved from /home/airflow/.local/lib/python3.7/site-packages/airflow/example_dags/example_kubernetes_executor.py
[2023-07-11 18:25:22,466] {logging_mixin.py:109} INFO - [2023-07-11 18:25:22,466] {dag.py:2396} INFO - Sync 1 DAGs
[2023-07-11 18:25:22,523] {logging_mixin.py:109} INFO - [2023-07-11 18:25:22,523] {dag.py:2935} INFO - Setting next_dagrun for example_kubernetes_executor to None
[2023-07-11 18:25:22,569] {processor.py:171} INFO - Processing /home/airflow/.local/lib/python3.7/site-packages/airflow/example_dags/example_kubernetes_executor.py took 0.255 seconds
[2023-07-11 18:25:53,053] {processor.py:163} INFO - Started process (PID=562) to work on /home/airflow/.local/lib/python3.7/site-packages/airflow/example_dags/example_kubernetes_executor.py
[2023-07-11 18:25:53,056] {processor.py:642} INFO - Processing file /home/airflow/.local/lib/python3.7/site-packages/airflow/example_dags/example_kubernetes_executor.py for tasks to queue
[2023-07-11 18:25:53,057] {logging_mixin.py:109} INFO - [2023-07-11 18:25:53,057] {dagbag.py:500} INFO - Filling up the DagBag from /home/airflow/.local/lib/python3.7/site-packages/airflow/example_dags/example_kubernetes_executor.py
[2023-07-11 18:25:53,146] {processor.py:654} INFO - DAG(s) dict_keys(['example_kubernetes_executor']) retrieved from /home/airflow/.local/lib/python3.7/site-packages/airflow/example_dags/example_kubernetes_executor.py
[2023-07-11 18:25:53,182] {logging_mixin.py:109} INFO - [2023-07-11 18:25:53,181] {dag.py:2396} INFO - Sync 1 DAGs
[2023-07-11 18:25:53,239] {logging_mixin.py:109} INFO - [2023-07-11 18:25:53,239] {dag.py:2935} INFO - Setting next_dagrun for example_kubernetes_executor to None
[2023-07-11 18:25:53,261] {processor.py:171} INFO - Processing /home/airflow/.local/lib/python3.7/site-packages/airflow/example_dags/example_kubernetes_executor.py took 0.215 seconds
[2023-07-11 18:26:23,898] {processor.py:163} INFO - Started process (PID=642) to work on /home/airflow/.local/lib/python3.7/site-packages/airflow/example_dags/example_kubernetes_executor.py
[2023-07-11 18:26:23,900] {processor.py:642} INFO - Processing file /home/airflow/.local/lib/python3.7/site-packages/airflow/example_dags/example_kubernetes_executor.py for tasks to queue
[2023-07-11 18:26:23,900] {logging_mixin.py:109} INFO - [2023-07-11 18:26:23,900] {dagbag.py:500} INFO - Filling up the DagBag from /home/airflow/.local/lib/python3.7/site-packages/airflow/example_dags/example_kubernetes_executor.py
[2023-07-11 18:26:23,958] {processor.py:654} INFO - DAG(s) dict_keys(['example_kubernetes_executor']) retrieved from /home/airflow/.local/lib/python3.7/site-packages/airflow/example_dags/example_kubernetes_executor.py
[2023-07-11 18:26:23,978] {logging_mixin.py:109} INFO - [2023-07-11 18:26:23,978] {dag.py:2396} INFO - Sync 1 DAGs
[2023-07-11 18:26:24,010] {logging_mixin.py:109} INFO - [2023-07-11 18:26:24,010] {dag.py:2935} INFO - Setting next_dagrun for example_kubernetes_executor to None
[2023-07-11 18:26:24,026] {processor.py:171} INFO - Processing /home/airflow/.local/lib/python3.7/site-packages/airflow/example_dags/example_kubernetes_executor.py took 0.135 seconds
[2023-07-11 18:26:55,659] {processor.py:163} INFO - Started process (PID=722) to work on /home/airflow/.local/lib/python3.7/site-packages/airflow/example_dags/example_kubernetes_executor.py
[2023-07-11 18:26:55,663] {processor.py:642} INFO - Processing file /home/airflow/.local/lib/python3.7/site-packages/airflow/example_dags/example_kubernetes_executor.py for tasks to queue
[2023-07-11 18:26:55,665] {logging_mixin.py:109} INFO - [2023-07-11 18:26:55,665] {dagbag.py:500} INFO - Filling up the DagBag from /home/airflow/.local/lib/python3.7/site-packages/airflow/example_dags/example_kubernetes_executor.py
[2023-07-11 18:26:55,877] {processor.py:654} INFO - DAG(s) dict_keys(['example_kubernetes_executor']) retrieved from /home/airflow/.local/lib/python3.7/site-packages/airflow/example_dags/example_kubernetes_executor.py
[2023-07-11 18:26:55,951] {logging_mixin.py:109} INFO - [2023-07-11 18:26:55,950] {dag.py:2396} INFO - Sync 1 DAGs
[2023-07-11 18:26:56,045] {logging_mixin.py:109} INFO - [2023-07-11 18:26:56,045] {dag.py:2935} INFO - Setting next_dagrun for example_kubernetes_executor to None
[2023-07-11 18:26:56,126] {processor.py:171} INFO - Processing /home/airflow/.local/lib/python3.7/site-packages/airflow/example_dags/example_kubernetes_executor.py took 0.485 seconds
[2023-07-11 18:27:26,790] {processor.py:163} INFO - Started process (PID=802) to work on /home/airflow/.local/lib/python3.7/site-packages/airflow/example_dags/example_kubernetes_executor.py
[2023-07-11 18:27:26,793] {processor.py:642} INFO - Processing file /home/airflow/.local/lib/python3.7/site-packages/airflow/example_dags/example_kubernetes_executor.py for tasks to queue
[2023-07-11 18:27:26,794] {logging_mixin.py:109} INFO - [2023-07-11 18:27:26,794] {dagbag.py:500} INFO - Filling up the DagBag from /home/airflow/.local/lib/python3.7/site-packages/airflow/example_dags/example_kubernetes_executor.py
[2023-07-11 18:27:26,873] {processor.py:654} INFO - DAG(s) dict_keys(['example_kubernetes_executor']) retrieved from /home/airflow/.local/lib/python3.7/site-packages/airflow/example_dags/example_kubernetes_executor.py
[2023-07-11 18:27:26,909] {logging_mixin.py:109} INFO - [2023-07-11 18:27:26,908] {dag.py:2396} INFO - Sync 1 DAGs
[2023-07-11 18:27:26,956] {logging_mixin.py:109} INFO - [2023-07-11 18:27:26,955] {dag.py:2935} INFO - Setting next_dagrun for example_kubernetes_executor to None
[2023-07-11 18:27:26,983] {processor.py:171} INFO - Processing /home/airflow/.local/lib/python3.7/site-packages/airflow/example_dags/example_kubernetes_executor.py took 0.203 seconds
[2023-07-11 18:27:57,862] {processor.py:163} INFO - Started process (PID=873) to work on /home/airflow/.local/lib/python3.7/site-packages/airflow/example_dags/example_kubernetes_executor.py
[2023-07-11 18:27:57,864] {processor.py:642} INFO - Processing file /home/airflow/.local/lib/python3.7/site-packages/airflow/example_dags/example_kubernetes_executor.py for tasks to queue
[2023-07-11 18:27:57,865] {logging_mixin.py:109} INFO - [2023-07-11 18:27:57,865] {dagbag.py:500} INFO - Filling up the DagBag from /home/airflow/.local/lib/python3.7/site-packages/airflow/example_dags/example_kubernetes_executor.py
[2023-07-11 18:27:57,943] {processor.py:654} INFO - DAG(s) dict_keys(['example_kubernetes_executor']) retrieved from /home/airflow/.local/lib/python3.7/site-packages/airflow/example_dags/example_kubernetes_executor.py
[2023-07-11 18:27:57,975] {logging_mixin.py:109} INFO - [2023-07-11 18:27:57,974] {dag.py:2396} INFO - Sync 1 DAGs
[2023-07-11 18:27:58,003] {logging_mixin.py:109} INFO - [2023-07-11 18:27:58,003] {dag.py:2935} INFO - Setting next_dagrun for example_kubernetes_executor to None
[2023-07-11 18:27:58,017] {processor.py:171} INFO - Processing /home/airflow/.local/lib/python3.7/site-packages/airflow/example_dags/example_kubernetes_executor.py took 0.161 seconds
[2023-07-11 18:29:55,392] {processor.py:163} INFO - Started process (PID=82) to work on /home/airflow/.local/lib/python3.7/site-packages/airflow/example_dags/example_kubernetes_executor.py
[2023-07-11 18:29:55,395] {processor.py:642} INFO - Processing file /home/airflow/.local/lib/python3.7/site-packages/airflow/example_dags/example_kubernetes_executor.py for tasks to queue
[2023-07-11 18:29:55,397] {logging_mixin.py:109} INFO - [2023-07-11 18:29:55,396] {dagbag.py:500} INFO - Filling up the DagBag from /home/airflow/.local/lib/python3.7/site-packages/airflow/example_dags/example_kubernetes_executor.py
[2023-07-11 18:29:55,460] {processor.py:654} INFO - DAG(s) dict_keys(['example_kubernetes_executor']) retrieved from /home/airflow/.local/lib/python3.7/site-packages/airflow/example_dags/example_kubernetes_executor.py
[2023-07-11 18:29:55,482] {logging_mixin.py:109} INFO - [2023-07-11 18:29:55,482] {dag.py:2396} INFO - Sync 1 DAGs
[2023-07-11 18:29:55,511] {logging_mixin.py:109} INFO - [2023-07-11 18:29:55,511] {dag.py:2935} INFO - Setting next_dagrun for example_kubernetes_executor to None
[2023-07-11 18:29:55,537] {processor.py:171} INFO - Processing /home/airflow/.local/lib/python3.7/site-packages/airflow/example_dags/example_kubernetes_executor.py took 0.150 seconds
[2023-07-11 18:30:26,420] {processor.py:163} INFO - Started process (PID=162) to work on /home/airflow/.local/lib/python3.7/site-packages/airflow/example_dags/example_kubernetes_executor.py
[2023-07-11 18:30:26,422] {processor.py:642} INFO - Processing file /home/airflow/.local/lib/python3.7/site-packages/airflow/example_dags/example_kubernetes_executor.py for tasks to queue
[2023-07-11 18:30:26,424] {logging_mixin.py:109} INFO - [2023-07-11 18:30:26,423] {dagbag.py:500} INFO - Filling up the DagBag from /home/airflow/.local/lib/python3.7/site-packages/airflow/example_dags/example_kubernetes_executor.py
[2023-07-11 18:30:26,493] {processor.py:654} INFO - DAG(s) dict_keys(['example_kubernetes_executor']) retrieved from /home/airflow/.local/lib/python3.7/site-packages/airflow/example_dags/example_kubernetes_executor.py
[2023-07-11 18:30:26,540] {logging_mixin.py:109} INFO - [2023-07-11 18:30:26,539] {dag.py:2396} INFO - Sync 1 DAGs
[2023-07-11 18:30:26,580] {logging_mixin.py:109} INFO - [2023-07-11 18:30:26,580] {dag.py:2935} INFO - Setting next_dagrun for example_kubernetes_executor to None
[2023-07-11 18:30:26,600] {processor.py:171} INFO - Processing /home/airflow/.local/lib/python3.7/site-packages/airflow/example_dags/example_kubernetes_executor.py took 0.187 seconds
[2023-07-11 18:30:57,007] {processor.py:163} INFO - Started process (PID=242) to work on /home/airflow/.local/lib/python3.7/site-packages/airflow/example_dags/example_kubernetes_executor.py
[2023-07-11 18:30:57,009] {processor.py:642} INFO - Processing file /home/airflow/.local/lib/python3.7/site-packages/airflow/example_dags/example_kubernetes_executor.py for tasks to queue
[2023-07-11 18:30:57,010] {logging_mixin.py:109} INFO - [2023-07-11 18:30:57,010] {dagbag.py:500} INFO - Filling up the DagBag from /home/airflow/.local/lib/python3.7/site-packages/airflow/example_dags/example_kubernetes_executor.py
[2023-07-11 18:30:57,078] {processor.py:654} INFO - DAG(s) dict_keys(['example_kubernetes_executor']) retrieved from /home/airflow/.local/lib/python3.7/site-packages/airflow/example_dags/example_kubernetes_executor.py
[2023-07-11 18:30:57,100] {logging_mixin.py:109} INFO - [2023-07-11 18:30:57,099] {dag.py:2396} INFO - Sync 1 DAGs
[2023-07-11 18:30:57,126] {logging_mixin.py:109} INFO - [2023-07-11 18:30:57,125] {dag.py:2935} INFO - Setting next_dagrun for example_kubernetes_executor to None
[2023-07-11 18:30:57,141] {processor.py:171} INFO - Processing /home/airflow/.local/lib/python3.7/site-packages/airflow/example_dags/example_kubernetes_executor.py took 0.141 seconds
[2023-07-11 18:31:28,223] {processor.py:163} INFO - Started process (PID=323) to work on /home/airflow/.local/lib/python3.7/site-packages/airflow/example_dags/example_kubernetes_executor.py
[2023-07-11 18:31:28,224] {processor.py:642} INFO - Processing file /home/airflow/.local/lib/python3.7/site-packages/airflow/example_dags/example_kubernetes_executor.py for tasks to queue
[2023-07-11 18:31:28,225] {logging_mixin.py:109} INFO - [2023-07-11 18:31:28,225] {dagbag.py:500} INFO - Filling up the DagBag from /home/airflow/.local/lib/python3.7/site-packages/airflow/example_dags/example_kubernetes_executor.py
[2023-07-11 18:31:28,276] {processor.py:654} INFO - DAG(s) dict_keys(['example_kubernetes_executor']) retrieved from /home/airflow/.local/lib/python3.7/site-packages/airflow/example_dags/example_kubernetes_executor.py
[2023-07-11 18:31:28,298] {logging_mixin.py:109} INFO - [2023-07-11 18:31:28,298] {dag.py:2396} INFO - Sync 1 DAGs
[2023-07-11 18:31:28,321] {logging_mixin.py:109} INFO - [2023-07-11 18:31:28,321] {dag.py:2935} INFO - Setting next_dagrun for example_kubernetes_executor to None
[2023-07-11 18:31:28,341] {processor.py:171} INFO - Processing /home/airflow/.local/lib/python3.7/site-packages/airflow/example_dags/example_kubernetes_executor.py took 0.122 seconds
[2023-07-11 18:31:59,137] {processor.py:163} INFO - Started process (PID=403) to work on /home/airflow/.local/lib/python3.7/site-packages/airflow/example_dags/example_kubernetes_executor.py
[2023-07-11 18:31:59,142] {processor.py:642} INFO - Processing file /home/airflow/.local/lib/python3.7/site-packages/airflow/example_dags/example_kubernetes_executor.py for tasks to queue
[2023-07-11 18:31:59,147] {logging_mixin.py:109} INFO - [2023-07-11 18:31:59,144] {dagbag.py:500} INFO - Filling up the DagBag from /home/airflow/.local/lib/python3.7/site-packages/airflow/example_dags/example_kubernetes_executor.py
[2023-07-11 18:31:59,285] {processor.py:654} INFO - DAG(s) dict_keys(['example_kubernetes_executor']) retrieved from /home/airflow/.local/lib/python3.7/site-packages/airflow/example_dags/example_kubernetes_executor.py
[2023-07-11 18:31:59,347] {logging_mixin.py:109} INFO - [2023-07-11 18:31:59,346] {dag.py:2396} INFO - Sync 1 DAGs
[2023-07-11 18:31:59,400] {logging_mixin.py:109} INFO - [2023-07-11 18:31:59,400] {dag.py:2935} INFO - Setting next_dagrun for example_kubernetes_executor to None
[2023-07-11 18:31:59,450] {processor.py:171} INFO - Processing /home/airflow/.local/lib/python3.7/site-packages/airflow/example_dags/example_kubernetes_executor.py took 0.323 seconds
