[2023-07-11 18:22:47,162] {processor.py:163} INFO - Started process (PID=83) to work on /home/airflow/.local/lib/python3.7/site-packages/airflow/example_dags/example_branch_labels.py
[2023-07-11 18:22:47,164] {processor.py:642} INFO - Processing file /home/airflow/.local/lib/python3.7/site-packages/airflow/example_dags/example_branch_labels.py for tasks to queue
[2023-07-11 18:22:47,165] {logging_mixin.py:109} INFO - [2023-07-11 18:22:47,165] {dagbag.py:500} INFO - Filling up the DagBag from /home/airflow/.local/lib/python3.7/site-packages/airflow/example_dags/example_branch_labels.py
[2023-07-11 18:22:47,208] {processor.py:654} INFO - DAG(s) dict_keys(['example_branch_labels']) retrieved from /home/airflow/.local/lib/python3.7/site-packages/airflow/example_dags/example_branch_labels.py
[2023-07-11 18:22:47,224] {logging_mixin.py:109} INFO - [2023-07-11 18:22:47,224] {dag.py:2396} INFO - Sync 1 DAGs
[2023-07-11 18:22:47,251] {logging_mixin.py:109} INFO - [2023-07-11 18:22:47,251] {dag.py:2935} INFO - Setting next_dagrun for example_branch_labels to 2023-07-10 00:00:00+00:00
[2023-07-11 18:22:47,279] {processor.py:171} INFO - Processing /home/airflow/.local/lib/python3.7/site-packages/airflow/example_dags/example_branch_labels.py took 0.123 seconds
[2023-07-11 18:23:18,055] {processor.py:163} INFO - Started process (PID=152) to work on /home/airflow/.local/lib/python3.7/site-packages/airflow/example_dags/example_branch_labels.py
[2023-07-11 18:23:18,057] {processor.py:642} INFO - Processing file /home/airflow/.local/lib/python3.7/site-packages/airflow/example_dags/example_branch_labels.py for tasks to queue
[2023-07-11 18:23:18,058] {logging_mixin.py:109} INFO - [2023-07-11 18:23:18,058] {dagbag.py:500} INFO - Filling up the DagBag from /home/airflow/.local/lib/python3.7/site-packages/airflow/example_dags/example_branch_labels.py
[2023-07-11 18:23:18,093] {processor.py:654} INFO - DAG(s) dict_keys(['example_branch_labels']) retrieved from /home/airflow/.local/lib/python3.7/site-packages/airflow/example_dags/example_branch_labels.py
[2023-07-11 18:23:18,106] {logging_mixin.py:109} INFO - [2023-07-11 18:23:18,106] {dag.py:2396} INFO - Sync 1 DAGs
[2023-07-11 18:23:18,128] {logging_mixin.py:109} INFO - [2023-07-11 18:23:18,128] {dag.py:2935} INFO - Setting next_dagrun for example_branch_labels to 2023-07-10 00:00:00+00:00
[2023-07-11 18:23:18,145] {processor.py:171} INFO - Processing /home/airflow/.local/lib/python3.7/site-packages/airflow/example_dags/example_branch_labels.py took 0.093 seconds
[2023-07-11 18:23:48,694] {processor.py:163} INFO - Started process (PID=232) to work on /home/airflow/.local/lib/python3.7/site-packages/airflow/example_dags/example_branch_labels.py
[2023-07-11 18:23:48,696] {processor.py:642} INFO - Processing file /home/airflow/.local/lib/python3.7/site-packages/airflow/example_dags/example_branch_labels.py for tasks to queue
[2023-07-11 18:23:48,697] {logging_mixin.py:109} INFO - [2023-07-11 18:23:48,697] {dagbag.py:500} INFO - Filling up the DagBag from /home/airflow/.local/lib/python3.7/site-packages/airflow/example_dags/example_branch_labels.py
[2023-07-11 18:23:48,725] {processor.py:654} INFO - DAG(s) dict_keys(['example_branch_labels']) retrieved from /home/airflow/.local/lib/python3.7/site-packages/airflow/example_dags/example_branch_labels.py
[2023-07-11 18:23:48,737] {logging_mixin.py:109} INFO - [2023-07-11 18:23:48,737] {dag.py:2396} INFO - Sync 1 DAGs
[2023-07-11 18:23:48,756] {logging_mixin.py:109} INFO - [2023-07-11 18:23:48,756] {dag.py:2935} INFO - Setting next_dagrun for example_branch_labels to 2023-07-10 00:00:00+00:00
[2023-07-11 18:23:48,767] {processor.py:171} INFO - Processing /home/airflow/.local/lib/python3.7/site-packages/airflow/example_dags/example_branch_labels.py took 0.077 seconds
[2023-07-11 18:24:19,676] {processor.py:163} INFO - Started process (PID=312) to work on /home/airflow/.local/lib/python3.7/site-packages/airflow/example_dags/example_branch_labels.py
[2023-07-11 18:24:19,678] {processor.py:642} INFO - Processing file /home/airflow/.local/lib/python3.7/site-packages/airflow/example_dags/example_branch_labels.py for tasks to queue
[2023-07-11 18:24:19,679] {logging_mixin.py:109} INFO - [2023-07-11 18:24:19,678] {dagbag.py:500} INFO - Filling up the DagBag from /home/airflow/.local/lib/python3.7/site-packages/airflow/example_dags/example_branch_labels.py
[2023-07-11 18:24:19,716] {processor.py:654} INFO - DAG(s) dict_keys(['example_branch_labels']) retrieved from /home/airflow/.local/lib/python3.7/site-packages/airflow/example_dags/example_branch_labels.py
[2023-07-11 18:24:19,729] {logging_mixin.py:109} INFO - [2023-07-11 18:24:19,729] {dag.py:2396} INFO - Sync 1 DAGs
[2023-07-11 18:24:19,751] {logging_mixin.py:109} INFO - [2023-07-11 18:24:19,751] {dag.py:2935} INFO - Setting next_dagrun for example_branch_labels to 2023-07-10 00:00:00+00:00
[2023-07-11 18:24:19,762] {processor.py:171} INFO - Processing /home/airflow/.local/lib/python3.7/site-packages/airflow/example_dags/example_branch_labels.py took 0.091 seconds
[2023-07-11 18:24:50,631] {processor.py:163} INFO - Started process (PID=392) to work on /home/airflow/.local/lib/python3.7/site-packages/airflow/example_dags/example_branch_labels.py
[2023-07-11 18:24:50,633] {processor.py:642} INFO - Processing file /home/airflow/.local/lib/python3.7/site-packages/airflow/example_dags/example_branch_labels.py for tasks to queue
[2023-07-11 18:24:50,635] {logging_mixin.py:109} INFO - [2023-07-11 18:24:50,634] {dagbag.py:500} INFO - Filling up the DagBag from /home/airflow/.local/lib/python3.7/site-packages/airflow/example_dags/example_branch_labels.py
[2023-07-11 18:24:50,704] {processor.py:654} INFO - DAG(s) dict_keys(['example_branch_labels']) retrieved from /home/airflow/.local/lib/python3.7/site-packages/airflow/example_dags/example_branch_labels.py
[2023-07-11 18:24:50,722] {logging_mixin.py:109} INFO - [2023-07-11 18:24:50,722] {dag.py:2396} INFO - Sync 1 DAGs
[2023-07-11 18:24:50,756] {logging_mixin.py:109} INFO - [2023-07-11 18:24:50,755] {dag.py:2935} INFO - Setting next_dagrun for example_branch_labels to 2023-07-10 00:00:00+00:00
[2023-07-11 18:24:50,976] {processor.py:171} INFO - Processing /home/airflow/.local/lib/python3.7/site-packages/airflow/example_dags/example_branch_labels.py took 0.350 seconds
[2023-07-11 18:25:21,851] {processor.py:163} INFO - Started process (PID=472) to work on /home/airflow/.local/lib/python3.7/site-packages/airflow/example_dags/example_branch_labels.py
[2023-07-11 18:25:21,854] {processor.py:642} INFO - Processing file /home/airflow/.local/lib/python3.7/site-packages/airflow/example_dags/example_branch_labels.py for tasks to queue
[2023-07-11 18:25:21,856] {logging_mixin.py:109} INFO - [2023-07-11 18:25:21,855] {dagbag.py:500} INFO - Filling up the DagBag from /home/airflow/.local/lib/python3.7/site-packages/airflow/example_dags/example_branch_labels.py
[2023-07-11 18:25:21,940] {processor.py:654} INFO - DAG(s) dict_keys(['example_branch_labels']) retrieved from /home/airflow/.local/lib/python3.7/site-packages/airflow/example_dags/example_branch_labels.py
[2023-07-11 18:25:21,974] {logging_mixin.py:109} INFO - [2023-07-11 18:25:21,974] {dag.py:2396} INFO - Sync 1 DAGs
[2023-07-11 18:25:22,019] {logging_mixin.py:109} INFO - [2023-07-11 18:25:22,018] {dag.py:2935} INFO - Setting next_dagrun for example_branch_labels to 2023-07-10 00:00:00+00:00
[2023-07-11 18:25:22,044] {processor.py:171} INFO - Processing /home/airflow/.local/lib/python3.7/site-packages/airflow/example_dags/example_branch_labels.py took 0.201 seconds
[2023-07-11 18:25:52,846] {processor.py:163} INFO - Started process (PID=560) to work on /home/airflow/.local/lib/python3.7/site-packages/airflow/example_dags/example_branch_labels.py
[2023-07-11 18:25:52,852] {processor.py:642} INFO - Processing file /home/airflow/.local/lib/python3.7/site-packages/airflow/example_dags/example_branch_labels.py for tasks to queue
[2023-07-11 18:25:52,854] {logging_mixin.py:109} INFO - [2023-07-11 18:25:52,854] {dagbag.py:500} INFO - Filling up the DagBag from /home/airflow/.local/lib/python3.7/site-packages/airflow/example_dags/example_branch_labels.py
[2023-07-11 18:25:52,928] {processor.py:654} INFO - DAG(s) dict_keys(['example_branch_labels']) retrieved from /home/airflow/.local/lib/python3.7/site-packages/airflow/example_dags/example_branch_labels.py
[2023-07-11 18:25:52,959] {logging_mixin.py:109} INFO - [2023-07-11 18:25:52,958] {dag.py:2396} INFO - Sync 1 DAGs
[2023-07-11 18:25:53,007] {logging_mixin.py:109} INFO - [2023-07-11 18:25:53,007] {dag.py:2935} INFO - Setting next_dagrun for example_branch_labels to 2023-07-10 00:00:00+00:00
[2023-07-11 18:25:53,025] {processor.py:171} INFO - Processing /home/airflow/.local/lib/python3.7/site-packages/airflow/example_dags/example_branch_labels.py took 0.189 seconds
[2023-07-11 18:26:23,737] {processor.py:163} INFO - Started process (PID=640) to work on /home/airflow/.local/lib/python3.7/site-packages/airflow/example_dags/example_branch_labels.py
[2023-07-11 18:26:23,739] {processor.py:642} INFO - Processing file /home/airflow/.local/lib/python3.7/site-packages/airflow/example_dags/example_branch_labels.py for tasks to queue
[2023-07-11 18:26:23,741] {logging_mixin.py:109} INFO - [2023-07-11 18:26:23,740] {dagbag.py:500} INFO - Filling up the DagBag from /home/airflow/.local/lib/python3.7/site-packages/airflow/example_dags/example_branch_labels.py
[2023-07-11 18:26:23,785] {processor.py:654} INFO - DAG(s) dict_keys(['example_branch_labels']) retrieved from /home/airflow/.local/lib/python3.7/site-packages/airflow/example_dags/example_branch_labels.py
[2023-07-11 18:26:23,803] {logging_mixin.py:109} INFO - [2023-07-11 18:26:23,802] {dag.py:2396} INFO - Sync 1 DAGs
[2023-07-11 18:26:23,834] {logging_mixin.py:109} INFO - [2023-07-11 18:26:23,834] {dag.py:2935} INFO - Setting next_dagrun for example_branch_labels to 2023-07-10 00:00:00+00:00
[2023-07-11 18:26:23,852] {processor.py:171} INFO - Processing /home/airflow/.local/lib/python3.7/site-packages/airflow/example_dags/example_branch_labels.py took 0.121 seconds
[2023-07-11 18:26:55,215] {processor.py:163} INFO - Started process (PID=720) to work on /home/airflow/.local/lib/python3.7/site-packages/airflow/example_dags/example_branch_labels.py
[2023-07-11 18:26:55,229] {processor.py:642} INFO - Processing file /home/airflow/.local/lib/python3.7/site-packages/airflow/example_dags/example_branch_labels.py for tasks to queue
[2023-07-11 18:26:55,231] {logging_mixin.py:109} INFO - [2023-07-11 18:26:55,231] {dagbag.py:500} INFO - Filling up the DagBag from /home/airflow/.local/lib/python3.7/site-packages/airflow/example_dags/example_branch_labels.py
[2023-07-11 18:26:55,413] {processor.py:654} INFO - DAG(s) dict_keys(['example_branch_labels']) retrieved from /home/airflow/.local/lib/python3.7/site-packages/airflow/example_dags/example_branch_labels.py
[2023-07-11 18:26:55,462] {logging_mixin.py:109} INFO - [2023-07-11 18:26:55,462] {dag.py:2396} INFO - Sync 1 DAGs
[2023-07-11 18:26:55,549] {logging_mixin.py:109} INFO - [2023-07-11 18:26:55,549] {dag.py:2935} INFO - Setting next_dagrun for example_branch_labels to 2023-07-10 00:00:00+00:00
[2023-07-11 18:26:55,589] {processor.py:171} INFO - Processing /home/airflow/.local/lib/python3.7/site-packages/airflow/example_dags/example_branch_labels.py took 0.381 seconds
[2023-07-11 18:27:26,591] {processor.py:163} INFO - Started process (PID=800) to work on /home/airflow/.local/lib/python3.7/site-packages/airflow/example_dags/example_branch_labels.py
[2023-07-11 18:27:26,593] {processor.py:642} INFO - Processing file /home/airflow/.local/lib/python3.7/site-packages/airflow/example_dags/example_branch_labels.py for tasks to queue
[2023-07-11 18:27:26,594] {logging_mixin.py:109} INFO - [2023-07-11 18:27:26,593] {dagbag.py:500} INFO - Filling up the DagBag from /home/airflow/.local/lib/python3.7/site-packages/airflow/example_dags/example_branch_labels.py
[2023-07-11 18:27:26,648] {processor.py:654} INFO - DAG(s) dict_keys(['example_branch_labels']) retrieved from /home/airflow/.local/lib/python3.7/site-packages/airflow/example_dags/example_branch_labels.py
[2023-07-11 18:27:26,669] {logging_mixin.py:109} INFO - [2023-07-11 18:27:26,669] {dag.py:2396} INFO - Sync 1 DAGs
[2023-07-11 18:27:26,711] {logging_mixin.py:109} INFO - [2023-07-11 18:27:26,710] {dag.py:2935} INFO - Setting next_dagrun for example_branch_labels to 2023-07-10 00:00:00+00:00
[2023-07-11 18:27:26,730] {processor.py:171} INFO - Processing /home/airflow/.local/lib/python3.7/site-packages/airflow/example_dags/example_branch_labels.py took 0.145 seconds
[2023-07-11 18:27:57,699] {processor.py:163} INFO - Started process (PID=871) to work on /home/airflow/.local/lib/python3.7/site-packages/airflow/example_dags/example_branch_labels.py
[2023-07-11 18:27:57,701] {processor.py:642} INFO - Processing file /home/airflow/.local/lib/python3.7/site-packages/airflow/example_dags/example_branch_labels.py for tasks to queue
[2023-07-11 18:27:57,702] {logging_mixin.py:109} INFO - [2023-07-11 18:27:57,702] {dagbag.py:500} INFO - Filling up the DagBag from /home/airflow/.local/lib/python3.7/site-packages/airflow/example_dags/example_branch_labels.py
[2023-07-11 18:27:57,746] {processor.py:654} INFO - DAG(s) dict_keys(['example_branch_labels']) retrieved from /home/airflow/.local/lib/python3.7/site-packages/airflow/example_dags/example_branch_labels.py
[2023-07-11 18:27:57,769] {logging_mixin.py:109} INFO - [2023-07-11 18:27:57,769] {dag.py:2396} INFO - Sync 1 DAGs
[2023-07-11 18:27:57,801] {logging_mixin.py:109} INFO - [2023-07-11 18:27:57,801] {dag.py:2935} INFO - Setting next_dagrun for example_branch_labels to 2023-07-10 00:00:00+00:00
[2023-07-11 18:27:57,820] {processor.py:171} INFO - Processing /home/airflow/.local/lib/python3.7/site-packages/airflow/example_dags/example_branch_labels.py took 0.127 seconds
[2023-07-11 18:29:55,242] {processor.py:163} INFO - Started process (PID=80) to work on /home/airflow/.local/lib/python3.7/site-packages/airflow/example_dags/example_branch_labels.py
[2023-07-11 18:29:55,244] {processor.py:642} INFO - Processing file /home/airflow/.local/lib/python3.7/site-packages/airflow/example_dags/example_branch_labels.py for tasks to queue
[2023-07-11 18:29:55,245] {logging_mixin.py:109} INFO - [2023-07-11 18:29:55,245] {dagbag.py:500} INFO - Filling up the DagBag from /home/airflow/.local/lib/python3.7/site-packages/airflow/example_dags/example_branch_labels.py
[2023-07-11 18:29:55,294] {processor.py:654} INFO - DAG(s) dict_keys(['example_branch_labels']) retrieved from /home/airflow/.local/lib/python3.7/site-packages/airflow/example_dags/example_branch_labels.py
[2023-07-11 18:29:55,312] {logging_mixin.py:109} INFO - [2023-07-11 18:29:55,312] {dag.py:2396} INFO - Sync 1 DAGs
[2023-07-11 18:29:55,341] {logging_mixin.py:109} INFO - [2023-07-11 18:29:55,341] {dag.py:2935} INFO - Setting next_dagrun for example_branch_labels to 2023-07-10 00:00:00+00:00
[2023-07-11 18:29:55,364] {processor.py:171} INFO - Processing /home/airflow/.local/lib/python3.7/site-packages/airflow/example_dags/example_branch_labels.py took 0.127 seconds
[2023-07-11 18:30:26,251] {processor.py:163} INFO - Started process (PID=160) to work on /home/airflow/.local/lib/python3.7/site-packages/airflow/example_dags/example_branch_labels.py
[2023-07-11 18:30:26,253] {processor.py:642} INFO - Processing file /home/airflow/.local/lib/python3.7/site-packages/airflow/example_dags/example_branch_labels.py for tasks to queue
[2023-07-11 18:30:26,254] {logging_mixin.py:109} INFO - [2023-07-11 18:30:26,254] {dagbag.py:500} INFO - Filling up the DagBag from /home/airflow/.local/lib/python3.7/site-packages/airflow/example_dags/example_branch_labels.py
[2023-07-11 18:30:26,315] {processor.py:654} INFO - DAG(s) dict_keys(['example_branch_labels']) retrieved from /home/airflow/.local/lib/python3.7/site-packages/airflow/example_dags/example_branch_labels.py
[2023-07-11 18:30:26,336] {logging_mixin.py:109} INFO - [2023-07-11 18:30:26,335] {dag.py:2396} INFO - Sync 1 DAGs
[2023-07-11 18:30:26,374] {logging_mixin.py:109} INFO - [2023-07-11 18:30:26,374] {dag.py:2935} INFO - Setting next_dagrun for example_branch_labels to 2023-07-10 00:00:00+00:00
[2023-07-11 18:30:26,391] {processor.py:171} INFO - Processing /home/airflow/.local/lib/python3.7/site-packages/airflow/example_dags/example_branch_labels.py took 0.147 seconds
[2023-07-11 18:30:56,888] {processor.py:163} INFO - Started process (PID=240) to work on /home/airflow/.local/lib/python3.7/site-packages/airflow/example_dags/example_branch_labels.py
[2023-07-11 18:30:56,890] {processor.py:642} INFO - Processing file /home/airflow/.local/lib/python3.7/site-packages/airflow/example_dags/example_branch_labels.py for tasks to queue
[2023-07-11 18:30:56,891] {logging_mixin.py:109} INFO - [2023-07-11 18:30:56,890] {dagbag.py:500} INFO - Filling up the DagBag from /home/airflow/.local/lib/python3.7/site-packages/airflow/example_dags/example_branch_labels.py
[2023-07-11 18:30:56,930] {processor.py:654} INFO - DAG(s) dict_keys(['example_branch_labels']) retrieved from /home/airflow/.local/lib/python3.7/site-packages/airflow/example_dags/example_branch_labels.py
[2023-07-11 18:30:56,944] {logging_mixin.py:109} INFO - [2023-07-11 18:30:56,944] {dag.py:2396} INFO - Sync 1 DAGs
[2023-07-11 18:30:56,966] {logging_mixin.py:109} INFO - [2023-07-11 18:30:56,966] {dag.py:2935} INFO - Setting next_dagrun for example_branch_labels to 2023-07-10 00:00:00+00:00
[2023-07-11 18:30:56,980] {processor.py:171} INFO - Processing /home/airflow/.local/lib/python3.7/site-packages/airflow/example_dags/example_branch_labels.py took 0.097 seconds
[2023-07-11 18:31:27,946] {processor.py:163} INFO - Started process (PID=321) to work on /home/airflow/.local/lib/python3.7/site-packages/airflow/example_dags/example_branch_labels.py
[2023-07-11 18:31:27,948] {processor.py:642} INFO - Processing file /home/airflow/.local/lib/python3.7/site-packages/airflow/example_dags/example_branch_labels.py for tasks to queue
[2023-07-11 18:31:27,949] {logging_mixin.py:109} INFO - [2023-07-11 18:31:27,949] {dagbag.py:500} INFO - Filling up the DagBag from /home/airflow/.local/lib/python3.7/site-packages/airflow/example_dags/example_branch_labels.py
[2023-07-11 18:31:27,995] {processor.py:654} INFO - DAG(s) dict_keys(['example_branch_labels']) retrieved from /home/airflow/.local/lib/python3.7/site-packages/airflow/example_dags/example_branch_labels.py
[2023-07-11 18:31:28,009] {logging_mixin.py:109} INFO - [2023-07-11 18:31:28,009] {dag.py:2396} INFO - Sync 1 DAGs
[2023-07-11 18:31:28,042] {logging_mixin.py:109} INFO - [2023-07-11 18:31:28,042] {dag.py:2935} INFO - Setting next_dagrun for example_branch_labels to 2023-07-10 00:00:00+00:00
[2023-07-11 18:31:28,061] {processor.py:171} INFO - Processing /home/airflow/.local/lib/python3.7/site-packages/airflow/example_dags/example_branch_labels.py took 0.121 seconds
[2023-07-11 18:31:58,295] {processor.py:163} INFO - Started process (PID=400) to work on /home/airflow/.local/lib/python3.7/site-packages/airflow/example_dags/example_branch_labels.py
[2023-07-11 18:31:58,297] {processor.py:642} INFO - Processing file /home/airflow/.local/lib/python3.7/site-packages/airflow/example_dags/example_branch_labels.py for tasks to queue
[2023-07-11 18:31:58,299] {logging_mixin.py:109} INFO - [2023-07-11 18:31:58,298] {dagbag.py:500} INFO - Filling up the DagBag from /home/airflow/.local/lib/python3.7/site-packages/airflow/example_dags/example_branch_labels.py
[2023-07-11 18:31:58,387] {processor.py:654} INFO - DAG(s) dict_keys(['example_branch_labels']) retrieved from /home/airflow/.local/lib/python3.7/site-packages/airflow/example_dags/example_branch_labels.py
[2023-07-11 18:31:58,431] {logging_mixin.py:109} INFO - [2023-07-11 18:31:58,430] {dag.py:2396} INFO - Sync 1 DAGs
[2023-07-11 18:31:58,510] {logging_mixin.py:109} INFO - [2023-07-11 18:31:58,510] {dag.py:2935} INFO - Setting next_dagrun for example_branch_labels to 2023-07-10 00:00:00+00:00
[2023-07-11 18:31:58,557] {processor.py:171} INFO - Processing /home/airflow/.local/lib/python3.7/site-packages/airflow/example_dags/example_branch_labels.py took 0.269 seconds
