[2023-07-11 18:22:49,051] {processor.py:163} INFO - Started process (PID=90) to work on /home/airflow/.local/lib/python3.7/site-packages/airflow/example_dags/example_skip_dag.py
[2023-07-11 18:22:49,054] {processor.py:642} INFO - Processing file /home/airflow/.local/lib/python3.7/site-packages/airflow/example_dags/example_skip_dag.py for tasks to queue
[2023-07-11 18:22:49,056] {logging_mixin.py:109} INFO - [2023-07-11 18:22:49,055] {dagbag.py:500} INFO - Filling up the DagBag from /home/airflow/.local/lib/python3.7/site-packages/airflow/example_dags/example_skip_dag.py
[2023-07-11 18:22:49,167] {processor.py:654} INFO - DAG(s) dict_keys(['example_skip_dag']) retrieved from /home/airflow/.local/lib/python3.7/site-packages/airflow/example_dags/example_skip_dag.py
[2023-07-11 18:22:49,200] {logging_mixin.py:109} INFO - [2023-07-11 18:22:49,199] {dag.py:2396} INFO - Sync 1 DAGs
[2023-07-11 18:22:49,258] {logging_mixin.py:109} INFO - [2023-07-11 18:22:49,258] {dag.py:2935} INFO - Setting next_dagrun for example_skip_dag to 2023-07-10T18:22:49.257614+00:00
[2023-07-11 18:22:49,317] {processor.py:171} INFO - Processing /home/airflow/.local/lib/python3.7/site-packages/airflow/example_dags/example_skip_dag.py took 0.274 seconds
[2023-07-11 18:23:19,656] {processor.py:163} INFO - Started process (PID=159) to work on /home/airflow/.local/lib/python3.7/site-packages/airflow/example_dags/example_skip_dag.py
[2023-07-11 18:23:19,658] {processor.py:642} INFO - Processing file /home/airflow/.local/lib/python3.7/site-packages/airflow/example_dags/example_skip_dag.py for tasks to queue
[2023-07-11 18:23:19,658] {logging_mixin.py:109} INFO - [2023-07-11 18:23:19,658] {dagbag.py:500} INFO - Filling up the DagBag from /home/airflow/.local/lib/python3.7/site-packages/airflow/example_dags/example_skip_dag.py
[2023-07-11 18:23:19,691] {processor.py:654} INFO - DAG(s) dict_keys(['example_skip_dag']) retrieved from /home/airflow/.local/lib/python3.7/site-packages/airflow/example_dags/example_skip_dag.py
[2023-07-11 18:23:19,704] {logging_mixin.py:109} INFO - [2023-07-11 18:23:19,703] {dag.py:2396} INFO - Sync 1 DAGs
[2023-07-11 18:23:19,725] {logging_mixin.py:109} INFO - [2023-07-11 18:23:19,724] {dag.py:2935} INFO - Setting next_dagrun for example_skip_dag to 2023-07-10T18:23:19.724400+00:00
[2023-07-11 18:23:19,738] {processor.py:171} INFO - Processing /home/airflow/.local/lib/python3.7/site-packages/airflow/example_dags/example_skip_dag.py took 0.085 seconds
[2023-07-11 18:23:50,342] {processor.py:163} INFO - Started process (PID=239) to work on /home/airflow/.local/lib/python3.7/site-packages/airflow/example_dags/example_skip_dag.py
[2023-07-11 18:23:50,343] {processor.py:642} INFO - Processing file /home/airflow/.local/lib/python3.7/site-packages/airflow/example_dags/example_skip_dag.py for tasks to queue
[2023-07-11 18:23:50,344] {logging_mixin.py:109} INFO - [2023-07-11 18:23:50,344] {dagbag.py:500} INFO - Filling up the DagBag from /home/airflow/.local/lib/python3.7/site-packages/airflow/example_dags/example_skip_dag.py
[2023-07-11 18:23:50,369] {processor.py:654} INFO - DAG(s) dict_keys(['example_skip_dag']) retrieved from /home/airflow/.local/lib/python3.7/site-packages/airflow/example_dags/example_skip_dag.py
[2023-07-11 18:23:50,381] {logging_mixin.py:109} INFO - [2023-07-11 18:23:50,381] {dag.py:2396} INFO - Sync 1 DAGs
[2023-07-11 18:23:50,398] {logging_mixin.py:109} INFO - [2023-07-11 18:23:50,398] {dag.py:2935} INFO - Setting next_dagrun for example_skip_dag to 2023-07-10T18:23:50.398240+00:00
[2023-07-11 18:23:50,411] {processor.py:171} INFO - Processing /home/airflow/.local/lib/python3.7/site-packages/airflow/example_dags/example_skip_dag.py took 0.073 seconds
[2023-07-11 18:24:23,023] {processor.py:163} INFO - Started process (PID=337) to work on /home/airflow/.local/lib/python3.7/site-packages/airflow/example_dags/example_skip_dag.py
[2023-07-11 18:24:23,037] {processor.py:642} INFO - Processing file /home/airflow/.local/lib/python3.7/site-packages/airflow/example_dags/example_skip_dag.py for tasks to queue
[2023-07-11 18:24:23,038] {logging_mixin.py:109} INFO - [2023-07-11 18:24:23,038] {dagbag.py:500} INFO - Filling up the DagBag from /home/airflow/.local/lib/python3.7/site-packages/airflow/example_dags/example_skip_dag.py
[2023-07-11 18:24:23,117] {processor.py:654} INFO - DAG(s) dict_keys(['example_skip_dag']) retrieved from /home/airflow/.local/lib/python3.7/site-packages/airflow/example_dags/example_skip_dag.py
[2023-07-11 18:24:23,168] {logging_mixin.py:109} INFO - [2023-07-11 18:24:23,168] {dag.py:2396} INFO - Sync 1 DAGs
[2023-07-11 18:24:23,202] {logging_mixin.py:109} INFO - [2023-07-11 18:24:23,202] {dag.py:2935} INFO - Setting next_dagrun for example_skip_dag to 2023-07-10T18:24:23.201536+00:00
[2023-07-11 18:24:23,231] {processor.py:171} INFO - Processing /home/airflow/.local/lib/python3.7/site-packages/airflow/example_dags/example_skip_dag.py took 0.222 seconds
[2023-07-11 18:24:53,717] {processor.py:163} INFO - Started process (PID=409) to work on /home/airflow/.local/lib/python3.7/site-packages/airflow/example_dags/example_skip_dag.py
[2023-07-11 18:24:53,718] {processor.py:642} INFO - Processing file /home/airflow/.local/lib/python3.7/site-packages/airflow/example_dags/example_skip_dag.py for tasks to queue
[2023-07-11 18:24:53,719] {logging_mixin.py:109} INFO - [2023-07-11 18:24:53,719] {dagbag.py:500} INFO - Filling up the DagBag from /home/airflow/.local/lib/python3.7/site-packages/airflow/example_dags/example_skip_dag.py
[2023-07-11 18:24:53,756] {processor.py:654} INFO - DAG(s) dict_keys(['example_skip_dag']) retrieved from /home/airflow/.local/lib/python3.7/site-packages/airflow/example_dags/example_skip_dag.py
[2023-07-11 18:24:53,773] {logging_mixin.py:109} INFO - [2023-07-11 18:24:53,773] {dag.py:2396} INFO - Sync 1 DAGs
[2023-07-11 18:24:53,801] {logging_mixin.py:109} INFO - [2023-07-11 18:24:53,800] {dag.py:2935} INFO - Setting next_dagrun for example_skip_dag to 2023-07-10T18:24:53.800549+00:00
[2023-07-11 18:24:53,824] {processor.py:171} INFO - Processing /home/airflow/.local/lib/python3.7/site-packages/airflow/example_dags/example_skip_dag.py took 0.112 seconds
[2023-07-11 18:25:25,210] {processor.py:163} INFO - Started process (PID=498) to work on /home/airflow/.local/lib/python3.7/site-packages/airflow/example_dags/example_skip_dag.py
[2023-07-11 18:25:25,213] {processor.py:642} INFO - Processing file /home/airflow/.local/lib/python3.7/site-packages/airflow/example_dags/example_skip_dag.py for tasks to queue
[2023-07-11 18:25:25,214] {logging_mixin.py:109} INFO - [2023-07-11 18:25:25,214] {dagbag.py:500} INFO - Filling up the DagBag from /home/airflow/.local/lib/python3.7/site-packages/airflow/example_dags/example_skip_dag.py
[2023-07-11 18:25:25,278] {processor.py:654} INFO - DAG(s) dict_keys(['example_skip_dag']) retrieved from /home/airflow/.local/lib/python3.7/site-packages/airflow/example_dags/example_skip_dag.py
[2023-07-11 18:25:25,304] {logging_mixin.py:109} INFO - [2023-07-11 18:25:25,304] {dag.py:2396} INFO - Sync 1 DAGs
[2023-07-11 18:25:25,345] {logging_mixin.py:109} INFO - [2023-07-11 18:25:25,345] {dag.py:2935} INFO - Setting next_dagrun for example_skip_dag to 2023-07-10T18:25:25.344901+00:00
[2023-07-11 18:25:25,366] {processor.py:171} INFO - Processing /home/airflow/.local/lib/python3.7/site-packages/airflow/example_dags/example_skip_dag.py took 0.161 seconds
[2023-07-11 18:25:57,544] {processor.py:163} INFO - Started process (PID=578) to work on /home/airflow/.local/lib/python3.7/site-packages/airflow/example_dags/example_skip_dag.py
[2023-07-11 18:25:57,546] {processor.py:642} INFO - Processing file /home/airflow/.local/lib/python3.7/site-packages/airflow/example_dags/example_skip_dag.py for tasks to queue
[2023-07-11 18:25:57,547] {logging_mixin.py:109} INFO - [2023-07-11 18:25:57,547] {dagbag.py:500} INFO - Filling up the DagBag from /home/airflow/.local/lib/python3.7/site-packages/airflow/example_dags/example_skip_dag.py
[2023-07-11 18:25:57,609] {processor.py:654} INFO - DAG(s) dict_keys(['example_skip_dag']) retrieved from /home/airflow/.local/lib/python3.7/site-packages/airflow/example_dags/example_skip_dag.py
[2023-07-11 18:25:57,635] {logging_mixin.py:109} INFO - [2023-07-11 18:25:57,635] {dag.py:2396} INFO - Sync 1 DAGs
[2023-07-11 18:25:57,685] {logging_mixin.py:109} INFO - [2023-07-11 18:25:57,685] {dag.py:2935} INFO - Setting next_dagrun for example_skip_dag to 2023-07-10T18:25:57.684525+00:00
[2023-07-11 18:25:57,711] {processor.py:171} INFO - Processing /home/airflow/.local/lib/python3.7/site-packages/airflow/example_dags/example_skip_dag.py took 0.176 seconds
[2023-07-11 18:26:28,245] {processor.py:163} INFO - Started process (PID=658) to work on /home/airflow/.local/lib/python3.7/site-packages/airflow/example_dags/example_skip_dag.py
[2023-07-11 18:26:28,247] {processor.py:642} INFO - Processing file /home/airflow/.local/lib/python3.7/site-packages/airflow/example_dags/example_skip_dag.py for tasks to queue
[2023-07-11 18:26:28,248] {logging_mixin.py:109} INFO - [2023-07-11 18:26:28,248] {dagbag.py:500} INFO - Filling up the DagBag from /home/airflow/.local/lib/python3.7/site-packages/airflow/example_dags/example_skip_dag.py
[2023-07-11 18:26:28,288] {processor.py:654} INFO - DAG(s) dict_keys(['example_skip_dag']) retrieved from /home/airflow/.local/lib/python3.7/site-packages/airflow/example_dags/example_skip_dag.py
[2023-07-11 18:26:28,307] {logging_mixin.py:109} INFO - [2023-07-11 18:26:28,307] {dag.py:2396} INFO - Sync 1 DAGs
[2023-07-11 18:26:28,334] {logging_mixin.py:109} INFO - [2023-07-11 18:26:28,333] {dag.py:2935} INFO - Setting next_dagrun for example_skip_dag to 2023-07-10T18:26:28.333489+00:00
[2023-07-11 18:26:28,353] {processor.py:171} INFO - Processing /home/airflow/.local/lib/python3.7/site-packages/airflow/example_dags/example_skip_dag.py took 0.113 seconds
[2023-07-11 18:26:59,556] {processor.py:163} INFO - Started process (PID=737) to work on /home/airflow/.local/lib/python3.7/site-packages/airflow/example_dags/example_skip_dag.py
[2023-07-11 18:26:59,558] {processor.py:642} INFO - Processing file /home/airflow/.local/lib/python3.7/site-packages/airflow/example_dags/example_skip_dag.py for tasks to queue
[2023-07-11 18:26:59,559] {logging_mixin.py:109} INFO - [2023-07-11 18:26:59,559] {dagbag.py:500} INFO - Filling up the DagBag from /home/airflow/.local/lib/python3.7/site-packages/airflow/example_dags/example_skip_dag.py
[2023-07-11 18:26:59,608] {processor.py:654} INFO - DAG(s) dict_keys(['example_skip_dag']) retrieved from /home/airflow/.local/lib/python3.7/site-packages/airflow/example_dags/example_skip_dag.py
[2023-07-11 18:26:59,628] {logging_mixin.py:109} INFO - [2023-07-11 18:26:59,628] {dag.py:2396} INFO - Sync 1 DAGs
[2023-07-11 18:26:59,672] {logging_mixin.py:109} INFO - [2023-07-11 18:26:59,671] {dag.py:2935} INFO - Setting next_dagrun for example_skip_dag to 2023-07-10T18:26:59.671135+00:00
[2023-07-11 18:26:59,707] {processor.py:171} INFO - Processing /home/airflow/.local/lib/python3.7/site-packages/airflow/example_dags/example_skip_dag.py took 0.156 seconds
[2023-07-11 18:27:30,084] {processor.py:163} INFO - Started process (PID=817) to work on /home/airflow/.local/lib/python3.7/site-packages/airflow/example_dags/example_skip_dag.py
[2023-07-11 18:27:30,087] {processor.py:642} INFO - Processing file /home/airflow/.local/lib/python3.7/site-packages/airflow/example_dags/example_skip_dag.py for tasks to queue
[2023-07-11 18:27:30,088] {logging_mixin.py:109} INFO - [2023-07-11 18:27:30,088] {dagbag.py:500} INFO - Filling up the DagBag from /home/airflow/.local/lib/python3.7/site-packages/airflow/example_dags/example_skip_dag.py
[2023-07-11 18:27:30,134] {processor.py:654} INFO - DAG(s) dict_keys(['example_skip_dag']) retrieved from /home/airflow/.local/lib/python3.7/site-packages/airflow/example_dags/example_skip_dag.py
[2023-07-11 18:27:30,158] {logging_mixin.py:109} INFO - [2023-07-11 18:27:30,157] {dag.py:2396} INFO - Sync 1 DAGs
[2023-07-11 18:27:30,192] {logging_mixin.py:109} INFO - [2023-07-11 18:27:30,191] {dag.py:2935} INFO - Setting next_dagrun for example_skip_dag to 2023-07-10T18:27:30.191577+00:00
[2023-07-11 18:27:30,220] {processor.py:171} INFO - Processing /home/airflow/.local/lib/python3.7/site-packages/airflow/example_dags/example_skip_dag.py took 0.142 seconds
[2023-07-11 18:28:00,352] {processor.py:163} INFO - Started process (PID=897) to work on /home/airflow/.local/lib/python3.7/site-packages/airflow/example_dags/example_skip_dag.py
[2023-07-11 18:28:00,354] {processor.py:642} INFO - Processing file /home/airflow/.local/lib/python3.7/site-packages/airflow/example_dags/example_skip_dag.py for tasks to queue
[2023-07-11 18:28:00,355] {logging_mixin.py:109} INFO - [2023-07-11 18:28:00,355] {dagbag.py:500} INFO - Filling up the DagBag from /home/airflow/.local/lib/python3.7/site-packages/airflow/example_dags/example_skip_dag.py
[2023-07-11 18:28:00,412] {processor.py:654} INFO - DAG(s) dict_keys(['example_skip_dag']) retrieved from /home/airflow/.local/lib/python3.7/site-packages/airflow/example_dags/example_skip_dag.py
[2023-07-11 18:28:00,442] {logging_mixin.py:109} INFO - [2023-07-11 18:28:00,441] {dag.py:2396} INFO - Sync 1 DAGs
[2023-07-11 18:28:00,495] {logging_mixin.py:109} INFO - [2023-07-11 18:28:00,495] {dag.py:2935} INFO - Setting next_dagrun for example_skip_dag to 2023-07-10T18:28:00.495230+00:00
[2023-07-11 18:28:00,520] {processor.py:171} INFO - Processing /home/airflow/.local/lib/python3.7/site-packages/airflow/example_dags/example_skip_dag.py took 0.174 seconds
[2023-07-11 18:29:56,116] {processor.py:163} INFO - Started process (PID=87) to work on /home/airflow/.local/lib/python3.7/site-packages/airflow/example_dags/example_skip_dag.py
[2023-07-11 18:29:56,118] {processor.py:642} INFO - Processing file /home/airflow/.local/lib/python3.7/site-packages/airflow/example_dags/example_skip_dag.py for tasks to queue
[2023-07-11 18:29:56,120] {logging_mixin.py:109} INFO - [2023-07-11 18:29:56,119] {dagbag.py:500} INFO - Filling up the DagBag from /home/airflow/.local/lib/python3.7/site-packages/airflow/example_dags/example_skip_dag.py
[2023-07-11 18:29:56,170] {processor.py:654} INFO - DAG(s) dict_keys(['example_skip_dag']) retrieved from /home/airflow/.local/lib/python3.7/site-packages/airflow/example_dags/example_skip_dag.py
[2023-07-11 18:29:56,190] {logging_mixin.py:109} INFO - [2023-07-11 18:29:56,189] {dag.py:2396} INFO - Sync 1 DAGs
[2023-07-11 18:29:56,217] {logging_mixin.py:109} INFO - [2023-07-11 18:29:56,217] {dag.py:2935} INFO - Setting next_dagrun for example_skip_dag to 2023-07-10T18:29:56.216708+00:00
[2023-07-11 18:29:56,239] {processor.py:171} INFO - Processing /home/airflow/.local/lib/python3.7/site-packages/airflow/example_dags/example_skip_dag.py took 0.128 seconds
[2023-07-11 18:30:27,575] {processor.py:163} INFO - Started process (PID=167) to work on /home/airflow/.local/lib/python3.7/site-packages/airflow/example_dags/example_skip_dag.py
[2023-07-11 18:30:27,585] {processor.py:642} INFO - Processing file /home/airflow/.local/lib/python3.7/site-packages/airflow/example_dags/example_skip_dag.py for tasks to queue
[2023-07-11 18:30:27,586] {logging_mixin.py:109} INFO - [2023-07-11 18:30:27,586] {dagbag.py:500} INFO - Filling up the DagBag from /home/airflow/.local/lib/python3.7/site-packages/airflow/example_dags/example_skip_dag.py
[2023-07-11 18:30:27,753] {processor.py:654} INFO - DAG(s) dict_keys(['example_skip_dag']) retrieved from /home/airflow/.local/lib/python3.7/site-packages/airflow/example_dags/example_skip_dag.py
[2023-07-11 18:30:27,809] {logging_mixin.py:109} INFO - [2023-07-11 18:30:27,808] {dag.py:2396} INFO - Sync 1 DAGs
[2023-07-11 18:30:27,869] {logging_mixin.py:109} INFO - [2023-07-11 18:30:27,869] {dag.py:2935} INFO - Setting next_dagrun for example_skip_dag to 2023-07-10T18:30:27.867178+00:00
[2023-07-11 18:30:27,891] {processor.py:171} INFO - Processing /home/airflow/.local/lib/python3.7/site-packages/airflow/example_dags/example_skip_dag.py took 0.325 seconds
[2023-07-11 18:30:58,705] {processor.py:163} INFO - Started process (PID=247) to work on /home/airflow/.local/lib/python3.7/site-packages/airflow/example_dags/example_skip_dag.py
[2023-07-11 18:30:58,708] {processor.py:642} INFO - Processing file /home/airflow/.local/lib/python3.7/site-packages/airflow/example_dags/example_skip_dag.py for tasks to queue
[2023-07-11 18:30:58,710] {logging_mixin.py:109} INFO - [2023-07-11 18:30:58,710] {dagbag.py:500} INFO - Filling up the DagBag from /home/airflow/.local/lib/python3.7/site-packages/airflow/example_dags/example_skip_dag.py
[2023-07-11 18:30:58,761] {processor.py:654} INFO - DAG(s) dict_keys(['example_skip_dag']) retrieved from /home/airflow/.local/lib/python3.7/site-packages/airflow/example_dags/example_skip_dag.py
[2023-07-11 18:30:58,779] {logging_mixin.py:109} INFO - [2023-07-11 18:30:58,779] {dag.py:2396} INFO - Sync 1 DAGs
[2023-07-11 18:30:58,803] {logging_mixin.py:109} INFO - [2023-07-11 18:30:58,803] {dag.py:2935} INFO - Setting next_dagrun for example_skip_dag to 2023-07-10T18:30:58.802731+00:00
[2023-07-11 18:30:58,820] {processor.py:171} INFO - Processing /home/airflow/.local/lib/python3.7/site-packages/airflow/example_dags/example_skip_dag.py took 0.120 seconds
[2023-07-11 18:31:29,673] {processor.py:163} INFO - Started process (PID=328) to work on /home/airflow/.local/lib/python3.7/site-packages/airflow/example_dags/example_skip_dag.py
[2023-07-11 18:31:29,675] {processor.py:642} INFO - Processing file /home/airflow/.local/lib/python3.7/site-packages/airflow/example_dags/example_skip_dag.py for tasks to queue
[2023-07-11 18:31:29,675] {logging_mixin.py:109} INFO - [2023-07-11 18:31:29,675] {dagbag.py:500} INFO - Filling up the DagBag from /home/airflow/.local/lib/python3.7/site-packages/airflow/example_dags/example_skip_dag.py
[2023-07-11 18:31:29,700] {processor.py:654} INFO - DAG(s) dict_keys(['example_skip_dag']) retrieved from /home/airflow/.local/lib/python3.7/site-packages/airflow/example_dags/example_skip_dag.py
[2023-07-11 18:31:29,711] {logging_mixin.py:109} INFO - [2023-07-11 18:31:29,711] {dag.py:2396} INFO - Sync 1 DAGs
[2023-07-11 18:31:29,726] {logging_mixin.py:109} INFO - [2023-07-11 18:31:29,726] {dag.py:2935} INFO - Setting next_dagrun for example_skip_dag to 2023-07-10T18:31:29.725922+00:00
[2023-07-11 18:31:29,736] {processor.py:171} INFO - Processing /home/airflow/.local/lib/python3.7/site-packages/airflow/example_dags/example_skip_dag.py took 0.066 seconds
