[2023-07-11 18:22:44,512] {processor.py:163} INFO - Started process (PID=67) to work on /home/airflow/.local/lib/python3.7/site-packages/airflow/example_dags/example_branch_day_of_week_operator.py
[2023-07-11 18:22:44,516] {processor.py:642} INFO - Processing file /home/airflow/.local/lib/python3.7/site-packages/airflow/example_dags/example_branch_day_of_week_operator.py for tasks to queue
[2023-07-11 18:22:44,517] {logging_mixin.py:109} INFO - [2023-07-11 18:22:44,517] {dagbag.py:500} INFO - Filling up the DagBag from /home/airflow/.local/lib/python3.7/site-packages/airflow/example_dags/example_branch_day_of_week_operator.py
[2023-07-11 18:22:44,601] {processor.py:654} INFO - DAG(s) dict_keys(['example_weekday_branch_operator']) retrieved from /home/airflow/.local/lib/python3.7/site-packages/airflow/example_dags/example_branch_day_of_week_operator.py
[2023-07-11 18:22:44,633] {logging_mixin.py:109} INFO - [2023-07-11 18:22:44,632] {dag.py:2396} INFO - Sync 1 DAGs
[2023-07-11 18:22:44,675] {logging_mixin.py:109} INFO - [2023-07-11 18:22:44,674] {dag.py:2935} INFO - Setting next_dagrun for example_weekday_branch_operator to 2023-07-10 00:00:00+00:00
[2023-07-11 18:22:44,705] {processor.py:171} INFO - Processing /home/airflow/.local/lib/python3.7/site-packages/airflow/example_dags/example_branch_day_of_week_operator.py took 0.206 seconds
[2023-07-11 18:23:15,501] {processor.py:163} INFO - Started process (PID=136) to work on /home/airflow/.local/lib/python3.7/site-packages/airflow/example_dags/example_branch_day_of_week_operator.py
[2023-07-11 18:23:15,503] {processor.py:642} INFO - Processing file /home/airflow/.local/lib/python3.7/site-packages/airflow/example_dags/example_branch_day_of_week_operator.py for tasks to queue
[2023-07-11 18:23:15,504] {logging_mixin.py:109} INFO - [2023-07-11 18:23:15,504] {dagbag.py:500} INFO - Filling up the DagBag from /home/airflow/.local/lib/python3.7/site-packages/airflow/example_dags/example_branch_day_of_week_operator.py
[2023-07-11 18:23:15,560] {processor.py:654} INFO - DAG(s) dict_keys(['example_weekday_branch_operator']) retrieved from /home/airflow/.local/lib/python3.7/site-packages/airflow/example_dags/example_branch_day_of_week_operator.py
[2023-07-11 18:23:15,577] {logging_mixin.py:109} INFO - [2023-07-11 18:23:15,577] {dag.py:2396} INFO - Sync 1 DAGs
[2023-07-11 18:23:15,602] {logging_mixin.py:109} INFO - [2023-07-11 18:23:15,602] {dag.py:2935} INFO - Setting next_dagrun for example_weekday_branch_operator to 2023-07-10 00:00:00+00:00
[2023-07-11 18:23:15,618] {processor.py:171} INFO - Processing /home/airflow/.local/lib/python3.7/site-packages/airflow/example_dags/example_branch_day_of_week_operator.py took 0.123 seconds
[2023-07-11 18:23:45,780] {processor.py:163} INFO - Started process (PID=215) to work on /home/airflow/.local/lib/python3.7/site-packages/airflow/example_dags/example_branch_day_of_week_operator.py
[2023-07-11 18:23:45,782] {processor.py:642} INFO - Processing file /home/airflow/.local/lib/python3.7/site-packages/airflow/example_dags/example_branch_day_of_week_operator.py for tasks to queue
[2023-07-11 18:23:45,783] {logging_mixin.py:109} INFO - [2023-07-11 18:23:45,783] {dagbag.py:500} INFO - Filling up the DagBag from /home/airflow/.local/lib/python3.7/site-packages/airflow/example_dags/example_branch_day_of_week_operator.py
[2023-07-11 18:23:45,821] {processor.py:654} INFO - DAG(s) dict_keys(['example_weekday_branch_operator']) retrieved from /home/airflow/.local/lib/python3.7/site-packages/airflow/example_dags/example_branch_day_of_week_operator.py
[2023-07-11 18:23:45,834] {logging_mixin.py:109} INFO - [2023-07-11 18:23:45,834] {dag.py:2396} INFO - Sync 1 DAGs
[2023-07-11 18:23:45,860] {logging_mixin.py:109} INFO - [2023-07-11 18:23:45,859] {dag.py:2935} INFO - Setting next_dagrun for example_weekday_branch_operator to 2023-07-10 00:00:00+00:00
[2023-07-11 18:23:45,876] {processor.py:171} INFO - Processing /home/airflow/.local/lib/python3.7/site-packages/airflow/example_dags/example_branch_day_of_week_operator.py took 0.101 seconds
[2023-07-11 18:24:16,427] {processor.py:163} INFO - Started process (PID=295) to work on /home/airflow/.local/lib/python3.7/site-packages/airflow/example_dags/example_branch_day_of_week_operator.py
[2023-07-11 18:24:16,429] {processor.py:642} INFO - Processing file /home/airflow/.local/lib/python3.7/site-packages/airflow/example_dags/example_branch_day_of_week_operator.py for tasks to queue
[2023-07-11 18:24:16,430] {logging_mixin.py:109} INFO - [2023-07-11 18:24:16,430] {dagbag.py:500} INFO - Filling up the DagBag from /home/airflow/.local/lib/python3.7/site-packages/airflow/example_dags/example_branch_day_of_week_operator.py
[2023-07-11 18:24:16,506] {processor.py:654} INFO - DAG(s) dict_keys(['example_weekday_branch_operator']) retrieved from /home/airflow/.local/lib/python3.7/site-packages/airflow/example_dags/example_branch_day_of_week_operator.py
[2023-07-11 18:24:16,543] {logging_mixin.py:109} INFO - [2023-07-11 18:24:16,542] {dag.py:2396} INFO - Sync 1 DAGs
[2023-07-11 18:24:16,612] {logging_mixin.py:109} INFO - [2023-07-11 18:24:16,612] {dag.py:2935} INFO - Setting next_dagrun for example_weekday_branch_operator to 2023-07-10 00:00:00+00:00
[2023-07-11 18:24:16,634] {processor.py:171} INFO - Processing /home/airflow/.local/lib/python3.7/site-packages/airflow/example_dags/example_branch_day_of_week_operator.py took 0.212 seconds
[2023-07-11 18:24:46,981] {processor.py:163} INFO - Started process (PID=374) to work on /home/airflow/.local/lib/python3.7/site-packages/airflow/example_dags/example_branch_day_of_week_operator.py
[2023-07-11 18:24:46,988] {processor.py:642} INFO - Processing file /home/airflow/.local/lib/python3.7/site-packages/airflow/example_dags/example_branch_day_of_week_operator.py for tasks to queue
[2023-07-11 18:24:46,990] {logging_mixin.py:109} INFO - [2023-07-11 18:24:46,990] {dagbag.py:500} INFO - Filling up the DagBag from /home/airflow/.local/lib/python3.7/site-packages/airflow/example_dags/example_branch_day_of_week_operator.py
[2023-07-11 18:24:47,125] {processor.py:654} INFO - DAG(s) dict_keys(['example_weekday_branch_operator']) retrieved from /home/airflow/.local/lib/python3.7/site-packages/airflow/example_dags/example_branch_day_of_week_operator.py
[2023-07-11 18:24:47,163] {logging_mixin.py:109} INFO - [2023-07-11 18:24:47,163] {dag.py:2396} INFO - Sync 1 DAGs
[2023-07-11 18:24:47,244] {logging_mixin.py:109} INFO - [2023-07-11 18:24:47,243] {dag.py:2935} INFO - Setting next_dagrun for example_weekday_branch_operator to 2023-07-10 00:00:00+00:00
[2023-07-11 18:24:47,303] {processor.py:171} INFO - Processing /home/airflow/.local/lib/python3.7/site-packages/airflow/example_dags/example_branch_day_of_week_operator.py took 0.335 seconds
[2023-07-11 18:25:17,705] {processor.py:163} INFO - Started process (PID=454) to work on /home/airflow/.local/lib/python3.7/site-packages/airflow/example_dags/example_branch_day_of_week_operator.py
[2023-07-11 18:25:17,713] {processor.py:642} INFO - Processing file /home/airflow/.local/lib/python3.7/site-packages/airflow/example_dags/example_branch_day_of_week_operator.py for tasks to queue
[2023-07-11 18:25:17,715] {logging_mixin.py:109} INFO - [2023-07-11 18:25:17,714] {dagbag.py:500} INFO - Filling up the DagBag from /home/airflow/.local/lib/python3.7/site-packages/airflow/example_dags/example_branch_day_of_week_operator.py
[2023-07-11 18:25:17,812] {processor.py:654} INFO - DAG(s) dict_keys(['example_weekday_branch_operator']) retrieved from /home/airflow/.local/lib/python3.7/site-packages/airflow/example_dags/example_branch_day_of_week_operator.py
[2023-07-11 18:25:17,847] {logging_mixin.py:109} INFO - [2023-07-11 18:25:17,846] {dag.py:2396} INFO - Sync 1 DAGs
[2023-07-11 18:25:17,893] {logging_mixin.py:109} INFO - [2023-07-11 18:25:17,893] {dag.py:2935} INFO - Setting next_dagrun for example_weekday_branch_operator to 2023-07-10 00:00:00+00:00
[2023-07-11 18:25:17,917] {processor.py:171} INFO - Processing /home/airflow/.local/lib/python3.7/site-packages/airflow/example_dags/example_branch_day_of_week_operator.py took 0.224 seconds
[2023-07-11 18:25:48,211] {processor.py:163} INFO - Started process (PID=533) to work on /home/airflow/.local/lib/python3.7/site-packages/airflow/example_dags/example_branch_day_of_week_operator.py
[2023-07-11 18:25:48,214] {processor.py:642} INFO - Processing file /home/airflow/.local/lib/python3.7/site-packages/airflow/example_dags/example_branch_day_of_week_operator.py for tasks to queue
[2023-07-11 18:25:48,215] {logging_mixin.py:109} INFO - [2023-07-11 18:25:48,214] {dagbag.py:500} INFO - Filling up the DagBag from /home/airflow/.local/lib/python3.7/site-packages/airflow/example_dags/example_branch_day_of_week_operator.py
[2023-07-11 18:25:48,255] {processor.py:654} INFO - DAG(s) dict_keys(['example_weekday_branch_operator']) retrieved from /home/airflow/.local/lib/python3.7/site-packages/airflow/example_dags/example_branch_day_of_week_operator.py
[2023-07-11 18:25:48,272] {logging_mixin.py:109} INFO - [2023-07-11 18:25:48,272] {dag.py:2396} INFO - Sync 1 DAGs
[2023-07-11 18:25:48,304] {logging_mixin.py:109} INFO - [2023-07-11 18:25:48,304] {dag.py:2935} INFO - Setting next_dagrun for example_weekday_branch_operator to 2023-07-10 00:00:00+00:00
[2023-07-11 18:25:48,321] {processor.py:171} INFO - Processing /home/airflow/.local/lib/python3.7/site-packages/airflow/example_dags/example_branch_day_of_week_operator.py took 0.115 seconds
[2023-07-11 18:26:18,487] {processor.py:163} INFO - Started process (PID=613) to work on /home/airflow/.local/lib/python3.7/site-packages/airflow/example_dags/example_branch_day_of_week_operator.py
[2023-07-11 18:26:18,488] {processor.py:642} INFO - Processing file /home/airflow/.local/lib/python3.7/site-packages/airflow/example_dags/example_branch_day_of_week_operator.py for tasks to queue
[2023-07-11 18:26:18,489] {logging_mixin.py:109} INFO - [2023-07-11 18:26:18,489] {dagbag.py:500} INFO - Filling up the DagBag from /home/airflow/.local/lib/python3.7/site-packages/airflow/example_dags/example_branch_day_of_week_operator.py
[2023-07-11 18:26:18,518] {processor.py:654} INFO - DAG(s) dict_keys(['example_weekday_branch_operator']) retrieved from /home/airflow/.local/lib/python3.7/site-packages/airflow/example_dags/example_branch_day_of_week_operator.py
[2023-07-11 18:26:18,528] {logging_mixin.py:109} INFO - [2023-07-11 18:26:18,528] {dag.py:2396} INFO - Sync 1 DAGs
[2023-07-11 18:26:18,544] {logging_mixin.py:109} INFO - [2023-07-11 18:26:18,544] {dag.py:2935} INFO - Setting next_dagrun for example_weekday_branch_operator to 2023-07-10 00:00:00+00:00
[2023-07-11 18:26:18,556] {processor.py:171} INFO - Processing /home/airflow/.local/lib/python3.7/site-packages/airflow/example_dags/example_branch_day_of_week_operator.py took 0.073 seconds
[2023-07-11 18:26:48,845] {processor.py:163} INFO - Started process (PID=693) to work on /home/airflow/.local/lib/python3.7/site-packages/airflow/example_dags/example_branch_day_of_week_operator.py
[2023-07-11 18:26:48,846] {processor.py:642} INFO - Processing file /home/airflow/.local/lib/python3.7/site-packages/airflow/example_dags/example_branch_day_of_week_operator.py for tasks to queue
[2023-07-11 18:26:48,846] {logging_mixin.py:109} INFO - [2023-07-11 18:26:48,846] {dagbag.py:500} INFO - Filling up the DagBag from /home/airflow/.local/lib/python3.7/site-packages/airflow/example_dags/example_branch_day_of_week_operator.py
[2023-07-11 18:26:48,875] {processor.py:654} INFO - DAG(s) dict_keys(['example_weekday_branch_operator']) retrieved from /home/airflow/.local/lib/python3.7/site-packages/airflow/example_dags/example_branch_day_of_week_operator.py
[2023-07-11 18:26:48,885] {logging_mixin.py:109} INFO - [2023-07-11 18:26:48,885] {dag.py:2396} INFO - Sync 1 DAGs
[2023-07-11 18:26:48,903] {logging_mixin.py:109} INFO - [2023-07-11 18:26:48,902] {dag.py:2935} INFO - Setting next_dagrun for example_weekday_branch_operator to 2023-07-10 00:00:00+00:00
[2023-07-11 18:26:48,914] {processor.py:171} INFO - Processing /home/airflow/.local/lib/python3.7/site-packages/airflow/example_dags/example_branch_day_of_week_operator.py took 0.073 seconds
[2023-07-11 18:27:19,576] {processor.py:163} INFO - Started process (PID=773) to work on /home/airflow/.local/lib/python3.7/site-packages/airflow/example_dags/example_branch_day_of_week_operator.py
[2023-07-11 18:27:19,628] {processor.py:642} INFO - Processing file /home/airflow/.local/lib/python3.7/site-packages/airflow/example_dags/example_branch_day_of_week_operator.py for tasks to queue
[2023-07-11 18:27:19,629] {logging_mixin.py:109} INFO - [2023-07-11 18:27:19,629] {dagbag.py:500} INFO - Filling up the DagBag from /home/airflow/.local/lib/python3.7/site-packages/airflow/example_dags/example_branch_day_of_week_operator.py
[2023-07-11 18:27:19,668] {processor.py:654} INFO - DAG(s) dict_keys(['example_weekday_branch_operator']) retrieved from /home/airflow/.local/lib/python3.7/site-packages/airflow/example_dags/example_branch_day_of_week_operator.py
[2023-07-11 18:27:19,685] {logging_mixin.py:109} INFO - [2023-07-11 18:27:19,685] {dag.py:2396} INFO - Sync 1 DAGs
[2023-07-11 18:27:19,711] {logging_mixin.py:109} INFO - [2023-07-11 18:27:19,711] {dag.py:2935} INFO - Setting next_dagrun for example_weekday_branch_operator to 2023-07-10 00:00:00+00:00
[2023-07-11 18:27:19,726] {processor.py:171} INFO - Processing /home/airflow/.local/lib/python3.7/site-packages/airflow/example_dags/example_branch_day_of_week_operator.py took 0.157 seconds
[2023-07-11 18:27:50,079] {processor.py:163} INFO - Started process (PID=853) to work on /home/airflow/.local/lib/python3.7/site-packages/airflow/example_dags/example_branch_day_of_week_operator.py
[2023-07-11 18:27:50,083] {processor.py:642} INFO - Processing file /home/airflow/.local/lib/python3.7/site-packages/airflow/example_dags/example_branch_day_of_week_operator.py for tasks to queue
[2023-07-11 18:27:50,084] {logging_mixin.py:109} INFO - [2023-07-11 18:27:50,084] {dagbag.py:500} INFO - Filling up the DagBag from /home/airflow/.local/lib/python3.7/site-packages/airflow/example_dags/example_branch_day_of_week_operator.py
[2023-07-11 18:27:50,150] {processor.py:654} INFO - DAG(s) dict_keys(['example_weekday_branch_operator']) retrieved from /home/airflow/.local/lib/python3.7/site-packages/airflow/example_dags/example_branch_day_of_week_operator.py
[2023-07-11 18:27:50,169] {logging_mixin.py:109} INFO - [2023-07-11 18:27:50,169] {dag.py:2396} INFO - Sync 1 DAGs
[2023-07-11 18:27:50,203] {logging_mixin.py:109} INFO - [2023-07-11 18:27:50,202] {dag.py:2935} INFO - Setting next_dagrun for example_weekday_branch_operator to 2023-07-10 00:00:00+00:00
[2023-07-11 18:27:50,223] {processor.py:171} INFO - Processing /home/airflow/.local/lib/python3.7/site-packages/airflow/example_dags/example_branch_day_of_week_operator.py took 0.154 seconds
[2023-07-11 18:28:21,214] {processor.py:163} INFO - Started process (PID=933) to work on /home/airflow/.local/lib/python3.7/site-packages/airflow/example_dags/example_branch_day_of_week_operator.py
[2023-07-11 18:28:21,217] {processor.py:642} INFO - Processing file /home/airflow/.local/lib/python3.7/site-packages/airflow/example_dags/example_branch_day_of_week_operator.py for tasks to queue
[2023-07-11 18:28:21,218] {logging_mixin.py:109} INFO - [2023-07-11 18:28:21,218] {dagbag.py:500} INFO - Filling up the DagBag from /home/airflow/.local/lib/python3.7/site-packages/airflow/example_dags/example_branch_day_of_week_operator.py
[2023-07-11 18:28:21,307] {processor.py:654} INFO - DAG(s) dict_keys(['example_weekday_branch_operator']) retrieved from /home/airflow/.local/lib/python3.7/site-packages/airflow/example_dags/example_branch_day_of_week_operator.py
[2023-07-11 18:28:21,332] {logging_mixin.py:109} INFO - [2023-07-11 18:28:21,332] {dag.py:2396} INFO - Sync 1 DAGs
[2023-07-11 18:28:21,386] {logging_mixin.py:109} INFO - [2023-07-11 18:28:21,385] {dag.py:2935} INFO - Setting next_dagrun for example_weekday_branch_operator to 2023-07-10 00:00:00+00:00
[2023-07-11 18:28:21,407] {processor.py:171} INFO - Processing /home/airflow/.local/lib/python3.7/site-packages/airflow/example_dags/example_branch_day_of_week_operator.py took 0.198 seconds
[2023-07-11 18:29:52,929] {processor.py:163} INFO - Started process (PID=64) to work on /home/airflow/.local/lib/python3.7/site-packages/airflow/example_dags/example_branch_day_of_week_operator.py
[2023-07-11 18:29:52,939] {processor.py:642} INFO - Processing file /home/airflow/.local/lib/python3.7/site-packages/airflow/example_dags/example_branch_day_of_week_operator.py for tasks to queue
[2023-07-11 18:29:52,943] {logging_mixin.py:109} INFO - [2023-07-11 18:29:52,943] {dagbag.py:500} INFO - Filling up the DagBag from /home/airflow/.local/lib/python3.7/site-packages/airflow/example_dags/example_branch_day_of_week_operator.py
[2023-07-11 18:29:53,111] {processor.py:654} INFO - DAG(s) dict_keys(['example_weekday_branch_operator']) retrieved from /home/airflow/.local/lib/python3.7/site-packages/airflow/example_dags/example_branch_day_of_week_operator.py
[2023-07-11 18:29:53,140] {logging_mixin.py:109} INFO - [2023-07-11 18:29:53,139] {dag.py:2396} INFO - Sync 1 DAGs
[2023-07-11 18:29:53,210] {logging_mixin.py:109} INFO - [2023-07-11 18:29:53,210] {dag.py:2935} INFO - Setting next_dagrun for example_weekday_branch_operator to 2023-07-10 00:00:00+00:00
[2023-07-11 18:29:53,245] {processor.py:171} INFO - Processing /home/airflow/.local/lib/python3.7/site-packages/airflow/example_dags/example_branch_day_of_week_operator.py took 0.341 seconds
[2023-07-11 18:30:23,593] {processor.py:163} INFO - Started process (PID=135) to work on /home/airflow/.local/lib/python3.7/site-packages/airflow/example_dags/example_branch_day_of_week_operator.py
[2023-07-11 18:30:23,595] {processor.py:642} INFO - Processing file /home/airflow/.local/lib/python3.7/site-packages/airflow/example_dags/example_branch_day_of_week_operator.py for tasks to queue
[2023-07-11 18:30:23,597] {logging_mixin.py:109} INFO - [2023-07-11 18:30:23,596] {dagbag.py:500} INFO - Filling up the DagBag from /home/airflow/.local/lib/python3.7/site-packages/airflow/example_dags/example_branch_day_of_week_operator.py
[2023-07-11 18:30:23,647] {processor.py:654} INFO - DAG(s) dict_keys(['example_weekday_branch_operator']) retrieved from /home/airflow/.local/lib/python3.7/site-packages/airflow/example_dags/example_branch_day_of_week_operator.py
[2023-07-11 18:30:23,661] {logging_mixin.py:109} INFO - [2023-07-11 18:30:23,661] {dag.py:2396} INFO - Sync 1 DAGs
[2023-07-11 18:30:23,686] {logging_mixin.py:109} INFO - [2023-07-11 18:30:23,686] {dag.py:2935} INFO - Setting next_dagrun for example_weekday_branch_operator to 2023-07-10 00:00:00+00:00
[2023-07-11 18:30:23,698] {processor.py:171} INFO - Processing /home/airflow/.local/lib/python3.7/site-packages/airflow/example_dags/example_branch_day_of_week_operator.py took 0.110 seconds
[2023-07-11 18:30:54,168] {processor.py:163} INFO - Started process (PID=224) to work on /home/airflow/.local/lib/python3.7/site-packages/airflow/example_dags/example_branch_day_of_week_operator.py
[2023-07-11 18:30:54,169] {processor.py:642} INFO - Processing file /home/airflow/.local/lib/python3.7/site-packages/airflow/example_dags/example_branch_day_of_week_operator.py for tasks to queue
[2023-07-11 18:30:54,170] {logging_mixin.py:109} INFO - [2023-07-11 18:30:54,170] {dagbag.py:500} INFO - Filling up the DagBag from /home/airflow/.local/lib/python3.7/site-packages/airflow/example_dags/example_branch_day_of_week_operator.py
[2023-07-11 18:30:54,216] {processor.py:654} INFO - DAG(s) dict_keys(['example_weekday_branch_operator']) retrieved from /home/airflow/.local/lib/python3.7/site-packages/airflow/example_dags/example_branch_day_of_week_operator.py
[2023-07-11 18:30:54,229] {logging_mixin.py:109} INFO - [2023-07-11 18:30:54,229] {dag.py:2396} INFO - Sync 1 DAGs
[2023-07-11 18:30:54,256] {logging_mixin.py:109} INFO - [2023-07-11 18:30:54,255] {dag.py:2935} INFO - Setting next_dagrun for example_weekday_branch_operator to 2023-07-10 00:00:00+00:00
[2023-07-11 18:30:54,272] {processor.py:171} INFO - Processing /home/airflow/.local/lib/python3.7/site-packages/airflow/example_dags/example_branch_day_of_week_operator.py took 0.108 seconds
[2023-07-11 18:31:24,349] {processor.py:163} INFO - Started process (PID=304) to work on /home/airflow/.local/lib/python3.7/site-packages/airflow/example_dags/example_branch_day_of_week_operator.py
[2023-07-11 18:31:24,351] {processor.py:642} INFO - Processing file /home/airflow/.local/lib/python3.7/site-packages/airflow/example_dags/example_branch_day_of_week_operator.py for tasks to queue
[2023-07-11 18:31:24,351] {logging_mixin.py:109} INFO - [2023-07-11 18:31:24,351] {dagbag.py:500} INFO - Filling up the DagBag from /home/airflow/.local/lib/python3.7/site-packages/airflow/example_dags/example_branch_day_of_week_operator.py
[2023-07-11 18:31:24,388] {processor.py:654} INFO - DAG(s) dict_keys(['example_weekday_branch_operator']) retrieved from /home/airflow/.local/lib/python3.7/site-packages/airflow/example_dags/example_branch_day_of_week_operator.py
[2023-07-11 18:31:24,408] {logging_mixin.py:109} INFO - [2023-07-11 18:31:24,408] {dag.py:2396} INFO - Sync 1 DAGs
[2023-07-11 18:31:24,437] {logging_mixin.py:109} INFO - [2023-07-11 18:31:24,437] {dag.py:2935} INFO - Setting next_dagrun for example_weekday_branch_operator to 2023-07-10 00:00:00+00:00
[2023-07-11 18:31:24,458] {processor.py:171} INFO - Processing /home/airflow/.local/lib/python3.7/site-packages/airflow/example_dags/example_branch_day_of_week_operator.py took 0.114 seconds
[2023-07-11 18:31:54,708] {processor.py:163} INFO - Started process (PID=384) to work on /home/airflow/.local/lib/python3.7/site-packages/airflow/example_dags/example_branch_day_of_week_operator.py
[2023-07-11 18:31:54,709] {processor.py:642} INFO - Processing file /home/airflow/.local/lib/python3.7/site-packages/airflow/example_dags/example_branch_day_of_week_operator.py for tasks to queue
[2023-07-11 18:31:54,710] {logging_mixin.py:109} INFO - [2023-07-11 18:31:54,710] {dagbag.py:500} INFO - Filling up the DagBag from /home/airflow/.local/lib/python3.7/site-packages/airflow/example_dags/example_branch_day_of_week_operator.py
[2023-07-11 18:31:54,760] {processor.py:654} INFO - DAG(s) dict_keys(['example_weekday_branch_operator']) retrieved from /home/airflow/.local/lib/python3.7/site-packages/airflow/example_dags/example_branch_day_of_week_operator.py
[2023-07-11 18:31:54,777] {logging_mixin.py:109} INFO - [2023-07-11 18:31:54,776] {dag.py:2396} INFO - Sync 1 DAGs
[2023-07-11 18:31:54,808] {logging_mixin.py:109} INFO - [2023-07-11 18:31:54,807] {dag.py:2935} INFO - Setting next_dagrun for example_weekday_branch_operator to 2023-07-10 00:00:00+00:00
[2023-07-11 18:31:54,826] {processor.py:171} INFO - Processing /home/airflow/.local/lib/python3.7/site-packages/airflow/example_dags/example_branch_day_of_week_operator.py took 0.124 seconds
