[2023-07-11 18:22:47,048] {processor.py:163} INFO - Started process (PID=82) to work on /home/airflow/.local/lib/python3.7/site-packages/airflow/example_dags/example_complex.py
[2023-07-11 18:22:47,049] {processor.py:642} INFO - Processing file /home/airflow/.local/lib/python3.7/site-packages/airflow/example_dags/example_complex.py for tasks to queue
[2023-07-11 18:22:47,050] {logging_mixin.py:109} INFO - [2023-07-11 18:22:47,050] {dagbag.py:500} INFO - Filling up the DagBag from /home/airflow/.local/lib/python3.7/site-packages/airflow/example_dags/example_complex.py
[2023-07-11 18:22:47,109] {processor.py:654} INFO - DAG(s) dict_keys(['example_complex']) retrieved from /home/airflow/.local/lib/python3.7/site-packages/airflow/example_dags/example_complex.py
[2023-07-11 18:22:47,139] {logging_mixin.py:109} INFO - [2023-07-11 18:22:47,139] {dag.py:2396} INFO - Sync 1 DAGs
[2023-07-11 18:22:47,167] {logging_mixin.py:109} INFO - [2023-07-11 18:22:47,167] {dag.py:2935} INFO - Setting next_dagrun for example_complex to None
[2023-07-11 18:22:47,210] {processor.py:171} INFO - Processing /home/airflow/.local/lib/python3.7/site-packages/airflow/example_dags/example_complex.py took 0.167 seconds
[2023-07-11 18:23:17,943] {processor.py:163} INFO - Started process (PID=151) to work on /home/airflow/.local/lib/python3.7/site-packages/airflow/example_dags/example_complex.py
[2023-07-11 18:23:17,944] {processor.py:642} INFO - Processing file /home/airflow/.local/lib/python3.7/site-packages/airflow/example_dags/example_complex.py for tasks to queue
[2023-07-11 18:23:17,945] {logging_mixin.py:109} INFO - [2023-07-11 18:23:17,945] {dagbag.py:500} INFO - Filling up the DagBag from /home/airflow/.local/lib/python3.7/site-packages/airflow/example_dags/example_complex.py
[2023-07-11 18:23:17,987] {processor.py:654} INFO - DAG(s) dict_keys(['example_complex']) retrieved from /home/airflow/.local/lib/python3.7/site-packages/airflow/example_dags/example_complex.py
[2023-07-11 18:23:18,004] {logging_mixin.py:109} INFO - [2023-07-11 18:23:18,004] {dag.py:2396} INFO - Sync 1 DAGs
[2023-07-11 18:23:18,024] {logging_mixin.py:109} INFO - [2023-07-11 18:23:18,024] {dag.py:2935} INFO - Setting next_dagrun for example_complex to None
[2023-07-11 18:23:18,039] {processor.py:171} INFO - Processing /home/airflow/.local/lib/python3.7/site-packages/airflow/example_dags/example_complex.py took 0.100 seconds
[2023-07-11 18:23:48,589] {processor.py:163} INFO - Started process (PID=231) to work on /home/airflow/.local/lib/python3.7/site-packages/airflow/example_dags/example_complex.py
[2023-07-11 18:23:48,591] {processor.py:642} INFO - Processing file /home/airflow/.local/lib/python3.7/site-packages/airflow/example_dags/example_complex.py for tasks to queue
[2023-07-11 18:23:48,592] {logging_mixin.py:109} INFO - [2023-07-11 18:23:48,592] {dagbag.py:500} INFO - Filling up the DagBag from /home/airflow/.local/lib/python3.7/site-packages/airflow/example_dags/example_complex.py
[2023-07-11 18:23:48,634] {processor.py:654} INFO - DAG(s) dict_keys(['example_complex']) retrieved from /home/airflow/.local/lib/python3.7/site-packages/airflow/example_dags/example_complex.py
[2023-07-11 18:23:48,652] {logging_mixin.py:109} INFO - [2023-07-11 18:23:48,652] {dag.py:2396} INFO - Sync 1 DAGs
[2023-07-11 18:23:48,669] {logging_mixin.py:109} INFO - [2023-07-11 18:23:48,669] {dag.py:2935} INFO - Setting next_dagrun for example_complex to None
[2023-07-11 18:23:48,679] {processor.py:171} INFO - Processing /home/airflow/.local/lib/python3.7/site-packages/airflow/example_dags/example_complex.py took 0.094 seconds
[2023-07-11 18:24:19,558] {processor.py:163} INFO - Started process (PID=311) to work on /home/airflow/.local/lib/python3.7/site-packages/airflow/example_dags/example_complex.py
[2023-07-11 18:24:19,559] {processor.py:642} INFO - Processing file /home/airflow/.local/lib/python3.7/site-packages/airflow/example_dags/example_complex.py for tasks to queue
[2023-07-11 18:24:19,560] {logging_mixin.py:109} INFO - [2023-07-11 18:24:19,560] {dagbag.py:500} INFO - Filling up the DagBag from /home/airflow/.local/lib/python3.7/site-packages/airflow/example_dags/example_complex.py
[2023-07-11 18:24:19,602] {processor.py:654} INFO - DAG(s) dict_keys(['example_complex']) retrieved from /home/airflow/.local/lib/python3.7/site-packages/airflow/example_dags/example_complex.py
[2023-07-11 18:24:19,621] {logging_mixin.py:109} INFO - [2023-07-11 18:24:19,621] {dag.py:2396} INFO - Sync 1 DAGs
[2023-07-11 18:24:19,642] {logging_mixin.py:109} INFO - [2023-07-11 18:24:19,642] {dag.py:2935} INFO - Setting next_dagrun for example_complex to None
[2023-07-11 18:24:19,656] {processor.py:171} INFO - Processing /home/airflow/.local/lib/python3.7/site-packages/airflow/example_dags/example_complex.py took 0.102 seconds
[2023-07-11 18:24:50,322] {processor.py:163} INFO - Started process (PID=391) to work on /home/airflow/.local/lib/python3.7/site-packages/airflow/example_dags/example_complex.py
[2023-07-11 18:24:50,324] {processor.py:642} INFO - Processing file /home/airflow/.local/lib/python3.7/site-packages/airflow/example_dags/example_complex.py for tasks to queue
[2023-07-11 18:24:50,325] {logging_mixin.py:109} INFO - [2023-07-11 18:24:50,325] {dagbag.py:500} INFO - Filling up the DagBag from /home/airflow/.local/lib/python3.7/site-packages/airflow/example_dags/example_complex.py
[2023-07-11 18:24:50,399] {processor.py:654} INFO - DAG(s) dict_keys(['example_complex']) retrieved from /home/airflow/.local/lib/python3.7/site-packages/airflow/example_dags/example_complex.py
[2023-07-11 18:24:50,440] {logging_mixin.py:109} INFO - [2023-07-11 18:24:50,439] {dag.py:2396} INFO - Sync 1 DAGs
[2023-07-11 18:24:50,473] {logging_mixin.py:109} INFO - [2023-07-11 18:24:50,473] {dag.py:2935} INFO - Setting next_dagrun for example_complex to None
[2023-07-11 18:24:50,528] {processor.py:171} INFO - Processing /home/airflow/.local/lib/python3.7/site-packages/airflow/example_dags/example_complex.py took 0.214 seconds
[2023-07-11 18:25:20,828] {processor.py:163} INFO - Started process (PID=470) to work on /home/airflow/.local/lib/python3.7/site-packages/airflow/example_dags/example_complex.py
[2023-07-11 18:25:20,830] {processor.py:642} INFO - Processing file /home/airflow/.local/lib/python3.7/site-packages/airflow/example_dags/example_complex.py for tasks to queue
[2023-07-11 18:25:20,831] {logging_mixin.py:109} INFO - [2023-07-11 18:25:20,830] {dagbag.py:500} INFO - Filling up the DagBag from /home/airflow/.local/lib/python3.7/site-packages/airflow/example_dags/example_complex.py
[2023-07-11 18:25:20,897] {processor.py:654} INFO - DAG(s) dict_keys(['example_complex']) retrieved from /home/airflow/.local/lib/python3.7/site-packages/airflow/example_dags/example_complex.py
[2023-07-11 18:25:20,925] {logging_mixin.py:109} INFO - [2023-07-11 18:25:20,925] {dag.py:2396} INFO - Sync 1 DAGs
[2023-07-11 18:25:20,952] {logging_mixin.py:109} INFO - [2023-07-11 18:25:20,951] {dag.py:2935} INFO - Setting next_dagrun for example_complex to None
[2023-07-11 18:25:20,970] {processor.py:171} INFO - Processing /home/airflow/.local/lib/python3.7/site-packages/airflow/example_dags/example_complex.py took 0.146 seconds
[2023-07-11 18:25:52,710] {processor.py:163} INFO - Started process (PID=559) to work on /home/airflow/.local/lib/python3.7/site-packages/airflow/example_dags/example_complex.py
[2023-07-11 18:25:52,713] {processor.py:642} INFO - Processing file /home/airflow/.local/lib/python3.7/site-packages/airflow/example_dags/example_complex.py for tasks to queue
[2023-07-11 18:25:52,714] {logging_mixin.py:109} INFO - [2023-07-11 18:25:52,714] {dagbag.py:500} INFO - Filling up the DagBag from /home/airflow/.local/lib/python3.7/site-packages/airflow/example_dags/example_complex.py
[2023-07-11 18:25:52,787] {processor.py:654} INFO - DAG(s) dict_keys(['example_complex']) retrieved from /home/airflow/.local/lib/python3.7/site-packages/airflow/example_dags/example_complex.py
[2023-07-11 18:25:52,837] {logging_mixin.py:109} INFO - [2023-07-11 18:25:52,836] {dag.py:2396} INFO - Sync 1 DAGs
[2023-07-11 18:25:52,887] {logging_mixin.py:109} INFO - [2023-07-11 18:25:52,887] {dag.py:2935} INFO - Setting next_dagrun for example_complex to None
[2023-07-11 18:25:52,917] {processor.py:171} INFO - Processing /home/airflow/.local/lib/python3.7/site-packages/airflow/example_dags/example_complex.py took 0.215 seconds
[2023-07-11 18:26:23,733] {processor.py:163} INFO - Started process (PID=639) to work on /home/airflow/.local/lib/python3.7/site-packages/airflow/example_dags/example_complex.py
[2023-07-11 18:26:23,736] {processor.py:642} INFO - Processing file /home/airflow/.local/lib/python3.7/site-packages/airflow/example_dags/example_complex.py for tasks to queue
[2023-07-11 18:26:23,737] {logging_mixin.py:109} INFO - [2023-07-11 18:26:23,737] {dagbag.py:500} INFO - Filling up the DagBag from /home/airflow/.local/lib/python3.7/site-packages/airflow/example_dags/example_complex.py
[2023-07-11 18:26:23,799] {processor.py:654} INFO - DAG(s) dict_keys(['example_complex']) retrieved from /home/airflow/.local/lib/python3.7/site-packages/airflow/example_dags/example_complex.py
[2023-07-11 18:26:23,827] {logging_mixin.py:109} INFO - [2023-07-11 18:26:23,827] {dag.py:2396} INFO - Sync 1 DAGs
[2023-07-11 18:26:23,855] {logging_mixin.py:109} INFO - [2023-07-11 18:26:23,855] {dag.py:2935} INFO - Setting next_dagrun for example_complex to None
[2023-07-11 18:26:23,873] {processor.py:171} INFO - Processing /home/airflow/.local/lib/python3.7/site-packages/airflow/example_dags/example_complex.py took 0.146 seconds
[2023-07-11 18:26:55,147] {processor.py:163} INFO - Started process (PID=719) to work on /home/airflow/.local/lib/python3.7/site-packages/airflow/example_dags/example_complex.py
[2023-07-11 18:26:55,149] {processor.py:642} INFO - Processing file /home/airflow/.local/lib/python3.7/site-packages/airflow/example_dags/example_complex.py for tasks to queue
[2023-07-11 18:26:55,150] {logging_mixin.py:109} INFO - [2023-07-11 18:26:55,150] {dagbag.py:500} INFO - Filling up the DagBag from /home/airflow/.local/lib/python3.7/site-packages/airflow/example_dags/example_complex.py
[2023-07-11 18:26:55,325] {processor.py:654} INFO - DAG(s) dict_keys(['example_complex']) retrieved from /home/airflow/.local/lib/python3.7/site-packages/airflow/example_dags/example_complex.py
[2023-07-11 18:26:55,432] {logging_mixin.py:109} INFO - [2023-07-11 18:26:55,431] {dag.py:2396} INFO - Sync 1 DAGs
[2023-07-11 18:26:55,509] {logging_mixin.py:109} INFO - [2023-07-11 18:26:55,508] {dag.py:2935} INFO - Setting next_dagrun for example_complex to None
[2023-07-11 18:26:55,555] {processor.py:171} INFO - Processing /home/airflow/.local/lib/python3.7/site-packages/airflow/example_dags/example_complex.py took 0.423 seconds
[2023-07-11 18:27:26,583] {processor.py:163} INFO - Started process (PID=799) to work on /home/airflow/.local/lib/python3.7/site-packages/airflow/example_dags/example_complex.py
[2023-07-11 18:27:26,586] {processor.py:642} INFO - Processing file /home/airflow/.local/lib/python3.7/site-packages/airflow/example_dags/example_complex.py for tasks to queue
[2023-07-11 18:27:26,588] {logging_mixin.py:109} INFO - [2023-07-11 18:27:26,587] {dagbag.py:500} INFO - Filling up the DagBag from /home/airflow/.local/lib/python3.7/site-packages/airflow/example_dags/example_complex.py
[2023-07-11 18:27:26,659] {processor.py:654} INFO - DAG(s) dict_keys(['example_complex']) retrieved from /home/airflow/.local/lib/python3.7/site-packages/airflow/example_dags/example_complex.py
[2023-07-11 18:27:26,700] {logging_mixin.py:109} INFO - [2023-07-11 18:27:26,700] {dag.py:2396} INFO - Sync 1 DAGs
[2023-07-11 18:27:26,734] {logging_mixin.py:109} INFO - [2023-07-11 18:27:26,734] {dag.py:2935} INFO - Setting next_dagrun for example_complex to None
[2023-07-11 18:27:26,755] {processor.py:171} INFO - Processing /home/airflow/.local/lib/python3.7/site-packages/airflow/example_dags/example_complex.py took 0.178 seconds
[2023-07-11 18:27:57,694] {processor.py:163} INFO - Started process (PID=870) to work on /home/airflow/.local/lib/python3.7/site-packages/airflow/example_dags/example_complex.py
[2023-07-11 18:27:57,699] {processor.py:642} INFO - Processing file /home/airflow/.local/lib/python3.7/site-packages/airflow/example_dags/example_complex.py for tasks to queue
[2023-07-11 18:27:57,701] {logging_mixin.py:109} INFO - [2023-07-11 18:27:57,700] {dagbag.py:500} INFO - Filling up the DagBag from /home/airflow/.local/lib/python3.7/site-packages/airflow/example_dags/example_complex.py
[2023-07-11 18:27:57,759] {processor.py:654} INFO - DAG(s) dict_keys(['example_complex']) retrieved from /home/airflow/.local/lib/python3.7/site-packages/airflow/example_dags/example_complex.py
[2023-07-11 18:27:57,792] {logging_mixin.py:109} INFO - [2023-07-11 18:27:57,792] {dag.py:2396} INFO - Sync 1 DAGs
[2023-07-11 18:27:57,818] {logging_mixin.py:109} INFO - [2023-07-11 18:27:57,817] {dag.py:2935} INFO - Setting next_dagrun for example_complex to None
[2023-07-11 18:27:57,836] {processor.py:171} INFO - Processing /home/airflow/.local/lib/python3.7/site-packages/airflow/example_dags/example_complex.py took 0.146 seconds
[2023-07-11 18:29:55,094] {processor.py:163} INFO - Started process (PID=79) to work on /home/airflow/.local/lib/python3.7/site-packages/airflow/example_dags/example_complex.py
[2023-07-11 18:29:55,097] {processor.py:642} INFO - Processing file /home/airflow/.local/lib/python3.7/site-packages/airflow/example_dags/example_complex.py for tasks to queue
[2023-07-11 18:29:55,097] {logging_mixin.py:109} INFO - [2023-07-11 18:29:55,097] {dagbag.py:500} INFO - Filling up the DagBag from /home/airflow/.local/lib/python3.7/site-packages/airflow/example_dags/example_complex.py
[2023-07-11 18:29:55,161] {processor.py:654} INFO - DAG(s) dict_keys(['example_complex']) retrieved from /home/airflow/.local/lib/python3.7/site-packages/airflow/example_dags/example_complex.py
[2023-07-11 18:29:55,187] {logging_mixin.py:109} INFO - [2023-07-11 18:29:55,187] {dag.py:2396} INFO - Sync 1 DAGs
[2023-07-11 18:29:55,216] {logging_mixin.py:109} INFO - [2023-07-11 18:29:55,216] {dag.py:2935} INFO - Setting next_dagrun for example_complex to None
[2023-07-11 18:29:55,233] {processor.py:171} INFO - Processing /home/airflow/.local/lib/python3.7/site-packages/airflow/example_dags/example_complex.py took 0.143 seconds
[2023-07-11 18:30:26,199] {processor.py:163} INFO - Started process (PID=159) to work on /home/airflow/.local/lib/python3.7/site-packages/airflow/example_dags/example_complex.py
[2023-07-11 18:30:26,202] {processor.py:642} INFO - Processing file /home/airflow/.local/lib/python3.7/site-packages/airflow/example_dags/example_complex.py for tasks to queue
[2023-07-11 18:30:26,203] {logging_mixin.py:109} INFO - [2023-07-11 18:30:26,203] {dagbag.py:500} INFO - Filling up the DagBag from /home/airflow/.local/lib/python3.7/site-packages/airflow/example_dags/example_complex.py
[2023-07-11 18:30:26,268] {processor.py:654} INFO - DAG(s) dict_keys(['example_complex']) retrieved from /home/airflow/.local/lib/python3.7/site-packages/airflow/example_dags/example_complex.py
[2023-07-11 18:30:26,301] {logging_mixin.py:109} INFO - [2023-07-11 18:30:26,301] {dag.py:2396} INFO - Sync 1 DAGs
[2023-07-11 18:30:26,335] {logging_mixin.py:109} INFO - [2023-07-11 18:30:26,334] {dag.py:2935} INFO - Setting next_dagrun for example_complex to None
[2023-07-11 18:30:26,358] {processor.py:171} INFO - Processing /home/airflow/.local/lib/python3.7/site-packages/airflow/example_dags/example_complex.py took 0.165 seconds
[2023-07-11 18:30:56,743] {processor.py:163} INFO - Started process (PID=239) to work on /home/airflow/.local/lib/python3.7/site-packages/airflow/example_dags/example_complex.py
[2023-07-11 18:30:56,745] {processor.py:642} INFO - Processing file /home/airflow/.local/lib/python3.7/site-packages/airflow/example_dags/example_complex.py for tasks to queue
[2023-07-11 18:30:56,747] {logging_mixin.py:109} INFO - [2023-07-11 18:30:56,746] {dagbag.py:500} INFO - Filling up the DagBag from /home/airflow/.local/lib/python3.7/site-packages/airflow/example_dags/example_complex.py
[2023-07-11 18:30:56,804] {processor.py:654} INFO - DAG(s) dict_keys(['example_complex']) retrieved from /home/airflow/.local/lib/python3.7/site-packages/airflow/example_dags/example_complex.py
[2023-07-11 18:30:56,832] {logging_mixin.py:109} INFO - [2023-07-11 18:30:56,832] {dag.py:2396} INFO - Sync 1 DAGs
[2023-07-11 18:30:56,853] {logging_mixin.py:109} INFO - [2023-07-11 18:30:56,853] {dag.py:2935} INFO - Setting next_dagrun for example_complex to None
[2023-07-11 18:30:56,868] {processor.py:171} INFO - Processing /home/airflow/.local/lib/python3.7/site-packages/airflow/example_dags/example_complex.py took 0.131 seconds
[2023-07-11 18:31:27,740] {processor.py:163} INFO - Started process (PID=320) to work on /home/airflow/.local/lib/python3.7/site-packages/airflow/example_dags/example_complex.py
[2023-07-11 18:31:27,741] {processor.py:642} INFO - Processing file /home/airflow/.local/lib/python3.7/site-packages/airflow/example_dags/example_complex.py for tasks to queue
[2023-07-11 18:31:27,742] {logging_mixin.py:109} INFO - [2023-07-11 18:31:27,742] {dagbag.py:500} INFO - Filling up the DagBag from /home/airflow/.local/lib/python3.7/site-packages/airflow/example_dags/example_complex.py
[2023-07-11 18:31:27,808] {processor.py:654} INFO - DAG(s) dict_keys(['example_complex']) retrieved from /home/airflow/.local/lib/python3.7/site-packages/airflow/example_dags/example_complex.py
[2023-07-11 18:31:27,849] {logging_mixin.py:109} INFO - [2023-07-11 18:31:27,848] {dag.py:2396} INFO - Sync 1 DAGs
[2023-07-11 18:31:27,885] {logging_mixin.py:109} INFO - [2023-07-11 18:31:27,884] {dag.py:2935} INFO - Setting next_dagrun for example_complex to None
[2023-07-11 18:31:27,915] {processor.py:171} INFO - Processing /home/airflow/.local/lib/python3.7/site-packages/airflow/example_dags/example_complex.py took 0.181 seconds
[2023-07-11 18:31:57,987] {processor.py:163} INFO - Started process (PID=399) to work on /home/airflow/.local/lib/python3.7/site-packages/airflow/example_dags/example_complex.py
[2023-07-11 18:31:57,990] {processor.py:642} INFO - Processing file /home/airflow/.local/lib/python3.7/site-packages/airflow/example_dags/example_complex.py for tasks to queue
[2023-07-11 18:31:57,992] {logging_mixin.py:109} INFO - [2023-07-11 18:31:57,991] {dagbag.py:500} INFO - Filling up the DagBag from /home/airflow/.local/lib/python3.7/site-packages/airflow/example_dags/example_complex.py
[2023-07-11 18:31:58,123] {processor.py:654} INFO - DAG(s) dict_keys(['example_complex']) retrieved from /home/airflow/.local/lib/python3.7/site-packages/airflow/example_dags/example_complex.py
[2023-07-11 18:31:58,179] {logging_mixin.py:109} INFO - [2023-07-11 18:31:58,178] {dag.py:2396} INFO - Sync 1 DAGs
[2023-07-11 18:31:58,220] {logging_mixin.py:109} INFO - [2023-07-11 18:31:58,220] {dag.py:2935} INFO - Setting next_dagrun for example_complex to None
[2023-07-11 18:31:58,248] {processor.py:171} INFO - Processing /home/airflow/.local/lib/python3.7/site-packages/airflow/example_dags/example_complex.py took 0.270 seconds
