[2023-07-11 18:22:46,449] {processor.py:163} INFO - Started process (PID=79) to work on /home/airflow/.local/lib/python3.7/site-packages/airflow/example_dags/example_short_circuit_operator.py
[2023-07-11 18:22:46,454] {processor.py:642} INFO - Processing file /home/airflow/.local/lib/python3.7/site-packages/airflow/example_dags/example_short_circuit_operator.py for tasks to queue
[2023-07-11 18:22:46,456] {logging_mixin.py:109} INFO - [2023-07-11 18:22:46,455] {dagbag.py:500} INFO - Filling up the DagBag from /home/airflow/.local/lib/python3.7/site-packages/airflow/example_dags/example_short_circuit_operator.py
[2023-07-11 18:22:46,532] {processor.py:654} INFO - DAG(s) dict_keys(['example_short_circuit_operator']) retrieved from /home/airflow/.local/lib/python3.7/site-packages/airflow/example_dags/example_short_circuit_operator.py
[2023-07-11 18:22:46,558] {logging_mixin.py:109} INFO - [2023-07-11 18:22:46,558] {dag.py:2396} INFO - Sync 1 DAGs
[2023-07-11 18:22:46,598] {logging_mixin.py:109} INFO - [2023-07-11 18:22:46,598] {dag.py:2935} INFO - Setting next_dagrun for example_short_circuit_operator to 2023-07-10T18:22:46.597467+00:00
[2023-07-11 18:22:46,629] {processor.py:171} INFO - Processing /home/airflow/.local/lib/python3.7/site-packages/airflow/example_dags/example_short_circuit_operator.py took 0.190 seconds
[2023-07-11 18:23:16,673] {processor.py:163} INFO - Started process (PID=147) to work on /home/airflow/.local/lib/python3.7/site-packages/airflow/example_dags/example_short_circuit_operator.py
[2023-07-11 18:23:16,676] {processor.py:642} INFO - Processing file /home/airflow/.local/lib/python3.7/site-packages/airflow/example_dags/example_short_circuit_operator.py for tasks to queue
[2023-07-11 18:23:16,678] {logging_mixin.py:109} INFO - [2023-07-11 18:23:16,677] {dagbag.py:500} INFO - Filling up the DagBag from /home/airflow/.local/lib/python3.7/site-packages/airflow/example_dags/example_short_circuit_operator.py
[2023-07-11 18:23:16,721] {processor.py:654} INFO - DAG(s) dict_keys(['example_short_circuit_operator']) retrieved from /home/airflow/.local/lib/python3.7/site-packages/airflow/example_dags/example_short_circuit_operator.py
[2023-07-11 18:23:16,736] {logging_mixin.py:109} INFO - [2023-07-11 18:23:16,735] {dag.py:2396} INFO - Sync 1 DAGs
[2023-07-11 18:23:16,761] {logging_mixin.py:109} INFO - [2023-07-11 18:23:16,761] {dag.py:2935} INFO - Setting next_dagrun for example_short_circuit_operator to 2023-07-10T18:23:16.760646+00:00
[2023-07-11 18:23:16,779] {processor.py:171} INFO - Processing /home/airflow/.local/lib/python3.7/site-packages/airflow/example_dags/example_short_circuit_operator.py took 0.113 seconds
[2023-07-11 18:23:47,175] {processor.py:163} INFO - Started process (PID=227) to work on /home/airflow/.local/lib/python3.7/site-packages/airflow/example_dags/example_short_circuit_operator.py
[2023-07-11 18:23:47,179] {processor.py:642} INFO - Processing file /home/airflow/.local/lib/python3.7/site-packages/airflow/example_dags/example_short_circuit_operator.py for tasks to queue
[2023-07-11 18:23:47,180] {logging_mixin.py:109} INFO - [2023-07-11 18:23:47,180] {dagbag.py:500} INFO - Filling up the DagBag from /home/airflow/.local/lib/python3.7/site-packages/airflow/example_dags/example_short_circuit_operator.py
[2023-07-11 18:23:47,237] {processor.py:654} INFO - DAG(s) dict_keys(['example_short_circuit_operator']) retrieved from /home/airflow/.local/lib/python3.7/site-packages/airflow/example_dags/example_short_circuit_operator.py
[2023-07-11 18:23:47,259] {logging_mixin.py:109} INFO - [2023-07-11 18:23:47,258] {dag.py:2396} INFO - Sync 1 DAGs
[2023-07-11 18:23:47,292] {logging_mixin.py:109} INFO - [2023-07-11 18:23:47,291] {dag.py:2935} INFO - Setting next_dagrun for example_short_circuit_operator to 2023-07-10T18:23:47.291355+00:00
[2023-07-11 18:23:47,309] {processor.py:171} INFO - Processing /home/airflow/.local/lib/python3.7/site-packages/airflow/example_dags/example_short_circuit_operator.py took 0.139 seconds
[2023-07-11 18:24:18,150] {processor.py:163} INFO - Started process (PID=307) to work on /home/airflow/.local/lib/python3.7/site-packages/airflow/example_dags/example_short_circuit_operator.py
[2023-07-11 18:24:18,152] {processor.py:642} INFO - Processing file /home/airflow/.local/lib/python3.7/site-packages/airflow/example_dags/example_short_circuit_operator.py for tasks to queue
[2023-07-11 18:24:18,153] {logging_mixin.py:109} INFO - [2023-07-11 18:24:18,153] {dagbag.py:500} INFO - Filling up the DagBag from /home/airflow/.local/lib/python3.7/site-packages/airflow/example_dags/example_short_circuit_operator.py
[2023-07-11 18:24:18,206] {processor.py:654} INFO - DAG(s) dict_keys(['example_short_circuit_operator']) retrieved from /home/airflow/.local/lib/python3.7/site-packages/airflow/example_dags/example_short_circuit_operator.py
[2023-07-11 18:24:18,231] {logging_mixin.py:109} INFO - [2023-07-11 18:24:18,230] {dag.py:2396} INFO - Sync 1 DAGs
[2023-07-11 18:24:18,284] {logging_mixin.py:109} INFO - [2023-07-11 18:24:18,283] {dag.py:2935} INFO - Setting next_dagrun for example_short_circuit_operator to 2023-07-10T18:24:18.280677+00:00
[2023-07-11 18:24:18,304] {processor.py:171} INFO - Processing /home/airflow/.local/lib/python3.7/site-packages/airflow/example_dags/example_short_circuit_operator.py took 0.161 seconds
[2023-07-11 18:24:49,981] {processor.py:163} INFO - Started process (PID=387) to work on /home/airflow/.local/lib/python3.7/site-packages/airflow/example_dags/example_short_circuit_operator.py
[2023-07-11 18:24:49,984] {processor.py:642} INFO - Processing file /home/airflow/.local/lib/python3.7/site-packages/airflow/example_dags/example_short_circuit_operator.py for tasks to queue
[2023-07-11 18:24:49,985] {logging_mixin.py:109} INFO - [2023-07-11 18:24:49,985] {dagbag.py:500} INFO - Filling up the DagBag from /home/airflow/.local/lib/python3.7/site-packages/airflow/example_dags/example_short_circuit_operator.py
[2023-07-11 18:24:50,040] {processor.py:654} INFO - DAG(s) dict_keys(['example_short_circuit_operator']) retrieved from /home/airflow/.local/lib/python3.7/site-packages/airflow/example_dags/example_short_circuit_operator.py
[2023-07-11 18:24:50,059] {logging_mixin.py:109} INFO - [2023-07-11 18:24:50,059] {dag.py:2396} INFO - Sync 1 DAGs
[2023-07-11 18:24:50,093] {logging_mixin.py:109} INFO - [2023-07-11 18:24:50,093] {dag.py:2935} INFO - Setting next_dagrun for example_short_circuit_operator to 2023-07-10T18:24:50.092453+00:00
[2023-07-11 18:24:50,114] {processor.py:171} INFO - Processing /home/airflow/.local/lib/python3.7/site-packages/airflow/example_dags/example_short_circuit_operator.py took 0.142 seconds
[2023-07-11 18:25:20,449] {processor.py:163} INFO - Started process (PID=467) to work on /home/airflow/.local/lib/python3.7/site-packages/airflow/example_dags/example_short_circuit_operator.py
[2023-07-11 18:25:20,451] {processor.py:642} INFO - Processing file /home/airflow/.local/lib/python3.7/site-packages/airflow/example_dags/example_short_circuit_operator.py for tasks to queue
[2023-07-11 18:25:20,452] {logging_mixin.py:109} INFO - [2023-07-11 18:25:20,452] {dagbag.py:500} INFO - Filling up the DagBag from /home/airflow/.local/lib/python3.7/site-packages/airflow/example_dags/example_short_circuit_operator.py
[2023-07-11 18:25:20,503] {processor.py:654} INFO - DAG(s) dict_keys(['example_short_circuit_operator']) retrieved from /home/airflow/.local/lib/python3.7/site-packages/airflow/example_dags/example_short_circuit_operator.py
[2023-07-11 18:25:20,522] {logging_mixin.py:109} INFO - [2023-07-11 18:25:20,521] {dag.py:2396} INFO - Sync 1 DAGs
[2023-07-11 18:25:20,549] {logging_mixin.py:109} INFO - [2023-07-11 18:25:20,549] {dag.py:2935} INFO - Setting next_dagrun for example_short_circuit_operator to 2023-07-10T18:25:20.548859+00:00
[2023-07-11 18:25:20,573] {processor.py:171} INFO - Processing /home/airflow/.local/lib/python3.7/site-packages/airflow/example_dags/example_short_circuit_operator.py took 0.133 seconds
[2023-07-11 18:25:52,347] {processor.py:163} INFO - Started process (PID=556) to work on /home/airflow/.local/lib/python3.7/site-packages/airflow/example_dags/example_short_circuit_operator.py
[2023-07-11 18:25:52,350] {processor.py:642} INFO - Processing file /home/airflow/.local/lib/python3.7/site-packages/airflow/example_dags/example_short_circuit_operator.py for tasks to queue
[2023-07-11 18:25:52,354] {logging_mixin.py:109} INFO - [2023-07-11 18:25:52,354] {dagbag.py:500} INFO - Filling up the DagBag from /home/airflow/.local/lib/python3.7/site-packages/airflow/example_dags/example_short_circuit_operator.py
[2023-07-11 18:25:52,454] {processor.py:654} INFO - DAG(s) dict_keys(['example_short_circuit_operator']) retrieved from /home/airflow/.local/lib/python3.7/site-packages/airflow/example_dags/example_short_circuit_operator.py
[2023-07-11 18:25:52,502] {logging_mixin.py:109} INFO - [2023-07-11 18:25:52,502] {dag.py:2396} INFO - Sync 1 DAGs
[2023-07-11 18:25:52,556] {logging_mixin.py:109} INFO - [2023-07-11 18:25:52,556] {dag.py:2935} INFO - Setting next_dagrun for example_short_circuit_operator to 2023-07-10T18:25:52.554588+00:00
[2023-07-11 18:25:52,583] {processor.py:171} INFO - Processing /home/airflow/.local/lib/python3.7/site-packages/airflow/example_dags/example_short_circuit_operator.py took 0.251 seconds
[2023-07-11 18:26:23,428] {processor.py:163} INFO - Started process (PID=636) to work on /home/airflow/.local/lib/python3.7/site-packages/airflow/example_dags/example_short_circuit_operator.py
[2023-07-11 18:26:23,431] {processor.py:642} INFO - Processing file /home/airflow/.local/lib/python3.7/site-packages/airflow/example_dags/example_short_circuit_operator.py for tasks to queue
[2023-07-11 18:26:23,432] {logging_mixin.py:109} INFO - [2023-07-11 18:26:23,432] {dagbag.py:500} INFO - Filling up the DagBag from /home/airflow/.local/lib/python3.7/site-packages/airflow/example_dags/example_short_circuit_operator.py
[2023-07-11 18:26:23,481] {processor.py:654} INFO - DAG(s) dict_keys(['example_short_circuit_operator']) retrieved from /home/airflow/.local/lib/python3.7/site-packages/airflow/example_dags/example_short_circuit_operator.py
[2023-07-11 18:26:23,501] {logging_mixin.py:109} INFO - [2023-07-11 18:26:23,501] {dag.py:2396} INFO - Sync 1 DAGs
[2023-07-11 18:26:23,530] {logging_mixin.py:109} INFO - [2023-07-11 18:26:23,529] {dag.py:2935} INFO - Setting next_dagrun for example_short_circuit_operator to 2023-07-10T18:26:23.529301+00:00
[2023-07-11 18:26:23,549] {processor.py:171} INFO - Processing /home/airflow/.local/lib/python3.7/site-packages/airflow/example_dags/example_short_circuit_operator.py took 0.128 seconds
[2023-07-11 18:26:54,730] {processor.py:163} INFO - Started process (PID=716) to work on /home/airflow/.local/lib/python3.7/site-packages/airflow/example_dags/example_short_circuit_operator.py
[2023-07-11 18:26:54,733] {processor.py:642} INFO - Processing file /home/airflow/.local/lib/python3.7/site-packages/airflow/example_dags/example_short_circuit_operator.py for tasks to queue
[2023-07-11 18:26:54,735] {logging_mixin.py:109} INFO - [2023-07-11 18:26:54,735] {dagbag.py:500} INFO - Filling up the DagBag from /home/airflow/.local/lib/python3.7/site-packages/airflow/example_dags/example_short_circuit_operator.py
[2023-07-11 18:26:54,805] {processor.py:654} INFO - DAG(s) dict_keys(['example_short_circuit_operator']) retrieved from /home/airflow/.local/lib/python3.7/site-packages/airflow/example_dags/example_short_circuit_operator.py
[2023-07-11 18:26:54,835] {logging_mixin.py:109} INFO - [2023-07-11 18:26:54,835] {dag.py:2396} INFO - Sync 1 DAGs
[2023-07-11 18:26:54,882] {logging_mixin.py:109} INFO - [2023-07-11 18:26:54,882] {dag.py:2935} INFO - Setting next_dagrun for example_short_circuit_operator to 2023-07-10T18:26:54.881419+00:00
[2023-07-11 18:26:54,910] {processor.py:171} INFO - Processing /home/airflow/.local/lib/python3.7/site-packages/airflow/example_dags/example_short_circuit_operator.py took 0.189 seconds
[2023-07-11 18:27:25,305] {processor.py:163} INFO - Started process (PID=787) to work on /home/airflow/.local/lib/python3.7/site-packages/airflow/example_dags/example_short_circuit_operator.py
[2023-07-11 18:27:25,307] {processor.py:642} INFO - Processing file /home/airflow/.local/lib/python3.7/site-packages/airflow/example_dags/example_short_circuit_operator.py for tasks to queue
[2023-07-11 18:27:25,308] {logging_mixin.py:109} INFO - [2023-07-11 18:27:25,308] {dagbag.py:500} INFO - Filling up the DagBag from /home/airflow/.local/lib/python3.7/site-packages/airflow/example_dags/example_short_circuit_operator.py
[2023-07-11 18:27:25,345] {processor.py:654} INFO - DAG(s) dict_keys(['example_short_circuit_operator']) retrieved from /home/airflow/.local/lib/python3.7/site-packages/airflow/example_dags/example_short_circuit_operator.py
[2023-07-11 18:27:25,360] {logging_mixin.py:109} INFO - [2023-07-11 18:27:25,359] {dag.py:2396} INFO - Sync 1 DAGs
[2023-07-11 18:27:25,387] {logging_mixin.py:109} INFO - [2023-07-11 18:27:25,387] {dag.py:2935} INFO - Setting next_dagrun for example_short_circuit_operator to 2023-07-10T18:27:25.387226+00:00
[2023-07-11 18:27:25,405] {processor.py:171} INFO - Processing /home/airflow/.local/lib/python3.7/site-packages/airflow/example_dags/example_short_circuit_operator.py took 0.104 seconds
[2023-07-11 18:27:56,452] {processor.py:163} INFO - Started process (PID=867) to work on /home/airflow/.local/lib/python3.7/site-packages/airflow/example_dags/example_short_circuit_operator.py
[2023-07-11 18:27:56,454] {processor.py:642} INFO - Processing file /home/airflow/.local/lib/python3.7/site-packages/airflow/example_dags/example_short_circuit_operator.py for tasks to queue
[2023-07-11 18:27:56,455] {logging_mixin.py:109} INFO - [2023-07-11 18:27:56,455] {dagbag.py:500} INFO - Filling up the DagBag from /home/airflow/.local/lib/python3.7/site-packages/airflow/example_dags/example_short_circuit_operator.py
[2023-07-11 18:27:56,495] {processor.py:654} INFO - DAG(s) dict_keys(['example_short_circuit_operator']) retrieved from /home/airflow/.local/lib/python3.7/site-packages/airflow/example_dags/example_short_circuit_operator.py
[2023-07-11 18:27:56,510] {logging_mixin.py:109} INFO - [2023-07-11 18:27:56,509] {dag.py:2396} INFO - Sync 1 DAGs
[2023-07-11 18:27:56,534] {logging_mixin.py:109} INFO - [2023-07-11 18:27:56,534] {dag.py:2935} INFO - Setting next_dagrun for example_short_circuit_operator to 2023-07-10T18:27:56.533750+00:00
[2023-07-11 18:27:56,555] {processor.py:171} INFO - Processing /home/airflow/.local/lib/python3.7/site-packages/airflow/example_dags/example_short_circuit_operator.py took 0.108 seconds
[2023-07-11 18:29:54,815] {processor.py:163} INFO - Started process (PID=76) to work on /home/airflow/.local/lib/python3.7/site-packages/airflow/example_dags/example_short_circuit_operator.py
[2023-07-11 18:29:54,818] {processor.py:642} INFO - Processing file /home/airflow/.local/lib/python3.7/site-packages/airflow/example_dags/example_short_circuit_operator.py for tasks to queue
[2023-07-11 18:29:54,819] {logging_mixin.py:109} INFO - [2023-07-11 18:29:54,818] {dagbag.py:500} INFO - Filling up the DagBag from /home/airflow/.local/lib/python3.7/site-packages/airflow/example_dags/example_short_circuit_operator.py
[2023-07-11 18:29:54,867] {processor.py:654} INFO - DAG(s) dict_keys(['example_short_circuit_operator']) retrieved from /home/airflow/.local/lib/python3.7/site-packages/airflow/example_dags/example_short_circuit_operator.py
[2023-07-11 18:29:54,885] {logging_mixin.py:109} INFO - [2023-07-11 18:29:54,885] {dag.py:2396} INFO - Sync 1 DAGs
[2023-07-11 18:29:54,912] {logging_mixin.py:109} INFO - [2023-07-11 18:29:54,912] {dag.py:2935} INFO - Setting next_dagrun for example_short_circuit_operator to 2023-07-10T18:29:54.911490+00:00
[2023-07-11 18:29:54,927] {processor.py:171} INFO - Processing /home/airflow/.local/lib/python3.7/site-packages/airflow/example_dags/example_short_circuit_operator.py took 0.117 seconds
[2023-07-11 18:30:25,730] {processor.py:163} INFO - Started process (PID=156) to work on /home/airflow/.local/lib/python3.7/site-packages/airflow/example_dags/example_short_circuit_operator.py
[2023-07-11 18:30:25,733] {processor.py:642} INFO - Processing file /home/airflow/.local/lib/python3.7/site-packages/airflow/example_dags/example_short_circuit_operator.py for tasks to queue
[2023-07-11 18:30:25,734] {logging_mixin.py:109} INFO - [2023-07-11 18:30:25,734] {dagbag.py:500} INFO - Filling up the DagBag from /home/airflow/.local/lib/python3.7/site-packages/airflow/example_dags/example_short_circuit_operator.py
[2023-07-11 18:30:25,777] {processor.py:654} INFO - DAG(s) dict_keys(['example_short_circuit_operator']) retrieved from /home/airflow/.local/lib/python3.7/site-packages/airflow/example_dags/example_short_circuit_operator.py
[2023-07-11 18:30:25,797] {logging_mixin.py:109} INFO - [2023-07-11 18:30:25,797] {dag.py:2396} INFO - Sync 1 DAGs
[2023-07-11 18:30:25,825] {logging_mixin.py:109} INFO - [2023-07-11 18:30:25,825] {dag.py:2935} INFO - Setting next_dagrun for example_short_circuit_operator to 2023-07-10T18:30:25.825333+00:00
[2023-07-11 18:30:25,844] {processor.py:171} INFO - Processing /home/airflow/.local/lib/python3.7/site-packages/airflow/example_dags/example_short_circuit_operator.py took 0.119 seconds
[2023-07-11 18:30:56,175] {processor.py:163} INFO - Started process (PID=235) to work on /home/airflow/.local/lib/python3.7/site-packages/airflow/example_dags/example_short_circuit_operator.py
[2023-07-11 18:30:56,177] {processor.py:642} INFO - Processing file /home/airflow/.local/lib/python3.7/site-packages/airflow/example_dags/example_short_circuit_operator.py for tasks to queue
[2023-07-11 18:30:56,178] {logging_mixin.py:109} INFO - [2023-07-11 18:30:56,178] {dagbag.py:500} INFO - Filling up the DagBag from /home/airflow/.local/lib/python3.7/site-packages/airflow/example_dags/example_short_circuit_operator.py
[2023-07-11 18:30:56,228] {processor.py:654} INFO - DAG(s) dict_keys(['example_short_circuit_operator']) retrieved from /home/airflow/.local/lib/python3.7/site-packages/airflow/example_dags/example_short_circuit_operator.py
[2023-07-11 18:30:56,252] {logging_mixin.py:109} INFO - [2023-07-11 18:30:56,251] {dag.py:2396} INFO - Sync 1 DAGs
[2023-07-11 18:30:56,284] {logging_mixin.py:109} INFO - [2023-07-11 18:30:56,284] {dag.py:2935} INFO - Setting next_dagrun for example_short_circuit_operator to 2023-07-10T18:30:56.284401+00:00
[2023-07-11 18:30:56,304] {processor.py:171} INFO - Processing /home/airflow/.local/lib/python3.7/site-packages/airflow/example_dags/example_short_circuit_operator.py took 0.135 seconds
[2023-07-11 18:31:26,463] {processor.py:163} INFO - Started process (PID=316) to work on /home/airflow/.local/lib/python3.7/site-packages/airflow/example_dags/example_short_circuit_operator.py
[2023-07-11 18:31:26,465] {processor.py:642} INFO - Processing file /home/airflow/.local/lib/python3.7/site-packages/airflow/example_dags/example_short_circuit_operator.py for tasks to queue
[2023-07-11 18:31:26,466] {logging_mixin.py:109} INFO - [2023-07-11 18:31:26,466] {dagbag.py:500} INFO - Filling up the DagBag from /home/airflow/.local/lib/python3.7/site-packages/airflow/example_dags/example_short_circuit_operator.py
[2023-07-11 18:31:26,503] {processor.py:654} INFO - DAG(s) dict_keys(['example_short_circuit_operator']) retrieved from /home/airflow/.local/lib/python3.7/site-packages/airflow/example_dags/example_short_circuit_operator.py
[2023-07-11 18:31:26,516] {logging_mixin.py:109} INFO - [2023-07-11 18:31:26,515] {dag.py:2396} INFO - Sync 1 DAGs
[2023-07-11 18:31:26,536] {logging_mixin.py:109} INFO - [2023-07-11 18:31:26,536] {dag.py:2935} INFO - Setting next_dagrun for example_short_circuit_operator to 2023-07-10T18:31:26.536108+00:00
[2023-07-11 18:31:26,555] {processor.py:171} INFO - Processing /home/airflow/.local/lib/python3.7/site-packages/airflow/example_dags/example_short_circuit_operator.py took 0.096 seconds
[2023-07-11 18:31:56,779] {processor.py:163} INFO - Started process (PID=396) to work on /home/airflow/.local/lib/python3.7/site-packages/airflow/example_dags/example_short_circuit_operator.py
[2023-07-11 18:31:56,780] {processor.py:642} INFO - Processing file /home/airflow/.local/lib/python3.7/site-packages/airflow/example_dags/example_short_circuit_operator.py for tasks to queue
[2023-07-11 18:31:56,781] {logging_mixin.py:109} INFO - [2023-07-11 18:31:56,781] {dagbag.py:500} INFO - Filling up the DagBag from /home/airflow/.local/lib/python3.7/site-packages/airflow/example_dags/example_short_circuit_operator.py
[2023-07-11 18:31:56,823] {processor.py:654} INFO - DAG(s) dict_keys(['example_short_circuit_operator']) retrieved from /home/airflow/.local/lib/python3.7/site-packages/airflow/example_dags/example_short_circuit_operator.py
[2023-07-11 18:31:56,850] {logging_mixin.py:109} INFO - [2023-07-11 18:31:56,850] {dag.py:2396} INFO - Sync 1 DAGs
[2023-07-11 18:31:56,880] {logging_mixin.py:109} INFO - [2023-07-11 18:31:56,880] {dag.py:2935} INFO - Setting next_dagrun for example_short_circuit_operator to 2023-07-10T18:31:56.880071+00:00
[2023-07-11 18:31:56,893] {processor.py:171} INFO - Processing /home/airflow/.local/lib/python3.7/site-packages/airflow/example_dags/example_short_circuit_operator.py took 0.118 seconds
