[2023-07-11 18:22:49,014] {processor.py:163} INFO - Started process (PID=89) to work on /home/airflow/.local/lib/python3.7/site-packages/airflow/example_dags/example_branch_datetime_operator.py
[2023-07-11 18:22:49,016] {processor.py:642} INFO - Processing file /home/airflow/.local/lib/python3.7/site-packages/airflow/example_dags/example_branch_datetime_operator.py for tasks to queue
[2023-07-11 18:22:49,018] {logging_mixin.py:109} INFO - [2023-07-11 18:22:49,017] {dagbag.py:500} INFO - Filling up the DagBag from /home/airflow/.local/lib/python3.7/site-packages/airflow/example_dags/example_branch_datetime_operator.py
[2023-07-11 18:22:49,098] {processor.py:654} INFO - DAG(s) dict_keys(['example_branch_datetime_operator_2']) retrieved from /home/airflow/.local/lib/python3.7/site-packages/airflow/example_dags/example_branch_datetime_operator.py
[2023-07-11 18:22:49,141] {logging_mixin.py:109} INFO - [2023-07-11 18:22:49,140] {dag.py:2396} INFO - Sync 1 DAGs
[2023-07-11 18:22:49,198] {logging_mixin.py:109} INFO - [2023-07-11 18:22:49,198] {dag.py:2935} INFO - Setting next_dagrun for example_branch_datetime_operator_2 to 2023-07-10 00:00:00+00:00
[2023-07-11 18:22:49,232] {processor.py:171} INFO - Processing /home/airflow/.local/lib/python3.7/site-packages/airflow/example_dags/example_branch_datetime_operator.py took 0.225 seconds
[2023-07-11 18:23:19,642] {processor.py:163} INFO - Started process (PID=158) to work on /home/airflow/.local/lib/python3.7/site-packages/airflow/example_dags/example_branch_datetime_operator.py
[2023-07-11 18:23:19,644] {processor.py:642} INFO - Processing file /home/airflow/.local/lib/python3.7/site-packages/airflow/example_dags/example_branch_datetime_operator.py for tasks to queue
[2023-07-11 18:23:19,644] {logging_mixin.py:109} INFO - [2023-07-11 18:23:19,644] {dagbag.py:500} INFO - Filling up the DagBag from /home/airflow/.local/lib/python3.7/site-packages/airflow/example_dags/example_branch_datetime_operator.py
[2023-07-11 18:23:19,677] {processor.py:654} INFO - DAG(s) dict_keys(['example_branch_datetime_operator_2']) retrieved from /home/airflow/.local/lib/python3.7/site-packages/airflow/example_dags/example_branch_datetime_operator.py
[2023-07-11 18:23:19,688] {logging_mixin.py:109} INFO - [2023-07-11 18:23:19,688] {dag.py:2396} INFO - Sync 1 DAGs
[2023-07-11 18:23:19,711] {logging_mixin.py:109} INFO - [2023-07-11 18:23:19,711] {dag.py:2935} INFO - Setting next_dagrun for example_branch_datetime_operator_2 to 2023-07-10 00:00:00+00:00
[2023-07-11 18:23:19,723] {processor.py:171} INFO - Processing /home/airflow/.local/lib/python3.7/site-packages/airflow/example_dags/example_branch_datetime_operator.py took 0.085 seconds
[2023-07-11 18:23:50,256] {processor.py:163} INFO - Started process (PID=238) to work on /home/airflow/.local/lib/python3.7/site-packages/airflow/example_dags/example_branch_datetime_operator.py
[2023-07-11 18:23:50,257] {processor.py:642} INFO - Processing file /home/airflow/.local/lib/python3.7/site-packages/airflow/example_dags/example_branch_datetime_operator.py for tasks to queue
[2023-07-11 18:23:50,258] {logging_mixin.py:109} INFO - [2023-07-11 18:23:50,258] {dagbag.py:500} INFO - Filling up the DagBag from /home/airflow/.local/lib/python3.7/site-packages/airflow/example_dags/example_branch_datetime_operator.py
[2023-07-11 18:23:50,288] {processor.py:654} INFO - DAG(s) dict_keys(['example_branch_datetime_operator_2']) retrieved from /home/airflow/.local/lib/python3.7/site-packages/airflow/example_dags/example_branch_datetime_operator.py
[2023-07-11 18:23:50,299] {logging_mixin.py:109} INFO - [2023-07-11 18:23:50,299] {dag.py:2396} INFO - Sync 1 DAGs
[2023-07-11 18:23:50,318] {logging_mixin.py:109} INFO - [2023-07-11 18:23:50,318] {dag.py:2935} INFO - Setting next_dagrun for example_branch_datetime_operator_2 to 2023-07-10 00:00:00+00:00
[2023-07-11 18:23:50,328] {processor.py:171} INFO - Processing /home/airflow/.local/lib/python3.7/site-packages/airflow/example_dags/example_branch_datetime_operator.py took 0.076 seconds
[2023-07-11 18:24:22,810] {processor.py:163} INFO - Started process (PID=336) to work on /home/airflow/.local/lib/python3.7/site-packages/airflow/example_dags/example_branch_datetime_operator.py
[2023-07-11 18:24:22,813] {processor.py:642} INFO - Processing file /home/airflow/.local/lib/python3.7/site-packages/airflow/example_dags/example_branch_datetime_operator.py for tasks to queue
[2023-07-11 18:24:22,817] {logging_mixin.py:109} INFO - [2023-07-11 18:24:22,815] {dagbag.py:500} INFO - Filling up the DagBag from /home/airflow/.local/lib/python3.7/site-packages/airflow/example_dags/example_branch_datetime_operator.py
[2023-07-11 18:24:22,895] {processor.py:654} INFO - DAG(s) dict_keys(['example_branch_datetime_operator_2']) retrieved from /home/airflow/.local/lib/python3.7/site-packages/airflow/example_dags/example_branch_datetime_operator.py
[2023-07-11 18:24:22,918] {logging_mixin.py:109} INFO - [2023-07-11 18:24:22,918] {dag.py:2396} INFO - Sync 1 DAGs
[2023-07-11 18:24:22,956] {logging_mixin.py:109} INFO - [2023-07-11 18:24:22,956] {dag.py:2935} INFO - Setting next_dagrun for example_branch_datetime_operator_2 to 2023-07-10 00:00:00+00:00
[2023-07-11 18:24:22,982] {processor.py:171} INFO - Processing /home/airflow/.local/lib/python3.7/site-packages/airflow/example_dags/example_branch_datetime_operator.py took 0.190 seconds
[2023-07-11 18:24:53,583] {processor.py:163} INFO - Started process (PID=408) to work on /home/airflow/.local/lib/python3.7/site-packages/airflow/example_dags/example_branch_datetime_operator.py
[2023-07-11 18:24:53,584] {processor.py:642} INFO - Processing file /home/airflow/.local/lib/python3.7/site-packages/airflow/example_dags/example_branch_datetime_operator.py for tasks to queue
[2023-07-11 18:24:53,585] {logging_mixin.py:109} INFO - [2023-07-11 18:24:53,584] {dagbag.py:500} INFO - Filling up the DagBag from /home/airflow/.local/lib/python3.7/site-packages/airflow/example_dags/example_branch_datetime_operator.py
[2023-07-11 18:24:53,621] {processor.py:654} INFO - DAG(s) dict_keys(['example_branch_datetime_operator_2']) retrieved from /home/airflow/.local/lib/python3.7/site-packages/airflow/example_dags/example_branch_datetime_operator.py
[2023-07-11 18:24:53,635] {logging_mixin.py:109} INFO - [2023-07-11 18:24:53,635] {dag.py:2396} INFO - Sync 1 DAGs
[2023-07-11 18:24:53,672] {logging_mixin.py:109} INFO - [2023-07-11 18:24:53,672] {dag.py:2935} INFO - Setting next_dagrun for example_branch_datetime_operator_2 to 2023-07-10 00:00:00+00:00
[2023-07-11 18:24:53,694] {processor.py:171} INFO - Processing /home/airflow/.local/lib/python3.7/site-packages/airflow/example_dags/example_branch_datetime_operator.py took 0.115 seconds
[2023-07-11 18:25:25,086] {processor.py:163} INFO - Started process (PID=497) to work on /home/airflow/.local/lib/python3.7/site-packages/airflow/example_dags/example_branch_datetime_operator.py
[2023-07-11 18:25:25,089] {processor.py:642} INFO - Processing file /home/airflow/.local/lib/python3.7/site-packages/airflow/example_dags/example_branch_datetime_operator.py for tasks to queue
[2023-07-11 18:25:25,090] {logging_mixin.py:109} INFO - [2023-07-11 18:25:25,089] {dagbag.py:500} INFO - Filling up the DagBag from /home/airflow/.local/lib/python3.7/site-packages/airflow/example_dags/example_branch_datetime_operator.py
[2023-07-11 18:25:25,132] {processor.py:654} INFO - DAG(s) dict_keys(['example_branch_datetime_operator_2']) retrieved from /home/airflow/.local/lib/python3.7/site-packages/airflow/example_dags/example_branch_datetime_operator.py
[2023-07-11 18:25:25,146] {logging_mixin.py:109} INFO - [2023-07-11 18:25:25,146] {dag.py:2396} INFO - Sync 1 DAGs
[2023-07-11 18:25:25,172] {logging_mixin.py:109} INFO - [2023-07-11 18:25:25,172] {dag.py:2935} INFO - Setting next_dagrun for example_branch_datetime_operator_2 to 2023-07-10 00:00:00+00:00
[2023-07-11 18:25:25,188] {processor.py:171} INFO - Processing /home/airflow/.local/lib/python3.7/site-packages/airflow/example_dags/example_branch_datetime_operator.py took 0.108 seconds
[2023-07-11 18:25:57,310] {processor.py:163} INFO - Started process (PID=577) to work on /home/airflow/.local/lib/python3.7/site-packages/airflow/example_dags/example_branch_datetime_operator.py
[2023-07-11 18:25:57,313] {processor.py:642} INFO - Processing file /home/airflow/.local/lib/python3.7/site-packages/airflow/example_dags/example_branch_datetime_operator.py for tasks to queue
[2023-07-11 18:25:57,315] {logging_mixin.py:109} INFO - [2023-07-11 18:25:57,314] {dagbag.py:500} INFO - Filling up the DagBag from /home/airflow/.local/lib/python3.7/site-packages/airflow/example_dags/example_branch_datetime_operator.py
[2023-07-11 18:25:57,411] {processor.py:654} INFO - DAG(s) dict_keys(['example_branch_datetime_operator_2']) retrieved from /home/airflow/.local/lib/python3.7/site-packages/airflow/example_dags/example_branch_datetime_operator.py
[2023-07-11 18:25:57,436] {logging_mixin.py:109} INFO - [2023-07-11 18:25:57,436] {dag.py:2396} INFO - Sync 1 DAGs
[2023-07-11 18:25:57,488] {logging_mixin.py:109} INFO - [2023-07-11 18:25:57,488] {dag.py:2935} INFO - Setting next_dagrun for example_branch_datetime_operator_2 to 2023-07-10 00:00:00+00:00
[2023-07-11 18:25:57,513] {processor.py:171} INFO - Processing /home/airflow/.local/lib/python3.7/site-packages/airflow/example_dags/example_branch_datetime_operator.py took 0.215 seconds
[2023-07-11 18:26:28,107] {processor.py:163} INFO - Started process (PID=657) to work on /home/airflow/.local/lib/python3.7/site-packages/airflow/example_dags/example_branch_datetime_operator.py
[2023-07-11 18:26:28,110] {processor.py:642} INFO - Processing file /home/airflow/.local/lib/python3.7/site-packages/airflow/example_dags/example_branch_datetime_operator.py for tasks to queue
[2023-07-11 18:26:28,112] {logging_mixin.py:109} INFO - [2023-07-11 18:26:28,111] {dagbag.py:500} INFO - Filling up the DagBag from /home/airflow/.local/lib/python3.7/site-packages/airflow/example_dags/example_branch_datetime_operator.py
[2023-07-11 18:26:28,158] {processor.py:654} INFO - DAG(s) dict_keys(['example_branch_datetime_operator_2']) retrieved from /home/airflow/.local/lib/python3.7/site-packages/airflow/example_dags/example_branch_datetime_operator.py
[2023-07-11 18:26:28,174] {logging_mixin.py:109} INFO - [2023-07-11 18:26:28,174] {dag.py:2396} INFO - Sync 1 DAGs
[2023-07-11 18:26:28,205] {logging_mixin.py:109} INFO - [2023-07-11 18:26:28,204] {dag.py:2935} INFO - Setting next_dagrun for example_branch_datetime_operator_2 to 2023-07-10 00:00:00+00:00
[2023-07-11 18:26:28,223] {processor.py:171} INFO - Processing /home/airflow/.local/lib/python3.7/site-packages/airflow/example_dags/example_branch_datetime_operator.py took 0.124 seconds
[2023-07-11 18:26:59,535] {processor.py:163} INFO - Started process (PID=736) to work on /home/airflow/.local/lib/python3.7/site-packages/airflow/example_dags/example_branch_datetime_operator.py
[2023-07-11 18:26:59,537] {processor.py:642} INFO - Processing file /home/airflow/.local/lib/python3.7/site-packages/airflow/example_dags/example_branch_datetime_operator.py for tasks to queue
[2023-07-11 18:26:59,539] {logging_mixin.py:109} INFO - [2023-07-11 18:26:59,538] {dagbag.py:500} INFO - Filling up the DagBag from /home/airflow/.local/lib/python3.7/site-packages/airflow/example_dags/example_branch_datetime_operator.py
[2023-07-11 18:26:59,589] {processor.py:654} INFO - DAG(s) dict_keys(['example_branch_datetime_operator_2']) retrieved from /home/airflow/.local/lib/python3.7/site-packages/airflow/example_dags/example_branch_datetime_operator.py
[2023-07-11 18:26:59,606] {logging_mixin.py:109} INFO - [2023-07-11 18:26:59,606] {dag.py:2396} INFO - Sync 1 DAGs
[2023-07-11 18:26:59,635] {logging_mixin.py:109} INFO - [2023-07-11 18:26:59,635] {dag.py:2935} INFO - Setting next_dagrun for example_branch_datetime_operator_2 to 2023-07-10 00:00:00+00:00
[2023-07-11 18:26:59,666] {processor.py:171} INFO - Processing /home/airflow/.local/lib/python3.7/site-packages/airflow/example_dags/example_branch_datetime_operator.py took 0.136 seconds
[2023-07-11 18:27:29,912] {processor.py:163} INFO - Started process (PID=816) to work on /home/airflow/.local/lib/python3.7/site-packages/airflow/example_dags/example_branch_datetime_operator.py
[2023-07-11 18:27:29,914] {processor.py:642} INFO - Processing file /home/airflow/.local/lib/python3.7/site-packages/airflow/example_dags/example_branch_datetime_operator.py for tasks to queue
[2023-07-11 18:27:29,915] {logging_mixin.py:109} INFO - [2023-07-11 18:27:29,915] {dagbag.py:500} INFO - Filling up the DagBag from /home/airflow/.local/lib/python3.7/site-packages/airflow/example_dags/example_branch_datetime_operator.py
[2023-07-11 18:27:29,985] {processor.py:654} INFO - DAG(s) dict_keys(['example_branch_datetime_operator_2']) retrieved from /home/airflow/.local/lib/python3.7/site-packages/airflow/example_dags/example_branch_datetime_operator.py
[2023-07-11 18:27:30,007] {logging_mixin.py:109} INFO - [2023-07-11 18:27:30,007] {dag.py:2396} INFO - Sync 1 DAGs
[2023-07-11 18:27:30,040] {logging_mixin.py:109} INFO - [2023-07-11 18:27:30,040] {dag.py:2935} INFO - Setting next_dagrun for example_branch_datetime_operator_2 to 2023-07-10 00:00:00+00:00
[2023-07-11 18:27:30,058] {processor.py:171} INFO - Processing /home/airflow/.local/lib/python3.7/site-packages/airflow/example_dags/example_branch_datetime_operator.py took 0.163 seconds
[2023-07-11 18:28:00,346] {processor.py:163} INFO - Started process (PID=896) to work on /home/airflow/.local/lib/python3.7/site-packages/airflow/example_dags/example_branch_datetime_operator.py
[2023-07-11 18:28:00,352] {processor.py:642} INFO - Processing file /home/airflow/.local/lib/python3.7/site-packages/airflow/example_dags/example_branch_datetime_operator.py for tasks to queue
[2023-07-11 18:28:00,353] {logging_mixin.py:109} INFO - [2023-07-11 18:28:00,352] {dagbag.py:500} INFO - Filling up the DagBag from /home/airflow/.local/lib/python3.7/site-packages/airflow/example_dags/example_branch_datetime_operator.py
[2023-07-11 18:28:00,411] {processor.py:654} INFO - DAG(s) dict_keys(['example_branch_datetime_operator_2']) retrieved from /home/airflow/.local/lib/python3.7/site-packages/airflow/example_dags/example_branch_datetime_operator.py
[2023-07-11 18:28:00,432] {logging_mixin.py:109} INFO - [2023-07-11 18:28:00,432] {dag.py:2396} INFO - Sync 1 DAGs
[2023-07-11 18:28:00,487] {logging_mixin.py:109} INFO - [2023-07-11 18:28:00,487] {dag.py:2935} INFO - Setting next_dagrun for example_branch_datetime_operator_2 to 2023-07-10 00:00:00+00:00
[2023-07-11 18:28:00,509] {processor.py:171} INFO - Processing /home/airflow/.local/lib/python3.7/site-packages/airflow/example_dags/example_branch_datetime_operator.py took 0.169 seconds
[2023-07-11 18:29:55,971] {processor.py:163} INFO - Started process (PID=86) to work on /home/airflow/.local/lib/python3.7/site-packages/airflow/example_dags/example_branch_datetime_operator.py
[2023-07-11 18:29:55,976] {processor.py:642} INFO - Processing file /home/airflow/.local/lib/python3.7/site-packages/airflow/example_dags/example_branch_datetime_operator.py for tasks to queue
[2023-07-11 18:29:55,977] {logging_mixin.py:109} INFO - [2023-07-11 18:29:55,977] {dagbag.py:500} INFO - Filling up the DagBag from /home/airflow/.local/lib/python3.7/site-packages/airflow/example_dags/example_branch_datetime_operator.py
[2023-07-11 18:29:56,028] {processor.py:654} INFO - DAG(s) dict_keys(['example_branch_datetime_operator_2']) retrieved from /home/airflow/.local/lib/python3.7/site-packages/airflow/example_dags/example_branch_datetime_operator.py
[2023-07-11 18:29:56,045] {logging_mixin.py:109} INFO - [2023-07-11 18:29:56,045] {dag.py:2396} INFO - Sync 1 DAGs
[2023-07-11 18:29:56,076] {logging_mixin.py:109} INFO - [2023-07-11 18:29:56,076] {dag.py:2935} INFO - Setting next_dagrun for example_branch_datetime_operator_2 to 2023-07-10 00:00:00+00:00
[2023-07-11 18:29:56,093] {processor.py:171} INFO - Processing /home/airflow/.local/lib/python3.7/site-packages/airflow/example_dags/example_branch_datetime_operator.py took 0.129 seconds
[2023-07-11 18:30:27,365] {processor.py:163} INFO - Started process (PID=166) to work on /home/airflow/.local/lib/python3.7/site-packages/airflow/example_dags/example_branch_datetime_operator.py
[2023-07-11 18:30:27,368] {processor.py:642} INFO - Processing file /home/airflow/.local/lib/python3.7/site-packages/airflow/example_dags/example_branch_datetime_operator.py for tasks to queue
[2023-07-11 18:30:27,369] {logging_mixin.py:109} INFO - [2023-07-11 18:30:27,369] {dagbag.py:500} INFO - Filling up the DagBag from /home/airflow/.local/lib/python3.7/site-packages/airflow/example_dags/example_branch_datetime_operator.py
[2023-07-11 18:30:27,442] {processor.py:654} INFO - DAG(s) dict_keys(['example_branch_datetime_operator_2']) retrieved from /home/airflow/.local/lib/python3.7/site-packages/airflow/example_dags/example_branch_datetime_operator.py
[2023-07-11 18:30:27,463] {logging_mixin.py:109} INFO - [2023-07-11 18:30:27,463] {dag.py:2396} INFO - Sync 1 DAGs
[2023-07-11 18:30:27,507] {logging_mixin.py:109} INFO - [2023-07-11 18:30:27,507] {dag.py:2935} INFO - Setting next_dagrun for example_branch_datetime_operator_2 to 2023-07-10 00:00:00+00:00
[2023-07-11 18:30:27,531] {processor.py:171} INFO - Processing /home/airflow/.local/lib/python3.7/site-packages/airflow/example_dags/example_branch_datetime_operator.py took 0.172 seconds
[2023-07-11 18:30:58,686] {processor.py:163} INFO - Started process (PID=246) to work on /home/airflow/.local/lib/python3.7/site-packages/airflow/example_dags/example_branch_datetime_operator.py
[2023-07-11 18:30:58,688] {processor.py:642} INFO - Processing file /home/airflow/.local/lib/python3.7/site-packages/airflow/example_dags/example_branch_datetime_operator.py for tasks to queue
[2023-07-11 18:30:58,689] {logging_mixin.py:109} INFO - [2023-07-11 18:30:58,688] {dagbag.py:500} INFO - Filling up the DagBag from /home/airflow/.local/lib/python3.7/site-packages/airflow/example_dags/example_branch_datetime_operator.py
[2023-07-11 18:30:58,736] {processor.py:654} INFO - DAG(s) dict_keys(['example_branch_datetime_operator_2']) retrieved from /home/airflow/.local/lib/python3.7/site-packages/airflow/example_dags/example_branch_datetime_operator.py
[2023-07-11 18:30:58,755] {logging_mixin.py:109} INFO - [2023-07-11 18:30:58,755] {dag.py:2396} INFO - Sync 1 DAGs
[2023-07-11 18:30:58,786] {logging_mixin.py:109} INFO - [2023-07-11 18:30:58,786] {dag.py:2935} INFO - Setting next_dagrun for example_branch_datetime_operator_2 to 2023-07-10 00:00:00+00:00
[2023-07-11 18:30:58,803] {processor.py:171} INFO - Processing /home/airflow/.local/lib/python3.7/site-packages/airflow/example_dags/example_branch_datetime_operator.py took 0.122 seconds
[2023-07-11 18:31:29,593] {processor.py:163} INFO - Started process (PID=327) to work on /home/airflow/.local/lib/python3.7/site-packages/airflow/example_dags/example_branch_datetime_operator.py
[2023-07-11 18:31:29,594] {processor.py:642} INFO - Processing file /home/airflow/.local/lib/python3.7/site-packages/airflow/example_dags/example_branch_datetime_operator.py for tasks to queue
[2023-07-11 18:31:29,595] {logging_mixin.py:109} INFO - [2023-07-11 18:31:29,595] {dagbag.py:500} INFO - Filling up the DagBag from /home/airflow/.local/lib/python3.7/site-packages/airflow/example_dags/example_branch_datetime_operator.py
[2023-07-11 18:31:29,620] {processor.py:654} INFO - DAG(s) dict_keys(['example_branch_datetime_operator_2']) retrieved from /home/airflow/.local/lib/python3.7/site-packages/airflow/example_dags/example_branch_datetime_operator.py
[2023-07-11 18:31:29,629] {logging_mixin.py:109} INFO - [2023-07-11 18:31:29,629] {dag.py:2396} INFO - Sync 1 DAGs
[2023-07-11 18:31:29,646] {logging_mixin.py:109} INFO - [2023-07-11 18:31:29,646] {dag.py:2935} INFO - Setting next_dagrun for example_branch_datetime_operator_2 to 2023-07-10 00:00:00+00:00
[2023-07-11 18:31:29,659] {processor.py:171} INFO - Processing /home/airflow/.local/lib/python3.7/site-packages/airflow/example_dags/example_branch_datetime_operator.py took 0.070 seconds
