[2023-07-11 18:22:47,280] {processor.py:163} INFO - Started process (PID=84) to work on /home/airflow/.local/lib/python3.7/site-packages/airflow/example_dags/example_python_operator.py
[2023-07-11 18:22:47,282] {processor.py:642} INFO - Processing file /home/airflow/.local/lib/python3.7/site-packages/airflow/example_dags/example_python_operator.py for tasks to queue
[2023-07-11 18:22:47,283] {logging_mixin.py:109} INFO - [2023-07-11 18:22:47,283] {dagbag.py:500} INFO - Filling up the DagBag from /home/airflow/.local/lib/python3.7/site-packages/airflow/example_dags/example_python_operator.py
[2023-07-11 18:22:47,336] {processor.py:654} INFO - DAG(s) dict_keys(['example_python_operator']) retrieved from /home/airflow/.local/lib/python3.7/site-packages/airflow/example_dags/example_python_operator.py
[2023-07-11 18:22:47,354] {logging_mixin.py:109} INFO - [2023-07-11 18:22:47,353] {dag.py:2396} INFO - Sync 1 DAGs
[2023-07-11 18:22:47,383] {logging_mixin.py:109} INFO - [2023-07-11 18:22:47,383] {dag.py:2935} INFO - Setting next_dagrun for example_python_operator to None
[2023-07-11 18:22:47,427] {processor.py:171} INFO - Processing /home/airflow/.local/lib/python3.7/site-packages/airflow/example_dags/example_python_operator.py took 0.153 seconds
[2023-07-11 18:23:18,075] {processor.py:163} INFO - Started process (PID=153) to work on /home/airflow/.local/lib/python3.7/site-packages/airflow/example_dags/example_python_operator.py
[2023-07-11 18:23:18,077] {processor.py:642} INFO - Processing file /home/airflow/.local/lib/python3.7/site-packages/airflow/example_dags/example_python_operator.py for tasks to queue
[2023-07-11 18:23:18,078] {logging_mixin.py:109} INFO - [2023-07-11 18:23:18,077] {dagbag.py:500} INFO - Filling up the DagBag from /home/airflow/.local/lib/python3.7/site-packages/airflow/example_dags/example_python_operator.py
[2023-07-11 18:23:18,125] {processor.py:654} INFO - DAG(s) dict_keys(['example_python_operator']) retrieved from /home/airflow/.local/lib/python3.7/site-packages/airflow/example_dags/example_python_operator.py
[2023-07-11 18:23:18,142] {logging_mixin.py:109} INFO - [2023-07-11 18:23:18,142] {dag.py:2396} INFO - Sync 1 DAGs
[2023-07-11 18:23:18,160] {logging_mixin.py:109} INFO - [2023-07-11 18:23:18,160] {dag.py:2935} INFO - Setting next_dagrun for example_python_operator to None
[2023-07-11 18:23:18,172] {processor.py:171} INFO - Processing /home/airflow/.local/lib/python3.7/site-packages/airflow/example_dags/example_python_operator.py took 0.101 seconds
[2023-07-11 18:23:48,773] {processor.py:163} INFO - Started process (PID=233) to work on /home/airflow/.local/lib/python3.7/site-packages/airflow/example_dags/example_python_operator.py
[2023-07-11 18:23:48,775] {processor.py:642} INFO - Processing file /home/airflow/.local/lib/python3.7/site-packages/airflow/example_dags/example_python_operator.py for tasks to queue
[2023-07-11 18:23:48,776] {logging_mixin.py:109} INFO - [2023-07-11 18:23:48,776] {dagbag.py:500} INFO - Filling up the DagBag from /home/airflow/.local/lib/python3.7/site-packages/airflow/example_dags/example_python_operator.py
[2023-07-11 18:23:48,812] {processor.py:654} INFO - DAG(s) dict_keys(['example_python_operator']) retrieved from /home/airflow/.local/lib/python3.7/site-packages/airflow/example_dags/example_python_operator.py
[2023-07-11 18:23:48,825] {logging_mixin.py:109} INFO - [2023-07-11 18:23:48,825] {dag.py:2396} INFO - Sync 1 DAGs
[2023-07-11 18:23:48,845] {logging_mixin.py:109} INFO - [2023-07-11 18:23:48,845] {dag.py:2935} INFO - Setting next_dagrun for example_python_operator to None
[2023-07-11 18:23:48,862] {processor.py:171} INFO - Processing /home/airflow/.local/lib/python3.7/site-packages/airflow/example_dags/example_python_operator.py took 0.093 seconds
[2023-07-11 18:24:19,764] {processor.py:163} INFO - Started process (PID=313) to work on /home/airflow/.local/lib/python3.7/site-packages/airflow/example_dags/example_python_operator.py
[2023-07-11 18:24:19,765] {processor.py:642} INFO - Processing file /home/airflow/.local/lib/python3.7/site-packages/airflow/example_dags/example_python_operator.py for tasks to queue
[2023-07-11 18:24:19,766] {logging_mixin.py:109} INFO - [2023-07-11 18:24:19,766] {dagbag.py:500} INFO - Filling up the DagBag from /home/airflow/.local/lib/python3.7/site-packages/airflow/example_dags/example_python_operator.py
[2023-07-11 18:24:19,805] {processor.py:654} INFO - DAG(s) dict_keys(['example_python_operator']) retrieved from /home/airflow/.local/lib/python3.7/site-packages/airflow/example_dags/example_python_operator.py
[2023-07-11 18:24:19,820] {logging_mixin.py:109} INFO - [2023-07-11 18:24:19,820] {dag.py:2396} INFO - Sync 1 DAGs
[2023-07-11 18:24:19,840] {logging_mixin.py:109} INFO - [2023-07-11 18:24:19,840] {dag.py:2935} INFO - Setting next_dagrun for example_python_operator to None
[2023-07-11 18:24:19,859] {processor.py:171} INFO - Processing /home/airflow/.local/lib/python3.7/site-packages/airflow/example_dags/example_python_operator.py took 0.100 seconds
[2023-07-11 18:24:51,087] {processor.py:163} INFO - Started process (PID=393) to work on /home/airflow/.local/lib/python3.7/site-packages/airflow/example_dags/example_python_operator.py
[2023-07-11 18:24:51,090] {processor.py:642} INFO - Processing file /home/airflow/.local/lib/python3.7/site-packages/airflow/example_dags/example_python_operator.py for tasks to queue
[2023-07-11 18:24:51,091] {logging_mixin.py:109} INFO - [2023-07-11 18:24:51,090] {dagbag.py:500} INFO - Filling up the DagBag from /home/airflow/.local/lib/python3.7/site-packages/airflow/example_dags/example_python_operator.py
[2023-07-11 18:24:51,160] {processor.py:654} INFO - DAG(s) dict_keys(['example_python_operator']) retrieved from /home/airflow/.local/lib/python3.7/site-packages/airflow/example_dags/example_python_operator.py
[2023-07-11 18:24:51,190] {logging_mixin.py:109} INFO - [2023-07-11 18:24:51,190] {dag.py:2396} INFO - Sync 1 DAGs
[2023-07-11 18:24:51,229] {logging_mixin.py:109} INFO - [2023-07-11 18:24:51,229] {dag.py:2935} INFO - Setting next_dagrun for example_python_operator to None
[2023-07-11 18:24:51,251] {processor.py:171} INFO - Processing /home/airflow/.local/lib/python3.7/site-packages/airflow/example_dags/example_python_operator.py took 0.172 seconds
[2023-07-11 18:25:22,086] {processor.py:163} INFO - Started process (PID=479) to work on /home/airflow/.local/lib/python3.7/site-packages/airflow/example_dags/example_python_operator.py
[2023-07-11 18:25:22,095] {processor.py:642} INFO - Processing file /home/airflow/.local/lib/python3.7/site-packages/airflow/example_dags/example_python_operator.py for tasks to queue
[2023-07-11 18:25:22,097] {logging_mixin.py:109} INFO - [2023-07-11 18:25:22,096] {dagbag.py:500} INFO - Filling up the DagBag from /home/airflow/.local/lib/python3.7/site-packages/airflow/example_dags/example_python_operator.py
[2023-07-11 18:25:22,205] {processor.py:654} INFO - DAG(s) dict_keys(['example_python_operator']) retrieved from /home/airflow/.local/lib/python3.7/site-packages/airflow/example_dags/example_python_operator.py
[2023-07-11 18:25:22,229] {logging_mixin.py:109} INFO - [2023-07-11 18:25:22,228] {dag.py:2396} INFO - Sync 1 DAGs
[2023-07-11 18:25:22,266] {logging_mixin.py:109} INFO - [2023-07-11 18:25:22,266] {dag.py:2935} INFO - Setting next_dagrun for example_python_operator to None
[2023-07-11 18:25:22,291] {processor.py:171} INFO - Processing /home/airflow/.local/lib/python3.7/site-packages/airflow/example_dags/example_python_operator.py took 0.212 seconds
[2023-07-11 18:25:52,955] {processor.py:163} INFO - Started process (PID=561) to work on /home/airflow/.local/lib/python3.7/site-packages/airflow/example_dags/example_python_operator.py
[2023-07-11 18:25:52,958] {processor.py:642} INFO - Processing file /home/airflow/.local/lib/python3.7/site-packages/airflow/example_dags/example_python_operator.py for tasks to queue
[2023-07-11 18:25:52,960] {logging_mixin.py:109} INFO - [2023-07-11 18:25:52,960] {dagbag.py:500} INFO - Filling up the DagBag from /home/airflow/.local/lib/python3.7/site-packages/airflow/example_dags/example_python_operator.py
[2023-07-11 18:25:53,034] {processor.py:654} INFO - DAG(s) dict_keys(['example_python_operator']) retrieved from /home/airflow/.local/lib/python3.7/site-packages/airflow/example_dags/example_python_operator.py
[2023-07-11 18:25:53,056] {logging_mixin.py:109} INFO - [2023-07-11 18:25:53,056] {dag.py:2396} INFO - Sync 1 DAGs
[2023-07-11 18:25:53,099] {logging_mixin.py:109} INFO - [2023-07-11 18:25:53,098] {dag.py:2935} INFO - Setting next_dagrun for example_python_operator to None
[2023-07-11 18:25:53,122] {processor.py:171} INFO - Processing /home/airflow/.local/lib/python3.7/site-packages/airflow/example_dags/example_python_operator.py took 0.178 seconds
[2023-07-11 18:26:23,875] {processor.py:163} INFO - Started process (PID=641) to work on /home/airflow/.local/lib/python3.7/site-packages/airflow/example_dags/example_python_operator.py
[2023-07-11 18:26:23,879] {processor.py:642} INFO - Processing file /home/airflow/.local/lib/python3.7/site-packages/airflow/example_dags/example_python_operator.py for tasks to queue
[2023-07-11 18:26:23,880] {logging_mixin.py:109} INFO - [2023-07-11 18:26:23,880] {dagbag.py:500} INFO - Filling up the DagBag from /home/airflow/.local/lib/python3.7/site-packages/airflow/example_dags/example_python_operator.py
[2023-07-11 18:26:23,935] {processor.py:654} INFO - DAG(s) dict_keys(['example_python_operator']) retrieved from /home/airflow/.local/lib/python3.7/site-packages/airflow/example_dags/example_python_operator.py
[2023-07-11 18:26:23,958] {logging_mixin.py:109} INFO - [2023-07-11 18:26:23,958] {dag.py:2396} INFO - Sync 1 DAGs
[2023-07-11 18:26:23,987] {logging_mixin.py:109} INFO - [2023-07-11 18:26:23,987] {dag.py:2935} INFO - Setting next_dagrun for example_python_operator to None
[2023-07-11 18:26:24,009] {processor.py:171} INFO - Processing /home/airflow/.local/lib/python3.7/site-packages/airflow/example_dags/example_python_operator.py took 0.139 seconds
[2023-07-11 18:26:55,615] {processor.py:163} INFO - Started process (PID=721) to work on /home/airflow/.local/lib/python3.7/site-packages/airflow/example_dags/example_python_operator.py
[2023-07-11 18:26:55,621] {processor.py:642} INFO - Processing file /home/airflow/.local/lib/python3.7/site-packages/airflow/example_dags/example_python_operator.py for tasks to queue
[2023-07-11 18:26:55,622] {logging_mixin.py:109} INFO - [2023-07-11 18:26:55,622] {dagbag.py:500} INFO - Filling up the DagBag from /home/airflow/.local/lib/python3.7/site-packages/airflow/example_dags/example_python_operator.py
[2023-07-11 18:26:55,807] {processor.py:654} INFO - DAG(s) dict_keys(['example_python_operator']) retrieved from /home/airflow/.local/lib/python3.7/site-packages/airflow/example_dags/example_python_operator.py
[2023-07-11 18:26:55,889] {logging_mixin.py:109} INFO - [2023-07-11 18:26:55,889] {dag.py:2396} INFO - Sync 1 DAGs
[2023-07-11 18:26:55,975] {logging_mixin.py:109} INFO - [2023-07-11 18:26:55,975] {dag.py:2935} INFO - Setting next_dagrun for example_python_operator to None
[2023-07-11 18:26:56,083] {processor.py:171} INFO - Processing /home/airflow/.local/lib/python3.7/site-packages/airflow/example_dags/example_python_operator.py took 0.486 seconds
[2023-07-11 18:27:26,765] {processor.py:163} INFO - Started process (PID=801) to work on /home/airflow/.local/lib/python3.7/site-packages/airflow/example_dags/example_python_operator.py
[2023-07-11 18:27:26,769] {processor.py:642} INFO - Processing file /home/airflow/.local/lib/python3.7/site-packages/airflow/example_dags/example_python_operator.py for tasks to queue
[2023-07-11 18:27:26,770] {logging_mixin.py:109} INFO - [2023-07-11 18:27:26,770] {dagbag.py:500} INFO - Filling up the DagBag from /home/airflow/.local/lib/python3.7/site-packages/airflow/example_dags/example_python_operator.py
[2023-07-11 18:27:26,843] {processor.py:654} INFO - DAG(s) dict_keys(['example_python_operator']) retrieved from /home/airflow/.local/lib/python3.7/site-packages/airflow/example_dags/example_python_operator.py
[2023-07-11 18:27:26,878] {logging_mixin.py:109} INFO - [2023-07-11 18:27:26,878] {dag.py:2396} INFO - Sync 1 DAGs
[2023-07-11 18:27:26,923] {logging_mixin.py:109} INFO - [2023-07-11 18:27:26,923] {dag.py:2935} INFO - Setting next_dagrun for example_python_operator to None
[2023-07-11 18:27:26,961] {processor.py:171} INFO - Processing /home/airflow/.local/lib/python3.7/site-packages/airflow/example_dags/example_python_operator.py took 0.208 seconds
[2023-07-11 18:27:57,849] {processor.py:163} INFO - Started process (PID=872) to work on /home/airflow/.local/lib/python3.7/site-packages/airflow/example_dags/example_python_operator.py
[2023-07-11 18:27:57,851] {processor.py:642} INFO - Processing file /home/airflow/.local/lib/python3.7/site-packages/airflow/example_dags/example_python_operator.py for tasks to queue
[2023-07-11 18:27:57,852] {logging_mixin.py:109} INFO - [2023-07-11 18:27:57,852] {dagbag.py:500} INFO - Filling up the DagBag from /home/airflow/.local/lib/python3.7/site-packages/airflow/example_dags/example_python_operator.py
[2023-07-11 18:27:57,935] {processor.py:654} INFO - DAG(s) dict_keys(['example_python_operator']) retrieved from /home/airflow/.local/lib/python3.7/site-packages/airflow/example_dags/example_python_operator.py
[2023-07-11 18:27:57,966] {logging_mixin.py:109} INFO - [2023-07-11 18:27:57,966] {dag.py:2396} INFO - Sync 1 DAGs
[2023-07-11 18:27:57,992] {logging_mixin.py:109} INFO - [2023-07-11 18:27:57,992] {dag.py:2935} INFO - Setting next_dagrun for example_python_operator to None
[2023-07-11 18:27:58,008] {processor.py:171} INFO - Processing /home/airflow/.local/lib/python3.7/site-packages/airflow/example_dags/example_python_operator.py took 0.166 seconds
[2023-07-11 18:29:55,257] {processor.py:163} INFO - Started process (PID=81) to work on /home/airflow/.local/lib/python3.7/site-packages/airflow/example_dags/example_python_operator.py
[2023-07-11 18:29:55,260] {processor.py:642} INFO - Processing file /home/airflow/.local/lib/python3.7/site-packages/airflow/example_dags/example_python_operator.py for tasks to queue
[2023-07-11 18:29:55,261] {logging_mixin.py:109} INFO - [2023-07-11 18:29:55,261] {dagbag.py:500} INFO - Filling up the DagBag from /home/airflow/.local/lib/python3.7/site-packages/airflow/example_dags/example_python_operator.py
[2023-07-11 18:29:55,318] {processor.py:654} INFO - DAG(s) dict_keys(['example_python_operator']) retrieved from /home/airflow/.local/lib/python3.7/site-packages/airflow/example_dags/example_python_operator.py
[2023-07-11 18:29:55,336] {logging_mixin.py:109} INFO - [2023-07-11 18:29:55,336] {dag.py:2396} INFO - Sync 1 DAGs
[2023-07-11 18:29:55,359] {logging_mixin.py:109} INFO - [2023-07-11 18:29:55,359] {dag.py:2935} INFO - Setting next_dagrun for example_python_operator to None
[2023-07-11 18:29:55,380] {processor.py:171} INFO - Processing /home/airflow/.local/lib/python3.7/site-packages/airflow/example_dags/example_python_operator.py took 0.129 seconds
[2023-07-11 18:30:26,386] {processor.py:163} INFO - Started process (PID=161) to work on /home/airflow/.local/lib/python3.7/site-packages/airflow/example_dags/example_python_operator.py
[2023-07-11 18:30:26,389] {processor.py:642} INFO - Processing file /home/airflow/.local/lib/python3.7/site-packages/airflow/example_dags/example_python_operator.py for tasks to queue
[2023-07-11 18:30:26,390] {logging_mixin.py:109} INFO - [2023-07-11 18:30:26,390] {dagbag.py:500} INFO - Filling up the DagBag from /home/airflow/.local/lib/python3.7/site-packages/airflow/example_dags/example_python_operator.py
[2023-07-11 18:30:26,458] {processor.py:654} INFO - DAG(s) dict_keys(['example_python_operator']) retrieved from /home/airflow/.local/lib/python3.7/site-packages/airflow/example_dags/example_python_operator.py
[2023-07-11 18:30:26,479] {logging_mixin.py:109} INFO - [2023-07-11 18:30:26,479] {dag.py:2396} INFO - Sync 1 DAGs
[2023-07-11 18:30:26,514] {logging_mixin.py:109} INFO - [2023-07-11 18:30:26,513] {dag.py:2935} INFO - Setting next_dagrun for example_python_operator to None
[2023-07-11 18:30:26,541] {processor.py:171} INFO - Processing /home/airflow/.local/lib/python3.7/site-packages/airflow/example_dags/example_python_operator.py took 0.162 seconds
[2023-07-11 18:30:56,996] {processor.py:163} INFO - Started process (PID=241) to work on /home/airflow/.local/lib/python3.7/site-packages/airflow/example_dags/example_python_operator.py
[2023-07-11 18:30:56,998] {processor.py:642} INFO - Processing file /home/airflow/.local/lib/python3.7/site-packages/airflow/example_dags/example_python_operator.py for tasks to queue
[2023-07-11 18:30:56,999] {logging_mixin.py:109} INFO - [2023-07-11 18:30:56,999] {dagbag.py:500} INFO - Filling up the DagBag from /home/airflow/.local/lib/python3.7/site-packages/airflow/example_dags/example_python_operator.py
[2023-07-11 18:30:57,060] {processor.py:654} INFO - DAG(s) dict_keys(['example_python_operator']) retrieved from /home/airflow/.local/lib/python3.7/site-packages/airflow/example_dags/example_python_operator.py
[2023-07-11 18:30:57,079] {logging_mixin.py:109} INFO - [2023-07-11 18:30:57,079] {dag.py:2396} INFO - Sync 1 DAGs
[2023-07-11 18:30:57,108] {logging_mixin.py:109} INFO - [2023-07-11 18:30:57,108] {dag.py:2935} INFO - Setting next_dagrun for example_python_operator to None
[2023-07-11 18:30:57,126] {processor.py:171} INFO - Processing /home/airflow/.local/lib/python3.7/site-packages/airflow/example_dags/example_python_operator.py took 0.135 seconds
[2023-07-11 18:31:28,086] {processor.py:163} INFO - Started process (PID=322) to work on /home/airflow/.local/lib/python3.7/site-packages/airflow/example_dags/example_python_operator.py
[2023-07-11 18:31:28,089] {processor.py:642} INFO - Processing file /home/airflow/.local/lib/python3.7/site-packages/airflow/example_dags/example_python_operator.py for tasks to queue
[2023-07-11 18:31:28,090] {logging_mixin.py:109} INFO - [2023-07-11 18:31:28,089] {dagbag.py:500} INFO - Filling up the DagBag from /home/airflow/.local/lib/python3.7/site-packages/airflow/example_dags/example_python_operator.py
[2023-07-11 18:31:28,145] {processor.py:654} INFO - DAG(s) dict_keys(['example_python_operator']) retrieved from /home/airflow/.local/lib/python3.7/site-packages/airflow/example_dags/example_python_operator.py
[2023-07-11 18:31:28,163] {logging_mixin.py:109} INFO - [2023-07-11 18:31:28,163] {dag.py:2396} INFO - Sync 1 DAGs
[2023-07-11 18:31:28,188] {logging_mixin.py:109} INFO - [2023-07-11 18:31:28,188] {dag.py:2935} INFO - Setting next_dagrun for example_python_operator to None
[2023-07-11 18:31:28,201] {processor.py:171} INFO - Processing /home/airflow/.local/lib/python3.7/site-packages/airflow/example_dags/example_python_operator.py took 0.121 seconds
[2023-07-11 18:31:58,604] {processor.py:163} INFO - Started process (PID=402) to work on /home/airflow/.local/lib/python3.7/site-packages/airflow/example_dags/example_python_operator.py
[2023-07-11 18:31:58,606] {processor.py:642} INFO - Processing file /home/airflow/.local/lib/python3.7/site-packages/airflow/example_dags/example_python_operator.py for tasks to queue
[2023-07-11 18:31:58,608] {logging_mixin.py:109} INFO - [2023-07-11 18:31:58,607] {dagbag.py:500} INFO - Filling up the DagBag from /home/airflow/.local/lib/python3.7/site-packages/airflow/example_dags/example_python_operator.py
[2023-07-11 18:31:58,792] {processor.py:654} INFO - DAG(s) dict_keys(['example_python_operator']) retrieved from /home/airflow/.local/lib/python3.7/site-packages/airflow/example_dags/example_python_operator.py
[2023-07-11 18:31:58,882] {logging_mixin.py:109} INFO - [2023-07-11 18:31:58,881] {dag.py:2396} INFO - Sync 1 DAGs
[2023-07-11 18:31:58,948] {logging_mixin.py:109} INFO - [2023-07-11 18:31:58,948] {dag.py:2935} INFO - Setting next_dagrun for example_python_operator to None
[2023-07-11 18:31:59,050] {processor.py:171} INFO - Processing /home/airflow/.local/lib/python3.7/site-packages/airflow/example_dags/example_python_operator.py took 0.463 seconds
