[2023-07-11 18:22:45,793] {processor.py:163} INFO - Started process (PID=73) to work on /home/airflow/.local/lib/python3.7/site-packages/airflow/example_dags/example_latest_only.py
[2023-07-11 18:22:45,796] {processor.py:642} INFO - Processing file /home/airflow/.local/lib/python3.7/site-packages/airflow/example_dags/example_latest_only.py for tasks to queue
[2023-07-11 18:22:45,798] {logging_mixin.py:109} INFO - [2023-07-11 18:22:45,798] {dagbag.py:500} INFO - Filling up the DagBag from /home/airflow/.local/lib/python3.7/site-packages/airflow/example_dags/example_latest_only.py
[2023-07-11 18:22:45,913] {processor.py:654} INFO - DAG(s) dict_keys(['latest_only']) retrieved from /home/airflow/.local/lib/python3.7/site-packages/airflow/example_dags/example_latest_only.py
[2023-07-11 18:22:45,936] {logging_mixin.py:109} INFO - [2023-07-11 18:22:45,936] {dag.py:2396} INFO - Sync 1 DAGs
[2023-07-11 18:22:45,981] {logging_mixin.py:109} INFO - [2023-07-11 18:22:45,981] {dag.py:2935} INFO - Setting next_dagrun for latest_only to 2023-07-11T14:22:45.980482+00:00
[2023-07-11 18:22:46,004] {processor.py:171} INFO - Processing /home/airflow/.local/lib/python3.7/site-packages/airflow/example_dags/example_latest_only.py took 0.226 seconds
[2023-07-11 18:23:16,226] {processor.py:163} INFO - Started process (PID=142) to work on /home/airflow/.local/lib/python3.7/site-packages/airflow/example_dags/example_latest_only.py
[2023-07-11 18:23:16,228] {processor.py:642} INFO - Processing file /home/airflow/.local/lib/python3.7/site-packages/airflow/example_dags/example_latest_only.py for tasks to queue
[2023-07-11 18:23:16,229] {logging_mixin.py:109} INFO - [2023-07-11 18:23:16,229] {dagbag.py:500} INFO - Filling up the DagBag from /home/airflow/.local/lib/python3.7/site-packages/airflow/example_dags/example_latest_only.py
[2023-07-11 18:23:16,275] {processor.py:654} INFO - DAG(s) dict_keys(['latest_only']) retrieved from /home/airflow/.local/lib/python3.7/site-packages/airflow/example_dags/example_latest_only.py
[2023-07-11 18:23:16,293] {logging_mixin.py:109} INFO - [2023-07-11 18:23:16,292] {dag.py:2396} INFO - Sync 1 DAGs
[2023-07-11 18:23:16,325] {logging_mixin.py:109} INFO - [2023-07-11 18:23:16,324] {dag.py:2935} INFO - Setting next_dagrun for latest_only to 2023-07-11T14:23:16.324160+00:00
[2023-07-11 18:23:16,342] {processor.py:171} INFO - Processing /home/airflow/.local/lib/python3.7/site-packages/airflow/example_dags/example_latest_only.py took 0.122 seconds
[2023-07-11 18:23:46,868] {processor.py:163} INFO - Started process (PID=222) to work on /home/airflow/.local/lib/python3.7/site-packages/airflow/example_dags/example_latest_only.py
[2023-07-11 18:23:46,870] {processor.py:642} INFO - Processing file /home/airflow/.local/lib/python3.7/site-packages/airflow/example_dags/example_latest_only.py for tasks to queue
[2023-07-11 18:23:46,871] {logging_mixin.py:109} INFO - [2023-07-11 18:23:46,871] {dagbag.py:500} INFO - Filling up the DagBag from /home/airflow/.local/lib/python3.7/site-packages/airflow/example_dags/example_latest_only.py
[2023-07-11 18:23:46,919] {processor.py:654} INFO - DAG(s) dict_keys(['latest_only']) retrieved from /home/airflow/.local/lib/python3.7/site-packages/airflow/example_dags/example_latest_only.py
[2023-07-11 18:23:46,937] {logging_mixin.py:109} INFO - [2023-07-11 18:23:46,936] {dag.py:2396} INFO - Sync 1 DAGs
[2023-07-11 18:23:46,966] {logging_mixin.py:109} INFO - [2023-07-11 18:23:46,966] {dag.py:2935} INFO - Setting next_dagrun for latest_only to 2023-07-11T14:23:46.966078+00:00
[2023-07-11 18:23:46,980] {processor.py:171} INFO - Processing /home/airflow/.local/lib/python3.7/site-packages/airflow/example_dags/example_latest_only.py took 0.126 seconds
[2023-07-11 18:24:17,856] {processor.py:163} INFO - Started process (PID=302) to work on /home/airflow/.local/lib/python3.7/site-packages/airflow/example_dags/example_latest_only.py
[2023-07-11 18:24:17,858] {processor.py:642} INFO - Processing file /home/airflow/.local/lib/python3.7/site-packages/airflow/example_dags/example_latest_only.py for tasks to queue
[2023-07-11 18:24:17,859] {logging_mixin.py:109} INFO - [2023-07-11 18:24:17,859] {dagbag.py:500} INFO - Filling up the DagBag from /home/airflow/.local/lib/python3.7/site-packages/airflow/example_dags/example_latest_only.py
[2023-07-11 18:24:17,899] {processor.py:654} INFO - DAG(s) dict_keys(['latest_only']) retrieved from /home/airflow/.local/lib/python3.7/site-packages/airflow/example_dags/example_latest_only.py
[2023-07-11 18:24:17,915] {logging_mixin.py:109} INFO - [2023-07-11 18:24:17,915] {dag.py:2396} INFO - Sync 1 DAGs
[2023-07-11 18:24:17,944] {logging_mixin.py:109} INFO - [2023-07-11 18:24:17,944] {dag.py:2935} INFO - Setting next_dagrun for latest_only to 2023-07-11T14:24:17.943768+00:00
[2023-07-11 18:24:17,960] {processor.py:171} INFO - Processing /home/airflow/.local/lib/python3.7/site-packages/airflow/example_dags/example_latest_only.py took 0.110 seconds
[2023-07-11 18:24:49,392] {processor.py:163} INFO - Started process (PID=382) to work on /home/airflow/.local/lib/python3.7/site-packages/airflow/example_dags/example_latest_only.py
[2023-07-11 18:24:49,397] {processor.py:642} INFO - Processing file /home/airflow/.local/lib/python3.7/site-packages/airflow/example_dags/example_latest_only.py for tasks to queue
[2023-07-11 18:24:49,398] {logging_mixin.py:109} INFO - [2023-07-11 18:24:49,398] {dagbag.py:500} INFO - Filling up the DagBag from /home/airflow/.local/lib/python3.7/site-packages/airflow/example_dags/example_latest_only.py
[2023-07-11 18:24:49,462] {processor.py:654} INFO - DAG(s) dict_keys(['latest_only']) retrieved from /home/airflow/.local/lib/python3.7/site-packages/airflow/example_dags/example_latest_only.py
[2023-07-11 18:24:49,493] {logging_mixin.py:109} INFO - [2023-07-11 18:24:49,493] {dag.py:2396} INFO - Sync 1 DAGs
[2023-07-11 18:24:49,561] {logging_mixin.py:109} INFO - [2023-07-11 18:24:49,561] {dag.py:2935} INFO - Setting next_dagrun for latest_only to 2023-07-11T14:24:49.560972+00:00
[2023-07-11 18:24:49,589] {processor.py:171} INFO - Processing /home/airflow/.local/lib/python3.7/site-packages/airflow/example_dags/example_latest_only.py took 0.211 seconds
[2023-07-11 18:25:20,020] {processor.py:163} INFO - Started process (PID=462) to work on /home/airflow/.local/lib/python3.7/site-packages/airflow/example_dags/example_latest_only.py
[2023-07-11 18:25:20,021] {processor.py:642} INFO - Processing file /home/airflow/.local/lib/python3.7/site-packages/airflow/example_dags/example_latest_only.py for tasks to queue
[2023-07-11 18:25:20,022] {logging_mixin.py:109} INFO - [2023-07-11 18:25:20,022] {dagbag.py:500} INFO - Filling up the DagBag from /home/airflow/.local/lib/python3.7/site-packages/airflow/example_dags/example_latest_only.py
[2023-07-11 18:25:20,061] {processor.py:654} INFO - DAG(s) dict_keys(['latest_only']) retrieved from /home/airflow/.local/lib/python3.7/site-packages/airflow/example_dags/example_latest_only.py
[2023-07-11 18:25:20,077] {logging_mixin.py:109} INFO - [2023-07-11 18:25:20,077] {dag.py:2396} INFO - Sync 1 DAGs
[2023-07-11 18:25:20,103] {logging_mixin.py:109} INFO - [2023-07-11 18:25:20,103] {dag.py:2935} INFO - Setting next_dagrun for latest_only to 2023-07-11T14:25:20.102722+00:00
[2023-07-11 18:25:20,121] {processor.py:171} INFO - Processing /home/airflow/.local/lib/python3.7/site-packages/airflow/example_dags/example_latest_only.py took 0.108 seconds
[2023-07-11 18:25:51,634] {processor.py:163} INFO - Started process (PID=551) to work on /home/airflow/.local/lib/python3.7/site-packages/airflow/example_dags/example_latest_only.py
[2023-07-11 18:25:51,648] {processor.py:642} INFO - Processing file /home/airflow/.local/lib/python3.7/site-packages/airflow/example_dags/example_latest_only.py for tasks to queue
[2023-07-11 18:25:51,650] {logging_mixin.py:109} INFO - [2023-07-11 18:25:51,650] {dagbag.py:500} INFO - Filling up the DagBag from /home/airflow/.local/lib/python3.7/site-packages/airflow/example_dags/example_latest_only.py
[2023-07-11 18:25:51,820] {processor.py:654} INFO - DAG(s) dict_keys(['latest_only']) retrieved from /home/airflow/.local/lib/python3.7/site-packages/airflow/example_dags/example_latest_only.py
[2023-07-11 18:25:51,869] {logging_mixin.py:109} INFO - [2023-07-11 18:25:51,868] {dag.py:2396} INFO - Sync 1 DAGs
[2023-07-11 18:25:51,946] {logging_mixin.py:109} INFO - [2023-07-11 18:25:51,946] {dag.py:2935} INFO - Setting next_dagrun for latest_only to 2023-07-11T14:25:51.945394+00:00
[2023-07-11 18:25:51,969] {processor.py:171} INFO - Processing /home/airflow/.local/lib/python3.7/site-packages/airflow/example_dags/example_latest_only.py took 0.345 seconds
[2023-07-11 18:26:22,946] {processor.py:163} INFO - Started process (PID=631) to work on /home/airflow/.local/lib/python3.7/site-packages/airflow/example_dags/example_latest_only.py
[2023-07-11 18:26:22,948] {processor.py:642} INFO - Processing file /home/airflow/.local/lib/python3.7/site-packages/airflow/example_dags/example_latest_only.py for tasks to queue
[2023-07-11 18:26:22,949] {logging_mixin.py:109} INFO - [2023-07-11 18:26:22,949] {dagbag.py:500} INFO - Filling up the DagBag from /home/airflow/.local/lib/python3.7/site-packages/airflow/example_dags/example_latest_only.py
[2023-07-11 18:26:22,996] {processor.py:654} INFO - DAG(s) dict_keys(['latest_only']) retrieved from /home/airflow/.local/lib/python3.7/site-packages/airflow/example_dags/example_latest_only.py
[2023-07-11 18:26:23,016] {logging_mixin.py:109} INFO - [2023-07-11 18:26:23,015] {dag.py:2396} INFO - Sync 1 DAGs
[2023-07-11 18:26:23,060] {logging_mixin.py:109} INFO - [2023-07-11 18:26:23,060] {dag.py:2935} INFO - Setting next_dagrun for latest_only to 2023-07-11T14:26:23.059823+00:00
[2023-07-11 18:26:23,081] {processor.py:171} INFO - Processing /home/airflow/.local/lib/python3.7/site-packages/airflow/example_dags/example_latest_only.py took 0.141 seconds
[2023-07-11 18:26:54,226] {processor.py:163} INFO - Started process (PID=711) to work on /home/airflow/.local/lib/python3.7/site-packages/airflow/example_dags/example_latest_only.py
[2023-07-11 18:26:54,229] {processor.py:642} INFO - Processing file /home/airflow/.local/lib/python3.7/site-packages/airflow/example_dags/example_latest_only.py for tasks to queue
[2023-07-11 18:26:54,231] {logging_mixin.py:109} INFO - [2023-07-11 18:26:54,231] {dagbag.py:500} INFO - Filling up the DagBag from /home/airflow/.local/lib/python3.7/site-packages/airflow/example_dags/example_latest_only.py
[2023-07-11 18:26:54,324] {processor.py:654} INFO - DAG(s) dict_keys(['latest_only']) retrieved from /home/airflow/.local/lib/python3.7/site-packages/airflow/example_dags/example_latest_only.py
[2023-07-11 18:26:54,348] {logging_mixin.py:109} INFO - [2023-07-11 18:26:54,347] {dag.py:2396} INFO - Sync 1 DAGs
[2023-07-11 18:26:54,391] {logging_mixin.py:109} INFO - [2023-07-11 18:26:54,391] {dag.py:2935} INFO - Setting next_dagrun for latest_only to 2023-07-11T14:26:54.391003+00:00
[2023-07-11 18:26:54,412] {processor.py:171} INFO - Processing /home/airflow/.local/lib/python3.7/site-packages/airflow/example_dags/example_latest_only.py took 0.199 seconds
[2023-07-11 18:27:24,879] {processor.py:163} INFO - Started process (PID=782) to work on /home/airflow/.local/lib/python3.7/site-packages/airflow/example_dags/example_latest_only.py
[2023-07-11 18:27:24,881] {processor.py:642} INFO - Processing file /home/airflow/.local/lib/python3.7/site-packages/airflow/example_dags/example_latest_only.py for tasks to queue
[2023-07-11 18:27:24,881] {logging_mixin.py:109} INFO - [2023-07-11 18:27:24,881] {dagbag.py:500} INFO - Filling up the DagBag from /home/airflow/.local/lib/python3.7/site-packages/airflow/example_dags/example_latest_only.py
[2023-07-11 18:27:24,912] {processor.py:654} INFO - DAG(s) dict_keys(['latest_only']) retrieved from /home/airflow/.local/lib/python3.7/site-packages/airflow/example_dags/example_latest_only.py
[2023-07-11 18:27:24,925] {logging_mixin.py:109} INFO - [2023-07-11 18:27:24,925] {dag.py:2396} INFO - Sync 1 DAGs
[2023-07-11 18:27:24,947] {logging_mixin.py:109} INFO - [2023-07-11 18:27:24,947] {dag.py:2935} INFO - Setting next_dagrun for latest_only to 2023-07-11T14:27:24.947533+00:00
[2023-07-11 18:27:24,963] {processor.py:171} INFO - Processing /home/airflow/.local/lib/python3.7/site-packages/airflow/example_dags/example_latest_only.py took 0.088 seconds
[2023-07-11 18:27:56,086] {processor.py:163} INFO - Started process (PID=862) to work on /home/airflow/.local/lib/python3.7/site-packages/airflow/example_dags/example_latest_only.py
[2023-07-11 18:27:56,090] {processor.py:642} INFO - Processing file /home/airflow/.local/lib/python3.7/site-packages/airflow/example_dags/example_latest_only.py for tasks to queue
[2023-07-11 18:27:56,091] {logging_mixin.py:109} INFO - [2023-07-11 18:27:56,091] {dagbag.py:500} INFO - Filling up the DagBag from /home/airflow/.local/lib/python3.7/site-packages/airflow/example_dags/example_latest_only.py
[2023-07-11 18:27:56,145] {processor.py:654} INFO - DAG(s) dict_keys(['latest_only']) retrieved from /home/airflow/.local/lib/python3.7/site-packages/airflow/example_dags/example_latest_only.py
[2023-07-11 18:27:56,167] {logging_mixin.py:109} INFO - [2023-07-11 18:27:56,167] {dag.py:2396} INFO - Sync 1 DAGs
[2023-07-11 18:27:56,204] {logging_mixin.py:109} INFO - [2023-07-11 18:27:56,204] {dag.py:2935} INFO - Setting next_dagrun for latest_only to 2023-07-11T14:27:56.203630+00:00
[2023-07-11 18:27:56,226] {processor.py:171} INFO - Processing /home/airflow/.local/lib/python3.7/site-packages/airflow/example_dags/example_latest_only.py took 0.147 seconds
[2023-07-11 18:29:53,680] {processor.py:163} INFO - Started process (PID=70) to work on /home/airflow/.local/lib/python3.7/site-packages/airflow/example_dags/example_latest_only.py
[2023-07-11 18:29:53,685] {processor.py:642} INFO - Processing file /home/airflow/.local/lib/python3.7/site-packages/airflow/example_dags/example_latest_only.py for tasks to queue
[2023-07-11 18:29:53,687] {logging_mixin.py:109} INFO - [2023-07-11 18:29:53,686] {dagbag.py:500} INFO - Filling up the DagBag from /home/airflow/.local/lib/python3.7/site-packages/airflow/example_dags/example_latest_only.py
[2023-07-11 18:29:53,742] {processor.py:654} INFO - DAG(s) dict_keys(['latest_only']) retrieved from /home/airflow/.local/lib/python3.7/site-packages/airflow/example_dags/example_latest_only.py
[2023-07-11 18:29:53,763] {logging_mixin.py:109} INFO - [2023-07-11 18:29:53,763] {dag.py:2396} INFO - Sync 1 DAGs
[2023-07-11 18:29:53,796] {logging_mixin.py:109} INFO - [2023-07-11 18:29:53,796] {dag.py:2935} INFO - Setting next_dagrun for latest_only to 2023-07-11T14:29:53.795770+00:00
[2023-07-11 18:29:53,813] {processor.py:171} INFO - Processing /home/airflow/.local/lib/python3.7/site-packages/airflow/example_dags/example_latest_only.py took 0.143 seconds
[2023-07-11 18:30:24,265] {processor.py:163} INFO - Started process (PID=150) to work on /home/airflow/.local/lib/python3.7/site-packages/airflow/example_dags/example_latest_only.py
[2023-07-11 18:30:24,270] {processor.py:642} INFO - Processing file /home/airflow/.local/lib/python3.7/site-packages/airflow/example_dags/example_latest_only.py for tasks to queue
[2023-07-11 18:30:24,272] {logging_mixin.py:109} INFO - [2023-07-11 18:30:24,271] {dagbag.py:500} INFO - Filling up the DagBag from /home/airflow/.local/lib/python3.7/site-packages/airflow/example_dags/example_latest_only.py
[2023-07-11 18:30:24,340] {processor.py:654} INFO - DAG(s) dict_keys(['latest_only']) retrieved from /home/airflow/.local/lib/python3.7/site-packages/airflow/example_dags/example_latest_only.py
[2023-07-11 18:30:24,359] {logging_mixin.py:109} INFO - [2023-07-11 18:30:24,359] {dag.py:2396} INFO - Sync 1 DAGs
[2023-07-11 18:30:24,391] {logging_mixin.py:109} INFO - [2023-07-11 18:30:24,390] {dag.py:2935} INFO - Setting next_dagrun for latest_only to 2023-07-11T14:30:24.390380+00:00
[2023-07-11 18:30:24,408] {processor.py:171} INFO - Processing /home/airflow/.local/lib/python3.7/site-packages/airflow/example_dags/example_latest_only.py took 0.149 seconds
[2023-07-11 18:30:54,777] {processor.py:163} INFO - Started process (PID=230) to work on /home/airflow/.local/lib/python3.7/site-packages/airflow/example_dags/example_latest_only.py
[2023-07-11 18:30:54,781] {processor.py:642} INFO - Processing file /home/airflow/.local/lib/python3.7/site-packages/airflow/example_dags/example_latest_only.py for tasks to queue
[2023-07-11 18:30:54,783] {logging_mixin.py:109} INFO - [2023-07-11 18:30:54,783] {dagbag.py:500} INFO - Filling up the DagBag from /home/airflow/.local/lib/python3.7/site-packages/airflow/example_dags/example_latest_only.py
[2023-07-11 18:30:54,851] {processor.py:654} INFO - DAG(s) dict_keys(['latest_only']) retrieved from /home/airflow/.local/lib/python3.7/site-packages/airflow/example_dags/example_latest_only.py
[2023-07-11 18:30:54,868] {logging_mixin.py:109} INFO - [2023-07-11 18:30:54,868] {dag.py:2396} INFO - Sync 1 DAGs
[2023-07-11 18:30:54,906] {logging_mixin.py:109} INFO - [2023-07-11 18:30:54,906] {dag.py:2935} INFO - Setting next_dagrun for latest_only to 2023-07-11T14:30:54.906082+00:00
[2023-07-11 18:30:54,927] {processor.py:171} INFO - Processing /home/airflow/.local/lib/python3.7/site-packages/airflow/example_dags/example_latest_only.py took 0.158 seconds
[2023-07-11 18:31:25,204] {processor.py:163} INFO - Started process (PID=311) to work on /home/airflow/.local/lib/python3.7/site-packages/airflow/example_dags/example_latest_only.py
[2023-07-11 18:31:25,206] {processor.py:642} INFO - Processing file /home/airflow/.local/lib/python3.7/site-packages/airflow/example_dags/example_latest_only.py for tasks to queue
[2023-07-11 18:31:25,206] {logging_mixin.py:109} INFO - [2023-07-11 18:31:25,206] {dagbag.py:500} INFO - Filling up the DagBag from /home/airflow/.local/lib/python3.7/site-packages/airflow/example_dags/example_latest_only.py
[2023-07-11 18:31:25,239] {processor.py:654} INFO - DAG(s) dict_keys(['latest_only']) retrieved from /home/airflow/.local/lib/python3.7/site-packages/airflow/example_dags/example_latest_only.py
[2023-07-11 18:31:25,252] {logging_mixin.py:109} INFO - [2023-07-11 18:31:25,252] {dag.py:2396} INFO - Sync 1 DAGs
[2023-07-11 18:31:25,274] {logging_mixin.py:109} INFO - [2023-07-11 18:31:25,273] {dag.py:2935} INFO - Setting next_dagrun for latest_only to 2023-07-11T14:31:25.273394+00:00
[2023-07-11 18:31:25,301] {processor.py:171} INFO - Processing /home/airflow/.local/lib/python3.7/site-packages/airflow/example_dags/example_latest_only.py took 0.101 seconds
[2023-07-11 18:31:55,353] {processor.py:163} INFO - Started process (PID=391) to work on /home/airflow/.local/lib/python3.7/site-packages/airflow/example_dags/example_latest_only.py
[2023-07-11 18:31:55,355] {processor.py:642} INFO - Processing file /home/airflow/.local/lib/python3.7/site-packages/airflow/example_dags/example_latest_only.py for tasks to queue
[2023-07-11 18:31:55,356] {logging_mixin.py:109} INFO - [2023-07-11 18:31:55,356] {dagbag.py:500} INFO - Filling up the DagBag from /home/airflow/.local/lib/python3.7/site-packages/airflow/example_dags/example_latest_only.py
[2023-07-11 18:31:55,396] {processor.py:654} INFO - DAG(s) dict_keys(['latest_only']) retrieved from /home/airflow/.local/lib/python3.7/site-packages/airflow/example_dags/example_latest_only.py
[2023-07-11 18:31:55,414] {logging_mixin.py:109} INFO - [2023-07-11 18:31:55,414] {dag.py:2396} INFO - Sync 1 DAGs
[2023-07-11 18:31:55,443] {logging_mixin.py:109} INFO - [2023-07-11 18:31:55,443] {dag.py:2935} INFO - Setting next_dagrun for latest_only to 2023-07-11T14:31:55.442759+00:00
[2023-07-11 18:31:55,465] {processor.py:171} INFO - Processing /home/airflow/.local/lib/python3.7/site-packages/airflow/example_dags/example_latest_only.py took 0.117 seconds
