[2023-07-11 18:22:47,458] {processor.py:163} INFO - Started process (PID=86) to work on /home/airflow/.local/lib/python3.7/site-packages/airflow/example_dags/tutorial_taskflow_api_etl.py
[2023-07-11 18:22:47,460] {processor.py:642} INFO - Processing file /home/airflow/.local/lib/python3.7/site-packages/airflow/example_dags/tutorial_taskflow_api_etl.py for tasks to queue
[2023-07-11 18:22:47,461] {logging_mixin.py:109} INFO - [2023-07-11 18:22:47,461] {dagbag.py:500} INFO - Filling up the DagBag from /home/airflow/.local/lib/python3.7/site-packages/airflow/example_dags/tutorial_taskflow_api_etl.py
[2023-07-11 18:22:47,530] {processor.py:654} INFO - DAG(s) dict_keys(['tutorial_taskflow_api_etl']) retrieved from /home/airflow/.local/lib/python3.7/site-packages/airflow/example_dags/tutorial_taskflow_api_etl.py
[2023-07-11 18:22:48,331] {logging_mixin.py:109} INFO - [2023-07-11 18:22:48,330] {dag.py:2396} INFO - Sync 1 DAGs
[2023-07-11 18:22:48,418] {logging_mixin.py:109} INFO - [2023-07-11 18:22:48,418] {dag.py:2935} INFO - Setting next_dagrun for tutorial_taskflow_api_etl to None
[2023-07-11 18:22:48,968] {processor.py:171} INFO - Processing /home/airflow/.local/lib/python3.7/site-packages/airflow/example_dags/tutorial_taskflow_api_etl.py took 1.517 seconds
[2023-07-11 18:23:19,270] {processor.py:163} INFO - Started process (PID=156) to work on /home/airflow/.local/lib/python3.7/site-packages/airflow/example_dags/tutorial_taskflow_api_etl.py
[2023-07-11 18:23:19,273] {processor.py:642} INFO - Processing file /home/airflow/.local/lib/python3.7/site-packages/airflow/example_dags/tutorial_taskflow_api_etl.py for tasks to queue
[2023-07-11 18:23:19,274] {logging_mixin.py:109} INFO - [2023-07-11 18:23:19,274] {dagbag.py:500} INFO - Filling up the DagBag from /home/airflow/.local/lib/python3.7/site-packages/airflow/example_dags/tutorial_taskflow_api_etl.py
[2023-07-11 18:23:19,311] {processor.py:654} INFO - DAG(s) dict_keys(['tutorial_taskflow_api_etl']) retrieved from /home/airflow/.local/lib/python3.7/site-packages/airflow/example_dags/tutorial_taskflow_api_etl.py
[2023-07-11 18:23:19,587] {logging_mixin.py:109} INFO - [2023-07-11 18:23:19,586] {dag.py:2396} INFO - Sync 1 DAGs
[2023-07-11 18:23:19,604] {logging_mixin.py:109} INFO - [2023-07-11 18:23:19,604] {dag.py:2935} INFO - Setting next_dagrun for tutorial_taskflow_api_etl to None
[2023-07-11 18:23:19,623] {processor.py:171} INFO - Processing /home/airflow/.local/lib/python3.7/site-packages/airflow/example_dags/tutorial_taskflow_api_etl.py took 0.356 seconds
[2023-07-11 18:23:49,894] {processor.py:163} INFO - Started process (PID=236) to work on /home/airflow/.local/lib/python3.7/site-packages/airflow/example_dags/tutorial_taskflow_api_etl.py
[2023-07-11 18:23:49,898] {processor.py:642} INFO - Processing file /home/airflow/.local/lib/python3.7/site-packages/airflow/example_dags/tutorial_taskflow_api_etl.py for tasks to queue
[2023-07-11 18:23:49,899] {logging_mixin.py:109} INFO - [2023-07-11 18:23:49,899] {dagbag.py:500} INFO - Filling up the DagBag from /home/airflow/.local/lib/python3.7/site-packages/airflow/example_dags/tutorial_taskflow_api_etl.py
[2023-07-11 18:23:49,927] {processor.py:654} INFO - DAG(s) dict_keys(['tutorial_taskflow_api_etl']) retrieved from /home/airflow/.local/lib/python3.7/site-packages/airflow/example_dags/tutorial_taskflow_api_etl.py
[2023-07-11 18:23:50,204] {logging_mixin.py:109} INFO - [2023-07-11 18:23:50,204] {dag.py:2396} INFO - Sync 1 DAGs
[2023-07-11 18:23:50,218] {logging_mixin.py:109} INFO - [2023-07-11 18:23:50,218] {dag.py:2935} INFO - Setting next_dagrun for tutorial_taskflow_api_etl to None
[2023-07-11 18:23:50,236] {processor.py:171} INFO - Processing /home/airflow/.local/lib/python3.7/site-packages/airflow/example_dags/tutorial_taskflow_api_etl.py took 0.345 seconds
[2023-07-11 18:24:20,906] {processor.py:163} INFO - Started process (PID=316) to work on /home/airflow/.local/lib/python3.7/site-packages/airflow/example_dags/tutorial_taskflow_api_etl.py
[2023-07-11 18:24:20,908] {processor.py:642} INFO - Processing file /home/airflow/.local/lib/python3.7/site-packages/airflow/example_dags/tutorial_taskflow_api_etl.py for tasks to queue
[2023-07-11 18:24:20,909] {logging_mixin.py:109} INFO - [2023-07-11 18:24:20,909] {dagbag.py:500} INFO - Filling up the DagBag from /home/airflow/.local/lib/python3.7/site-packages/airflow/example_dags/tutorial_taskflow_api_etl.py
[2023-07-11 18:24:20,983] {processor.py:654} INFO - DAG(s) dict_keys(['tutorial_taskflow_api_etl']) retrieved from /home/airflow/.local/lib/python3.7/site-packages/airflow/example_dags/tutorial_taskflow_api_etl.py
[2023-07-11 18:24:22,157] {logging_mixin.py:109} INFO - [2023-07-11 18:24:22,157] {dag.py:2396} INFO - Sync 1 DAGs
[2023-07-11 18:24:22,218] {logging_mixin.py:109} INFO - [2023-07-11 18:24:22,218] {dag.py:2935} INFO - Setting next_dagrun for tutorial_taskflow_api_etl to None
[2023-07-11 18:24:22,253] {processor.py:171} INFO - Processing /home/airflow/.local/lib/python3.7/site-packages/airflow/example_dags/tutorial_taskflow_api_etl.py took 1.351 seconds
[2023-07-11 18:24:52,432] {processor.py:163} INFO - Started process (PID=396) to work on /home/airflow/.local/lib/python3.7/site-packages/airflow/example_dags/tutorial_taskflow_api_etl.py
[2023-07-11 18:24:52,434] {processor.py:642} INFO - Processing file /home/airflow/.local/lib/python3.7/site-packages/airflow/example_dags/tutorial_taskflow_api_etl.py for tasks to queue
[2023-07-11 18:24:52,436] {logging_mixin.py:109} INFO - [2023-07-11 18:24:52,436] {dagbag.py:500} INFO - Filling up the DagBag from /home/airflow/.local/lib/python3.7/site-packages/airflow/example_dags/tutorial_taskflow_api_etl.py
[2023-07-11 18:24:52,487] {processor.py:654} INFO - DAG(s) dict_keys(['tutorial_taskflow_api_etl']) retrieved from /home/airflow/.local/lib/python3.7/site-packages/airflow/example_dags/tutorial_taskflow_api_etl.py
[2023-07-11 18:24:52,971] {logging_mixin.py:109} INFO - [2023-07-11 18:24:52,971] {dag.py:2396} INFO - Sync 1 DAGs
[2023-07-11 18:24:52,998] {logging_mixin.py:109} INFO - [2023-07-11 18:24:52,997] {dag.py:2935} INFO - Setting next_dagrun for tutorial_taskflow_api_etl to None
[2023-07-11 18:24:53,019] {processor.py:171} INFO - Processing /home/airflow/.local/lib/python3.7/site-packages/airflow/example_dags/tutorial_taskflow_api_etl.py took 0.593 seconds
[2023-07-11 18:25:23,877] {processor.py:163} INFO - Started process (PID=485) to work on /home/airflow/.local/lib/python3.7/site-packages/airflow/example_dags/tutorial_taskflow_api_etl.py
[2023-07-11 18:25:23,882] {processor.py:642} INFO - Processing file /home/airflow/.local/lib/python3.7/site-packages/airflow/example_dags/tutorial_taskflow_api_etl.py for tasks to queue
[2023-07-11 18:25:23,883] {logging_mixin.py:109} INFO - [2023-07-11 18:25:23,883] {dagbag.py:500} INFO - Filling up the DagBag from /home/airflow/.local/lib/python3.7/site-packages/airflow/example_dags/tutorial_taskflow_api_etl.py
[2023-07-11 18:25:23,932] {processor.py:654} INFO - DAG(s) dict_keys(['tutorial_taskflow_api_etl']) retrieved from /home/airflow/.local/lib/python3.7/site-packages/airflow/example_dags/tutorial_taskflow_api_etl.py
[2023-07-11 18:25:24,456] {logging_mixin.py:109} INFO - [2023-07-11 18:25:24,455] {dag.py:2396} INFO - Sync 1 DAGs
[2023-07-11 18:25:24,486] {logging_mixin.py:109} INFO - [2023-07-11 18:25:24,485] {dag.py:2935} INFO - Setting next_dagrun for tutorial_taskflow_api_etl to None
[2023-07-11 18:25:24,503] {processor.py:171} INFO - Processing /home/airflow/.local/lib/python3.7/site-packages/airflow/example_dags/tutorial_taskflow_api_etl.py took 0.631 seconds
[2023-07-11 18:25:55,531] {processor.py:163} INFO - Started process (PID=574) to work on /home/airflow/.local/lib/python3.7/site-packages/airflow/example_dags/tutorial_taskflow_api_etl.py
[2023-07-11 18:25:55,536] {processor.py:642} INFO - Processing file /home/airflow/.local/lib/python3.7/site-packages/airflow/example_dags/tutorial_taskflow_api_etl.py for tasks to queue
[2023-07-11 18:25:55,541] {logging_mixin.py:109} INFO - [2023-07-11 18:25:55,540] {dagbag.py:500} INFO - Filling up the DagBag from /home/airflow/.local/lib/python3.7/site-packages/airflow/example_dags/tutorial_taskflow_api_etl.py
[2023-07-11 18:25:55,767] {processor.py:654} INFO - DAG(s) dict_keys(['tutorial_taskflow_api_etl']) retrieved from /home/airflow/.local/lib/python3.7/site-packages/airflow/example_dags/tutorial_taskflow_api_etl.py
[2023-07-11 18:25:56,822] {logging_mixin.py:109} INFO - [2023-07-11 18:25:56,821] {dag.py:2396} INFO - Sync 1 DAGs
[2023-07-11 18:25:56,861] {logging_mixin.py:109} INFO - [2023-07-11 18:25:56,861] {dag.py:2935} INFO - Setting next_dagrun for tutorial_taskflow_api_etl to None
[2023-07-11 18:25:56,886] {processor.py:171} INFO - Processing /home/airflow/.local/lib/python3.7/site-packages/airflow/example_dags/tutorial_taskflow_api_etl.py took 1.366 seconds
[2023-07-11 18:26:27,248] {processor.py:163} INFO - Started process (PID=654) to work on /home/airflow/.local/lib/python3.7/site-packages/airflow/example_dags/tutorial_taskflow_api_etl.py
[2023-07-11 18:26:27,252] {processor.py:642} INFO - Processing file /home/airflow/.local/lib/python3.7/site-packages/airflow/example_dags/tutorial_taskflow_api_etl.py for tasks to queue
[2023-07-11 18:26:27,254] {logging_mixin.py:109} INFO - [2023-07-11 18:26:27,254] {dagbag.py:500} INFO - Filling up the DagBag from /home/airflow/.local/lib/python3.7/site-packages/airflow/example_dags/tutorial_taskflow_api_etl.py
[2023-07-11 18:26:27,333] {processor.py:654} INFO - DAG(s) dict_keys(['tutorial_taskflow_api_etl']) retrieved from /home/airflow/.local/lib/python3.7/site-packages/airflow/example_dags/tutorial_taskflow_api_etl.py
[2023-07-11 18:26:27,862] {logging_mixin.py:109} INFO - [2023-07-11 18:26:27,862] {dag.py:2396} INFO - Sync 1 DAGs
[2023-07-11 18:26:27,885] {logging_mixin.py:109} INFO - [2023-07-11 18:26:27,885] {dag.py:2935} INFO - Setting next_dagrun for tutorial_taskflow_api_etl to None
[2023-07-11 18:26:27,906] {processor.py:171} INFO - Processing /home/airflow/.local/lib/python3.7/site-packages/airflow/example_dags/tutorial_taskflow_api_etl.py took 0.668 seconds
[2023-07-11 18:26:58,581] {processor.py:163} INFO - Started process (PID=734) to work on /home/airflow/.local/lib/python3.7/site-packages/airflow/example_dags/tutorial_taskflow_api_etl.py
[2023-07-11 18:26:58,583] {processor.py:642} INFO - Processing file /home/airflow/.local/lib/python3.7/site-packages/airflow/example_dags/tutorial_taskflow_api_etl.py for tasks to queue
[2023-07-11 18:26:58,585] {logging_mixin.py:109} INFO - [2023-07-11 18:26:58,585] {dagbag.py:500} INFO - Filling up the DagBag from /home/airflow/.local/lib/python3.7/site-packages/airflow/example_dags/tutorial_taskflow_api_etl.py
[2023-07-11 18:26:58,763] {processor.py:654} INFO - DAG(s) dict_keys(['tutorial_taskflow_api_etl']) retrieved from /home/airflow/.local/lib/python3.7/site-packages/airflow/example_dags/tutorial_taskflow_api_etl.py
[2023-07-11 18:26:59,478] {logging_mixin.py:109} INFO - [2023-07-11 18:26:59,478] {dag.py:2396} INFO - Sync 1 DAGs
[2023-07-11 18:26:59,505] {logging_mixin.py:109} INFO - [2023-07-11 18:26:59,505] {dag.py:2935} INFO - Setting next_dagrun for tutorial_taskflow_api_etl to None
[2023-07-11 18:26:59,526] {processor.py:171} INFO - Processing /home/airflow/.local/lib/python3.7/site-packages/airflow/example_dags/tutorial_taskflow_api_etl.py took 0.953 seconds
[2023-07-11 18:27:29,814] {processor.py:163} INFO - Started process (PID=815) to work on /home/airflow/.local/lib/python3.7/site-packages/airflow/example_dags/tutorial_taskflow_api_etl.py
[2023-07-11 18:27:29,819] {processor.py:642} INFO - Processing file /home/airflow/.local/lib/python3.7/site-packages/airflow/example_dags/tutorial_taskflow_api_etl.py for tasks to queue
[2023-07-11 18:27:29,820] {logging_mixin.py:109} INFO - [2023-07-11 18:27:29,820] {dagbag.py:500} INFO - Filling up the DagBag from /home/airflow/.local/lib/python3.7/site-packages/airflow/example_dags/tutorial_taskflow_api_etl.py
[2023-07-11 18:27:29,919] {processor.py:654} INFO - DAG(s) dict_keys(['tutorial_taskflow_api_etl']) retrieved from /home/airflow/.local/lib/python3.7/site-packages/airflow/example_dags/tutorial_taskflow_api_etl.py
[2023-07-11 18:27:30,562] {logging_mixin.py:109} INFO - [2023-07-11 18:27:30,561] {dag.py:2396} INFO - Sync 1 DAGs
[2023-07-11 18:27:30,599] {logging_mixin.py:109} INFO - [2023-07-11 18:27:30,599] {dag.py:2935} INFO - Setting next_dagrun for tutorial_taskflow_api_etl to None
[2023-07-11 18:27:30,637] {processor.py:171} INFO - Processing /home/airflow/.local/lib/python3.7/site-packages/airflow/example_dags/tutorial_taskflow_api_etl.py took 0.832 seconds
[2023-07-11 18:28:00,716] {processor.py:163} INFO - Started process (PID=899) to work on /home/airflow/.local/lib/python3.7/site-packages/airflow/example_dags/tutorial_taskflow_api_etl.py
[2023-07-11 18:28:00,720] {processor.py:642} INFO - Processing file /home/airflow/.local/lib/python3.7/site-packages/airflow/example_dags/tutorial_taskflow_api_etl.py for tasks to queue
[2023-07-11 18:28:00,721] {logging_mixin.py:109} INFO - [2023-07-11 18:28:00,721] {dagbag.py:500} INFO - Filling up the DagBag from /home/airflow/.local/lib/python3.7/site-packages/airflow/example_dags/tutorial_taskflow_api_etl.py
[2023-07-11 18:28:00,801] {processor.py:654} INFO - DAG(s) dict_keys(['tutorial_taskflow_api_etl']) retrieved from /home/airflow/.local/lib/python3.7/site-packages/airflow/example_dags/tutorial_taskflow_api_etl.py
[2023-07-11 18:28:01,425] {logging_mixin.py:109} INFO - [2023-07-11 18:28:01,424] {dag.py:2396} INFO - Sync 1 DAGs
[2023-07-11 18:28:01,444] {logging_mixin.py:109} INFO - [2023-07-11 18:28:01,444] {dag.py:2935} INFO - Setting next_dagrun for tutorial_taskflow_api_etl to None
[2023-07-11 18:28:01,460] {processor.py:171} INFO - Processing /home/airflow/.local/lib/python3.7/site-packages/airflow/example_dags/tutorial_taskflow_api_etl.py took 0.758 seconds
[2023-07-11 18:29:55,405] {processor.py:163} INFO - Started process (PID=83) to work on /home/airflow/.local/lib/python3.7/site-packages/airflow/example_dags/tutorial_taskflow_api_etl.py
[2023-07-11 18:29:55,408] {processor.py:642} INFO - Processing file /home/airflow/.local/lib/python3.7/site-packages/airflow/example_dags/tutorial_taskflow_api_etl.py for tasks to queue
[2023-07-11 18:29:55,409] {logging_mixin.py:109} INFO - [2023-07-11 18:29:55,409] {dagbag.py:500} INFO - Filling up the DagBag from /home/airflow/.local/lib/python3.7/site-packages/airflow/example_dags/tutorial_taskflow_api_etl.py
[2023-07-11 18:29:55,464] {processor.py:654} INFO - DAG(s) dict_keys(['tutorial_taskflow_api_etl']) retrieved from /home/airflow/.local/lib/python3.7/site-packages/airflow/example_dags/tutorial_taskflow_api_etl.py
[2023-07-11 18:29:55,896] {logging_mixin.py:109} INFO - [2023-07-11 18:29:55,896] {dag.py:2396} INFO - Sync 1 DAGs
[2023-07-11 18:29:55,923] {logging_mixin.py:109} INFO - [2023-07-11 18:29:55,923] {dag.py:2935} INFO - Setting next_dagrun for tutorial_taskflow_api_etl to None
[2023-07-11 18:29:55,942] {processor.py:171} INFO - Processing /home/airflow/.local/lib/python3.7/site-packages/airflow/example_dags/tutorial_taskflow_api_etl.py took 0.542 seconds
[2023-07-11 18:30:26,576] {processor.py:163} INFO - Started process (PID=163) to work on /home/airflow/.local/lib/python3.7/site-packages/airflow/example_dags/tutorial_taskflow_api_etl.py
[2023-07-11 18:30:26,578] {processor.py:642} INFO - Processing file /home/airflow/.local/lib/python3.7/site-packages/airflow/example_dags/tutorial_taskflow_api_etl.py for tasks to queue
[2023-07-11 18:30:26,580] {logging_mixin.py:109} INFO - [2023-07-11 18:30:26,579] {dagbag.py:500} INFO - Filling up the DagBag from /home/airflow/.local/lib/python3.7/site-packages/airflow/example_dags/tutorial_taskflow_api_etl.py
[2023-07-11 18:30:26,645] {processor.py:654} INFO - DAG(s) dict_keys(['tutorial_taskflow_api_etl']) retrieved from /home/airflow/.local/lib/python3.7/site-packages/airflow/example_dags/tutorial_taskflow_api_etl.py
[2023-07-11 18:30:27,266] {logging_mixin.py:109} INFO - [2023-07-11 18:30:27,266] {dag.py:2396} INFO - Sync 1 DAGs
[2023-07-11 18:30:27,303] {logging_mixin.py:109} INFO - [2023-07-11 18:30:27,303] {dag.py:2935} INFO - Setting next_dagrun for tutorial_taskflow_api_etl to None
[2023-07-11 18:30:27,328] {processor.py:171} INFO - Processing /home/airflow/.local/lib/python3.7/site-packages/airflow/example_dags/tutorial_taskflow_api_etl.py took 0.757 seconds
[2023-07-11 18:30:58,166] {processor.py:163} INFO - Started process (PID=244) to work on /home/airflow/.local/lib/python3.7/site-packages/airflow/example_dags/tutorial_taskflow_api_etl.py
[2023-07-11 18:30:58,171] {processor.py:642} INFO - Processing file /home/airflow/.local/lib/python3.7/site-packages/airflow/example_dags/tutorial_taskflow_api_etl.py for tasks to queue
[2023-07-11 18:30:58,172] {logging_mixin.py:109} INFO - [2023-07-11 18:30:58,171] {dagbag.py:500} INFO - Filling up the DagBag from /home/airflow/.local/lib/python3.7/site-packages/airflow/example_dags/tutorial_taskflow_api_etl.py
[2023-07-11 18:30:58,215] {processor.py:654} INFO - DAG(s) dict_keys(['tutorial_taskflow_api_etl']) retrieved from /home/airflow/.local/lib/python3.7/site-packages/airflow/example_dags/tutorial_taskflow_api_etl.py
[2023-07-11 18:30:58,616] {logging_mixin.py:109} INFO - [2023-07-11 18:30:58,616] {dag.py:2396} INFO - Sync 1 DAGs
[2023-07-11 18:30:58,640] {logging_mixin.py:109} INFO - [2023-07-11 18:30:58,640] {dag.py:2935} INFO - Setting next_dagrun for tutorial_taskflow_api_etl to None
[2023-07-11 18:30:58,661] {processor.py:171} INFO - Processing /home/airflow/.local/lib/python3.7/site-packages/airflow/example_dags/tutorial_taskflow_api_etl.py took 0.498 seconds
[2023-07-11 18:31:29,238] {processor.py:163} INFO - Started process (PID=325) to work on /home/airflow/.local/lib/python3.7/site-packages/airflow/example_dags/tutorial_taskflow_api_etl.py
[2023-07-11 18:31:29,243] {processor.py:642} INFO - Processing file /home/airflow/.local/lib/python3.7/site-packages/airflow/example_dags/tutorial_taskflow_api_etl.py for tasks to queue
[2023-07-11 18:31:29,244] {logging_mixin.py:109} INFO - [2023-07-11 18:31:29,244] {dagbag.py:500} INFO - Filling up the DagBag from /home/airflow/.local/lib/python3.7/site-packages/airflow/example_dags/tutorial_taskflow_api_etl.py
[2023-07-11 18:31:29,274] {processor.py:654} INFO - DAG(s) dict_keys(['tutorial_taskflow_api_etl']) retrieved from /home/airflow/.local/lib/python3.7/site-packages/airflow/example_dags/tutorial_taskflow_api_etl.py
[2023-07-11 18:31:29,550] {logging_mixin.py:109} INFO - [2023-07-11 18:31:29,550] {dag.py:2396} INFO - Sync 1 DAGs
[2023-07-11 18:31:29,563] {logging_mixin.py:109} INFO - [2023-07-11 18:31:29,563] {dag.py:2935} INFO - Setting next_dagrun for tutorial_taskflow_api_etl to None
[2023-07-11 18:31:29,577] {processor.py:171} INFO - Processing /home/airflow/.local/lib/python3.7/site-packages/airflow/example_dags/tutorial_taskflow_api_etl.py took 0.342 seconds
