[2023-07-11 18:22:45,322] {processor.py:163} INFO - Started process (PID=71) to work on /home/airflow/.local/lib/python3.7/site-packages/airflow/example_dags/tutorial.py
[2023-07-11 18:22:45,326] {processor.py:642} INFO - Processing file /home/airflow/.local/lib/python3.7/site-packages/airflow/example_dags/tutorial.py for tasks to queue
[2023-07-11 18:22:45,328] {logging_mixin.py:109} INFO - [2023-07-11 18:22:45,328] {dagbag.py:500} INFO - Filling up the DagBag from /home/airflow/.local/lib/python3.7/site-packages/airflow/example_dags/tutorial.py
[2023-07-11 18:22:45,408] {processor.py:654} INFO - DAG(s) dict_keys(['tutorial']) retrieved from /home/airflow/.local/lib/python3.7/site-packages/airflow/example_dags/tutorial.py
[2023-07-11 18:22:45,442] {logging_mixin.py:109} INFO - [2023-07-11 18:22:45,441] {dag.py:2396} INFO - Sync 1 DAGs
[2023-07-11 18:22:45,487] {logging_mixin.py:109} INFO - [2023-07-11 18:22:45,487] {dag.py:2935} INFO - Setting next_dagrun for tutorial to 2023-07-10T18:22:45.486839+00:00
[2023-07-11 18:22:45,512] {processor.py:171} INFO - Processing /home/airflow/.local/lib/python3.7/site-packages/airflow/example_dags/tutorial.py took 0.198 seconds
[2023-07-11 18:23:15,953] {processor.py:163} INFO - Started process (PID=140) to work on /home/airflow/.local/lib/python3.7/site-packages/airflow/example_dags/tutorial.py
[2023-07-11 18:23:15,955] {processor.py:642} INFO - Processing file /home/airflow/.local/lib/python3.7/site-packages/airflow/example_dags/tutorial.py for tasks to queue
[2023-07-11 18:23:15,956] {logging_mixin.py:109} INFO - [2023-07-11 18:23:15,956] {dagbag.py:500} INFO - Filling up the DagBag from /home/airflow/.local/lib/python3.7/site-packages/airflow/example_dags/tutorial.py
[2023-07-11 18:23:16,018] {processor.py:654} INFO - DAG(s) dict_keys(['tutorial']) retrieved from /home/airflow/.local/lib/python3.7/site-packages/airflow/example_dags/tutorial.py
[2023-07-11 18:23:16,035] {logging_mixin.py:109} INFO - [2023-07-11 18:23:16,035] {dag.py:2396} INFO - Sync 1 DAGs
[2023-07-11 18:23:16,064] {logging_mixin.py:109} INFO - [2023-07-11 18:23:16,064] {dag.py:2935} INFO - Setting next_dagrun for tutorial to 2023-07-10T18:23:16.063688+00:00
[2023-07-11 18:23:16,079] {processor.py:171} INFO - Processing /home/airflow/.local/lib/python3.7/site-packages/airflow/example_dags/tutorial.py took 0.133 seconds
[2023-07-11 18:23:46,717] {processor.py:163} INFO - Started process (PID=220) to work on /home/airflow/.local/lib/python3.7/site-packages/airflow/example_dags/tutorial.py
[2023-07-11 18:23:46,719] {processor.py:642} INFO - Processing file /home/airflow/.local/lib/python3.7/site-packages/airflow/example_dags/tutorial.py for tasks to queue
[2023-07-11 18:23:46,720] {logging_mixin.py:109} INFO - [2023-07-11 18:23:46,720] {dagbag.py:500} INFO - Filling up the DagBag from /home/airflow/.local/lib/python3.7/site-packages/airflow/example_dags/tutorial.py
[2023-07-11 18:23:46,768] {processor.py:654} INFO - DAG(s) dict_keys(['tutorial']) retrieved from /home/airflow/.local/lib/python3.7/site-packages/airflow/example_dags/tutorial.py
[2023-07-11 18:23:46,786] {logging_mixin.py:109} INFO - [2023-07-11 18:23:46,786] {dag.py:2396} INFO - Sync 1 DAGs
[2023-07-11 18:23:46,817] {logging_mixin.py:109} INFO - [2023-07-11 18:23:46,816] {dag.py:2935} INFO - Setting next_dagrun for tutorial to 2023-07-10T18:23:46.816393+00:00
[2023-07-11 18:23:46,834] {processor.py:171} INFO - Processing /home/airflow/.local/lib/python3.7/site-packages/airflow/example_dags/tutorial.py took 0.122 seconds
[2023-07-11 18:24:17,712] {processor.py:163} INFO - Started process (PID=300) to work on /home/airflow/.local/lib/python3.7/site-packages/airflow/example_dags/tutorial.py
[2023-07-11 18:24:17,714] {processor.py:642} INFO - Processing file /home/airflow/.local/lib/python3.7/site-packages/airflow/example_dags/tutorial.py for tasks to queue
[2023-07-11 18:24:17,716] {logging_mixin.py:109} INFO - [2023-07-11 18:24:17,716] {dagbag.py:500} INFO - Filling up the DagBag from /home/airflow/.local/lib/python3.7/site-packages/airflow/example_dags/tutorial.py
[2023-07-11 18:24:17,766] {processor.py:654} INFO - DAG(s) dict_keys(['tutorial']) retrieved from /home/airflow/.local/lib/python3.7/site-packages/airflow/example_dags/tutorial.py
[2023-07-11 18:24:17,784] {logging_mixin.py:109} INFO - [2023-07-11 18:24:17,784] {dag.py:2396} INFO - Sync 1 DAGs
[2023-07-11 18:24:17,814] {logging_mixin.py:109} INFO - [2023-07-11 18:24:17,814] {dag.py:2935} INFO - Setting next_dagrun for tutorial to 2023-07-10T18:24:17.813428+00:00
[2023-07-11 18:24:17,829] {processor.py:171} INFO - Processing /home/airflow/.local/lib/python3.7/site-packages/airflow/example_dags/tutorial.py took 0.123 seconds
[2023-07-11 18:24:49,152] {processor.py:163} INFO - Started process (PID=380) to work on /home/airflow/.local/lib/python3.7/site-packages/airflow/example_dags/tutorial.py
[2023-07-11 18:24:49,170] {processor.py:642} INFO - Processing file /home/airflow/.local/lib/python3.7/site-packages/airflow/example_dags/tutorial.py for tasks to queue
[2023-07-11 18:24:49,171] {logging_mixin.py:109} INFO - [2023-07-11 18:24:49,171] {dagbag.py:500} INFO - Filling up the DagBag from /home/airflow/.local/lib/python3.7/site-packages/airflow/example_dags/tutorial.py
[2023-07-11 18:24:49,240] {processor.py:654} INFO - DAG(s) dict_keys(['tutorial']) retrieved from /home/airflow/.local/lib/python3.7/site-packages/airflow/example_dags/tutorial.py
[2023-07-11 18:24:49,265] {logging_mixin.py:109} INFO - [2023-07-11 18:24:49,265] {dag.py:2396} INFO - Sync 1 DAGs
[2023-07-11 18:24:49,315] {logging_mixin.py:109} INFO - [2023-07-11 18:24:49,315] {dag.py:2935} INFO - Setting next_dagrun for tutorial to 2023-07-10T18:24:49.314648+00:00
[2023-07-11 18:24:49,350] {processor.py:171} INFO - Processing /home/airflow/.local/lib/python3.7/site-packages/airflow/example_dags/tutorial.py took 0.206 seconds
[2023-07-11 18:25:19,851] {processor.py:163} INFO - Started process (PID=460) to work on /home/airflow/.local/lib/python3.7/site-packages/airflow/example_dags/tutorial.py
[2023-07-11 18:25:19,853] {processor.py:642} INFO - Processing file /home/airflow/.local/lib/python3.7/site-packages/airflow/example_dags/tutorial.py for tasks to queue
[2023-07-11 18:25:19,856] {logging_mixin.py:109} INFO - [2023-07-11 18:25:19,855] {dagbag.py:500} INFO - Filling up the DagBag from /home/airflow/.local/lib/python3.7/site-packages/airflow/example_dags/tutorial.py
[2023-07-11 18:25:19,918] {processor.py:654} INFO - DAG(s) dict_keys(['tutorial']) retrieved from /home/airflow/.local/lib/python3.7/site-packages/airflow/example_dags/tutorial.py
[2023-07-11 18:25:19,938] {logging_mixin.py:109} INFO - [2023-07-11 18:25:19,938] {dag.py:2396} INFO - Sync 1 DAGs
[2023-07-11 18:25:19,970] {logging_mixin.py:109} INFO - [2023-07-11 18:25:19,970] {dag.py:2935} INFO - Setting next_dagrun for tutorial to 2023-07-10T18:25:19.969755+00:00
[2023-07-11 18:25:19,990] {processor.py:171} INFO - Processing /home/airflow/.local/lib/python3.7/site-packages/airflow/example_dags/tutorial.py took 0.144 seconds
[2023-07-11 18:25:51,405] {processor.py:163} INFO - Started process (PID=549) to work on /home/airflow/.local/lib/python3.7/site-packages/airflow/example_dags/tutorial.py
[2023-07-11 18:25:51,408] {processor.py:642} INFO - Processing file /home/airflow/.local/lib/python3.7/site-packages/airflow/example_dags/tutorial.py for tasks to queue
[2023-07-11 18:25:51,410] {logging_mixin.py:109} INFO - [2023-07-11 18:25:51,409] {dagbag.py:500} INFO - Filling up the DagBag from /home/airflow/.local/lib/python3.7/site-packages/airflow/example_dags/tutorial.py
[2023-07-11 18:25:51,486] {processor.py:654} INFO - DAG(s) dict_keys(['tutorial']) retrieved from /home/airflow/.local/lib/python3.7/site-packages/airflow/example_dags/tutorial.py
[2023-07-11 18:25:51,510] {logging_mixin.py:109} INFO - [2023-07-11 18:25:51,510] {dag.py:2396} INFO - Sync 1 DAGs
[2023-07-11 18:25:51,574] {logging_mixin.py:109} INFO - [2023-07-11 18:25:51,574] {dag.py:2935} INFO - Setting next_dagrun for tutorial to 2023-07-10T18:25:51.573725+00:00
[2023-07-11 18:25:51,600] {processor.py:171} INFO - Processing /home/airflow/.local/lib/python3.7/site-packages/airflow/example_dags/tutorial.py took 0.202 seconds
[2023-07-11 18:26:22,692] {processor.py:163} INFO - Started process (PID=629) to work on /home/airflow/.local/lib/python3.7/site-packages/airflow/example_dags/tutorial.py
[2023-07-11 18:26:22,695] {processor.py:642} INFO - Processing file /home/airflow/.local/lib/python3.7/site-packages/airflow/example_dags/tutorial.py for tasks to queue
[2023-07-11 18:26:22,696] {logging_mixin.py:109} INFO - [2023-07-11 18:26:22,696] {dagbag.py:500} INFO - Filling up the DagBag from /home/airflow/.local/lib/python3.7/site-packages/airflow/example_dags/tutorial.py
[2023-07-11 18:26:22,747] {processor.py:654} INFO - DAG(s) dict_keys(['tutorial']) retrieved from /home/airflow/.local/lib/python3.7/site-packages/airflow/example_dags/tutorial.py
[2023-07-11 18:26:22,762] {logging_mixin.py:109} INFO - [2023-07-11 18:26:22,762] {dag.py:2396} INFO - Sync 1 DAGs
[2023-07-11 18:26:22,790] {logging_mixin.py:109} INFO - [2023-07-11 18:26:22,790] {dag.py:2935} INFO - Setting next_dagrun for tutorial to 2023-07-10T18:26:22.789608+00:00
[2023-07-11 18:26:22,805] {processor.py:171} INFO - Processing /home/airflow/.local/lib/python3.7/site-packages/airflow/example_dags/tutorial.py took 0.118 seconds
[2023-07-11 18:26:53,992] {processor.py:163} INFO - Started process (PID=709) to work on /home/airflow/.local/lib/python3.7/site-packages/airflow/example_dags/tutorial.py
[2023-07-11 18:26:53,994] {processor.py:642} INFO - Processing file /home/airflow/.local/lib/python3.7/site-packages/airflow/example_dags/tutorial.py for tasks to queue
[2023-07-11 18:26:53,996] {logging_mixin.py:109} INFO - [2023-07-11 18:26:53,996] {dagbag.py:500} INFO - Filling up the DagBag from /home/airflow/.local/lib/python3.7/site-packages/airflow/example_dags/tutorial.py
[2023-07-11 18:26:54,064] {processor.py:654} INFO - DAG(s) dict_keys(['tutorial']) retrieved from /home/airflow/.local/lib/python3.7/site-packages/airflow/example_dags/tutorial.py
[2023-07-11 18:26:54,086] {logging_mixin.py:109} INFO - [2023-07-11 18:26:54,085] {dag.py:2396} INFO - Sync 1 DAGs
[2023-07-11 18:26:54,117] {logging_mixin.py:109} INFO - [2023-07-11 18:26:54,117] {dag.py:2935} INFO - Setting next_dagrun for tutorial to 2023-07-10T18:26:54.116959+00:00
[2023-07-11 18:26:54,161] {processor.py:171} INFO - Processing /home/airflow/.local/lib/python3.7/site-packages/airflow/example_dags/tutorial.py took 0.175 seconds
[2023-07-11 18:27:24,642] {processor.py:163} INFO - Started process (PID=780) to work on /home/airflow/.local/lib/python3.7/site-packages/airflow/example_dags/tutorial.py
[2023-07-11 18:27:24,644] {processor.py:642} INFO - Processing file /home/airflow/.local/lib/python3.7/site-packages/airflow/example_dags/tutorial.py for tasks to queue
[2023-07-11 18:27:24,645] {logging_mixin.py:109} INFO - [2023-07-11 18:27:24,645] {dagbag.py:500} INFO - Filling up the DagBag from /home/airflow/.local/lib/python3.7/site-packages/airflow/example_dags/tutorial.py
[2023-07-11 18:27:24,706] {processor.py:654} INFO - DAG(s) dict_keys(['tutorial']) retrieved from /home/airflow/.local/lib/python3.7/site-packages/airflow/example_dags/tutorial.py
[2023-07-11 18:27:24,722] {logging_mixin.py:109} INFO - [2023-07-11 18:27:24,721] {dag.py:2396} INFO - Sync 1 DAGs
[2023-07-11 18:27:24,746] {logging_mixin.py:109} INFO - [2023-07-11 18:27:24,746] {dag.py:2935} INFO - Setting next_dagrun for tutorial to 2023-07-10T18:27:24.745907+00:00
[2023-07-11 18:27:24,759] {processor.py:171} INFO - Processing /home/airflow/.local/lib/python3.7/site-packages/airflow/example_dags/tutorial.py took 0.123 seconds
[2023-07-11 18:27:55,813] {processor.py:163} INFO - Started process (PID=860) to work on /home/airflow/.local/lib/python3.7/site-packages/airflow/example_dags/tutorial.py
[2023-07-11 18:27:55,817] {processor.py:642} INFO - Processing file /home/airflow/.local/lib/python3.7/site-packages/airflow/example_dags/tutorial.py for tasks to queue
[2023-07-11 18:27:55,818] {logging_mixin.py:109} INFO - [2023-07-11 18:27:55,818] {dagbag.py:500} INFO - Filling up the DagBag from /home/airflow/.local/lib/python3.7/site-packages/airflow/example_dags/tutorial.py
[2023-07-11 18:27:55,929] {processor.py:654} INFO - DAG(s) dict_keys(['tutorial']) retrieved from /home/airflow/.local/lib/python3.7/site-packages/airflow/example_dags/tutorial.py
[2023-07-11 18:27:55,970] {logging_mixin.py:109} INFO - [2023-07-11 18:27:55,969] {dag.py:2396} INFO - Sync 1 DAGs
[2023-07-11 18:27:56,029] {logging_mixin.py:109} INFO - [2023-07-11 18:27:56,028] {dag.py:2935} INFO - Setting next_dagrun for tutorial to 2023-07-10T18:27:56.028257+00:00
[2023-07-11 18:27:56,053] {processor.py:171} INFO - Processing /home/airflow/.local/lib/python3.7/site-packages/airflow/example_dags/tutorial.py took 0.251 seconds
[2023-07-11 18:29:53,484] {processor.py:163} INFO - Started process (PID=68) to work on /home/airflow/.local/lib/python3.7/site-packages/airflow/example_dags/tutorial.py
[2023-07-11 18:29:53,488] {processor.py:642} INFO - Processing file /home/airflow/.local/lib/python3.7/site-packages/airflow/example_dags/tutorial.py for tasks to queue
[2023-07-11 18:29:53,490] {logging_mixin.py:109} INFO - [2023-07-11 18:29:53,489] {dagbag.py:500} INFO - Filling up the DagBag from /home/airflow/.local/lib/python3.7/site-packages/airflow/example_dags/tutorial.py
[2023-07-11 18:29:53,556] {processor.py:654} INFO - DAG(s) dict_keys(['tutorial']) retrieved from /home/airflow/.local/lib/python3.7/site-packages/airflow/example_dags/tutorial.py
[2023-07-11 18:29:53,580] {logging_mixin.py:109} INFO - [2023-07-11 18:29:53,580] {dag.py:2396} INFO - Sync 1 DAGs
[2023-07-11 18:29:53,613] {logging_mixin.py:109} INFO - [2023-07-11 18:29:53,613] {dag.py:2935} INFO - Setting next_dagrun for tutorial to 2023-07-10T18:29:53.612641+00:00
[2023-07-11 18:29:53,632] {processor.py:171} INFO - Processing /home/airflow/.local/lib/python3.7/site-packages/airflow/example_dags/tutorial.py took 0.155 seconds
[2023-07-11 18:30:24,064] {processor.py:163} INFO - Started process (PID=146) to work on /home/airflow/.local/lib/python3.7/site-packages/airflow/example_dags/tutorial.py
[2023-07-11 18:30:24,066] {processor.py:642} INFO - Processing file /home/airflow/.local/lib/python3.7/site-packages/airflow/example_dags/tutorial.py for tasks to queue
[2023-07-11 18:30:24,067] {logging_mixin.py:109} INFO - [2023-07-11 18:30:24,067] {dagbag.py:500} INFO - Filling up the DagBag from /home/airflow/.local/lib/python3.7/site-packages/airflow/example_dags/tutorial.py
[2023-07-11 18:30:24,112] {processor.py:654} INFO - DAG(s) dict_keys(['tutorial']) retrieved from /home/airflow/.local/lib/python3.7/site-packages/airflow/example_dags/tutorial.py
[2023-07-11 18:30:24,133] {logging_mixin.py:109} INFO - [2023-07-11 18:30:24,133] {dag.py:2396} INFO - Sync 1 DAGs
[2023-07-11 18:30:24,169] {logging_mixin.py:109} INFO - [2023-07-11 18:30:24,169] {dag.py:2935} INFO - Setting next_dagrun for tutorial to 2023-07-10T18:30:24.168799+00:00
[2023-07-11 18:30:24,185] {processor.py:171} INFO - Processing /home/airflow/.local/lib/python3.7/site-packages/airflow/example_dags/tutorial.py took 0.125 seconds
[2023-07-11 18:30:54,604] {processor.py:163} INFO - Started process (PID=228) to work on /home/airflow/.local/lib/python3.7/site-packages/airflow/example_dags/tutorial.py
[2023-07-11 18:30:54,606] {processor.py:642} INFO - Processing file /home/airflow/.local/lib/python3.7/site-packages/airflow/example_dags/tutorial.py for tasks to queue
[2023-07-11 18:30:54,607] {logging_mixin.py:109} INFO - [2023-07-11 18:30:54,607] {dagbag.py:500} INFO - Filling up the DagBag from /home/airflow/.local/lib/python3.7/site-packages/airflow/example_dags/tutorial.py
[2023-07-11 18:30:54,658] {processor.py:654} INFO - DAG(s) dict_keys(['tutorial']) retrieved from /home/airflow/.local/lib/python3.7/site-packages/airflow/example_dags/tutorial.py
[2023-07-11 18:30:54,676] {logging_mixin.py:109} INFO - [2023-07-11 18:30:54,676] {dag.py:2396} INFO - Sync 1 DAGs
[2023-07-11 18:30:54,707] {logging_mixin.py:109} INFO - [2023-07-11 18:30:54,707] {dag.py:2935} INFO - Setting next_dagrun for tutorial to 2023-07-10T18:30:54.706936+00:00
[2023-07-11 18:30:54,740] {processor.py:171} INFO - Processing /home/airflow/.local/lib/python3.7/site-packages/airflow/example_dags/tutorial.py took 0.143 seconds
[2023-07-11 18:31:24,948] {processor.py:163} INFO - Started process (PID=309) to work on /home/airflow/.local/lib/python3.7/site-packages/airflow/example_dags/tutorial.py
[2023-07-11 18:31:24,952] {processor.py:642} INFO - Processing file /home/airflow/.local/lib/python3.7/site-packages/airflow/example_dags/tutorial.py for tasks to queue
[2023-07-11 18:31:24,954] {logging_mixin.py:109} INFO - [2023-07-11 18:31:24,953] {dagbag.py:500} INFO - Filling up the DagBag from /home/airflow/.local/lib/python3.7/site-packages/airflow/example_dags/tutorial.py
[2023-07-11 18:31:24,998] {processor.py:654} INFO - DAG(s) dict_keys(['tutorial']) retrieved from /home/airflow/.local/lib/python3.7/site-packages/airflow/example_dags/tutorial.py
[2023-07-11 18:31:25,016] {logging_mixin.py:109} INFO - [2023-07-11 18:31:25,016] {dag.py:2396} INFO - Sync 1 DAGs
[2023-07-11 18:31:25,042] {logging_mixin.py:109} INFO - [2023-07-11 18:31:25,042] {dag.py:2935} INFO - Setting next_dagrun for tutorial to 2023-07-10T18:31:25.041921+00:00
[2023-07-11 18:31:25,060] {processor.py:171} INFO - Processing /home/airflow/.local/lib/python3.7/site-packages/airflow/example_dags/tutorial.py took 0.120 seconds
[2023-07-11 18:31:55,114] {processor.py:163} INFO - Started process (PID=388) to work on /home/airflow/.local/lib/python3.7/site-packages/airflow/example_dags/tutorial.py
[2023-07-11 18:31:55,115] {processor.py:642} INFO - Processing file /home/airflow/.local/lib/python3.7/site-packages/airflow/example_dags/tutorial.py for tasks to queue
[2023-07-11 18:31:55,116] {logging_mixin.py:109} INFO - [2023-07-11 18:31:55,116] {dagbag.py:500} INFO - Filling up the DagBag from /home/airflow/.local/lib/python3.7/site-packages/airflow/example_dags/tutorial.py
[2023-07-11 18:31:55,153] {processor.py:654} INFO - DAG(s) dict_keys(['tutorial']) retrieved from /home/airflow/.local/lib/python3.7/site-packages/airflow/example_dags/tutorial.py
[2023-07-11 18:31:55,166] {logging_mixin.py:109} INFO - [2023-07-11 18:31:55,166] {dag.py:2396} INFO - Sync 1 DAGs
[2023-07-11 18:31:55,189] {logging_mixin.py:109} INFO - [2023-07-11 18:31:55,189] {dag.py:2935} INFO - Setting next_dagrun for tutorial to 2023-07-10T18:31:55.188653+00:00
[2023-07-11 18:31:55,206] {processor.py:171} INFO - Processing /home/airflow/.local/lib/python3.7/site-packages/airflow/example_dags/tutorial.py took 0.097 seconds
