[2023-07-03 02:47:03,544] {taskinstance.py:1179} INFO - Dependencies all met for <TaskInstance: dag_weather.upload_data scheduled__2023-07-02T00:00:00+00:00 [queued]>
[2023-07-03 02:47:03,561] {taskinstance.py:1179} INFO - Dependencies all met for <TaskInstance: dag_weather.upload_data scheduled__2023-07-02T00:00:00+00:00 [queued]>
[2023-07-03 02:47:03,562] {taskinstance.py:1376} INFO - 
--------------------------------------------------------------------------------
[2023-07-03 02:47:03,562] {taskinstance.py:1377} INFO - Starting attempt 1 of 6
[2023-07-03 02:47:03,562] {taskinstance.py:1378} INFO - 
--------------------------------------------------------------------------------
[2023-07-03 02:47:03,584] {taskinstance.py:1397} INFO - Executing <Task(PythonOperator): upload_data> on 2023-07-02 00:00:00+00:00
[2023-07-03 02:47:03,589] {standard_task_runner.py:52} INFO - Started process 20349 to run task
[2023-07-03 02:47:03,593] {standard_task_runner.py:79} INFO - Running: ['***', 'tasks', 'run', 'dag_weather', 'upload_data', 'scheduled__2023-07-02T00:00:00+00:00', '--job-id', '136', '--raw', '--subdir', 'DAGS_FOLDER/dag_weather.py', '--cfg-path', '/tmp/tmpe_ab3anu', '--error-file', '/tmp/tmpkrza14oq']
[2023-07-03 02:47:03,595] {standard_task_runner.py:80} INFO - Job 136: Subtask upload_data
[2023-07-03 02:47:03,684] {task_command.py:371} INFO - Running <TaskInstance: dag_weather.upload_data scheduled__2023-07-02T00:00:00+00:00 [running]> on host db753b024971
[2023-07-03 02:47:03,785] {taskinstance.py:1591} INFO - Exporting the following env vars:
AIRFLOW_CTX_DAG_OWNER=MariaRO
AIRFLOW_CTX_DAG_ID=dag_weather
AIRFLOW_CTX_TASK_ID=upload_data
AIRFLOW_CTX_EXECUTION_DATE=2023-07-02T00:00:00+00:00
AIRFLOW_CTX_TRY_NUMBER=1
AIRFLOW_CTX_DAG_RUN_ID=scheduled__2023-07-02T00:00:00+00:00
[2023-07-03 02:47:05,266] {logging_mixin.py:115} INFO - Connected to Redshift successfully!
[2023-07-03 02:47:06,408] {logging_mixin.py:115} INFO - Proceso terminado
[2023-07-03 02:47:06,408] {python.py:173} INFO - Done. Returned value was: None
[2023-07-03 02:47:06,421] {taskinstance.py:1420} INFO - Marking task as SUCCESS. dag_id=dag_weather, task_id=upload_data, execution_date=20230702T000000, start_date=20230703T024703, end_date=20230703T024706
[2023-07-03 02:47:06,461] {local_task_job.py:156} INFO - Task exited with return code 0
[2023-07-03 02:47:06,496] {local_task_job.py:273} INFO - 0 downstream tasks scheduled from follow-on schedule check
