[2023-07-04 01:52:34,241] {taskinstance.py:1179} INFO - Dependencies all met for <TaskInstance: dag_weather.transform_data scheduled__2023-07-03T00:00:00+00:00 [queued]>
[2023-07-04 01:52:34,262] {taskinstance.py:1179} INFO - Dependencies all met for <TaskInstance: dag_weather.transform_data scheduled__2023-07-03T00:00:00+00:00 [queued]>
[2023-07-04 01:52:34,263] {taskinstance.py:1376} INFO - 
--------------------------------------------------------------------------------
[2023-07-04 01:52:34,263] {taskinstance.py:1377} INFO - Starting attempt 1 of 6
[2023-07-04 01:52:34,263] {taskinstance.py:1378} INFO - 
--------------------------------------------------------------------------------
[2023-07-04 01:52:34,303] {taskinstance.py:1397} INFO - Executing <Task(PythonOperator): transform_data> on 2023-07-03 00:00:00+00:00
[2023-07-04 01:52:34,316] {standard_task_runner.py:52} INFO - Started process 8186 to run task
[2023-07-04 01:52:34,319] {standard_task_runner.py:79} INFO - Running: ['***', 'tasks', 'run', 'dag_weather', 'transform_data', 'scheduled__2023-07-03T00:00:00+00:00', '--job-id', '138', '--raw', '--subdir', 'DAGS_FOLDER/dag_weather.py', '--cfg-path', '/tmp/tmpmg_jbtid', '--error-file', '/tmp/tmpt43gtcg2']
[2023-07-04 01:52:34,329] {standard_task_runner.py:80} INFO - Job 138: Subtask transform_data
[2023-07-04 01:52:34,500] {task_command.py:371} INFO - Running <TaskInstance: dag_weather.transform_data scheduled__2023-07-03T00:00:00+00:00 [running]> on host db753b024971
[2023-07-04 01:52:34,671] {taskinstance.py:1591} INFO - Exporting the following env vars:
AIRFLOW_CTX_DAG_OWNER=MariaRO
AIRFLOW_CTX_DAG_ID=dag_weather
AIRFLOW_CTX_TASK_ID=transform_data
AIRFLOW_CTX_EXECUTION_DATE=2023-07-03T00:00:00+00:00
AIRFLOW_CTX_TRY_NUMBER=1
AIRFLOW_CTX_DAG_RUN_ID=scheduled__2023-07-03T00:00:00+00:00
[2023-07-04 01:52:34,728] {python.py:173} INFO - Done. Returned value was: None
[2023-07-04 01:52:34,747] {taskinstance.py:1420} INFO - Marking task as SUCCESS. dag_id=dag_weather, task_id=transform_data, execution_date=20230703T000000, start_date=20230704T015234, end_date=20230704T015234
[2023-07-04 01:52:34,784] {local_task_job.py:156} INFO - Task exited with return code 0
[2023-07-04 01:52:34,833] {local_task_job.py:273} INFO - 1 downstream tasks scheduled from follow-on schedule check
