[2023-06-23 12:04:00,024] {taskinstance.py:1179} INFO - Dependencies all met for <TaskInstance: dag_weather.upload_data scheduled__2023-06-22T00:00:00+00:00 [queued]>
[2023-06-23 12:04:00,033] {taskinstance.py:1179} INFO - Dependencies all met for <TaskInstance: dag_weather.upload_data scheduled__2023-06-22T00:00:00+00:00 [queued]>
[2023-06-23 12:04:00,033] {taskinstance.py:1376} INFO - 
--------------------------------------------------------------------------------
[2023-06-23 12:04:00,033] {taskinstance.py:1377} INFO - Starting attempt 1 of 6
[2023-06-23 12:04:00,033] {taskinstance.py:1378} INFO - 
--------------------------------------------------------------------------------
[2023-06-23 12:04:00,187] {taskinstance.py:1397} INFO - Executing <Task(PythonOperator): upload_data> on 2023-06-22 00:00:00+00:00
[2023-06-23 12:04:00,193] {standard_task_runner.py:52} INFO - Started process 10007 to run task
[2023-06-23 12:04:00,197] {standard_task_runner.py:79} INFO - Running: ['***', 'tasks', 'run', 'dag_weather', 'upload_data', 'scheduled__2023-06-22T00:00:00+00:00', '--job-id', '101', '--raw', '--subdir', 'DAGS_FOLDER/dag_weather.py', '--cfg-path', '/tmp/tmpqc2udflv', '--error-file', '/tmp/tmpi49vhnec']
[2023-06-23 12:04:00,198] {standard_task_runner.py:80} INFO - Job 101: Subtask upload_data
[2023-06-23 12:04:00,262] {task_command.py:371} INFO - Running <TaskInstance: dag_weather.upload_data scheduled__2023-06-22T00:00:00+00:00 [running]> on host db753b024971
[2023-06-23 12:04:00,381] {taskinstance.py:1591} INFO - Exporting the following env vars:
AIRFLOW_CTX_DAG_OWNER=MariaRO
AIRFLOW_CTX_DAG_ID=dag_weather
AIRFLOW_CTX_TASK_ID=upload_data
AIRFLOW_CTX_EXECUTION_DATE=2023-06-22T00:00:00+00:00
AIRFLOW_CTX_TRY_NUMBER=1
AIRFLOW_CTX_DAG_RUN_ID=scheduled__2023-06-22T00:00:00+00:00
[2023-06-23 12:04:01,893] {logging_mixin.py:115} INFO - Connected to Redshift successfully!
[2023-06-23 12:04:03,201] {logging_mixin.py:115} INFO - Proceso terminado
[2023-06-23 12:04:03,201] {python.py:173} INFO - Done. Returned value was: None
[2023-06-23 12:04:03,217] {taskinstance.py:1420} INFO - Marking task as SUCCESS. dag_id=dag_weather, task_id=upload_data, execution_date=20230622T000000, start_date=20230623T120400, end_date=20230623T120403
[2023-06-23 12:04:03,371] {local_task_job.py:156} INFO - Task exited with return code 0
[2023-06-23 12:04:03,478] {local_task_job.py:273} INFO - 0 downstream tasks scheduled from follow-on schedule check
