[2023-07-11 20:06:37,189] {taskinstance.py:1179} INFO - Dependencies all met for <TaskInstance: dag_weather.extract_data manual__2023-07-11T20:06:35.773633+00:00 [queued]>
[2023-07-11 20:06:37,202] {taskinstance.py:1179} INFO - Dependencies all met for <TaskInstance: dag_weather.extract_data manual__2023-07-11T20:06:35.773633+00:00 [queued]>
[2023-07-11 20:06:37,203] {taskinstance.py:1376} INFO - 
--------------------------------------------------------------------------------
[2023-07-11 20:06:37,203] {taskinstance.py:1377} INFO - Starting attempt 1 of 6
[2023-07-11 20:06:37,203] {taskinstance.py:1378} INFO - 
--------------------------------------------------------------------------------
[2023-07-11 20:06:37,224] {taskinstance.py:1397} INFO - Executing <Task(PythonOperator): extract_data> on 2023-07-11 20:06:35.773633+00:00
[2023-07-11 20:06:37,230] {standard_task_runner.py:52} INFO - Started process 246 to run task
[2023-07-11 20:06:37,234] {standard_task_runner.py:79} INFO - Running: ['***', 'tasks', 'run', 'dag_weather', 'extract_data', 'manual__2023-07-11T20:06:35.773633+00:00', '--job-id', '32', '--raw', '--subdir', 'DAGS_FOLDER/dag_weather.py', '--cfg-path', '/tmp/tmp21k56w0p', '--error-file', '/tmp/tmpunc_2e2b']
[2023-07-11 20:06:37,235] {standard_task_runner.py:80} INFO - Job 32: Subtask extract_data
[2023-07-11 20:06:37,323] {task_command.py:371} INFO - Running <TaskInstance: dag_weather.extract_data manual__2023-07-11T20:06:35.773633+00:00 [running]> on host e1d802d26f71
[2023-07-11 20:06:37,433] {taskinstance.py:1591} INFO - Exporting the following env vars:
AIRFLOW_CTX_DAG_OWNER=MariaRO
AIRFLOW_CTX_DAG_ID=dag_weather
AIRFLOW_CTX_TASK_ID=extract_data
AIRFLOW_CTX_EXECUTION_DATE=2023-07-11T20:06:35.773633+00:00
AIRFLOW_CTX_TRY_NUMBER=1
AIRFLOW_CTX_DAG_RUN_ID=manual__2023-07-11T20:06:35.773633+00:00
[2023-07-11 20:06:37,435] {logging_mixin.py:115} INFO - ***************
[2023-07-11 20:06:37,435] {logging_mixin.py:115} INFO - 2023-07-11
[2023-07-11 20:06:40,292] {python.py:173} INFO - Done. Returned value was: None
[2023-07-11 20:06:40,305] {taskinstance.py:1420} INFO - Marking task as SUCCESS. dag_id=dag_weather, task_id=extract_data, execution_date=20230711T200635, start_date=20230711T200637, end_date=20230711T200640
[2023-07-11 20:06:40,341] {local_task_job.py:156} INFO - Task exited with return code 0
[2023-07-11 20:06:40,389] {local_task_job.py:273} INFO - 1 downstream tasks scheduled from follow-on schedule check
