[2023-07-11 19:53:01,152] {taskinstance.py:1179} INFO - Dependencies all met for <TaskInstance: dag_weather.extract_data manual__2023-07-11T19:52:59.934984+00:00 [queued]>
[2023-07-11 19:53:01,164] {taskinstance.py:1179} INFO - Dependencies all met for <TaskInstance: dag_weather.extract_data manual__2023-07-11T19:52:59.934984+00:00 [queued]>
[2023-07-11 19:53:01,164] {taskinstance.py:1376} INFO - 
--------------------------------------------------------------------------------
[2023-07-11 19:53:01,165] {taskinstance.py:1377} INFO - Starting attempt 1 of 6
[2023-07-11 19:53:01,165] {taskinstance.py:1378} INFO - 
--------------------------------------------------------------------------------
[2023-07-11 19:53:01,190] {taskinstance.py:1397} INFO - Executing <Task(PythonOperator): extract_data> on 2023-07-11 19:52:59.934984+00:00
[2023-07-11 19:53:01,195] {standard_task_runner.py:52} INFO - Started process 257 to run task
[2023-07-11 19:53:01,199] {standard_task_runner.py:79} INFO - Running: ['***', 'tasks', 'run', 'dag_weather', 'extract_data', 'manual__2023-07-11T19:52:59.934984+00:00', '--job-id', '15', '--raw', '--subdir', 'DAGS_FOLDER/dag_weather.py', '--cfg-path', '/tmp/tmpta7_bnab', '--error-file', '/tmp/tmpw_gz2hr_']
[2023-07-11 19:53:01,201] {standard_task_runner.py:80} INFO - Job 15: Subtask extract_data
[2023-07-11 19:53:01,321] {task_command.py:371} INFO - Running <TaskInstance: dag_weather.extract_data manual__2023-07-11T19:52:59.934984+00:00 [running]> on host b5f0b6584590
[2023-07-11 19:53:01,450] {taskinstance.py:1591} INFO - Exporting the following env vars:
AIRFLOW_CTX_DAG_OWNER=MariaRO
AIRFLOW_CTX_DAG_ID=dag_weather
AIRFLOW_CTX_TASK_ID=extract_data
AIRFLOW_CTX_EXECUTION_DATE=2023-07-11T19:52:59.934984+00:00
AIRFLOW_CTX_TRY_NUMBER=1
AIRFLOW_CTX_DAG_RUN_ID=manual__2023-07-11T19:52:59.934984+00:00
[2023-07-11 19:53:01,452] {logging_mixin.py:115} INFO - ***************
[2023-07-11 19:53:01,452] {logging_mixin.py:115} INFO - 2023-07-11
[2023-07-11 19:53:04,564] {python.py:173} INFO - Done. Returned value was: None
[2023-07-11 19:53:04,579] {taskinstance.py:1420} INFO - Marking task as SUCCESS. dag_id=dag_weather, task_id=extract_data, execution_date=20230711T195259, start_date=20230711T195301, end_date=20230711T195304
[2023-07-11 19:53:04,625] {local_task_job.py:156} INFO - Task exited with return code 0
[2023-07-11 19:53:04,675] {local_task_job.py:273} INFO - 1 downstream tasks scheduled from follow-on schedule check
