[2023-07-11 20:06:42,572] {taskinstance.py:1179} INFO - Dependencies all met for <TaskInstance: dag_weather.upload_data manual__2023-07-11T20:06:35.773633+00:00 [queued]>
[2023-07-11 20:06:42,586] {taskinstance.py:1179} INFO - Dependencies all met for <TaskInstance: dag_weather.upload_data manual__2023-07-11T20:06:35.773633+00:00 [queued]>
[2023-07-11 20:06:42,586] {taskinstance.py:1376} INFO - 
--------------------------------------------------------------------------------
[2023-07-11 20:06:42,586] {taskinstance.py:1377} INFO - Starting attempt 1 of 6
[2023-07-11 20:06:42,586] {taskinstance.py:1378} INFO - 
--------------------------------------------------------------------------------
[2023-07-11 20:06:42,609] {taskinstance.py:1397} INFO - Executing <Task(PythonOperator): upload_data> on 2023-07-11 20:06:35.773633+00:00
[2023-07-11 20:06:42,614] {standard_task_runner.py:52} INFO - Started process 263 to run task
[2023-07-11 20:06:42,618] {standard_task_runner.py:79} INFO - Running: ['***', 'tasks', 'run', 'dag_weather', 'upload_data', 'manual__2023-07-11T20:06:35.773633+00:00', '--job-id', '34', '--raw', '--subdir', 'DAGS_FOLDER/dag_weather.py', '--cfg-path', '/tmp/tmpv__y4660', '--error-file', '/tmp/tmpnck8z8o5']
[2023-07-11 20:06:42,620] {standard_task_runner.py:80} INFO - Job 34: Subtask upload_data
[2023-07-11 20:06:42,715] {task_command.py:371} INFO - Running <TaskInstance: dag_weather.upload_data manual__2023-07-11T20:06:35.773633+00:00 [running]> on host e1d802d26f71
[2023-07-11 20:06:42,832] {taskinstance.py:1591} INFO - Exporting the following env vars:
AIRFLOW_CTX_DAG_OWNER=MariaRO
AIRFLOW_CTX_DAG_ID=dag_weather
AIRFLOW_CTX_TASK_ID=upload_data
AIRFLOW_CTX_EXECUTION_DATE=2023-07-11T20:06:35.773633+00:00
AIRFLOW_CTX_TRY_NUMBER=1
AIRFLOW_CTX_DAG_RUN_ID=manual__2023-07-11T20:06:35.773633+00:00
[2023-07-11 20:06:44,258] {logging_mixin.py:115} INFO - Connected to Redshift successfully!
[2023-07-11 20:06:45,720] {logging_mixin.py:115} INFO - Proceso terminado
[2023-07-11 20:06:45,720] {python.py:173} INFO - Done. Returned value was: None
[2023-07-11 20:06:45,737] {taskinstance.py:1420} INFO - Marking task as SUCCESS. dag_id=dag_weather, task_id=upload_data, execution_date=20230711T200635, start_date=20230711T200642, end_date=20230711T200645
[2023-07-11 20:06:45,766] {local_task_job.py:156} INFO - Task exited with return code 0
[2023-07-11 20:06:45,808] {local_task_job.py:273} INFO - 1 downstream tasks scheduled from follow-on schedule check
