[2023-07-11 19:29:49,452] {taskinstance.py:1179} INFO - Dependencies all met for <TaskInstance: dag_weather.extract_data scheduled__2023-07-10T00:00:00+00:00 [queued]>
[2023-07-11 19:29:49,472] {taskinstance.py:1179} INFO - Dependencies all met for <TaskInstance: dag_weather.extract_data scheduled__2023-07-10T00:00:00+00:00 [queued]>
[2023-07-11 19:29:49,473] {taskinstance.py:1376} INFO - 
--------------------------------------------------------------------------------
[2023-07-11 19:29:49,473] {taskinstance.py:1377} INFO - Starting attempt 1 of 6
[2023-07-11 19:29:49,473] {taskinstance.py:1378} INFO - 
--------------------------------------------------------------------------------
[2023-07-11 19:29:49,499] {taskinstance.py:1397} INFO - Executing <Task(PythonOperator): extract_data> on 2023-07-10 00:00:00+00:00
[2023-07-11 19:29:49,506] {standard_task_runner.py:52} INFO - Started process 243 to run task
[2023-07-11 19:29:49,513] {standard_task_runner.py:79} INFO - Running: ['***', 'tasks', 'run', 'dag_weather', 'extract_data', 'scheduled__2023-07-10T00:00:00+00:00', '--job-id', '3', '--raw', '--subdir', 'DAGS_FOLDER/dag_weather.py', '--cfg-path', '/tmp/tmpeowmv2a9', '--error-file', '/tmp/tmp2uzyaonr']
[2023-07-11 19:29:49,517] {standard_task_runner.py:80} INFO - Job 3: Subtask extract_data
[2023-07-11 19:29:49,699] {task_command.py:371} INFO - Running <TaskInstance: dag_weather.extract_data scheduled__2023-07-10T00:00:00+00:00 [running]> on host 7ee0c55ba55b
[2023-07-11 19:29:49,915] {taskinstance.py:1591} INFO - Exporting the following env vars:
AIRFLOW_CTX_DAG_OWNER=MariaRO
AIRFLOW_CTX_DAG_ID=dag_weather
AIRFLOW_CTX_TASK_ID=extract_data
AIRFLOW_CTX_EXECUTION_DATE=2023-07-10T00:00:00+00:00
AIRFLOW_CTX_TRY_NUMBER=1
AIRFLOW_CTX_DAG_RUN_ID=scheduled__2023-07-10T00:00:00+00:00
[2023-07-11 19:29:49,916] {logging_mixin.py:115} INFO - ***************
[2023-07-11 19:29:49,917] {logging_mixin.py:115} INFO - 2023-07-10
[2023-07-11 19:29:52,551] {python.py:173} INFO - Done. Returned value was: None
[2023-07-11 19:29:52,564] {taskinstance.py:1420} INFO - Marking task as SUCCESS. dag_id=dag_weather, task_id=extract_data, execution_date=20230710T000000, start_date=20230711T192949, end_date=20230711T192952
[2023-07-11 19:29:52,622] {local_task_job.py:156} INFO - Task exited with return code 0
[2023-07-11 19:29:52,670] {local_task_job.py:273} INFO - 1 downstream tasks scheduled from follow-on schedule check
