[2023-06-22 16:46:48,059] {taskinstance.py:1179} INFO - Dependencies all met for <TaskInstance: dag_weather.upload_data scheduled__2023-06-20T00:00:00+00:00 [queued]>
[2023-06-22 16:46:48,085] {taskinstance.py:1179} INFO - Dependencies all met for <TaskInstance: dag_weather.upload_data scheduled__2023-06-20T00:00:00+00:00 [queued]>
[2023-06-22 16:46:48,085] {taskinstance.py:1376} INFO - 
--------------------------------------------------------------------------------
[2023-06-22 16:46:48,086] {taskinstance.py:1377} INFO - Starting attempt 1 of 6
[2023-06-22 16:46:48,086] {taskinstance.py:1378} INFO - 
--------------------------------------------------------------------------------
[2023-06-22 16:46:48,124] {taskinstance.py:1397} INFO - Executing <Task(PythonOperator): upload_data> on 2023-06-20 00:00:00+00:00
[2023-06-22 16:46:48,131] {standard_task_runner.py:52} INFO - Started process 193 to run task
[2023-06-22 16:46:48,139] {standard_task_runner.py:79} INFO - Running: ['***', 'tasks', 'run', 'dag_weather', 'upload_data', 'scheduled__2023-06-20T00:00:00+00:00', '--job-id', '96', '--raw', '--subdir', 'DAGS_FOLDER/dag_weather.py', '--cfg-path', '/tmp/tmpke3dk4dt', '--error-file', '/tmp/tmp3g8_y8t5']
[2023-06-22 16:46:48,142] {standard_task_runner.py:80} INFO - Job 96: Subtask upload_data
[2023-06-22 16:46:48,323] {task_command.py:371} INFO - Running <TaskInstance: dag_weather.upload_data scheduled__2023-06-20T00:00:00+00:00 [running]> on host db753b024971
[2023-06-22 16:46:48,511] {taskinstance.py:1591} INFO - Exporting the following env vars:
AIRFLOW_CTX_DAG_OWNER=MariaRO
AIRFLOW_CTX_DAG_ID=dag_weather
AIRFLOW_CTX_TASK_ID=upload_data
AIRFLOW_CTX_EXECUTION_DATE=2023-06-20T00:00:00+00:00
AIRFLOW_CTX_TRY_NUMBER=1
AIRFLOW_CTX_DAG_RUN_ID=scheduled__2023-06-20T00:00:00+00:00
[2023-06-22 16:46:49,888] {logging_mixin.py:115} INFO - Connected to Redshift successfully!
[2023-06-22 16:47:04,147] {logging_mixin.py:115} INFO - Proceso terminado
[2023-06-22 16:47:04,148] {python.py:173} INFO - Done. Returned value was: None
[2023-06-22 16:47:04,162] {taskinstance.py:1420} INFO - Marking task as SUCCESS. dag_id=dag_weather, task_id=upload_data, execution_date=20230620T000000, start_date=20230622T164648, end_date=20230622T164704
[2023-06-22 16:47:04,225] {local_task_job.py:156} INFO - Task exited with return code 0
[2023-06-22 16:47:04,250] {local_task_job.py:273} INFO - 0 downstream tasks scheduled from follow-on schedule check
