[2023-07-13 18:57:13,494] {taskinstance.py:1179} INFO - Dependencies all met for <TaskInstance: dag_weather.send_email manual__2023-07-13T18:57:00.609905+00:00 [queued]>
[2023-07-13 18:57:13,506] {taskinstance.py:1179} INFO - Dependencies all met for <TaskInstance: dag_weather.send_email manual__2023-07-13T18:57:00.609905+00:00 [queued]>
[2023-07-13 18:57:13,507] {taskinstance.py:1376} INFO - 
--------------------------------------------------------------------------------
[2023-07-13 18:57:13,507] {taskinstance.py:1377} INFO - Starting attempt 1 of 6
[2023-07-13 18:57:13,507] {taskinstance.py:1378} INFO - 
--------------------------------------------------------------------------------
[2023-07-13 18:57:13,590] {taskinstance.py:1397} INFO - Executing <Task(PythonOperator): send_email> on 2023-07-13 18:57:00.609905+00:00
[2023-07-13 18:57:13,597] {standard_task_runner.py:52} INFO - Started process 271 to run task
[2023-07-13 18:57:13,601] {standard_task_runner.py:79} INFO - Running: ['***', 'tasks', 'run', 'dag_weather', 'send_email', 'manual__2023-07-13T18:57:00.609905+00:00', '--job-id', '83', '--raw', '--subdir', 'DAGS_FOLDER/dag_w_test.py', '--cfg-path', '/tmp/tmp0t7d2gma', '--error-file', '/tmp/tmpocud3z69']
[2023-07-13 18:57:13,603] {standard_task_runner.py:80} INFO - Job 83: Subtask send_email
[2023-07-13 18:57:13,700] {task_command.py:371} INFO - Running <TaskInstance: dag_weather.send_email manual__2023-07-13T18:57:00.609905+00:00 [running]> on host 6fc87d08a0f9
[2023-07-13 18:57:13,874] {taskinstance.py:1591} INFO - Exporting the following env vars:
AIRFLOW_CTX_DAG_OWNER=MariaRO
AIRFLOW_CTX_DAG_ID=dag_weather
AIRFLOW_CTX_TASK_ID=send_email
AIRFLOW_CTX_EXECUTION_DATE=2023-07-13T18:57:00.609905+00:00
AIRFLOW_CTX_TRY_NUMBER=1
AIRFLOW_CTX_DAG_RUN_ID=manual__2023-07-13T18:57:00.609905+00:00
[2023-07-13 18:57:16,967] {python.py:173} INFO - Done. Returned value was: None
[2023-07-13 18:57:16,982] {taskinstance.py:1420} INFO - Marking task as SUCCESS. dag_id=dag_weather, task_id=send_email, execution_date=20230713T185700, start_date=20230713T185713, end_date=20230713T185716
[2023-07-13 18:57:17,030] {local_task_job.py:156} INFO - Task exited with return code 0
[2023-07-13 18:57:17,069] {local_task_job.py:273} INFO - 0 downstream tasks scheduled from follow-on schedule check
