[2023-07-02 23:26:14,691] {taskinstance.py:1179} INFO - Dependencies all met for <TaskInstance: dag_weather.extract_data scheduled__2023-07-01T00:00:00+00:00 [queued]>
[2023-07-02 23:26:14,727] {taskinstance.py:1179} INFO - Dependencies all met for <TaskInstance: dag_weather.extract_data scheduled__2023-07-01T00:00:00+00:00 [queued]>
[2023-07-02 23:26:14,728] {taskinstance.py:1376} INFO - 
--------------------------------------------------------------------------------
[2023-07-02 23:26:14,728] {taskinstance.py:1377} INFO - Starting attempt 2 of 6
[2023-07-02 23:26:14,730] {taskinstance.py:1378} INFO - 
--------------------------------------------------------------------------------
[2023-07-02 23:26:14,796] {taskinstance.py:1397} INFO - Executing <Task(PythonOperator): extract_data> on 2023-07-01 00:00:00+00:00
[2023-07-02 23:26:14,803] {standard_task_runner.py:52} INFO - Started process 19707 to run task
[2023-07-02 23:26:14,809] {standard_task_runner.py:79} INFO - Running: ['***', 'tasks', 'run', 'dag_weather', 'extract_data', 'scheduled__2023-07-01T00:00:00+00:00', '--job-id', '131', '--raw', '--subdir', 'DAGS_FOLDER/dag_weather.py', '--cfg-path', '/tmp/tmpt3bmwj1j', '--error-file', '/tmp/tmp_rgwy0b5']
[2023-07-02 23:26:14,810] {standard_task_runner.py:80} INFO - Job 131: Subtask extract_data
[2023-07-02 23:26:15,022] {task_command.py:371} INFO - Running <TaskInstance: dag_weather.extract_data scheduled__2023-07-01T00:00:00+00:00 [running]> on host db753b024971
[2023-07-02 23:26:15,213] {taskinstance.py:1591} INFO - Exporting the following env vars:
AIRFLOW_CTX_DAG_OWNER=MariaRO
AIRFLOW_CTX_DAG_ID=dag_weather
AIRFLOW_CTX_TASK_ID=extract_data
AIRFLOW_CTX_EXECUTION_DATE=2023-07-01T00:00:00+00:00
AIRFLOW_CTX_TRY_NUMBER=2
AIRFLOW_CTX_DAG_RUN_ID=scheduled__2023-07-01T00:00:00+00:00
[2023-07-02 23:26:15,217] {logging_mixin.py:115} INFO - ***************
[2023-07-02 23:26:15,218] {logging_mixin.py:115} INFO - 2023-07-01
[2023-07-02 23:26:19,373] {python.py:173} INFO - Done. Returned value was: None
[2023-07-02 23:26:19,407] {taskinstance.py:1420} INFO - Marking task as SUCCESS. dag_id=dag_weather, task_id=extract_data, execution_date=20230701T000000, start_date=20230702T232614, end_date=20230702T232619
[2023-07-02 23:26:19,451] {local_task_job.py:156} INFO - Task exited with return code 0
[2023-07-02 23:26:19,544] {local_task_job.py:273} INFO - 1 downstream tasks scheduled from follow-on schedule check
