[2023-07-11 19:35:01,020] {taskinstance.py:1179} INFO - Dependencies all met for <TaskInstance: dag_weather.upload_data scheduled__2023-07-10T00:00:00+00:00 [queued]>
[2023-07-11 19:35:01,040] {taskinstance.py:1179} INFO - Dependencies all met for <TaskInstance: dag_weather.upload_data scheduled__2023-07-10T00:00:00+00:00 [queued]>
[2023-07-11 19:35:01,040] {taskinstance.py:1376} INFO - 
--------------------------------------------------------------------------------
[2023-07-11 19:35:01,040] {taskinstance.py:1377} INFO - Starting attempt 2 of 6
[2023-07-11 19:35:01,041] {taskinstance.py:1378} INFO - 
--------------------------------------------------------------------------------
[2023-07-11 19:35:01,072] {taskinstance.py:1397} INFO - Executing <Task(PythonOperator): upload_data> on 2023-07-10 00:00:00+00:00
[2023-07-11 19:35:01,079] {standard_task_runner.py:52} INFO - Started process 208 to run task
[2023-07-11 19:35:01,086] {standard_task_runner.py:79} INFO - Running: ['***', 'tasks', 'run', 'dag_weather', 'upload_data', 'scheduled__2023-07-10T00:00:00+00:00', '--job-id', '11', '--raw', '--subdir', 'DAGS_FOLDER/dag_weather.py', '--cfg-path', '/tmp/tmptoxgetw7', '--error-file', '/tmp/tmpf6y52w7u']
[2023-07-11 19:35:01,088] {standard_task_runner.py:80} INFO - Job 11: Subtask upload_data
[2023-07-11 19:35:01,226] {task_command.py:371} INFO - Running <TaskInstance: dag_weather.upload_data scheduled__2023-07-10T00:00:00+00:00 [running]> on host b5f0b6584590
[2023-07-11 19:35:01,407] {taskinstance.py:1591} INFO - Exporting the following env vars:
AIRFLOW_CTX_DAG_OWNER=MariaRO
AIRFLOW_CTX_DAG_ID=dag_weather
AIRFLOW_CTX_TASK_ID=upload_data
AIRFLOW_CTX_EXECUTION_DATE=2023-07-10T00:00:00+00:00
AIRFLOW_CTX_TRY_NUMBER=2
AIRFLOW_CTX_DAG_RUN_ID=scheduled__2023-07-10T00:00:00+00:00
[2023-07-11 19:35:03,482] {logging_mixin.py:115} INFO - Connected to Redshift successfully!
[2023-07-11 19:35:05,172] {logging_mixin.py:115} INFO - Proceso terminado
[2023-07-11 19:35:05,172] {python.py:173} INFO - Done. Returned value was: None
[2023-07-11 19:35:05,207] {taskinstance.py:1420} INFO - Marking task as SUCCESS. dag_id=dag_weather, task_id=upload_data, execution_date=20230710T000000, start_date=20230711T193501, end_date=20230711T193505
[2023-07-11 19:35:05,245] {local_task_job.py:156} INFO - Task exited with return code 0
[2023-07-11 19:35:05,336] {local_task_job.py:273} INFO - 1 downstream tasks scheduled from follow-on schedule check
