[2023-07-13 19:12:27,485] {taskinstance.py:1179} INFO - Dependencies all met for <TaskInstance: dag_weather.send_email manual__2023-07-13T19:12:14.468923+00:00 [queued]>
[2023-07-13 19:12:27,507] {taskinstance.py:1179} INFO - Dependencies all met for <TaskInstance: dag_weather.send_email manual__2023-07-13T19:12:14.468923+00:00 [queued]>
[2023-07-13 19:12:27,507] {taskinstance.py:1376} INFO - 
--------------------------------------------------------------------------------
[2023-07-13 19:12:27,507] {taskinstance.py:1377} INFO - Starting attempt 1 of 6
[2023-07-13 19:12:27,507] {taskinstance.py:1378} INFO - 
--------------------------------------------------------------------------------
[2023-07-13 19:12:27,532] {taskinstance.py:1397} INFO - Executing <Task(PythonOperator): send_email> on 2023-07-13 19:12:14.468923+00:00
[2023-07-13 19:12:27,538] {standard_task_runner.py:52} INFO - Started process 214 to run task
[2023-07-13 19:12:27,543] {standard_task_runner.py:79} INFO - Running: ['***', 'tasks', 'run', 'dag_weather', 'send_email', 'manual__2023-07-13T19:12:14.468923+00:00', '--job-id', '99', '--raw', '--subdir', 'DAGS_FOLDER/dag_weather.py', '--cfg-path', '/tmp/tmpxjdx_ppv', '--error-file', '/tmp/tmpe1yhre7t']
[2023-07-13 19:12:27,545] {standard_task_runner.py:80} INFO - Job 99: Subtask send_email
[2023-07-13 19:12:27,672] {task_command.py:371} INFO - Running <TaskInstance: dag_weather.send_email manual__2023-07-13T19:12:14.468923+00:00 [running]> on host 6fc87d08a0f9
[2023-07-13 19:12:27,859] {taskinstance.py:1591} INFO - Exporting the following env vars:
AIRFLOW_CTX_DAG_OWNER=MariaRO
AIRFLOW_CTX_DAG_ID=dag_weather
AIRFLOW_CTX_TASK_ID=send_email
AIRFLOW_CTX_EXECUTION_DATE=2023-07-13T19:12:14.468923+00:00
AIRFLOW_CTX_TRY_NUMBER=1
AIRFLOW_CTX_DAG_RUN_ID=manual__2023-07-13T19:12:14.468923+00:00
[2023-07-13 19:12:30,806] {python.py:173} INFO - Done. Returned value was: None
[2023-07-13 19:12:30,832] {taskinstance.py:1420} INFO - Marking task as SUCCESS. dag_id=dag_weather, task_id=send_email, execution_date=20230713T191214, start_date=20230713T191227, end_date=20230713T191230
[2023-07-13 19:12:30,890] {local_task_job.py:156} INFO - Task exited with return code 0
[2023-07-13 19:12:30,944] {local_task_job.py:273} INFO - 0 downstream tasks scheduled from follow-on schedule check
