[2023-06-19 20:30:56,418] {taskinstance.py:1179} INFO - Dependencies all met for <TaskInstance: dag_weather.transform_data manual__2023-06-19T20:20:29.732102+00:00 [queued]>
[2023-06-19 20:30:56,429] {taskinstance.py:1179} INFO - Dependencies all met for <TaskInstance: dag_weather.transform_data manual__2023-06-19T20:20:29.732102+00:00 [queued]>
[2023-06-19 20:30:56,429] {taskinstance.py:1376} INFO - 
--------------------------------------------------------------------------------
[2023-06-19 20:30:56,429] {taskinstance.py:1377} INFO - Starting attempt 2 of 6
[2023-06-19 20:30:56,430] {taskinstance.py:1378} INFO - 
--------------------------------------------------------------------------------
[2023-06-19 20:30:56,477] {taskinstance.py:1397} INFO - Executing <Task(PythonOperator): transform_data> on 2023-06-19 20:20:29.732102+00:00
[2023-06-19 20:30:56,483] {standard_task_runner.py:52} INFO - Started process 421 to run task
[2023-06-19 20:30:56,488] {standard_task_runner.py:79} INFO - Running: ['***', 'tasks', 'run', 'dag_weather', 'transform_data', 'manual__2023-06-19T20:20:29.732102+00:00', '--job-id', '76', '--raw', '--subdir', 'DAGS_FOLDER/dag_weather.py', '--cfg-path', '/tmp/tmppwz4gifi', '--error-file', '/tmp/tmpjtpxgbaj']
[2023-06-19 20:30:56,489] {standard_task_runner.py:80} INFO - Job 76: Subtask transform_data
[2023-06-19 20:30:56,562] {task_command.py:371} INFO - Running <TaskInstance: dag_weather.transform_data manual__2023-06-19T20:20:29.732102+00:00 [running]> on host 871cafd9693a
[2023-06-19 20:30:56,640] {taskinstance.py:1591} INFO - Exporting the following env vars:
AIRFLOW_CTX_DAG_OWNER=MariaRO
AIRFLOW_CTX_DAG_ID=dag_weather
AIRFLOW_CTX_TASK_ID=transform_data
AIRFLOW_CTX_EXECUTION_DATE=2023-06-19T20:20:29.732102+00:00
AIRFLOW_CTX_TRY_NUMBER=2
AIRFLOW_CTX_DAG_RUN_ID=manual__2023-06-19T20:20:29.732102+00:00
[2023-06-19 20:30:56,660] {python.py:173} INFO - Done. Returned value was: None
[2023-06-19 20:30:56,672] {taskinstance.py:1420} INFO - Marking task as SUCCESS. dag_id=dag_weather, task_id=transform_data, execution_date=20230619T202029, start_date=20230619T203056, end_date=20230619T203056
[2023-06-19 20:30:56,699] {local_task_job.py:156} INFO - Task exited with return code 0
[2023-06-19 20:30:56,751] {local_task_job.py:273} INFO - 1 downstream tasks scheduled from follow-on schedule check
