[2023-06-25 17:38:05,799] {taskinstance.py:1179} INFO - Dependencies all met for <TaskInstance: dag_weather.upload_data scheduled__2023-06-24T00:00:00+00:00 [queued]>
[2023-06-25 17:38:05,824] {taskinstance.py:1179} INFO - Dependencies all met for <TaskInstance: dag_weather.upload_data scheduled__2023-06-24T00:00:00+00:00 [queued]>
[2023-06-25 17:38:05,824] {taskinstance.py:1376} INFO - 
--------------------------------------------------------------------------------
[2023-06-25 17:38:05,824] {taskinstance.py:1377} INFO - Starting attempt 1 of 6
[2023-06-25 17:38:05,824] {taskinstance.py:1378} INFO - 
--------------------------------------------------------------------------------
[2023-06-25 17:38:05,855] {taskinstance.py:1397} INFO - Executing <Task(PythonOperator): upload_data> on 2023-06-24 00:00:00+00:00
[2023-06-25 17:38:05,861] {standard_task_runner.py:52} INFO - Started process 1040 to run task
[2023-06-25 17:38:05,866] {standard_task_runner.py:79} INFO - Running: ['***', 'tasks', 'run', 'dag_weather', 'upload_data', 'scheduled__2023-06-24T00:00:00+00:00', '--job-id', '109', '--raw', '--subdir', 'DAGS_FOLDER/dag_weather.py', '--cfg-path', '/tmp/tmpu3b_wo38', '--error-file', '/tmp/tmpirbjzt7m']
[2023-06-25 17:38:05,867] {standard_task_runner.py:80} INFO - Job 109: Subtask upload_data
[2023-06-25 17:38:05,993] {task_command.py:371} INFO - Running <TaskInstance: dag_weather.upload_data scheduled__2023-06-24T00:00:00+00:00 [running]> on host db753b024971
[2023-06-25 17:38:06,514] {taskinstance.py:1591} INFO - Exporting the following env vars:
AIRFLOW_CTX_DAG_OWNER=MariaRO
AIRFLOW_CTX_DAG_ID=dag_weather
AIRFLOW_CTX_TASK_ID=upload_data
AIRFLOW_CTX_EXECUTION_DATE=2023-06-24T00:00:00+00:00
AIRFLOW_CTX_TRY_NUMBER=1
AIRFLOW_CTX_DAG_RUN_ID=scheduled__2023-06-24T00:00:00+00:00
[2023-06-25 17:38:07,921] {logging_mixin.py:115} INFO - Connected to Redshift successfully!
[2023-06-25 17:38:12,615] {logging_mixin.py:115} INFO - Proceso terminado
[2023-06-25 17:38:12,616] {python.py:173} INFO - Done. Returned value was: None
[2023-06-25 17:38:12,638] {taskinstance.py:1420} INFO - Marking task as SUCCESS. dag_id=dag_weather, task_id=upload_data, execution_date=20230624T000000, start_date=20230625T173805, end_date=20230625T173812
[2023-06-25 17:38:12,689] {local_task_job.py:156} INFO - Task exited with return code 0
[2023-06-25 17:38:12,722] {local_task_job.py:273} INFO - 0 downstream tasks scheduled from follow-on schedule check
