[2023-07-11 19:57:16,865] {taskinstance.py:1179} INFO - Dependencies all met for <TaskInstance: dag_weather.upload_data manual__2023-07-11T19:57:09.823097+00:00 [queued]>
[2023-07-11 19:57:16,884] {taskinstance.py:1179} INFO - Dependencies all met for <TaskInstance: dag_weather.upload_data manual__2023-07-11T19:57:09.823097+00:00 [queued]>
[2023-07-11 19:57:16,885] {taskinstance.py:1376} INFO - 
--------------------------------------------------------------------------------
[2023-07-11 19:57:16,885] {taskinstance.py:1377} INFO - Starting attempt 1 of 6
[2023-07-11 19:57:16,885] {taskinstance.py:1378} INFO - 
--------------------------------------------------------------------------------
[2023-07-11 19:57:16,918] {taskinstance.py:1397} INFO - Executing <Task(PythonOperator): upload_data> on 2023-07-11 19:57:09.823097+00:00
[2023-07-11 19:57:16,926] {standard_task_runner.py:52} INFO - Started process 241 to run task
[2023-07-11 19:57:16,932] {standard_task_runner.py:79} INFO - Running: ['***', 'tasks', 'run', 'dag_weather', 'upload_data', 'manual__2023-07-11T19:57:09.823097+00:00', '--job-id', '22', '--raw', '--subdir', 'DAGS_FOLDER/dag_weather.py', '--cfg-path', '/tmp/tmpzasnm0td', '--error-file', '/tmp/tmp30svitov']
[2023-07-11 19:57:16,934] {standard_task_runner.py:80} INFO - Job 22: Subtask upload_data
[2023-07-11 19:57:17,048] {task_command.py:371} INFO - Running <TaskInstance: dag_weather.upload_data manual__2023-07-11T19:57:09.823097+00:00 [running]> on host 392c3fefc915
[2023-07-11 19:57:17,164] {taskinstance.py:1591} INFO - Exporting the following env vars:
AIRFLOW_CTX_DAG_OWNER=MariaRO
AIRFLOW_CTX_DAG_ID=dag_weather
AIRFLOW_CTX_TASK_ID=upload_data
AIRFLOW_CTX_EXECUTION_DATE=2023-07-11T19:57:09.823097+00:00
AIRFLOW_CTX_TRY_NUMBER=1
AIRFLOW_CTX_DAG_RUN_ID=manual__2023-07-11T19:57:09.823097+00:00
[2023-07-11 19:57:18,456] {logging_mixin.py:115} INFO - Connected to Redshift successfully!
[2023-07-11 19:57:19,983] {logging_mixin.py:115} INFO - Proceso terminado
[2023-07-11 19:57:19,983] {python.py:173} INFO - Done. Returned value was: None
[2023-07-11 19:57:20,002] {taskinstance.py:1420} INFO - Marking task as SUCCESS. dag_id=dag_weather, task_id=upload_data, execution_date=20230711T195709, start_date=20230711T195716, end_date=20230711T195720
[2023-07-11 19:57:20,037] {local_task_job.py:156} INFO - Task exited with return code 0
[2023-07-11 19:57:20,080] {local_task_job.py:273} INFO - 1 downstream tasks scheduled from follow-on schedule check
