[2023-07-05 12:01:27,613] {taskinstance.py:1179} INFO - Dependencies all met for <TaskInstance: dag_weather.upload_data scheduled__2023-07-04T00:00:00+00:00 [queued]>
[2023-07-05 12:01:27,633] {taskinstance.py:1179} INFO - Dependencies all met for <TaskInstance: dag_weather.upload_data scheduled__2023-07-04T00:00:00+00:00 [queued]>
[2023-07-05 12:01:27,633] {taskinstance.py:1376} INFO - 
--------------------------------------------------------------------------------
[2023-07-05 12:01:27,633] {taskinstance.py:1377} INFO - Starting attempt 1 of 6
[2023-07-05 12:01:27,633] {taskinstance.py:1378} INFO - 
--------------------------------------------------------------------------------
[2023-07-05 12:01:27,659] {taskinstance.py:1397} INFO - Executing <Task(PythonOperator): upload_data> on 2023-07-04 00:00:00+00:00
[2023-07-05 12:01:27,665] {standard_task_runner.py:52} INFO - Started process 23165 to run task
[2023-07-05 12:01:27,670] {standard_task_runner.py:79} INFO - Running: ['***', 'tasks', 'run', 'dag_weather', 'upload_data', 'scheduled__2023-07-04T00:00:00+00:00', '--job-id', '142', '--raw', '--subdir', 'DAGS_FOLDER/dag_weather.py', '--cfg-path', '/tmp/tmpd1tacmg3', '--error-file', '/tmp/tmpruacgxt8']
[2023-07-05 12:01:27,672] {standard_task_runner.py:80} INFO - Job 142: Subtask upload_data
[2023-07-05 12:01:27,774] {task_command.py:371} INFO - Running <TaskInstance: dag_weather.upload_data scheduled__2023-07-04T00:00:00+00:00 [running]> on host db753b024971
[2023-07-05 12:01:27,897] {taskinstance.py:1591} INFO - Exporting the following env vars:
AIRFLOW_CTX_DAG_OWNER=MariaRO
AIRFLOW_CTX_DAG_ID=dag_weather
AIRFLOW_CTX_TASK_ID=upload_data
AIRFLOW_CTX_EXECUTION_DATE=2023-07-04T00:00:00+00:00
AIRFLOW_CTX_TRY_NUMBER=1
AIRFLOW_CTX_DAG_RUN_ID=scheduled__2023-07-04T00:00:00+00:00
[2023-07-05 12:01:29,412] {logging_mixin.py:115} INFO - Connected to Redshift successfully!
[2023-07-05 12:01:30,539] {logging_mixin.py:115} INFO - Proceso terminado
[2023-07-05 12:01:30,539] {python.py:173} INFO - Done. Returned value was: None
[2023-07-05 12:01:30,557] {taskinstance.py:1420} INFO - Marking task as SUCCESS. dag_id=dag_weather, task_id=upload_data, execution_date=20230704T000000, start_date=20230705T120127, end_date=20230705T120130
[2023-07-05 12:01:30,614] {local_task_job.py:156} INFO - Task exited with return code 0
[2023-07-05 12:01:30,649] {local_task_job.py:273} INFO - 0 downstream tasks scheduled from follow-on schedule check
