[2023-07-13 18:57:07,568] {taskinstance.py:1179} INFO - Dependencies all met for <TaskInstance: dag_weather.transform_data manual__2023-07-13T18:57:00.609905+00:00 [queued]>
[2023-07-13 18:57:07,580] {taskinstance.py:1179} INFO - Dependencies all met for <TaskInstance: dag_weather.transform_data manual__2023-07-13T18:57:00.609905+00:00 [queued]>
[2023-07-13 18:57:07,580] {taskinstance.py:1376} INFO - 
--------------------------------------------------------------------------------
[2023-07-13 18:57:07,580] {taskinstance.py:1377} INFO - Starting attempt 1 of 6
[2023-07-13 18:57:07,580] {taskinstance.py:1378} INFO - 
--------------------------------------------------------------------------------
[2023-07-13 18:57:07,599] {taskinstance.py:1397} INFO - Executing <Task(PythonOperator): transform_data> on 2023-07-13 18:57:00.609905+00:00
[2023-07-13 18:57:07,603] {standard_task_runner.py:52} INFO - Started process 253 to run task
[2023-07-13 18:57:07,607] {standard_task_runner.py:79} INFO - Running: ['***', 'tasks', 'run', 'dag_weather', 'transform_data', 'manual__2023-07-13T18:57:00.609905+00:00', '--job-id', '81', '--raw', '--subdir', 'DAGS_FOLDER/dag_w_test.py', '--cfg-path', '/tmp/tmpjgha3d1n', '--error-file', '/tmp/tmpbafsei2h']
[2023-07-13 18:57:07,608] {standard_task_runner.py:80} INFO - Job 81: Subtask transform_data
[2023-07-13 18:57:07,698] {task_command.py:371} INFO - Running <TaskInstance: dag_weather.transform_data manual__2023-07-13T18:57:00.609905+00:00 [running]> on host 6fc87d08a0f9
[2023-07-13 18:57:07,874] {taskinstance.py:1591} INFO - Exporting the following env vars:
AIRFLOW_CTX_DAG_OWNER=MariaRO
AIRFLOW_CTX_DAG_ID=dag_weather
AIRFLOW_CTX_TASK_ID=transform_data
AIRFLOW_CTX_EXECUTION_DATE=2023-07-13T18:57:00.609905+00:00
AIRFLOW_CTX_TRY_NUMBER=1
AIRFLOW_CTX_DAG_RUN_ID=manual__2023-07-13T18:57:00.609905+00:00
[2023-07-13 18:57:07,895] {python.py:173} INFO - Done. Returned value was: None
[2023-07-13 18:57:07,910] {taskinstance.py:1420} INFO - Marking task as SUCCESS. dag_id=dag_weather, task_id=transform_data, execution_date=20230713T185700, start_date=20230713T185707, end_date=20230713T185707
[2023-07-13 18:57:07,981] {local_task_job.py:156} INFO - Task exited with return code 0
[2023-07-13 18:57:08,035] {local_task_job.py:273} INFO - 1 downstream tasks scheduled from follow-on schedule check
