[2023-06-19 20:33:23,503] {taskinstance.py:1179} INFO - Dependencies all met for <TaskInstance: dag_weather.transform_data manual__2023-06-19T20:07:56.990906+00:00 [queued]>
[2023-06-19 20:33:23,515] {taskinstance.py:1179} INFO - Dependencies all met for <TaskInstance: dag_weather.transform_data manual__2023-06-19T20:07:56.990906+00:00 [queued]>
[2023-06-19 20:33:23,515] {taskinstance.py:1376} INFO - 
--------------------------------------------------------------------------------
[2023-06-19 20:33:23,515] {taskinstance.py:1377} INFO - Starting attempt 2 of 6
[2023-06-19 20:33:23,515] {taskinstance.py:1378} INFO - 
--------------------------------------------------------------------------------
[2023-06-19 20:33:23,542] {taskinstance.py:1397} INFO - Executing <Task(PythonOperator): transform_data> on 2023-06-19 20:07:56.990906+00:00
[2023-06-19 20:33:23,547] {standard_task_runner.py:52} INFO - Started process 523 to run task
[2023-06-19 20:33:23,550] {standard_task_runner.py:79} INFO - Running: ['***', 'tasks', 'run', 'dag_weather', 'transform_data', 'manual__2023-06-19T20:07:56.990906+00:00', '--job-id', '82', '--raw', '--subdir', 'DAGS_FOLDER/dag_weather.py', '--cfg-path', '/tmp/tmpipbaezxw', '--error-file', '/tmp/tmpxxap9qkj']
[2023-06-19 20:33:23,551] {standard_task_runner.py:80} INFO - Job 82: Subtask transform_data
[2023-06-19 20:33:23,622] {task_command.py:371} INFO - Running <TaskInstance: dag_weather.transform_data manual__2023-06-19T20:07:56.990906+00:00 [running]> on host 871cafd9693a
[2023-06-19 20:33:23,715] {taskinstance.py:1591} INFO - Exporting the following env vars:
AIRFLOW_CTX_DAG_OWNER=MariaRO
AIRFLOW_CTX_DAG_ID=dag_weather
AIRFLOW_CTX_TASK_ID=transform_data
AIRFLOW_CTX_EXECUTION_DATE=2023-06-19T20:07:56.990906+00:00
AIRFLOW_CTX_TRY_NUMBER=2
AIRFLOW_CTX_DAG_RUN_ID=manual__2023-06-19T20:07:56.990906+00:00
[2023-06-19 20:33:23,733] {python.py:173} INFO - Done. Returned value was: None
[2023-06-19 20:33:23,745] {taskinstance.py:1420} INFO - Marking task as SUCCESS. dag_id=dag_weather, task_id=transform_data, execution_date=20230619T200756, start_date=20230619T203323, end_date=20230619T203323
[2023-06-19 20:33:23,803] {local_task_job.py:156} INFO - Task exited with return code 0
[2023-06-19 20:33:23,862] {local_task_job.py:273} INFO - 1 downstream tasks scheduled from follow-on schedule check
