[2023-07-11 19:58:41,822] {taskinstance.py:1179} INFO - Dependencies all met for <TaskInstance: dag_weather.upload_data manual__2023-07-11T19:58:35.360420+00:00 [queued]>
[2023-07-11 19:58:41,836] {taskinstance.py:1179} INFO - Dependencies all met for <TaskInstance: dag_weather.upload_data manual__2023-07-11T19:58:35.360420+00:00 [queued]>
[2023-07-11 19:58:41,836] {taskinstance.py:1376} INFO - 
--------------------------------------------------------------------------------
[2023-07-11 19:58:41,836] {taskinstance.py:1377} INFO - Starting attempt 1 of 6
[2023-07-11 19:58:41,836] {taskinstance.py:1378} INFO - 
--------------------------------------------------------------------------------
[2023-07-11 19:58:41,865] {taskinstance.py:1397} INFO - Executing <Task(PythonOperator): upload_data> on 2023-07-11 19:58:35.360420+00:00
[2023-07-11 19:58:41,871] {standard_task_runner.py:52} INFO - Started process 344 to run task
[2023-07-11 19:58:41,875] {standard_task_runner.py:79} INFO - Running: ['***', 'tasks', 'run', 'dag_weather', 'upload_data', 'manual__2023-07-11T19:58:35.360420+00:00', '--job-id', '27', '--raw', '--subdir', 'DAGS_FOLDER/dag_weather.py', '--cfg-path', '/tmp/tmpmcmcaj2u', '--error-file', '/tmp/tmpe884i5_q']
[2023-07-11 19:58:41,877] {standard_task_runner.py:80} INFO - Job 27: Subtask upload_data
[2023-07-11 19:58:41,985] {task_command.py:371} INFO - Running <TaskInstance: dag_weather.upload_data manual__2023-07-11T19:58:35.360420+00:00 [running]> on host 392c3fefc915
[2023-07-11 19:58:42,152] {taskinstance.py:1591} INFO - Exporting the following env vars:
AIRFLOW_CTX_DAG_OWNER=MariaRO
AIRFLOW_CTX_DAG_ID=dag_weather
AIRFLOW_CTX_TASK_ID=upload_data
AIRFLOW_CTX_EXECUTION_DATE=2023-07-11T19:58:35.360420+00:00
AIRFLOW_CTX_TRY_NUMBER=1
AIRFLOW_CTX_DAG_RUN_ID=manual__2023-07-11T19:58:35.360420+00:00
[2023-07-11 19:58:43,541] {logging_mixin.py:115} INFO - Connected to Redshift successfully!
[2023-07-11 19:58:44,928] {logging_mixin.py:115} INFO - Proceso terminado
[2023-07-11 19:58:44,929] {python.py:173} INFO - Done. Returned value was: None
[2023-07-11 19:58:44,945] {taskinstance.py:1420} INFO - Marking task as SUCCESS. dag_id=dag_weather, task_id=upload_data, execution_date=20230711T195835, start_date=20230711T195841, end_date=20230711T195844
[2023-07-11 19:58:44,989] {local_task_job.py:156} INFO - Task exited with return code 0
[2023-07-11 19:58:45,044] {local_task_job.py:273} INFO - 1 downstream tasks scheduled from follow-on schedule check
