[2023-07-10 12:35:02,558] {taskinstance.py:1179} INFO - Dependencies all met for <TaskInstance: dag_weather.upload_data scheduled__2023-07-09T00:00:00+00:00 [queued]>
[2023-07-10 12:35:02,570] {taskinstance.py:1179} INFO - Dependencies all met for <TaskInstance: dag_weather.upload_data scheduled__2023-07-09T00:00:00+00:00 [queued]>
[2023-07-10 12:35:02,570] {taskinstance.py:1376} INFO - 
--------------------------------------------------------------------------------
[2023-07-10 12:35:02,570] {taskinstance.py:1377} INFO - Starting attempt 1 of 6
[2023-07-10 12:35:02,570] {taskinstance.py:1378} INFO - 
--------------------------------------------------------------------------------
[2023-07-10 12:35:02,609] {taskinstance.py:1397} INFO - Executing <Task(PythonOperator): upload_data> on 2023-07-09 00:00:00+00:00
[2023-07-10 12:35:02,613] {standard_task_runner.py:52} INFO - Started process 196 to run task
[2023-07-10 12:35:02,617] {standard_task_runner.py:79} INFO - Running: ['***', 'tasks', 'run', 'dag_weather', 'upload_data', 'scheduled__2023-07-09T00:00:00+00:00', '--job-id', '150', '--raw', '--subdir', 'DAGS_FOLDER/dag_weather.py', '--cfg-path', '/tmp/tmpyhhp0p3v', '--error-file', '/tmp/tmp7cjdwv_t']
[2023-07-10 12:35:02,619] {standard_task_runner.py:80} INFO - Job 150: Subtask upload_data
[2023-07-10 12:35:02,689] {task_command.py:371} INFO - Running <TaskInstance: dag_weather.upload_data scheduled__2023-07-09T00:00:00+00:00 [running]> on host db753b024971
[2023-07-10 12:35:02,788] {taskinstance.py:1591} INFO - Exporting the following env vars:
AIRFLOW_CTX_DAG_OWNER=MariaRO
AIRFLOW_CTX_DAG_ID=dag_weather
AIRFLOW_CTX_TASK_ID=upload_data
AIRFLOW_CTX_EXECUTION_DATE=2023-07-09T00:00:00+00:00
AIRFLOW_CTX_TRY_NUMBER=1
AIRFLOW_CTX_DAG_RUN_ID=scheduled__2023-07-09T00:00:00+00:00
[2023-07-10 12:35:04,054] {logging_mixin.py:115} INFO - Connected to Redshift successfully!
[2023-07-10 12:35:05,245] {logging_mixin.py:115} INFO - Proceso terminado
[2023-07-10 12:35:05,246] {python.py:173} INFO - Done. Returned value was: None
[2023-07-10 12:35:05,270] {taskinstance.py:1420} INFO - Marking task as SUCCESS. dag_id=dag_weather, task_id=upload_data, execution_date=20230709T000000, start_date=20230710T123502, end_date=20230710T123505
[2023-07-10 12:35:05,323] {local_task_job.py:156} INFO - Task exited with return code 0
[2023-07-10 12:35:05,361] {local_task_job.py:273} INFO - 0 downstream tasks scheduled from follow-on schedule check
