[2023-07-13 18:50:52,947] {taskinstance.py:1179} INFO - Dependencies all met for <TaskInstance: dag_weather.transform_data manual__2023-07-13T18:50:47.191877+00:00 [queued]>
[2023-07-13 18:50:52,962] {taskinstance.py:1179} INFO - Dependencies all met for <TaskInstance: dag_weather.transform_data manual__2023-07-13T18:50:47.191877+00:00 [queued]>
[2023-07-13 18:50:52,962] {taskinstance.py:1376} INFO - 
--------------------------------------------------------------------------------
[2023-07-13 18:50:52,962] {taskinstance.py:1377} INFO - Starting attempt 1 of 6
[2023-07-13 18:50:52,962] {taskinstance.py:1378} INFO - 
--------------------------------------------------------------------------------
[2023-07-13 18:50:53,001] {taskinstance.py:1397} INFO - Executing <Task(PythonOperator): transform_data> on 2023-07-13 18:50:47.191877+00:00
[2023-07-13 18:50:53,006] {standard_task_runner.py:52} INFO - Started process 238 to run task
[2023-07-13 18:50:53,010] {standard_task_runner.py:79} INFO - Running: ['***', 'tasks', 'run', 'dag_weather', 'transform_data', 'manual__2023-07-13T18:50:47.191877+00:00', '--job-id', '70', '--raw', '--subdir', 'DAGS_FOLDER/dag_weather.py', '--cfg-path', '/tmp/tmpo0m0c3e0', '--error-file', '/tmp/tmpkly2vx3b']
[2023-07-13 18:50:53,012] {standard_task_runner.py:80} INFO - Job 70: Subtask transform_data
[2023-07-13 18:50:53,145] {task_command.py:371} INFO - Running <TaskInstance: dag_weather.transform_data manual__2023-07-13T18:50:47.191877+00:00 [running]> on host 6fc87d08a0f9
[2023-07-13 18:50:53,322] {taskinstance.py:1591} INFO - Exporting the following env vars:
AIRFLOW_CTX_DAG_OWNER=MariaRO
AIRFLOW_CTX_DAG_ID=dag_weather
AIRFLOW_CTX_TASK_ID=transform_data
AIRFLOW_CTX_EXECUTION_DATE=2023-07-13T18:50:47.191877+00:00
AIRFLOW_CTX_TRY_NUMBER=1
AIRFLOW_CTX_DAG_RUN_ID=manual__2023-07-13T18:50:47.191877+00:00
[2023-07-13 18:50:53,366] {python.py:173} INFO - Done. Returned value was: None
[2023-07-13 18:50:53,393] {taskinstance.py:1420} INFO - Marking task as SUCCESS. dag_id=dag_weather, task_id=transform_data, execution_date=20230713T185047, start_date=20230713T185052, end_date=20230713T185053
[2023-07-13 18:50:53,463] {local_task_job.py:156} INFO - Task exited with return code 0
[2023-07-13 18:50:53,574] {local_task_job.py:273} INFO - 1 downstream tasks scheduled from follow-on schedule check
