[2023-06-20 02:31:38,431] {taskinstance.py:1179} INFO - Dependencies all met for <TaskInstance: dag_weather.upload_data scheduled__2023-06-19T00:00:00+00:00 [queued]>
[2023-06-20 02:31:38,443] {taskinstance.py:1179} INFO - Dependencies all met for <TaskInstance: dag_weather.upload_data scheduled__2023-06-19T00:00:00+00:00 [queued]>
[2023-06-20 02:31:38,443] {taskinstance.py:1376} INFO - 
--------------------------------------------------------------------------------
[2023-06-20 02:31:38,443] {taskinstance.py:1377} INFO - Starting attempt 1 of 6
[2023-06-20 02:31:38,443] {taskinstance.py:1378} INFO - 
--------------------------------------------------------------------------------
[2023-06-20 02:31:38,459] {taskinstance.py:1397} INFO - Executing <Task(PythonOperator): upload_data> on 2023-06-19 00:00:00+00:00
[2023-06-20 02:31:38,464] {standard_task_runner.py:52} INFO - Started process 2667 to run task
[2023-06-20 02:31:38,468] {standard_task_runner.py:79} INFO - Running: ['***', 'tasks', 'run', 'dag_weather', 'upload_data', 'scheduled__2023-06-19T00:00:00+00:00', '--job-id', '90', '--raw', '--subdir', 'DAGS_FOLDER/dag_weather.py', '--cfg-path', '/tmp/tmpd5ve37nc', '--error-file', '/tmp/tmptf1iazw5']
[2023-06-20 02:31:38,469] {standard_task_runner.py:80} INFO - Job 90: Subtask upload_data
[2023-06-20 02:31:38,553] {task_command.py:371} INFO - Running <TaskInstance: dag_weather.upload_data scheduled__2023-06-19T00:00:00+00:00 [running]> on host db753b024971
[2023-06-20 02:31:38,642] {taskinstance.py:1591} INFO - Exporting the following env vars:
AIRFLOW_CTX_DAG_OWNER=MariaRO
AIRFLOW_CTX_DAG_ID=dag_weather
AIRFLOW_CTX_TASK_ID=upload_data
AIRFLOW_CTX_EXECUTION_DATE=2023-06-19T00:00:00+00:00
AIRFLOW_CTX_TRY_NUMBER=1
AIRFLOW_CTX_DAG_RUN_ID=scheduled__2023-06-19T00:00:00+00:00
[2023-06-20 02:31:40,426] {logging_mixin.py:115} INFO - Connected to Redshift successfully!
[2023-06-20 02:31:41,987] {logging_mixin.py:115} INFO - Proceso terminado
[2023-06-20 02:31:41,987] {python.py:173} INFO - Done. Returned value was: None
[2023-06-20 02:31:42,001] {taskinstance.py:1420} INFO - Marking task as SUCCESS. dag_id=dag_weather, task_id=upload_data, execution_date=20230619T000000, start_date=20230620T023138, end_date=20230620T023142
[2023-06-20 02:31:42,025] {local_task_job.py:156} INFO - Task exited with return code 0
[2023-06-20 02:31:42,075] {local_task_job.py:273} INFO - 0 downstream tasks scheduled from follow-on schedule check
