[2023-07-11 20:06:46,858] {taskinstance.py:1179} INFO - Dependencies all met for <TaskInstance: dag_weather.send_email manual__2023-07-11T20:06:35.773633+00:00 [queued]>
[2023-07-11 20:06:46,870] {taskinstance.py:1179} INFO - Dependencies all met for <TaskInstance: dag_weather.send_email manual__2023-07-11T20:06:35.773633+00:00 [queued]>
[2023-07-11 20:06:46,870] {taskinstance.py:1376} INFO - 
--------------------------------------------------------------------------------
[2023-07-11 20:06:46,870] {taskinstance.py:1377} INFO - Starting attempt 1 of 6
[2023-07-11 20:06:46,870] {taskinstance.py:1378} INFO - 
--------------------------------------------------------------------------------
[2023-07-11 20:06:46,886] {taskinstance.py:1397} INFO - Executing <Task(PythonOperator): send_email> on 2023-07-11 20:06:35.773633+00:00
[2023-07-11 20:06:46,891] {standard_task_runner.py:52} INFO - Started process 266 to run task
[2023-07-11 20:06:46,894] {standard_task_runner.py:79} INFO - Running: ['***', 'tasks', 'run', 'dag_weather', 'send_email', 'manual__2023-07-11T20:06:35.773633+00:00', '--job-id', '35', '--raw', '--subdir', 'DAGS_FOLDER/dag_weather.py', '--cfg-path', '/tmp/tmp008ruk1k', '--error-file', '/tmp/tmprb0h5pin']
[2023-07-11 20:06:46,895] {standard_task_runner.py:80} INFO - Job 35: Subtask send_email
[2023-07-11 20:06:46,968] {task_command.py:371} INFO - Running <TaskInstance: dag_weather.send_email manual__2023-07-11T20:06:35.773633+00:00 [running]> on host e1d802d26f71
[2023-07-11 20:06:47,062] {taskinstance.py:1591} INFO - Exporting the following env vars:
AIRFLOW_CTX_DAG_OWNER=MariaRO
AIRFLOW_CTX_DAG_ID=dag_weather
AIRFLOW_CTX_TASK_ID=send_email
AIRFLOW_CTX_EXECUTION_DATE=2023-07-11T20:06:35.773633+00:00
AIRFLOW_CTX_TRY_NUMBER=1
AIRFLOW_CTX_DAG_RUN_ID=manual__2023-07-11T20:06:35.773633+00:00
[2023-07-11 20:06:51,098] {python.py:173} INFO - Done. Returned value was: None
[2023-07-11 20:06:51,117] {taskinstance.py:1420} INFO - Marking task as SUCCESS. dag_id=dag_weather, task_id=send_email, execution_date=20230711T200635, start_date=20230711T200646, end_date=20230711T200651
[2023-07-11 20:06:51,169] {local_task_job.py:156} INFO - Task exited with return code 0
[2023-07-11 20:06:51,223] {local_task_job.py:273} INFO - 0 downstream tasks scheduled from follow-on schedule check
