[2023-07-11 20:14:20,163] {taskinstance.py:1179} INFO - Dependencies all met for <TaskInstance: dag_weather.send_email manual__2023-07-11T20:14:07.063162+00:00 [queued]>
[2023-07-11 20:14:20,193] {taskinstance.py:1179} INFO - Dependencies all met for <TaskInstance: dag_weather.send_email manual__2023-07-11T20:14:07.063162+00:00 [queued]>
[2023-07-11 20:14:20,193] {taskinstance.py:1376} INFO - 
--------------------------------------------------------------------------------
[2023-07-11 20:14:20,194] {taskinstance.py:1377} INFO - Starting attempt 1 of 6
[2023-07-11 20:14:20,194] {taskinstance.py:1378} INFO - 
--------------------------------------------------------------------------------
[2023-07-11 20:14:20,252] {taskinstance.py:1397} INFO - Executing <Task(PythonOperator): send_email> on 2023-07-11 20:14:07.063162+00:00
[2023-07-11 20:14:20,259] {standard_task_runner.py:52} INFO - Started process 250 to run task
[2023-07-11 20:14:20,264] {standard_task_runner.py:79} INFO - Running: ['***', 'tasks', 'run', 'dag_weather', 'send_email', 'manual__2023-07-11T20:14:07.063162+00:00', '--job-id', '41', '--raw', '--subdir', 'DAGS_FOLDER/dag_weather.py', '--cfg-path', '/tmp/tmp63anwmla', '--error-file', '/tmp/tmpe_7l6xy2']
[2023-07-11 20:14:20,265] {standard_task_runner.py:80} INFO - Job 41: Subtask send_email
[2023-07-11 20:14:20,368] {task_command.py:371} INFO - Running <TaskInstance: dag_weather.send_email manual__2023-07-11T20:14:07.063162+00:00 [running]> on host 6fc87d08a0f9
[2023-07-11 20:14:20,523] {taskinstance.py:1591} INFO - Exporting the following env vars:
AIRFLOW_CTX_DAG_OWNER=MariaRO
AIRFLOW_CTX_DAG_ID=dag_weather
AIRFLOW_CTX_TASK_ID=send_email
AIRFLOW_CTX_EXECUTION_DATE=2023-07-11T20:14:07.063162+00:00
AIRFLOW_CTX_TRY_NUMBER=1
AIRFLOW_CTX_DAG_RUN_ID=manual__2023-07-11T20:14:07.063162+00:00
[2023-07-11 20:14:24,181] {python.py:173} INFO - Done. Returned value was: None
[2023-07-11 20:14:24,203] {taskinstance.py:1420} INFO - Marking task as SUCCESS. dag_id=dag_weather, task_id=send_email, execution_date=20230711T201407, start_date=20230711T201420, end_date=20230711T201424
[2023-07-11 20:14:24,230] {local_task_job.py:156} INFO - Task exited with return code 0
[2023-07-11 20:14:24,265] {local_task_job.py:273} INFO - 0 downstream tasks scheduled from follow-on schedule check
