[2023-07-05 12:01:26,305] {taskinstance.py:1179} INFO - Dependencies all met for <TaskInstance: dag_weather.transform_data scheduled__2023-07-04T00:00:00+00:00 [queued]>
[2023-07-05 12:01:26,317] {taskinstance.py:1179} INFO - Dependencies all met for <TaskInstance: dag_weather.transform_data scheduled__2023-07-04T00:00:00+00:00 [queued]>
[2023-07-05 12:01:26,317] {taskinstance.py:1376} INFO - 
--------------------------------------------------------------------------------
[2023-07-05 12:01:26,317] {taskinstance.py:1377} INFO - Starting attempt 1 of 6
[2023-07-05 12:01:26,317] {taskinstance.py:1378} INFO - 
--------------------------------------------------------------------------------
[2023-07-05 12:01:26,333] {taskinstance.py:1397} INFO - Executing <Task(PythonOperator): transform_data> on 2023-07-04 00:00:00+00:00
[2023-07-05 12:01:26,338] {standard_task_runner.py:52} INFO - Started process 23162 to run task
[2023-07-05 12:01:26,341] {standard_task_runner.py:79} INFO - Running: ['***', 'tasks', 'run', 'dag_weather', 'transform_data', 'scheduled__2023-07-04T00:00:00+00:00', '--job-id', '141', '--raw', '--subdir', 'DAGS_FOLDER/dag_weather.py', '--cfg-path', '/tmp/tmpqyc62hnk', '--error-file', '/tmp/tmpal0yfe5d']
[2023-07-05 12:01:26,342] {standard_task_runner.py:80} INFO - Job 141: Subtask transform_data
[2023-07-05 12:01:26,410] {task_command.py:371} INFO - Running <TaskInstance: dag_weather.transform_data scheduled__2023-07-04T00:00:00+00:00 [running]> on host db753b024971
[2023-07-05 12:01:26,491] {taskinstance.py:1591} INFO - Exporting the following env vars:
AIRFLOW_CTX_DAG_OWNER=MariaRO
AIRFLOW_CTX_DAG_ID=dag_weather
AIRFLOW_CTX_TASK_ID=transform_data
AIRFLOW_CTX_EXECUTION_DATE=2023-07-04T00:00:00+00:00
AIRFLOW_CTX_TRY_NUMBER=1
AIRFLOW_CTX_DAG_RUN_ID=scheduled__2023-07-04T00:00:00+00:00
[2023-07-05 12:01:26,510] {python.py:173} INFO - Done. Returned value was: None
[2023-07-05 12:01:26,526] {taskinstance.py:1420} INFO - Marking task as SUCCESS. dag_id=dag_weather, task_id=transform_data, execution_date=20230704T000000, start_date=20230705T120126, end_date=20230705T120126
[2023-07-05 12:01:26,553] {local_task_job.py:156} INFO - Task exited with return code 0
[2023-07-05 12:01:26,595] {local_task_job.py:273} INFO - 1 downstream tasks scheduled from follow-on schedule check
