[2023-06-19 20:30:57,607] {taskinstance.py:1179} INFO - Dependencies all met for <TaskInstance: dag_weather.upload_data manual__2023-06-19T20:20:29.732102+00:00 [queued]>
[2023-06-19 20:30:57,616] {taskinstance.py:1179} INFO - Dependencies all met for <TaskInstance: dag_weather.upload_data manual__2023-06-19T20:20:29.732102+00:00 [queued]>
[2023-06-19 20:30:57,617] {taskinstance.py:1376} INFO - 
--------------------------------------------------------------------------------
[2023-06-19 20:30:57,617] {taskinstance.py:1377} INFO - Starting attempt 1 of 6
[2023-06-19 20:30:57,617] {taskinstance.py:1378} INFO - 
--------------------------------------------------------------------------------
[2023-06-19 20:30:57,668] {taskinstance.py:1397} INFO - Executing <Task(PythonOperator): upload_data> on 2023-06-19 20:20:29.732102+00:00
[2023-06-19 20:30:57,672] {standard_task_runner.py:52} INFO - Started process 424 to run task
[2023-06-19 20:30:57,675] {standard_task_runner.py:79} INFO - Running: ['***', 'tasks', 'run', 'dag_weather', 'upload_data', 'manual__2023-06-19T20:20:29.732102+00:00', '--job-id', '77', '--raw', '--subdir', 'DAGS_FOLDER/dag_weather.py', '--cfg-path', '/tmp/tmpotrwq19o', '--error-file', '/tmp/tmpb1x4lrbs']
[2023-06-19 20:30:57,676] {standard_task_runner.py:80} INFO - Job 77: Subtask upload_data
[2023-06-19 20:30:57,738] {task_command.py:371} INFO - Running <TaskInstance: dag_weather.upload_data manual__2023-06-19T20:20:29.732102+00:00 [running]> on host 871cafd9693a
[2023-06-19 20:30:57,823] {taskinstance.py:1591} INFO - Exporting the following env vars:
AIRFLOW_CTX_DAG_OWNER=MariaRO
AIRFLOW_CTX_DAG_ID=dag_weather
AIRFLOW_CTX_TASK_ID=upload_data
AIRFLOW_CTX_EXECUTION_DATE=2023-06-19T20:20:29.732102+00:00
AIRFLOW_CTX_TRY_NUMBER=1
AIRFLOW_CTX_DAG_RUN_ID=manual__2023-06-19T20:20:29.732102+00:00
[2023-06-19 20:30:59,046] {logging_mixin.py:115} INFO - Connected to Redshift successfully!
[2023-06-19 20:31:04,613] {logging_mixin.py:115} INFO - Proceso terminado
[2023-06-19 20:31:04,613] {python.py:173} INFO - Done. Returned value was: None
[2023-06-19 20:31:04,626] {taskinstance.py:1420} INFO - Marking task as SUCCESS. dag_id=dag_weather, task_id=upload_data, execution_date=20230619T202029, start_date=20230619T203057, end_date=20230619T203104
[2023-06-19 20:31:04,652] {local_task_job.py:156} INFO - Task exited with return code 0
[2023-06-19 20:31:04,684] {local_task_job.py:273} INFO - 0 downstream tasks scheduled from follow-on schedule check
