[2023-07-14 12:03:36,186] {taskinstance.py:1179} INFO - Dependencies all met for <TaskInstance: dag_weather.upload_data scheduled__2023-07-13T06:00:00+00:00 [queued]>
[2023-07-14 12:03:36,209] {taskinstance.py:1179} INFO - Dependencies all met for <TaskInstance: dag_weather.upload_data scheduled__2023-07-13T06:00:00+00:00 [queued]>
[2023-07-14 12:03:36,209] {taskinstance.py:1376} INFO - 
--------------------------------------------------------------------------------
[2023-07-14 12:03:36,209] {taskinstance.py:1377} INFO - Starting attempt 1 of 6
[2023-07-14 12:03:36,212] {taskinstance.py:1378} INFO - 
--------------------------------------------------------------------------------
[2023-07-14 12:03:36,341] {taskinstance.py:1397} INFO - Executing <Task(PythonOperator): upload_data> on 2023-07-13 06:00:00+00:00
[2023-07-14 12:03:36,359] {standard_task_runner.py:52} INFO - Started process 2113 to run task
[2023-07-14 12:03:36,365] {standard_task_runner.py:79} INFO - Running: ['***', 'tasks', 'run', 'dag_weather', 'upload_data', 'scheduled__2023-07-13T06:00:00+00:00', '--job-id', '12', '--raw', '--subdir', 'DAGS_FOLDER/dag_weather.py', '--cfg-path', '/tmp/tmpc9n_ttgg', '--error-file', '/tmp/tmpu1abz9ot']
[2023-07-14 12:03:36,367] {standard_task_runner.py:80} INFO - Job 12: Subtask upload_data
[2023-07-14 12:03:36,539] {task_command.py:371} INFO - Running <TaskInstance: dag_weather.upload_data scheduled__2023-07-13T06:00:00+00:00 [running]> on host c7e27842cc79
[2023-07-14 12:03:36,739] {taskinstance.py:1591} INFO - Exporting the following env vars:
AIRFLOW_CTX_DAG_OWNER=MariaRO
AIRFLOW_CTX_DAG_ID=dag_weather
AIRFLOW_CTX_TASK_ID=upload_data
AIRFLOW_CTX_EXECUTION_DATE=2023-07-13T06:00:00+00:00
AIRFLOW_CTX_TRY_NUMBER=1
AIRFLOW_CTX_DAG_RUN_ID=scheduled__2023-07-13T06:00:00+00:00
[2023-07-14 12:03:38,887] {logging_mixin.py:115} INFO - Connected to Redshift successfully!
[2023-07-14 12:03:40,368] {logging_mixin.py:115} INFO - Proceso terminado
[2023-07-14 12:03:40,369] {python.py:173} INFO - Done. Returned value was: None
[2023-07-14 12:03:40,402] {taskinstance.py:1420} INFO - Marking task as SUCCESS. dag_id=dag_weather, task_id=upload_data, execution_date=20230713T060000, start_date=20230714T120336, end_date=20230714T120340
[2023-07-14 12:03:40,474] {local_task_job.py:156} INFO - Task exited with return code 0
[2023-07-14 12:03:40,587] {local_task_job.py:273} INFO - 1 downstream tasks scheduled from follow-on schedule check
