[2023-07-13 19:03:56,004] {taskinstance.py:1179} INFO - Dependencies all met for <TaskInstance: dag_weather.send_email manual__2023-07-13T19:01:51.593163+00:00 [queued]>
[2023-07-13 19:03:56,019] {taskinstance.py:1179} INFO - Dependencies all met for <TaskInstance: dag_weather.send_email manual__2023-07-13T19:01:51.593163+00:00 [queued]>
[2023-07-13 19:03:56,019] {taskinstance.py:1376} INFO - 
--------------------------------------------------------------------------------
[2023-07-13 19:03:56,019] {taskinstance.py:1377} INFO - Starting attempt 2 of 7
[2023-07-13 19:03:56,019] {taskinstance.py:1378} INFO - 
--------------------------------------------------------------------------------
[2023-07-13 19:03:56,043] {taskinstance.py:1397} INFO - Executing <Task(PythonOperator): send_email> on 2023-07-13 19:01:51.593163+00:00
[2023-07-13 19:03:56,047] {standard_task_runner.py:52} INFO - Started process 277 to run task
[2023-07-13 19:03:56,051] {standard_task_runner.py:79} INFO - Running: ['***', 'tasks', 'run', 'dag_weather', 'send_email', 'manual__2023-07-13T19:01:51.593163+00:00', '--job-id', '94', '--raw', '--subdir', 'DAGS_FOLDER/dag_weather.py', '--cfg-path', '/tmp/tmp3r5s9p00', '--error-file', '/tmp/tmp42wh40aw']
[2023-07-13 19:03:56,053] {standard_task_runner.py:80} INFO - Job 94: Subtask send_email
[2023-07-13 19:03:56,133] {task_command.py:371} INFO - Running <TaskInstance: dag_weather.send_email manual__2023-07-13T19:01:51.593163+00:00 [running]> on host 6fc87d08a0f9
[2023-07-13 19:03:56,228] {taskinstance.py:1591} INFO - Exporting the following env vars:
AIRFLOW_CTX_DAG_OWNER=MariaRO
AIRFLOW_CTX_DAG_ID=dag_weather
AIRFLOW_CTX_TASK_ID=send_email
AIRFLOW_CTX_EXECUTION_DATE=2023-07-13T19:01:51.593163+00:00
AIRFLOW_CTX_TRY_NUMBER=2
AIRFLOW_CTX_DAG_RUN_ID=manual__2023-07-13T19:01:51.593163+00:00
[2023-07-13 19:03:59,962] {python.py:173} INFO - Done. Returned value was: None
[2023-07-13 19:03:59,981] {taskinstance.py:1420} INFO - Marking task as SUCCESS. dag_id=dag_weather, task_id=send_email, execution_date=20230713T190151, start_date=20230713T190356, end_date=20230713T190359
[2023-07-13 19:04:00,000] {local_task_job.py:156} INFO - Task exited with return code 0
[2023-07-13 19:04:00,036] {local_task_job.py:273} INFO - 0 downstream tasks scheduled from follow-on schedule check
