[2023-07-13 19:12:20,977] {taskinstance.py:1179} INFO - Dependencies all met for <TaskInstance: dag_weather.transform_data manual__2023-07-13T19:12:14.468923+00:00 [queued]>
[2023-07-13 19:12:20,988] {taskinstance.py:1179} INFO - Dependencies all met for <TaskInstance: dag_weather.transform_data manual__2023-07-13T19:12:14.468923+00:00 [queued]>
[2023-07-13 19:12:20,988] {taskinstance.py:1376} INFO - 
--------------------------------------------------------------------------------
[2023-07-13 19:12:20,988] {taskinstance.py:1377} INFO - Starting attempt 1 of 6
[2023-07-13 19:12:20,988] {taskinstance.py:1378} INFO - 
--------------------------------------------------------------------------------
[2023-07-13 19:12:21,016] {taskinstance.py:1397} INFO - Executing <Task(PythonOperator): transform_data> on 2023-07-13 19:12:14.468923+00:00
[2023-07-13 19:12:21,020] {standard_task_runner.py:52} INFO - Started process 205 to run task
[2023-07-13 19:12:21,023] {standard_task_runner.py:79} INFO - Running: ['***', 'tasks', 'run', 'dag_weather', 'transform_data', 'manual__2023-07-13T19:12:14.468923+00:00', '--job-id', '97', '--raw', '--subdir', 'DAGS_FOLDER/dag_weather.py', '--cfg-path', '/tmp/tmp3swx2a7o', '--error-file', '/tmp/tmpumywz35v']
[2023-07-13 19:12:21,024] {standard_task_runner.py:80} INFO - Job 97: Subtask transform_data
[2023-07-13 19:12:21,114] {task_command.py:371} INFO - Running <TaskInstance: dag_weather.transform_data manual__2023-07-13T19:12:14.468923+00:00 [running]> on host 6fc87d08a0f9
[2023-07-13 19:12:21,245] {taskinstance.py:1591} INFO - Exporting the following env vars:
AIRFLOW_CTX_DAG_OWNER=MariaRO
AIRFLOW_CTX_DAG_ID=dag_weather
AIRFLOW_CTX_TASK_ID=transform_data
AIRFLOW_CTX_EXECUTION_DATE=2023-07-13T19:12:14.468923+00:00
AIRFLOW_CTX_TRY_NUMBER=1
AIRFLOW_CTX_DAG_RUN_ID=manual__2023-07-13T19:12:14.468923+00:00
[2023-07-13 19:12:21,276] {python.py:173} INFO - Done. Returned value was: None
[2023-07-13 19:12:21,293] {taskinstance.py:1420} INFO - Marking task as SUCCESS. dag_id=dag_weather, task_id=transform_data, execution_date=20230713T191214, start_date=20230713T191220, end_date=20230713T191221
[2023-07-13 19:12:21,315] {local_task_job.py:156} INFO - Task exited with return code 0
[2023-07-13 19:12:21,405] {local_task_job.py:273} INFO - 1 downstream tasks scheduled from follow-on schedule check
