[2023-06-19 20:32:49,101] {taskinstance.py:1179} INFO - Dependencies all met for <TaskInstance: dag_weather.upload_data manual__2023-06-19T20:02:14.865880+00:00 [queued]>
[2023-06-19 20:32:49,111] {taskinstance.py:1179} INFO - Dependencies all met for <TaskInstance: dag_weather.upload_data manual__2023-06-19T20:02:14.865880+00:00 [queued]>
[2023-06-19 20:32:49,111] {taskinstance.py:1376} INFO - 
--------------------------------------------------------------------------------
[2023-06-19 20:32:49,111] {taskinstance.py:1377} INFO - Starting attempt 1 of 6
[2023-06-19 20:32:49,111] {taskinstance.py:1378} INFO - 
--------------------------------------------------------------------------------
[2023-06-19 20:32:49,147] {taskinstance.py:1397} INFO - Executing <Task(PythonOperator): upload_data> on 2023-06-19 20:02:14.865880+00:00
[2023-06-19 20:32:49,156] {standard_task_runner.py:52} INFO - Started process 502 to run task
[2023-06-19 20:32:49,162] {standard_task_runner.py:79} INFO - Running: ['***', 'tasks', 'run', 'dag_weather', 'upload_data', 'manual__2023-06-19T20:02:14.865880+00:00', '--job-id', '81', '--raw', '--subdir', 'DAGS_FOLDER/dag_weather.py', '--cfg-path', '/tmp/tmpoevln2is', '--error-file', '/tmp/tmpnw7228z2']
[2023-06-19 20:32:49,164] {standard_task_runner.py:80} INFO - Job 81: Subtask upload_data
[2023-06-19 20:32:49,239] {task_command.py:371} INFO - Running <TaskInstance: dag_weather.upload_data manual__2023-06-19T20:02:14.865880+00:00 [running]> on host 871cafd9693a
[2023-06-19 20:32:49,340] {taskinstance.py:1591} INFO - Exporting the following env vars:
AIRFLOW_CTX_DAG_OWNER=MariaRO
AIRFLOW_CTX_DAG_ID=dag_weather
AIRFLOW_CTX_TASK_ID=upload_data
AIRFLOW_CTX_EXECUTION_DATE=2023-06-19T20:02:14.865880+00:00
AIRFLOW_CTX_TRY_NUMBER=1
AIRFLOW_CTX_DAG_RUN_ID=manual__2023-06-19T20:02:14.865880+00:00
[2023-06-19 20:32:50,540] {logging_mixin.py:115} INFO - Connected to Redshift successfully!
[2023-06-19 20:32:52,018] {logging_mixin.py:115} INFO - Proceso terminado
[2023-06-19 20:32:52,018] {python.py:173} INFO - Done. Returned value was: None
[2023-06-19 20:32:52,035] {taskinstance.py:1420} INFO - Marking task as SUCCESS. dag_id=dag_weather, task_id=upload_data, execution_date=20230619T200214, start_date=20230619T203249, end_date=20230619T203252
[2023-06-19 20:32:52,116] {local_task_job.py:156} INFO - Task exited with return code 0
[2023-06-19 20:32:52,175] {local_task_job.py:273} INFO - 0 downstream tasks scheduled from follow-on schedule check
