[2023-07-11 20:14:13,837] {taskinstance.py:1179} INFO - Dependencies all met for <TaskInstance: dag_weather.transform_data manual__2023-07-11T20:14:07.063162+00:00 [queued]>
[2023-07-11 20:14:13,862] {taskinstance.py:1179} INFO - Dependencies all met for <TaskInstance: dag_weather.transform_data manual__2023-07-11T20:14:07.063162+00:00 [queued]>
[2023-07-11 20:14:13,863] {taskinstance.py:1376} INFO - 
--------------------------------------------------------------------------------
[2023-07-11 20:14:13,864] {taskinstance.py:1377} INFO - Starting attempt 1 of 6
[2023-07-11 20:14:13,866] {taskinstance.py:1378} INFO - 
--------------------------------------------------------------------------------
[2023-07-11 20:14:13,887] {taskinstance.py:1397} INFO - Executing <Task(PythonOperator): transform_data> on 2023-07-11 20:14:07.063162+00:00
[2023-07-11 20:14:13,893] {standard_task_runner.py:52} INFO - Started process 238 to run task
[2023-07-11 20:14:13,897] {standard_task_runner.py:79} INFO - Running: ['***', 'tasks', 'run', 'dag_weather', 'transform_data', 'manual__2023-07-11T20:14:07.063162+00:00', '--job-id', '39', '--raw', '--subdir', 'DAGS_FOLDER/dag_weather.py', '--cfg-path', '/tmp/tmpomddozjl', '--error-file', '/tmp/tmp2erj5vea']
[2023-07-11 20:14:13,899] {standard_task_runner.py:80} INFO - Job 39: Subtask transform_data
[2023-07-11 20:14:13,985] {task_command.py:371} INFO - Running <TaskInstance: dag_weather.transform_data manual__2023-07-11T20:14:07.063162+00:00 [running]> on host 6fc87d08a0f9
[2023-07-11 20:14:14,125] {taskinstance.py:1591} INFO - Exporting the following env vars:
AIRFLOW_CTX_DAG_OWNER=MariaRO
AIRFLOW_CTX_DAG_ID=dag_weather
AIRFLOW_CTX_TASK_ID=transform_data
AIRFLOW_CTX_EXECUTION_DATE=2023-07-11T20:14:07.063162+00:00
AIRFLOW_CTX_TRY_NUMBER=1
AIRFLOW_CTX_DAG_RUN_ID=manual__2023-07-11T20:14:07.063162+00:00
[2023-07-11 20:14:14,170] {python.py:173} INFO - Done. Returned value was: None
[2023-07-11 20:14:14,194] {taskinstance.py:1420} INFO - Marking task as SUCCESS. dag_id=dag_weather, task_id=transform_data, execution_date=20230711T201407, start_date=20230711T201413, end_date=20230711T201414
[2023-07-11 20:14:14,228] {local_task_job.py:156} INFO - Task exited with return code 0
[2023-07-11 20:14:14,297] {local_task_job.py:273} INFO - 0 downstream tasks scheduled from follow-on schedule check
