[2023-07-14 00:22:35,287] {taskinstance.py:1179} INFO - Dependencies all met for <TaskInstance: dag_weather.send_email scheduled__2023-07-12T06:00:00+00:00 [queued]>
[2023-07-14 00:22:35,342] {taskinstance.py:1179} INFO - Dependencies all met for <TaskInstance: dag_weather.send_email scheduled__2023-07-12T06:00:00+00:00 [queued]>
[2023-07-14 00:22:35,343] {taskinstance.py:1376} INFO - 
--------------------------------------------------------------------------------
[2023-07-14 00:22:35,343] {taskinstance.py:1377} INFO - Starting attempt 1 of 6
[2023-07-14 00:22:35,343] {taskinstance.py:1378} INFO - 
--------------------------------------------------------------------------------
[2023-07-14 00:22:35,408] {taskinstance.py:1397} INFO - Executing <Task(PythonOperator): send_email> on 2023-07-12 06:00:00+00:00
[2023-07-14 00:22:35,421] {standard_task_runner.py:52} INFO - Started process 214 to run task
[2023-07-14 00:22:35,433] {standard_task_runner.py:79} INFO - Running: ['***', 'tasks', 'run', 'dag_weather', 'send_email', 'scheduled__2023-07-12T06:00:00+00:00', '--job-id', '5', '--raw', '--subdir', 'DAGS_FOLDER/dag_weather.py', '--cfg-path', '/tmp/tmpnj5j6tea', '--error-file', '/tmp/tmp7wq_nzl8']
[2023-07-14 00:22:35,438] {standard_task_runner.py:80} INFO - Job 5: Subtask send_email
[2023-07-14 00:22:35,654] {task_command.py:371} INFO - Running <TaskInstance: dag_weather.send_email scheduled__2023-07-12T06:00:00+00:00 [running]> on host c7e27842cc79
[2023-07-14 00:22:35,943] {taskinstance.py:1591} INFO - Exporting the following env vars:
AIRFLOW_CTX_DAG_OWNER=MariaRO
AIRFLOW_CTX_DAG_ID=dag_weather
AIRFLOW_CTX_TASK_ID=send_email
AIRFLOW_CTX_EXECUTION_DATE=2023-07-12T06:00:00+00:00
AIRFLOW_CTX_TRY_NUMBER=1
AIRFLOW_CTX_DAG_RUN_ID=scheduled__2023-07-12T06:00:00+00:00
[2023-07-14 00:22:39,598] {python.py:173} INFO - Done. Returned value was: None
[2023-07-14 00:22:39,641] {taskinstance.py:1420} INFO - Marking task as SUCCESS. dag_id=dag_weather, task_id=send_email, execution_date=20230712T060000, start_date=20230714T002235, end_date=20230714T002239
[2023-07-14 00:22:39,706] {local_task_job.py:156} INFO - Task exited with return code 0
[2023-07-14 00:22:39,850] {local_task_job.py:273} INFO - 0 downstream tasks scheduled from follow-on schedule check
