[2023-07-13 18:19:40,331] {taskinstance.py:1179} INFO - Dependencies all met for <TaskInstance: dag_weather.upload_data scheduled__2023-07-13T00:00:00+00:00 [queued]>
[2023-07-13 18:19:40,376] {taskinstance.py:1179} INFO - Dependencies all met for <TaskInstance: dag_weather.upload_data scheduled__2023-07-13T00:00:00+00:00 [queued]>
[2023-07-13 18:19:40,377] {taskinstance.py:1376} INFO - 
--------------------------------------------------------------------------------
[2023-07-13 18:19:40,377] {taskinstance.py:1377} INFO - Starting attempt 1 of 6
[2023-07-13 18:19:40,377] {taskinstance.py:1378} INFO - 
--------------------------------------------------------------------------------
[2023-07-13 18:19:40,479] {taskinstance.py:1397} INFO - Executing <Task(PythonOperator): upload_data> on 2023-07-13 00:00:00+00:00
[2023-07-13 18:19:40,494] {standard_task_runner.py:52} INFO - Started process 205 to run task
[2023-07-13 18:19:40,502] {standard_task_runner.py:79} INFO - Running: ['***', 'tasks', 'run', 'dag_weather', 'upload_data', 'scheduled__2023-07-13T00:00:00+00:00', '--job-id', '55', '--raw', '--subdir', 'DAGS_FOLDER/dag_weather.py', '--cfg-path', '/tmp/tmpv137dl4e', '--error-file', '/tmp/tmp8yut5wjh']
[2023-07-13 18:19:40,510] {standard_task_runner.py:80} INFO - Job 55: Subtask upload_data
[2023-07-13 18:19:40,836] {task_command.py:371} INFO - Running <TaskInstance: dag_weather.upload_data scheduled__2023-07-13T00:00:00+00:00 [running]> on host 6fc87d08a0f9
[2023-07-13 18:19:41,159] {taskinstance.py:1591} INFO - Exporting the following env vars:
AIRFLOW_CTX_DAG_OWNER=MariaRO
AIRFLOW_CTX_DAG_ID=dag_weather
AIRFLOW_CTX_TASK_ID=upload_data
AIRFLOW_CTX_EXECUTION_DATE=2023-07-13T00:00:00+00:00
AIRFLOW_CTX_TRY_NUMBER=1
AIRFLOW_CTX_DAG_RUN_ID=scheduled__2023-07-13T00:00:00+00:00
[2023-07-13 18:19:42,600] {logging_mixin.py:115} INFO - Connected to Redshift successfully!
[2023-07-13 18:19:43,749] {logging_mixin.py:115} INFO - Proceso terminado
[2023-07-13 18:19:43,750] {python.py:173} INFO - Done. Returned value was: None
[2023-07-13 18:19:44,623] {taskinstance.py:1420} INFO - Marking task as SUCCESS. dag_id=dag_weather, task_id=upload_data, execution_date=20230713T000000, start_date=20230713T181940, end_date=20230713T181944
[2023-07-13 18:19:44,706] {local_task_job.py:156} INFO - Task exited with return code 0
[2023-07-13 18:19:44,769] {local_task_job.py:273} INFO - 1 downstream tasks scheduled from follow-on schedule check
