[2023-06-19 20:33:24,681] {taskinstance.py:1179} INFO - Dependencies all met for <TaskInstance: dag_weather.upload_data manual__2023-06-19T20:07:56.990906+00:00 [queued]>
[2023-06-19 20:33:24,690] {taskinstance.py:1179} INFO - Dependencies all met for <TaskInstance: dag_weather.upload_data manual__2023-06-19T20:07:56.990906+00:00 [queued]>
[2023-06-19 20:33:24,690] {taskinstance.py:1376} INFO - 
--------------------------------------------------------------------------------
[2023-06-19 20:33:24,691] {taskinstance.py:1377} INFO - Starting attempt 1 of 6
[2023-06-19 20:33:24,691] {taskinstance.py:1378} INFO - 
--------------------------------------------------------------------------------
[2023-06-19 20:33:24,721] {taskinstance.py:1397} INFO - Executing <Task(PythonOperator): upload_data> on 2023-06-19 20:07:56.990906+00:00
[2023-06-19 20:33:24,726] {standard_task_runner.py:52} INFO - Started process 526 to run task
[2023-06-19 20:33:24,729] {standard_task_runner.py:79} INFO - Running: ['***', 'tasks', 'run', 'dag_weather', 'upload_data', 'manual__2023-06-19T20:07:56.990906+00:00', '--job-id', '83', '--raw', '--subdir', 'DAGS_FOLDER/dag_weather.py', '--cfg-path', '/tmp/tmp6k_5a28r', '--error-file', '/tmp/tmpj4p0832h']
[2023-06-19 20:33:24,731] {standard_task_runner.py:80} INFO - Job 83: Subtask upload_data
[2023-06-19 20:33:24,805] {task_command.py:371} INFO - Running <TaskInstance: dag_weather.upload_data manual__2023-06-19T20:07:56.990906+00:00 [running]> on host 871cafd9693a
[2023-06-19 20:33:24,915] {taskinstance.py:1591} INFO - Exporting the following env vars:
AIRFLOW_CTX_DAG_OWNER=MariaRO
AIRFLOW_CTX_DAG_ID=dag_weather
AIRFLOW_CTX_TASK_ID=upload_data
AIRFLOW_CTX_EXECUTION_DATE=2023-06-19T20:07:56.990906+00:00
AIRFLOW_CTX_TRY_NUMBER=1
AIRFLOW_CTX_DAG_RUN_ID=manual__2023-06-19T20:07:56.990906+00:00
[2023-06-19 20:33:26,163] {logging_mixin.py:115} INFO - Connected to Redshift successfully!
[2023-06-19 20:33:27,524] {logging_mixin.py:115} INFO - Proceso terminado
[2023-06-19 20:33:27,526] {python.py:173} INFO - Done. Returned value was: None
[2023-06-19 20:33:27,559] {taskinstance.py:1420} INFO - Marking task as SUCCESS. dag_id=dag_weather, task_id=upload_data, execution_date=20230619T200756, start_date=20230619T203324, end_date=20230619T203327
[2023-06-19 20:33:27,644] {local_task_job.py:156} INFO - Task exited with return code 0
[2023-06-19 20:33:27,701] {local_task_job.py:273} INFO - 0 downstream tasks scheduled from follow-on schedule check
