[2023-06-24 04:19:11,807] {taskinstance.py:1179} INFO - Dependencies all met for <TaskInstance: dag_weather.upload_data scheduled__2023-06-23T00:00:00+00:00 [queued]>
[2023-06-24 04:19:11,845] {taskinstance.py:1179} INFO - Dependencies all met for <TaskInstance: dag_weather.upload_data scheduled__2023-06-23T00:00:00+00:00 [queued]>
[2023-06-24 04:19:11,845] {taskinstance.py:1376} INFO - 
--------------------------------------------------------------------------------
[2023-06-24 04:19:11,846] {taskinstance.py:1377} INFO - Starting attempt 3 of 6
[2023-06-24 04:19:11,846] {taskinstance.py:1378} INFO - 
--------------------------------------------------------------------------------
[2023-06-24 04:19:11,908] {taskinstance.py:1397} INFO - Executing <Task(PythonOperator): upload_data> on 2023-06-23 00:00:00+00:00
[2023-06-24 04:19:11,920] {standard_task_runner.py:52} INFO - Started process 32537 to run task
[2023-06-24 04:19:11,932] {standard_task_runner.py:79} INFO - Running: ['***', 'tasks', 'run', 'dag_weather', 'upload_data', 'scheduled__2023-06-23T00:00:00+00:00', '--job-id', '106', '--raw', '--subdir', 'DAGS_FOLDER/dag_weather.py', '--cfg-path', '/tmp/tmp223nmkp4', '--error-file', '/tmp/tmp4y766l8l']
[2023-06-24 04:19:11,936] {standard_task_runner.py:80} INFO - Job 106: Subtask upload_data
[2023-06-24 04:19:12,184] {task_command.py:371} INFO - Running <TaskInstance: dag_weather.upload_data scheduled__2023-06-23T00:00:00+00:00 [running]> on host db753b024971
[2023-06-24 04:19:12,461] {taskinstance.py:1591} INFO - Exporting the following env vars:
AIRFLOW_CTX_DAG_OWNER=MariaRO
AIRFLOW_CTX_DAG_ID=dag_weather
AIRFLOW_CTX_TASK_ID=upload_data
AIRFLOW_CTX_EXECUTION_DATE=2023-06-23T00:00:00+00:00
AIRFLOW_CTX_TRY_NUMBER=3
AIRFLOW_CTX_DAG_RUN_ID=scheduled__2023-06-23T00:00:00+00:00
[2023-06-24 04:19:13,831] {logging_mixin.py:115} INFO - Connected to Redshift successfully!
[2023-06-24 04:19:19,256] {logging_mixin.py:115} INFO - Proceso terminado
[2023-06-24 04:19:19,258] {python.py:173} INFO - Done. Returned value was: None
[2023-06-24 04:19:19,299] {taskinstance.py:1420} INFO - Marking task as SUCCESS. dag_id=dag_weather, task_id=upload_data, execution_date=20230623T000000, start_date=20230624T041911, end_date=20230624T041919
[2023-06-24 04:19:19,397] {local_task_job.py:156} INFO - Task exited with return code 0
[2023-06-24 04:19:19,464] {local_task_job.py:273} INFO - 0 downstream tasks scheduled from follow-on schedule check
