[2023-07-11 19:58:36,739] {taskinstance.py:1179} INFO - Dependencies all met for <TaskInstance: dag_weather.extract_data manual__2023-07-11T19:58:35.360420+00:00 [queued]>
[2023-07-11 19:58:36,752] {taskinstance.py:1179} INFO - Dependencies all met for <TaskInstance: dag_weather.extract_data manual__2023-07-11T19:58:35.360420+00:00 [queued]>
[2023-07-11 19:58:36,753] {taskinstance.py:1376} INFO - 
--------------------------------------------------------------------------------
[2023-07-11 19:58:36,753] {taskinstance.py:1377} INFO - Starting attempt 1 of 6
[2023-07-11 19:58:36,753] {taskinstance.py:1378} INFO - 
--------------------------------------------------------------------------------
[2023-07-11 19:58:36,781] {taskinstance.py:1397} INFO - Executing <Task(PythonOperator): extract_data> on 2023-07-11 19:58:35.360420+00:00
[2023-07-11 19:58:36,786] {standard_task_runner.py:52} INFO - Started process 332 to run task
[2023-07-11 19:58:36,790] {standard_task_runner.py:79} INFO - Running: ['***', 'tasks', 'run', 'dag_weather', 'extract_data', 'manual__2023-07-11T19:58:35.360420+00:00', '--job-id', '25', '--raw', '--subdir', 'DAGS_FOLDER/dag_weather.py', '--cfg-path', '/tmp/tmpc2x5kj40', '--error-file', '/tmp/tmpbn1txjx_']
[2023-07-11 19:58:36,792] {standard_task_runner.py:80} INFO - Job 25: Subtask extract_data
[2023-07-11 19:58:36,895] {task_command.py:371} INFO - Running <TaskInstance: dag_weather.extract_data manual__2023-07-11T19:58:35.360420+00:00 [running]> on host 392c3fefc915
[2023-07-11 19:58:37,403] {taskinstance.py:1591} INFO - Exporting the following env vars:
AIRFLOW_CTX_DAG_OWNER=MariaRO
AIRFLOW_CTX_DAG_ID=dag_weather
AIRFLOW_CTX_TASK_ID=extract_data
AIRFLOW_CTX_EXECUTION_DATE=2023-07-11T19:58:35.360420+00:00
AIRFLOW_CTX_TRY_NUMBER=1
AIRFLOW_CTX_DAG_RUN_ID=manual__2023-07-11T19:58:35.360420+00:00
[2023-07-11 19:58:37,404] {logging_mixin.py:115} INFO - ***************
[2023-07-11 19:58:37,404] {logging_mixin.py:115} INFO - 2023-07-11
[2023-07-11 19:58:39,257] {python.py:173} INFO - Done. Returned value was: None
[2023-07-11 19:58:39,276] {taskinstance.py:1420} INFO - Marking task as SUCCESS. dag_id=dag_weather, task_id=extract_data, execution_date=20230711T195835, start_date=20230711T195836, end_date=20230711T195839
[2023-07-11 19:58:39,372] {local_task_job.py:156} INFO - Task exited with return code 0
[2023-07-11 19:58:39,428] {local_task_job.py:273} INFO - 1 downstream tasks scheduled from follow-on schedule check
