[2023-07-14 00:22:29,086] {taskinstance.py:1179} INFO - Dependencies all met for <TaskInstance: dag_weather.upload_data scheduled__2023-07-12T06:00:00+00:00 [queued]>
[2023-07-14 00:22:29,128] {taskinstance.py:1179} INFO - Dependencies all met for <TaskInstance: dag_weather.upload_data scheduled__2023-07-12T06:00:00+00:00 [queued]>
[2023-07-14 00:22:29,128] {taskinstance.py:1376} INFO - 
--------------------------------------------------------------------------------
[2023-07-14 00:22:29,128] {taskinstance.py:1377} INFO - Starting attempt 1 of 6
[2023-07-14 00:22:29,128] {taskinstance.py:1378} INFO - 
--------------------------------------------------------------------------------
[2023-07-14 00:22:29,167] {taskinstance.py:1397} INFO - Executing <Task(PythonOperator): upload_data> on 2023-07-12 06:00:00+00:00
[2023-07-14 00:22:29,174] {standard_task_runner.py:52} INFO - Started process 211 to run task
[2023-07-14 00:22:29,181] {standard_task_runner.py:79} INFO - Running: ['***', 'tasks', 'run', 'dag_weather', 'upload_data', 'scheduled__2023-07-12T06:00:00+00:00', '--job-id', '4', '--raw', '--subdir', 'DAGS_FOLDER/dag_weather.py', '--cfg-path', '/tmp/tmpmtruzyc3', '--error-file', '/tmp/tmpu501mspf']
[2023-07-14 00:22:29,183] {standard_task_runner.py:80} INFO - Job 4: Subtask upload_data
[2023-07-14 00:22:29,322] {task_command.py:371} INFO - Running <TaskInstance: dag_weather.upload_data scheduled__2023-07-12T06:00:00+00:00 [running]> on host c7e27842cc79
[2023-07-14 00:22:29,606] {taskinstance.py:1591} INFO - Exporting the following env vars:
AIRFLOW_CTX_DAG_OWNER=MariaRO
AIRFLOW_CTX_DAG_ID=dag_weather
AIRFLOW_CTX_TASK_ID=upload_data
AIRFLOW_CTX_EXECUTION_DATE=2023-07-12T06:00:00+00:00
AIRFLOW_CTX_TRY_NUMBER=1
AIRFLOW_CTX_DAG_RUN_ID=scheduled__2023-07-12T06:00:00+00:00
[2023-07-14 00:22:31,597] {logging_mixin.py:115} INFO - Connected to Redshift successfully!
[2023-07-14 00:22:33,068] {logging_mixin.py:115} INFO - Proceso terminado
[2023-07-14 00:22:33,069] {python.py:173} INFO - Done. Returned value was: None
[2023-07-14 00:22:33,114] {taskinstance.py:1420} INFO - Marking task as SUCCESS. dag_id=dag_weather, task_id=upload_data, execution_date=20230712T060000, start_date=20230714T002229, end_date=20230714T002233
[2023-07-14 00:22:33,179] {local_task_job.py:156} INFO - Task exited with return code 0
[2023-07-14 00:22:33,282] {local_task_job.py:273} INFO - 1 downstream tasks scheduled from follow-on schedule check
