[2023-07-13 12:15:27,929] {taskinstance.py:1179} INFO - Dependencies all met for <TaskInstance: dag_weather.send_email scheduled__2023-07-12T00:00:00+00:00 [queued]>
[2023-07-13 12:15:27,954] {taskinstance.py:1179} INFO - Dependencies all met for <TaskInstance: dag_weather.send_email scheduled__2023-07-12T00:00:00+00:00 [queued]>
[2023-07-13 12:15:27,955] {taskinstance.py:1376} INFO - 
--------------------------------------------------------------------------------
[2023-07-13 12:15:27,955] {taskinstance.py:1377} INFO - Starting attempt 1 of 6
[2023-07-13 12:15:27,955] {taskinstance.py:1378} INFO - 
--------------------------------------------------------------------------------
[2023-07-13 12:15:27,987] {taskinstance.py:1397} INFO - Executing <Task(PythonOperator): send_email> on 2023-07-12 00:00:00+00:00
[2023-07-13 12:15:27,994] {standard_task_runner.py:52} INFO - Started process 374 to run task
[2023-07-13 12:15:28,002] {standard_task_runner.py:79} INFO - Running: ['***', 'tasks', 'run', 'dag_weather', 'send_email', 'scheduled__2023-07-12T00:00:00+00:00', '--job-id', '51', '--raw', '--subdir', 'DAGS_FOLDER/dag_weather.py', '--cfg-path', '/tmp/tmpp05wilif', '--error-file', '/tmp/tmppg5k67rs']
[2023-07-13 12:15:28,004] {standard_task_runner.py:80} INFO - Job 51: Subtask send_email
[2023-07-13 12:15:28,199] {task_command.py:371} INFO - Running <TaskInstance: dag_weather.send_email scheduled__2023-07-12T00:00:00+00:00 [running]> on host 6fc87d08a0f9
[2023-07-13 12:15:28,399] {taskinstance.py:1591} INFO - Exporting the following env vars:
AIRFLOW_CTX_DAG_OWNER=MariaRO
AIRFLOW_CTX_DAG_ID=dag_weather
AIRFLOW_CTX_TASK_ID=send_email
AIRFLOW_CTX_EXECUTION_DATE=2023-07-12T00:00:00+00:00
AIRFLOW_CTX_TRY_NUMBER=1
AIRFLOW_CTX_DAG_RUN_ID=scheduled__2023-07-12T00:00:00+00:00
[2023-07-13 12:15:31,390] {python.py:173} INFO - Done. Returned value was: None
[2023-07-13 12:15:31,473] {taskinstance.py:1420} INFO - Marking task as SUCCESS. dag_id=dag_weather, task_id=send_email, execution_date=20230712T000000, start_date=20230713T121527, end_date=20230713T121531
[2023-07-13 12:15:31,568] {local_task_job.py:156} INFO - Task exited with return code 0
[2023-07-13 12:15:31,736] {local_task_job.py:273} INFO - 0 downstream tasks scheduled from follow-on schedule check
