[2023-07-13 19:01:53,119] {taskinstance.py:1179} INFO - Dependencies all met for <TaskInstance: dag_weather.extract_data manual__2023-07-13T19:01:51.593163+00:00 [queued]>
[2023-07-13 19:01:53,138] {taskinstance.py:1179} INFO - Dependencies all met for <TaskInstance: dag_weather.extract_data manual__2023-07-13T19:01:51.593163+00:00 [queued]>
[2023-07-13 19:01:53,138] {taskinstance.py:1376} INFO - 
--------------------------------------------------------------------------------
[2023-07-13 19:01:53,138] {taskinstance.py:1377} INFO - Starting attempt 1 of 6
[2023-07-13 19:01:53,138] {taskinstance.py:1378} INFO - 
--------------------------------------------------------------------------------
[2023-07-13 19:01:53,178] {taskinstance.py:1397} INFO - Executing <Task(PythonOperator): extract_data> on 2023-07-13 19:01:51.593163+00:00
[2023-07-13 19:01:53,183] {standard_task_runner.py:52} INFO - Started process 193 to run task
[2023-07-13 19:01:53,188] {standard_task_runner.py:79} INFO - Running: ['***', 'tasks', 'run', 'dag_weather', 'extract_data', 'manual__2023-07-13T19:01:51.593163+00:00', '--job-id', '90', '--raw', '--subdir', 'DAGS_FOLDER/dag_weather.py', '--cfg-path', '/tmp/tmppby9wsup', '--error-file', '/tmp/tmpuz3ecxiq']
[2023-07-13 19:01:53,190] {standard_task_runner.py:80} INFO - Job 90: Subtask extract_data
[2023-07-13 19:01:53,284] {task_command.py:371} INFO - Running <TaskInstance: dag_weather.extract_data manual__2023-07-13T19:01:51.593163+00:00 [running]> on host 6fc87d08a0f9
[2023-07-13 19:01:53,389] {taskinstance.py:1591} INFO - Exporting the following env vars:
AIRFLOW_CTX_DAG_OWNER=MariaRO
AIRFLOW_CTX_DAG_ID=dag_weather
AIRFLOW_CTX_TASK_ID=extract_data
AIRFLOW_CTX_EXECUTION_DATE=2023-07-13T19:01:51.593163+00:00
AIRFLOW_CTX_TRY_NUMBER=1
AIRFLOW_CTX_DAG_RUN_ID=manual__2023-07-13T19:01:51.593163+00:00
[2023-07-13 19:01:53,391] {logging_mixin.py:115} INFO - ***************
[2023-07-13 19:01:53,391] {logging_mixin.py:115} INFO - 2023-07-13
[2023-07-13 19:01:56,264] {python.py:173} INFO - Done. Returned value was: None
[2023-07-13 19:01:56,280] {taskinstance.py:1420} INFO - Marking task as SUCCESS. dag_id=dag_weather, task_id=extract_data, execution_date=20230713T190151, start_date=20230713T190153, end_date=20230713T190156
[2023-07-13 19:01:56,317] {local_task_job.py:156} INFO - Task exited with return code 0
[2023-07-13 19:01:56,372] {local_task_job.py:273} INFO - 1 downstream tasks scheduled from follow-on schedule check
