[2023-06-19 20:32:47,884] {taskinstance.py:1179} INFO - Dependencies all met for <TaskInstance: dag_weather.transform_data manual__2023-06-19T20:02:14.865880+00:00 [queued]>
[2023-06-19 20:32:47,894] {taskinstance.py:1179} INFO - Dependencies all met for <TaskInstance: dag_weather.transform_data manual__2023-06-19T20:02:14.865880+00:00 [queued]>
[2023-06-19 20:32:47,894] {taskinstance.py:1376} INFO - 
--------------------------------------------------------------------------------
[2023-06-19 20:32:47,894] {taskinstance.py:1377} INFO - Starting attempt 2 of 6
[2023-06-19 20:32:47,894] {taskinstance.py:1378} INFO - 
--------------------------------------------------------------------------------
[2023-06-19 20:32:47,949] {taskinstance.py:1397} INFO - Executing <Task(PythonOperator): transform_data> on 2023-06-19 20:02:14.865880+00:00
[2023-06-19 20:32:47,956] {standard_task_runner.py:52} INFO - Started process 499 to run task
[2023-06-19 20:32:47,962] {standard_task_runner.py:79} INFO - Running: ['***', 'tasks', 'run', 'dag_weather', 'transform_data', 'manual__2023-06-19T20:02:14.865880+00:00', '--job-id', '80', '--raw', '--subdir', 'DAGS_FOLDER/dag_weather.py', '--cfg-path', '/tmp/tmp7oj2evcv', '--error-file', '/tmp/tmp6woemwqz']
[2023-06-19 20:32:47,965] {standard_task_runner.py:80} INFO - Job 80: Subtask transform_data
[2023-06-19 20:32:48,033] {task_command.py:371} INFO - Running <TaskInstance: dag_weather.transform_data manual__2023-06-19T20:02:14.865880+00:00 [running]> on host 871cafd9693a
[2023-06-19 20:32:48,108] {taskinstance.py:1591} INFO - Exporting the following env vars:
AIRFLOW_CTX_DAG_OWNER=MariaRO
AIRFLOW_CTX_DAG_ID=dag_weather
AIRFLOW_CTX_TASK_ID=transform_data
AIRFLOW_CTX_EXECUTION_DATE=2023-06-19T20:02:14.865880+00:00
AIRFLOW_CTX_TRY_NUMBER=2
AIRFLOW_CTX_DAG_RUN_ID=manual__2023-06-19T20:02:14.865880+00:00
[2023-06-19 20:32:48,127] {python.py:173} INFO - Done. Returned value was: None
[2023-06-19 20:32:48,141] {taskinstance.py:1420} INFO - Marking task as SUCCESS. dag_id=dag_weather, task_id=transform_data, execution_date=20230619T200214, start_date=20230619T203247, end_date=20230619T203248
[2023-06-19 20:32:48,173] {local_task_job.py:156} INFO - Task exited with return code 0
[2023-06-19 20:32:48,239] {local_task_job.py:273} INFO - 1 downstream tasks scheduled from follow-on schedule check
