[2023-06-22 16:52:04,927] {taskinstance.py:1179} INFO - Dependencies all met for <TaskInstance: dag_weather.upload_data scheduled__2023-06-21T00:00:00+00:00 [queued]>
[2023-06-22 16:52:04,938] {taskinstance.py:1179} INFO - Dependencies all met for <TaskInstance: dag_weather.upload_data scheduled__2023-06-21T00:00:00+00:00 [queued]>
[2023-06-22 16:52:04,938] {taskinstance.py:1376} INFO - 
--------------------------------------------------------------------------------
[2023-06-22 16:52:04,938] {taskinstance.py:1377} INFO - Starting attempt 2 of 6
[2023-06-22 16:52:04,938] {taskinstance.py:1378} INFO - 
--------------------------------------------------------------------------------
[2023-06-22 16:52:04,958] {taskinstance.py:1397} INFO - Executing <Task(PythonOperator): upload_data> on 2023-06-21 00:00:00+00:00
[2023-06-22 16:52:04,962] {standard_task_runner.py:52} INFO - Started process 371 to run task
[2023-06-22 16:52:04,965] {standard_task_runner.py:79} INFO - Running: ['***', 'tasks', 'run', 'dag_weather', 'upload_data', 'scheduled__2023-06-21T00:00:00+00:00', '--job-id', '98', '--raw', '--subdir', 'DAGS_FOLDER/dag_weather.py', '--cfg-path', '/tmp/tmpcmrfsj44', '--error-file', '/tmp/tmpra1hh68i']
[2023-06-22 16:52:04,966] {standard_task_runner.py:80} INFO - Job 98: Subtask upload_data
[2023-06-22 16:52:05,035] {task_command.py:371} INFO - Running <TaskInstance: dag_weather.upload_data scheduled__2023-06-21T00:00:00+00:00 [running]> on host db753b024971
[2023-06-22 16:52:05,109] {taskinstance.py:1591} INFO - Exporting the following env vars:
AIRFLOW_CTX_DAG_OWNER=MariaRO
AIRFLOW_CTX_DAG_ID=dag_weather
AIRFLOW_CTX_TASK_ID=upload_data
AIRFLOW_CTX_EXECUTION_DATE=2023-06-21T00:00:00+00:00
AIRFLOW_CTX_TRY_NUMBER=2
AIRFLOW_CTX_DAG_RUN_ID=scheduled__2023-06-21T00:00:00+00:00
[2023-06-22 16:52:06,398] {logging_mixin.py:115} INFO - Connected to Redshift successfully!
[2023-06-22 16:52:11,229] {logging_mixin.py:115} INFO - Proceso terminado
[2023-06-22 16:52:11,229] {python.py:173} INFO - Done. Returned value was: None
[2023-06-22 16:52:11,244] {taskinstance.py:1420} INFO - Marking task as SUCCESS. dag_id=dag_weather, task_id=upload_data, execution_date=20230621T000000, start_date=20230622T165204, end_date=20230622T165211
[2023-06-22 16:52:11,293] {local_task_job.py:156} INFO - Task exited with return code 0
[2023-06-22 16:52:11,318] {local_task_job.py:273} INFO - 0 downstream tasks scheduled from follow-on schedule check
