[2023-07-14 00:22:25,806] {taskinstance.py:1179} INFO - Dependencies all met for <TaskInstance: dag_weather.transform_data scheduled__2023-07-12T06:00:00+00:00 [queued]>
[2023-07-14 00:22:25,837] {taskinstance.py:1179} INFO - Dependencies all met for <TaskInstance: dag_weather.transform_data scheduled__2023-07-12T06:00:00+00:00 [queued]>
[2023-07-14 00:22:25,837] {taskinstance.py:1376} INFO - 
--------------------------------------------------------------------------------
[2023-07-14 00:22:25,837] {taskinstance.py:1377} INFO - Starting attempt 1 of 6
[2023-07-14 00:22:25,837] {taskinstance.py:1378} INFO - 
--------------------------------------------------------------------------------
[2023-07-14 00:22:25,897] {taskinstance.py:1397} INFO - Executing <Task(PythonOperator): transform_data> on 2023-07-12 06:00:00+00:00
[2023-07-14 00:22:25,911] {standard_task_runner.py:52} INFO - Started process 206 to run task
[2023-07-14 00:22:25,925] {standard_task_runner.py:79} INFO - Running: ['***', 'tasks', 'run', 'dag_weather', 'transform_data', 'scheduled__2023-07-12T06:00:00+00:00', '--job-id', '3', '--raw', '--subdir', 'DAGS_FOLDER/dag_weather.py', '--cfg-path', '/tmp/tmpc2_i21z6', '--error-file', '/tmp/tmp0rhsprn6']
[2023-07-14 00:22:25,928] {standard_task_runner.py:80} INFO - Job 3: Subtask transform_data
[2023-07-14 00:22:26,125] {task_command.py:371} INFO - Running <TaskInstance: dag_weather.transform_data scheduled__2023-07-12T06:00:00+00:00 [running]> on host c7e27842cc79
[2023-07-14 00:22:26,335] {taskinstance.py:1591} INFO - Exporting the following env vars:
AIRFLOW_CTX_DAG_OWNER=MariaRO
AIRFLOW_CTX_DAG_ID=dag_weather
AIRFLOW_CTX_TASK_ID=transform_data
AIRFLOW_CTX_EXECUTION_DATE=2023-07-12T06:00:00+00:00
AIRFLOW_CTX_TRY_NUMBER=1
AIRFLOW_CTX_DAG_RUN_ID=scheduled__2023-07-12T06:00:00+00:00
[2023-07-14 00:22:26,384] {python.py:173} INFO - Done. Returned value was: None
[2023-07-14 00:22:26,406] {taskinstance.py:1420} INFO - Marking task as SUCCESS. dag_id=dag_weather, task_id=transform_data, execution_date=20230712T060000, start_date=20230714T002225, end_date=20230714T002226
[2023-07-14 00:22:26,452] {local_task_job.py:156} INFO - Task exited with return code 0
[2023-07-14 00:22:26,579] {local_task_job.py:273} INFO - 1 downstream tasks scheduled from follow-on schedule check
