[2023-06-26 12:26:38,690] {taskinstance.py:1179} INFO - Dependencies all met for <TaskInstance: dag_weather.upload_data scheduled__2023-06-25T00:00:00+00:00 [queued]>
[2023-06-26 12:26:38,702] {taskinstance.py:1179} INFO - Dependencies all met for <TaskInstance: dag_weather.upload_data scheduled__2023-06-25T00:00:00+00:00 [queued]>
[2023-06-26 12:26:38,702] {taskinstance.py:1376} INFO - 
--------------------------------------------------------------------------------
[2023-06-26 12:26:38,702] {taskinstance.py:1377} INFO - Starting attempt 2 of 6
[2023-06-26 12:26:38,703] {taskinstance.py:1378} INFO - 
--------------------------------------------------------------------------------
[2023-06-26 12:26:38,722] {taskinstance.py:1397} INFO - Executing <Task(PythonOperator): upload_data> on 2023-06-25 00:00:00+00:00
[2023-06-26 12:26:38,728] {standard_task_runner.py:52} INFO - Started process 4449 to run task
[2023-06-26 12:26:38,732] {standard_task_runner.py:79} INFO - Running: ['***', 'tasks', 'run', 'dag_weather', 'upload_data', 'scheduled__2023-06-25T00:00:00+00:00', '--job-id', '113', '--raw', '--subdir', 'DAGS_FOLDER/dag_weather.py', '--cfg-path', '/tmp/tmptn5u47t9', '--error-file', '/tmp/tmpk3xkxha1']
[2023-06-26 12:26:38,733] {standard_task_runner.py:80} INFO - Job 113: Subtask upload_data
[2023-06-26 12:26:38,814] {task_command.py:371} INFO - Running <TaskInstance: dag_weather.upload_data scheduled__2023-06-25T00:00:00+00:00 [running]> on host db753b024971
[2023-06-26 12:26:38,904] {taskinstance.py:1591} INFO - Exporting the following env vars:
AIRFLOW_CTX_DAG_OWNER=MariaRO
AIRFLOW_CTX_DAG_ID=dag_weather
AIRFLOW_CTX_TASK_ID=upload_data
AIRFLOW_CTX_EXECUTION_DATE=2023-06-25T00:00:00+00:00
AIRFLOW_CTX_TRY_NUMBER=2
AIRFLOW_CTX_DAG_RUN_ID=scheduled__2023-06-25T00:00:00+00:00
[2023-06-26 12:26:40,159] {logging_mixin.py:115} INFO - Connected to Redshift successfully!
[2023-06-26 12:26:46,401] {logging_mixin.py:115} INFO - Proceso terminado
[2023-06-26 12:26:46,401] {python.py:173} INFO - Done. Returned value was: None
[2023-06-26 12:26:46,425] {taskinstance.py:1420} INFO - Marking task as SUCCESS. dag_id=dag_weather, task_id=upload_data, execution_date=20230625T000000, start_date=20230626T122638, end_date=20230626T122646
[2023-06-26 12:26:46,478] {local_task_job.py:156} INFO - Task exited with return code 0
[2023-06-26 12:26:46,525] {local_task_job.py:273} INFO - 0 downstream tasks scheduled from follow-on schedule check
