[2023-06-29 12:08:14,201] {taskinstance.py:1179} INFO - Dependencies all met for <TaskInstance: dag_weather.transform_data scheduled__2023-06-28T00:00:00+00:00 [queued]>
[2023-06-29 12:08:14,223] {taskinstance.py:1179} INFO - Dependencies all met for <TaskInstance: dag_weather.transform_data scheduled__2023-06-28T00:00:00+00:00 [queued]>
[2023-06-29 12:08:14,223] {taskinstance.py:1376} INFO - 
--------------------------------------------------------------------------------
[2023-06-29 12:08:14,224] {taskinstance.py:1377} INFO - Starting attempt 1 of 6
[2023-06-29 12:08:14,224] {taskinstance.py:1378} INFO - 
--------------------------------------------------------------------------------
[2023-06-29 12:08:14,258] {taskinstance.py:1397} INFO - Executing <Task(PythonOperator): transform_data> on 2023-06-28 00:00:00+00:00
[2023-06-29 12:08:14,264] {standard_task_runner.py:52} INFO - Started process 15491 to run task
[2023-06-29 12:08:14,267] {standard_task_runner.py:79} INFO - Running: ['***', 'tasks', 'run', 'dag_weather', 'transform_data', 'scheduled__2023-06-28T00:00:00+00:00', '--job-id', '121', '--raw', '--subdir', 'DAGS_FOLDER/dag_weather.py', '--cfg-path', '/tmp/tmp8trtfcsx', '--error-file', '/tmp/tmp9i3_5yuv']
[2023-06-29 12:08:14,268] {standard_task_runner.py:80} INFO - Job 121: Subtask transform_data
[2023-06-29 12:08:14,400] {task_command.py:371} INFO - Running <TaskInstance: dag_weather.transform_data scheduled__2023-06-28T00:00:00+00:00 [running]> on host db753b024971
[2023-06-29 12:08:14,565] {taskinstance.py:1591} INFO - Exporting the following env vars:
AIRFLOW_CTX_DAG_OWNER=MariaRO
AIRFLOW_CTX_DAG_ID=dag_weather
AIRFLOW_CTX_TASK_ID=transform_data
AIRFLOW_CTX_EXECUTION_DATE=2023-06-28T00:00:00+00:00
AIRFLOW_CTX_TRY_NUMBER=1
AIRFLOW_CTX_DAG_RUN_ID=scheduled__2023-06-28T00:00:00+00:00
[2023-06-29 12:08:14,610] {python.py:173} INFO - Done. Returned value was: None
[2023-06-29 12:08:14,629] {taskinstance.py:1420} INFO - Marking task as SUCCESS. dag_id=dag_weather, task_id=transform_data, execution_date=20230628T000000, start_date=20230629T120814, end_date=20230629T120814
[2023-06-29 12:08:14,682] {local_task_job.py:156} INFO - Task exited with return code 0
[2023-06-29 12:08:14,751] {local_task_job.py:273} INFO - 1 downstream tasks scheduled from follow-on schedule check
