[2023-07-13 12:10:13,610] {taskinstance.py:1179} INFO - Dependencies all met for <TaskInstance: dag_weather.transform_data scheduled__2023-07-12T00:00:00+00:00 [queued]>
[2023-07-13 12:10:13,631] {taskinstance.py:1179} INFO - Dependencies all met for <TaskInstance: dag_weather.transform_data scheduled__2023-07-12T00:00:00+00:00 [queued]>
[2023-07-13 12:10:13,631] {taskinstance.py:1376} INFO - 
--------------------------------------------------------------------------------
[2023-07-13 12:10:13,632] {taskinstance.py:1377} INFO - Starting attempt 1 of 6
[2023-07-13 12:10:13,632] {taskinstance.py:1378} INFO - 
--------------------------------------------------------------------------------
[2023-07-13 12:10:13,666] {taskinstance.py:1397} INFO - Executing <Task(PythonOperator): transform_data> on 2023-07-12 00:00:00+00:00
[2023-07-13 12:10:13,673] {standard_task_runner.py:52} INFO - Started process 191 to run task
[2023-07-13 12:10:13,681] {standard_task_runner.py:79} INFO - Running: ['***', 'tasks', 'run', 'dag_weather', 'transform_data', 'scheduled__2023-07-12T00:00:00+00:00', '--job-id', '46', '--raw', '--subdir', 'DAGS_FOLDER/dag_weather.py', '--cfg-path', '/tmp/tmp0h9562br', '--error-file', '/tmp/tmphxhqzqu_']
[2023-07-13 12:10:13,683] {standard_task_runner.py:80} INFO - Job 46: Subtask transform_data
[2023-07-13 12:10:13,836] {task_command.py:371} INFO - Running <TaskInstance: dag_weather.transform_data scheduled__2023-07-12T00:00:00+00:00 [running]> on host 6fc87d08a0f9
[2023-07-13 12:10:14,021] {taskinstance.py:1591} INFO - Exporting the following env vars:
AIRFLOW_CTX_DAG_OWNER=MariaRO
AIRFLOW_CTX_DAG_ID=dag_weather
AIRFLOW_CTX_TASK_ID=transform_data
AIRFLOW_CTX_EXECUTION_DATE=2023-07-12T00:00:00+00:00
AIRFLOW_CTX_TRY_NUMBER=1
AIRFLOW_CTX_DAG_RUN_ID=scheduled__2023-07-12T00:00:00+00:00
[2023-07-13 12:10:14,066] {python.py:173} INFO - Done. Returned value was: None
[2023-07-13 12:10:14,094] {taskinstance.py:1420} INFO - Marking task as SUCCESS. dag_id=dag_weather, task_id=transform_data, execution_date=20230712T000000, start_date=20230713T121013, end_date=20230713T121014
[2023-07-13 12:10:14,132] {local_task_job.py:156} INFO - Task exited with return code 0
[2023-07-13 12:10:14,217] {local_task_job.py:273} INFO - 1 downstream tasks scheduled from follow-on schedule check
