[2023-07-13 18:25:05,243] {taskinstance.py:1179} INFO - Dependencies all met for <TaskInstance: dag_weather.send_email manual__2023-07-13T18:24:53.109317+00:00 [queued]>
[2023-07-13 18:25:05,262] {taskinstance.py:1179} INFO - Dependencies all met for <TaskInstance: dag_weather.send_email manual__2023-07-13T18:24:53.109317+00:00 [queued]>
[2023-07-13 18:25:05,263] {taskinstance.py:1376} INFO - 
--------------------------------------------------------------------------------
[2023-07-13 18:25:05,263] {taskinstance.py:1377} INFO - Starting attempt 1 of 6
[2023-07-13 18:25:05,263] {taskinstance.py:1378} INFO - 
--------------------------------------------------------------------------------
[2023-07-13 18:25:05,294] {taskinstance.py:1397} INFO - Executing <Task(PythonOperator): send_email> on 2023-07-13 18:24:53.109317+00:00
[2023-07-13 18:25:05,300] {standard_task_runner.py:52} INFO - Started process 244 to run task
[2023-07-13 18:25:05,307] {standard_task_runner.py:79} INFO - Running: ['***', 'tasks', 'run', 'dag_weather', 'send_email', 'manual__2023-07-13T18:24:53.109317+00:00', '--job-id', '62', '--raw', '--subdir', 'DAGS_FOLDER/dag_weather.py', '--cfg-path', '/tmp/tmp4nq5qkar', '--error-file', '/tmp/tmpjcckn9hf']
[2023-07-13 18:25:05,309] {standard_task_runner.py:80} INFO - Job 62: Subtask send_email
[2023-07-13 18:25:05,397] {task_command.py:371} INFO - Running <TaskInstance: dag_weather.send_email manual__2023-07-13T18:24:53.109317+00:00 [running]> on host 6fc87d08a0f9
[2023-07-13 18:25:05,498] {taskinstance.py:1591} INFO - Exporting the following env vars:
AIRFLOW_CTX_DAG_OWNER=MariaRO
AIRFLOW_CTX_DAG_ID=dag_weather
AIRFLOW_CTX_TASK_ID=send_email
AIRFLOW_CTX_EXECUTION_DATE=2023-07-13T18:24:53.109317+00:00
AIRFLOW_CTX_TRY_NUMBER=1
AIRFLOW_CTX_DAG_RUN_ID=manual__2023-07-13T18:24:53.109317+00:00
[2023-07-13 18:25:08,738] {python.py:173} INFO - Done. Returned value was: None
[2023-07-13 18:25:08,758] {taskinstance.py:1420} INFO - Marking task as SUCCESS. dag_id=dag_weather, task_id=send_email, execution_date=20230713T182453, start_date=20230713T182505, end_date=20230713T182508
[2023-07-13 18:25:08,776] {local_task_job.py:156} INFO - Task exited with return code 0
[2023-07-13 18:25:08,807] {local_task_job.py:273} INFO - 0 downstream tasks scheduled from follow-on schedule check
