[2023-07-13 19:01:57,449] {taskinstance.py:1179} INFO - Dependencies all met for <TaskInstance: dag_weather.transform_data manual__2023-07-13T19:01:51.593163+00:00 [queued]>
[2023-07-13 19:01:57,462] {taskinstance.py:1179} INFO - Dependencies all met for <TaskInstance: dag_weather.transform_data manual__2023-07-13T19:01:51.593163+00:00 [queued]>
[2023-07-13 19:01:57,462] {taskinstance.py:1376} INFO - 
--------------------------------------------------------------------------------
[2023-07-13 19:01:57,463] {taskinstance.py:1377} INFO - Starting attempt 1 of 6
[2023-07-13 19:01:57,463] {taskinstance.py:1378} INFO - 
--------------------------------------------------------------------------------
[2023-07-13 19:01:57,485] {taskinstance.py:1397} INFO - Executing <Task(PythonOperator): transform_data> on 2023-07-13 19:01:51.593163+00:00
[2023-07-13 19:01:57,489] {standard_task_runner.py:52} INFO - Started process 196 to run task
[2023-07-13 19:01:57,493] {standard_task_runner.py:79} INFO - Running: ['***', 'tasks', 'run', 'dag_weather', 'transform_data', 'manual__2023-07-13T19:01:51.593163+00:00', '--job-id', '91', '--raw', '--subdir', 'DAGS_FOLDER/dag_weather.py', '--cfg-path', '/tmp/tmpm6bviu2i', '--error-file', '/tmp/tmpdi09h2t4']
[2023-07-13 19:01:57,494] {standard_task_runner.py:80} INFO - Job 91: Subtask transform_data
[2023-07-13 19:01:57,573] {task_command.py:371} INFO - Running <TaskInstance: dag_weather.transform_data manual__2023-07-13T19:01:51.593163+00:00 [running]> on host 6fc87d08a0f9
[2023-07-13 19:01:57,670] {taskinstance.py:1591} INFO - Exporting the following env vars:
AIRFLOW_CTX_DAG_OWNER=MariaRO
AIRFLOW_CTX_DAG_ID=dag_weather
AIRFLOW_CTX_TASK_ID=transform_data
AIRFLOW_CTX_EXECUTION_DATE=2023-07-13T19:01:51.593163+00:00
AIRFLOW_CTX_TRY_NUMBER=1
AIRFLOW_CTX_DAG_RUN_ID=manual__2023-07-13T19:01:51.593163+00:00
[2023-07-13 19:01:57,696] {python.py:173} INFO - Done. Returned value was: None
[2023-07-13 19:01:57,713] {taskinstance.py:1420} INFO - Marking task as SUCCESS. dag_id=dag_weather, task_id=transform_data, execution_date=20230713T190151, start_date=20230713T190157, end_date=20230713T190157
[2023-07-13 19:01:57,744] {local_task_job.py:156} INFO - Task exited with return code 0
[2023-07-13 19:01:57,803] {local_task_job.py:273} INFO - 1 downstream tasks scheduled from follow-on schedule check
