[2023-07-11 19:29:54,037] {taskinstance.py:1179} INFO - Dependencies all met for <TaskInstance: dag_weather.transform_data scheduled__2023-07-10T00:00:00+00:00 [queued]>
[2023-07-11 19:29:54,070] {taskinstance.py:1179} INFO - Dependencies all met for <TaskInstance: dag_weather.transform_data scheduled__2023-07-10T00:00:00+00:00 [queued]>
[2023-07-11 19:29:54,070] {taskinstance.py:1376} INFO - 
--------------------------------------------------------------------------------
[2023-07-11 19:29:54,070] {taskinstance.py:1377} INFO - Starting attempt 1 of 6
[2023-07-11 19:29:54,071] {taskinstance.py:1378} INFO - 
--------------------------------------------------------------------------------
[2023-07-11 19:29:54,102] {taskinstance.py:1397} INFO - Executing <Task(PythonOperator): transform_data> on 2023-07-10 00:00:00+00:00
[2023-07-11 19:29:54,110] {standard_task_runner.py:52} INFO - Started process 254 to run task
[2023-07-11 19:29:54,120] {standard_task_runner.py:79} INFO - Running: ['***', 'tasks', 'run', 'dag_weather', 'transform_data', 'scheduled__2023-07-10T00:00:00+00:00', '--job-id', '5', '--raw', '--subdir', 'DAGS_FOLDER/dag_weather.py', '--cfg-path', '/tmp/tmp9mb3gv4l', '--error-file', '/tmp/tmph_2jku_7']
[2023-07-11 19:29:54,123] {standard_task_runner.py:80} INFO - Job 5: Subtask transform_data
[2023-07-11 19:29:54,246] {task_command.py:371} INFO - Running <TaskInstance: dag_weather.transform_data scheduled__2023-07-10T00:00:00+00:00 [running]> on host 7ee0c55ba55b
[2023-07-11 19:29:54,424] {taskinstance.py:1591} INFO - Exporting the following env vars:
AIRFLOW_CTX_DAG_OWNER=MariaRO
AIRFLOW_CTX_DAG_ID=dag_weather
AIRFLOW_CTX_TASK_ID=transform_data
AIRFLOW_CTX_EXECUTION_DATE=2023-07-10T00:00:00+00:00
AIRFLOW_CTX_TRY_NUMBER=1
AIRFLOW_CTX_DAG_RUN_ID=scheduled__2023-07-10T00:00:00+00:00
[2023-07-11 19:29:54,463] {python.py:173} INFO - Done. Returned value was: None
[2023-07-11 19:29:54,484] {taskinstance.py:1420} INFO - Marking task as SUCCESS. dag_id=dag_weather, task_id=transform_data, execution_date=20230710T000000, start_date=20230711T192954, end_date=20230711T192954
[2023-07-11 19:29:54,529] {local_task_job.py:156} INFO - Task exited with return code 0
[2023-07-11 19:29:54,601] {local_task_job.py:273} INFO - 1 downstream tasks scheduled from follow-on schedule check
