[2023-07-13 18:53:45,937] {taskinstance.py:1179} INFO - Dependencies all met for <TaskInstance: dag_weather.transform_data manual__2023-07-13T18:53:39.043029+00:00 [queued]>
[2023-07-13 18:53:45,949] {taskinstance.py:1179} INFO - Dependencies all met for <TaskInstance: dag_weather.transform_data manual__2023-07-13T18:53:39.043029+00:00 [queued]>
[2023-07-13 18:53:45,950] {taskinstance.py:1376} INFO - 
--------------------------------------------------------------------------------
[2023-07-13 18:53:45,950] {taskinstance.py:1377} INFO - Starting attempt 1 of 6
[2023-07-13 18:53:45,950] {taskinstance.py:1378} INFO - 
--------------------------------------------------------------------------------
[2023-07-13 18:53:45,981] {taskinstance.py:1397} INFO - Executing <Task(PythonOperator): transform_data> on 2023-07-13 18:53:39.043029+00:00
[2023-07-13 18:53:45,987] {standard_task_runner.py:52} INFO - Started process 226 to run task
[2023-07-13 18:53:45,991] {standard_task_runner.py:79} INFO - Running: ['***', 'tasks', 'run', 'dag_weather', 'transform_data', 'manual__2023-07-13T18:53:39.043029+00:00', '--job-id', '75', '--raw', '--subdir', 'DAGS_FOLDER/dag_weather.py', '--cfg-path', '/tmp/tmphu3so8n9', '--error-file', '/tmp/tmp7ykdpnr5']
[2023-07-13 18:53:45,992] {standard_task_runner.py:80} INFO - Job 75: Subtask transform_data
[2023-07-13 18:53:46,090] {task_command.py:371} INFO - Running <TaskInstance: dag_weather.transform_data manual__2023-07-13T18:53:39.043029+00:00 [running]> on host 6fc87d08a0f9
[2023-07-13 18:53:46,190] {taskinstance.py:1591} INFO - Exporting the following env vars:
AIRFLOW_CTX_DAG_OWNER=MariaRO
AIRFLOW_CTX_DAG_ID=dag_weather
AIRFLOW_CTX_TASK_ID=transform_data
AIRFLOW_CTX_EXECUTION_DATE=2023-07-13T18:53:39.043029+00:00
AIRFLOW_CTX_TRY_NUMBER=1
AIRFLOW_CTX_DAG_RUN_ID=manual__2023-07-13T18:53:39.043029+00:00
[2023-07-13 18:53:46,218] {python.py:173} INFO - Done. Returned value was: None
[2023-07-13 18:53:46,235] {taskinstance.py:1420} INFO - Marking task as SUCCESS. dag_id=dag_weather, task_id=transform_data, execution_date=20230713T185339, start_date=20230713T185345, end_date=20230713T185346
[2023-07-13 18:53:46,284] {local_task_job.py:156} INFO - Task exited with return code 0
[2023-07-13 18:53:46,353] {local_task_job.py:273} INFO - 1 downstream tasks scheduled from follow-on schedule check
