[2023-07-13 19:00:04,716] {taskinstance.py:1179} INFO - Dependencies all met for <TaskInstance: dag_weather.upload_data manual__2023-07-13T18:59:58.239717+00:00 [queued]>
[2023-07-13 19:00:04,726] {taskinstance.py:1179} INFO - Dependencies all met for <TaskInstance: dag_weather.upload_data manual__2023-07-13T18:59:58.239717+00:00 [queued]>
[2023-07-13 19:00:04,726] {taskinstance.py:1376} INFO - 
--------------------------------------------------------------------------------
[2023-07-13 19:00:04,726] {taskinstance.py:1377} INFO - Starting attempt 1 of 6
[2023-07-13 19:00:04,726] {taskinstance.py:1378} INFO - 
--------------------------------------------------------------------------------
[2023-07-13 19:00:04,749] {taskinstance.py:1397} INFO - Executing <Task(PythonOperator): upload_data> on 2023-07-13 18:59:58.239717+00:00
[2023-07-13 19:00:04,753] {standard_task_runner.py:52} INFO - Started process 199 to run task
[2023-07-13 19:00:04,756] {standard_task_runner.py:79} INFO - Running: ['***', 'tasks', 'run', 'dag_weather', 'upload_data', 'manual__2023-07-13T18:59:58.239717+00:00', '--job-id', '87', '--raw', '--subdir', 'DAGS_FOLDER/dag_weather.py', '--cfg-path', '/tmp/tmpu4najflx', '--error-file', '/tmp/tmpivzkjfdz']
[2023-07-13 19:00:04,757] {standard_task_runner.py:80} INFO - Job 87: Subtask upload_data
[2023-07-13 19:00:04,834] {task_command.py:371} INFO - Running <TaskInstance: dag_weather.upload_data manual__2023-07-13T18:59:58.239717+00:00 [running]> on host 6fc87d08a0f9
[2023-07-13 19:00:04,934] {taskinstance.py:1591} INFO - Exporting the following env vars:
AIRFLOW_CTX_DAG_OWNER=MariaRO
AIRFLOW_CTX_DAG_ID=dag_weather
AIRFLOW_CTX_TASK_ID=upload_data
AIRFLOW_CTX_EXECUTION_DATE=2023-07-13T18:59:58.239717+00:00
AIRFLOW_CTX_TRY_NUMBER=1
AIRFLOW_CTX_DAG_RUN_ID=manual__2023-07-13T18:59:58.239717+00:00
[2023-07-13 19:00:06,266] {logging_mixin.py:115} INFO - Connected to Redshift successfully!
[2023-07-13 19:00:07,641] {logging_mixin.py:115} INFO - Proceso terminado
[2023-07-13 19:00:07,643] {python.py:173} INFO - Done. Returned value was: None
[2023-07-13 19:00:07,674] {taskinstance.py:1420} INFO - Marking task as SUCCESS. dag_id=dag_weather, task_id=upload_data, execution_date=20230713T185958, start_date=20230713T190004, end_date=20230713T190007
[2023-07-13 19:00:07,702] {local_task_job.py:156} INFO - Task exited with return code 0
[2023-07-13 19:00:07,743] {local_task_job.py:273} INFO - 1 downstream tasks scheduled from follow-on schedule check
