[2023-07-14 00:22:19,147] {taskinstance.py:1179} INFO - Dependencies all met for <TaskInstance: dag_weather.extract_data scheduled__2023-07-12T06:00:00+00:00 [queued]>
[2023-07-14 00:22:19,189] {taskinstance.py:1179} INFO - Dependencies all met for <TaskInstance: dag_weather.extract_data scheduled__2023-07-12T06:00:00+00:00 [queued]>
[2023-07-14 00:22:19,190] {taskinstance.py:1376} INFO - 
--------------------------------------------------------------------------------
[2023-07-14 00:22:19,190] {taskinstance.py:1377} INFO - Starting attempt 1 of 6
[2023-07-14 00:22:19,190] {taskinstance.py:1378} INFO - 
--------------------------------------------------------------------------------
[2023-07-14 00:22:19,259] {taskinstance.py:1397} INFO - Executing <Task(PythonOperator): extract_data> on 2023-07-12 06:00:00+00:00
[2023-07-14 00:22:19,267] {standard_task_runner.py:52} INFO - Started process 199 to run task
[2023-07-14 00:22:19,275] {standard_task_runner.py:79} INFO - Running: ['***', 'tasks', 'run', 'dag_weather', 'extract_data', 'scheduled__2023-07-12T06:00:00+00:00', '--job-id', '2', '--raw', '--subdir', 'DAGS_FOLDER/dag_weather.py', '--cfg-path', '/tmp/tmpkhhr573k', '--error-file', '/tmp/tmpi5xdhddq']
[2023-07-14 00:22:19,277] {standard_task_runner.py:80} INFO - Job 2: Subtask extract_data
[2023-07-14 00:22:19,463] {task_command.py:371} INFO - Running <TaskInstance: dag_weather.extract_data scheduled__2023-07-12T06:00:00+00:00 [running]> on host c7e27842cc79
[2023-07-14 00:22:19,686] {taskinstance.py:1591} INFO - Exporting the following env vars:
AIRFLOW_CTX_DAG_OWNER=MariaRO
AIRFLOW_CTX_DAG_ID=dag_weather
AIRFLOW_CTX_TASK_ID=extract_data
AIRFLOW_CTX_EXECUTION_DATE=2023-07-12T06:00:00+00:00
AIRFLOW_CTX_TRY_NUMBER=1
AIRFLOW_CTX_DAG_RUN_ID=scheduled__2023-07-12T06:00:00+00:00
[2023-07-14 00:22:19,690] {logging_mixin.py:115} INFO - ***************
[2023-07-14 00:22:19,690] {logging_mixin.py:115} INFO - 2023-07-12
[2023-07-14 00:22:23,466] {python.py:173} INFO - Done. Returned value was: None
[2023-07-14 00:22:23,527] {taskinstance.py:1420} INFO - Marking task as SUCCESS. dag_id=dag_weather, task_id=extract_data, execution_date=20230712T060000, start_date=20230714T002219, end_date=20230714T002223
[2023-07-14 00:22:23,640] {local_task_job.py:156} INFO - Task exited with return code 0
[2023-07-14 00:22:23,797] {local_task_job.py:273} INFO - 1 downstream tasks scheduled from follow-on schedule check
