[2023-07-14 00:37:46,305] {taskinstance.py:1179} INFO - Dependencies all met for <TaskInstance: dag_weather.extract_data backfill__2023-01-01T06:00:00+00:00 [queued]>
[2023-07-14 00:37:46,336] {taskinstance.py:1179} INFO - Dependencies all met for <TaskInstance: dag_weather.extract_data backfill__2023-01-01T06:00:00+00:00 [queued]>
[2023-07-14 00:37:46,337] {taskinstance.py:1376} INFO - 
--------------------------------------------------------------------------------
[2023-07-14 00:37:46,337] {taskinstance.py:1377} INFO - Starting attempt 2 of 7
[2023-07-14 00:37:46,337] {taskinstance.py:1378} INFO - 
--------------------------------------------------------------------------------
[2023-07-14 00:37:46,392] {taskinstance.py:1397} INFO - Executing <Task(PythonOperator): extract_data> on 2023-01-01 06:00:00+00:00
[2023-07-14 00:37:46,401] {standard_task_runner.py:52} INFO - Started process 1073 to run task
[2023-07-14 00:37:46,407] {standard_task_runner.py:79} INFO - Running: ['***', 'tasks', 'run', 'dag_weather', 'extract_data', 'backfill__2023-01-01T06:00:00+00:00', '--job-id', '9', '--pool', 'default_pool', '--raw', '--subdir', 'DAGS_FOLDER/dag_weather.py', '--cfg-path', '/tmp/tmplis4okga', '--error-file', '/tmp/tmprpic9ehq']
[2023-07-14 00:37:46,409] {standard_task_runner.py:80} INFO - Job 9: Subtask extract_data
[2023-07-14 00:37:46,527] {task_command.py:371} INFO - Running <TaskInstance: dag_weather.extract_data backfill__2023-01-01T06:00:00+00:00 [running]> on host c7e27842cc79
[2023-07-14 00:37:46,674] {taskinstance.py:1591} INFO - Exporting the following env vars:
AIRFLOW_CTX_DAG_OWNER=MariaRO
AIRFLOW_CTX_DAG_ID=dag_weather
AIRFLOW_CTX_TASK_ID=extract_data
AIRFLOW_CTX_EXECUTION_DATE=2023-01-01T06:00:00+00:00
AIRFLOW_CTX_TRY_NUMBER=2
AIRFLOW_CTX_DAG_RUN_ID=backfill__2023-01-01T06:00:00+00:00
[2023-07-14 00:37:46,677] {logging_mixin.py:115} INFO - ***************
[2023-07-14 00:37:46,677] {logging_mixin.py:115} INFO - 2023-01-01
[2023-07-14 00:37:46,693] {logging_mixin.py:115} INFO - [Errno 2] No such file or directory: '.creds/api_key.txt'
[2023-07-14 00:37:46,693] {logging_mixin.py:115} INFO - [Errno 2] No such file or directory: '.creds/api_key.txt'
[2023-07-14 00:37:46,693] {logging_mixin.py:115} INFO - [Errno 2] No such file or directory: '.creds/api_key.txt'
[2023-07-14 00:37:46,693] {logging_mixin.py:115} INFO - [Errno 2] No such file or directory: '.creds/api_key.txt'
[2023-07-14 00:37:46,694] {logging_mixin.py:115} INFO - [Errno 2] No such file or directory: '.creds/api_key.txt'
[2023-07-14 00:37:46,694] {taskinstance.py:1909} ERROR - Task failed with exception
Traceback (most recent call last):
  File "/home/airflow/.local/lib/python3.7/site-packages/airflow/operators/python.py", line 171, in execute
    return_value = self.execute_callable()
  File "/home/airflow/.local/lib/python3.7/site-packages/airflow/operators/python.py", line 189, in execute_callable
    return self.python_callable(*self.op_args, **self.op_kwargs)
  File "/opt/airflow/dags/dag_weather.py", line 56, in extract_data
    df = pd.concat(df_list)
  File "/home/airflow/.local/lib/python3.7/site-packages/pandas/util/_decorators.py", line 311, in wrapper
    return func(*args, **kwargs)
  File "/home/airflow/.local/lib/python3.7/site-packages/pandas/core/reshape/concat.py", line 304, in concat
    sort=sort,
  File "/home/airflow/.local/lib/python3.7/site-packages/pandas/core/reshape/concat.py", line 374, in __init__
    raise ValueError("All objects passed were None")
ValueError: All objects passed were None
[2023-07-14 00:37:46,715] {taskinstance.py:1420} INFO - Marking task as UP_FOR_RETRY. dag_id=dag_weather, task_id=extract_data, execution_date=20230101T060000, start_date=20230714T003746, end_date=20230714T003746
[2023-07-14 00:37:46,744] {standard_task_runner.py:97} ERROR - Failed to execute job 9 for task extract_data (All objects passed were None; 1073)
[2023-07-14 00:37:46,780] {local_task_job.py:156} INFO - Task exited with return code 1
[2023-07-14 00:37:46,891] {local_task_job.py:273} INFO - 0 downstream tasks scheduled from follow-on schedule check
