[2023-07-11 20:14:15,104] {taskinstance.py:1179} INFO - Dependencies all met for <TaskInstance: dag_weather.upload_data manual__2023-07-11T20:14:07.063162+00:00 [queued]>
[2023-07-11 20:14:15,136] {taskinstance.py:1179} INFO - Dependencies all met for <TaskInstance: dag_weather.upload_data manual__2023-07-11T20:14:07.063162+00:00 [queued]>
[2023-07-11 20:14:15,136] {taskinstance.py:1376} INFO - 
--------------------------------------------------------------------------------
[2023-07-11 20:14:15,136] {taskinstance.py:1377} INFO - Starting attempt 1 of 6
[2023-07-11 20:14:15,136] {taskinstance.py:1378} INFO - 
--------------------------------------------------------------------------------
[2023-07-11 20:14:15,176] {taskinstance.py:1397} INFO - Executing <Task(PythonOperator): upload_data> on 2023-07-11 20:14:07.063162+00:00
[2023-07-11 20:14:15,182] {standard_task_runner.py:52} INFO - Started process 241 to run task
[2023-07-11 20:14:15,186] {standard_task_runner.py:79} INFO - Running: ['***', 'tasks', 'run', 'dag_weather', 'upload_data', 'manual__2023-07-11T20:14:07.063162+00:00', '--job-id', '40', '--raw', '--subdir', 'DAGS_FOLDER/dag_weather.py', '--cfg-path', '/tmp/tmp_i39tdzh', '--error-file', '/tmp/tmp54elggc6']
[2023-07-11 20:14:15,187] {standard_task_runner.py:80} INFO - Job 40: Subtask upload_data
[2023-07-11 20:14:15,279] {task_command.py:371} INFO - Running <TaskInstance: dag_weather.upload_data manual__2023-07-11T20:14:07.063162+00:00 [running]> on host 6fc87d08a0f9
[2023-07-11 20:14:15,442] {taskinstance.py:1591} INFO - Exporting the following env vars:
AIRFLOW_CTX_DAG_OWNER=MariaRO
AIRFLOW_CTX_DAG_ID=dag_weather
AIRFLOW_CTX_TASK_ID=upload_data
AIRFLOW_CTX_EXECUTION_DATE=2023-07-11T20:14:07.063162+00:00
AIRFLOW_CTX_TRY_NUMBER=1
AIRFLOW_CTX_DAG_RUN_ID=manual__2023-07-11T20:14:07.063162+00:00
[2023-07-11 20:14:16,924] {logging_mixin.py:115} INFO - Connected to Redshift successfully!
[2023-07-11 20:14:18,337] {logging_mixin.py:115} INFO - Proceso terminado
[2023-07-11 20:14:18,337] {python.py:173} INFO - Done. Returned value was: None
[2023-07-11 20:14:18,355] {taskinstance.py:1420} INFO - Marking task as SUCCESS. dag_id=dag_weather, task_id=upload_data, execution_date=20230711T201407, start_date=20230711T201415, end_date=20230711T201418
[2023-07-11 20:14:18,411] {local_task_job.py:156} INFO - Task exited with return code 0
[2023-07-11 20:14:18,454] {local_task_job.py:273} INFO - 1 downstream tasks scheduled from follow-on schedule check
