[2023-07-11 19:35:03,001] {taskinstance.py:1179} INFO - Dependencies all met for <TaskInstance: dag_weather.send_email manual__2023-07-11T19:29:47.561623+00:00 [queued]>
[2023-07-11 19:35:03,038] {taskinstance.py:1179} INFO - Dependencies all met for <TaskInstance: dag_weather.send_email manual__2023-07-11T19:29:47.561623+00:00 [queued]>
[2023-07-11 19:35:03,039] {taskinstance.py:1376} INFO - 
--------------------------------------------------------------------------------
[2023-07-11 19:35:03,039] {taskinstance.py:1377} INFO - Starting attempt 2 of 6
[2023-07-11 19:35:03,039] {taskinstance.py:1378} INFO - 
--------------------------------------------------------------------------------
[2023-07-11 19:35:03,112] {taskinstance.py:1397} INFO - Executing <Task(PythonOperator): send_email> on 2023-07-11 19:29:47.561623+00:00
[2023-07-11 19:35:03,125] {standard_task_runner.py:52} INFO - Started process 211 to run task
[2023-07-11 19:35:03,142] {standard_task_runner.py:79} INFO - Running: ['***', 'tasks', 'run', 'dag_weather', 'send_email', 'manual__2023-07-11T19:29:47.561623+00:00', '--job-id', '12', '--raw', '--subdir', 'DAGS_FOLDER/dag_weather.py', '--cfg-path', '/tmp/tmp3f3n890w', '--error-file', '/tmp/tmp2g4z58sl']
[2023-07-11 19:35:03,150] {standard_task_runner.py:80} INFO - Job 12: Subtask send_email
[2023-07-11 19:35:03,402] {task_command.py:371} INFO - Running <TaskInstance: dag_weather.send_email manual__2023-07-11T19:29:47.561623+00:00 [running]> on host b5f0b6584590
[2023-07-11 19:35:03,658] {taskinstance.py:1591} INFO - Exporting the following env vars:
AIRFLOW_CTX_DAG_OWNER=MariaRO
AIRFLOW_CTX_DAG_ID=dag_weather
AIRFLOW_CTX_TASK_ID=send_email
AIRFLOW_CTX_EXECUTION_DATE=2023-07-11T19:29:47.561623+00:00
AIRFLOW_CTX_TRY_NUMBER=2
AIRFLOW_CTX_DAG_RUN_ID=manual__2023-07-11T19:29:47.561623+00:00
[2023-07-11 19:35:07,499] {python.py:173} INFO - Done. Returned value was: None
[2023-07-11 19:35:07,518] {taskinstance.py:1420} INFO - Marking task as SUCCESS. dag_id=dag_weather, task_id=send_email, execution_date=20230711T192947, start_date=20230711T193503, end_date=20230711T193507
[2023-07-11 19:35:07,573] {local_task_job.py:156} INFO - Task exited with return code 0
[2023-07-11 19:35:07,619] {local_task_job.py:273} INFO - 0 downstream tasks scheduled from follow-on schedule check
