[2023-07-14 12:03:33,914] {taskinstance.py:1179} INFO - Dependencies all met for <TaskInstance: dag_weather.transform_data scheduled__2023-07-13T06:00:00+00:00 [queued]>
[2023-07-14 12:03:33,941] {taskinstance.py:1179} INFO - Dependencies all met for <TaskInstance: dag_weather.transform_data scheduled__2023-07-13T06:00:00+00:00 [queued]>
[2023-07-14 12:03:33,941] {taskinstance.py:1376} INFO - 
--------------------------------------------------------------------------------
[2023-07-14 12:03:33,941] {taskinstance.py:1377} INFO - Starting attempt 1 of 6
[2023-07-14 12:03:33,941] {taskinstance.py:1378} INFO - 
--------------------------------------------------------------------------------
[2023-07-14 12:03:33,970] {taskinstance.py:1397} INFO - Executing <Task(PythonOperator): transform_data> on 2023-07-13 06:00:00+00:00
[2023-07-14 12:03:33,978] {standard_task_runner.py:52} INFO - Started process 2110 to run task
[2023-07-14 12:03:33,984] {standard_task_runner.py:79} INFO - Running: ['***', 'tasks', 'run', 'dag_weather', 'transform_data', 'scheduled__2023-07-13T06:00:00+00:00', '--job-id', '11', '--raw', '--subdir', 'DAGS_FOLDER/dag_weather.py', '--cfg-path', '/tmp/tmp94bhfn2h', '--error-file', '/tmp/tmpvpjoxqxw']
[2023-07-14 12:03:33,986] {standard_task_runner.py:80} INFO - Job 11: Subtask transform_data
[2023-07-14 12:03:34,212] {task_command.py:371} INFO - Running <TaskInstance: dag_weather.transform_data scheduled__2023-07-13T06:00:00+00:00 [running]> on host c7e27842cc79
[2023-07-14 12:03:34,443] {taskinstance.py:1591} INFO - Exporting the following env vars:
AIRFLOW_CTX_DAG_OWNER=MariaRO
AIRFLOW_CTX_DAG_ID=dag_weather
AIRFLOW_CTX_TASK_ID=transform_data
AIRFLOW_CTX_EXECUTION_DATE=2023-07-13T06:00:00+00:00
AIRFLOW_CTX_TRY_NUMBER=1
AIRFLOW_CTX_DAG_RUN_ID=scheduled__2023-07-13T06:00:00+00:00
[2023-07-14 12:03:34,498] {python.py:173} INFO - Done. Returned value was: None
[2023-07-14 12:03:34,528] {taskinstance.py:1420} INFO - Marking task as SUCCESS. dag_id=dag_weather, task_id=transform_data, execution_date=20230713T060000, start_date=20230714T120333, end_date=20230714T120334
[2023-07-14 12:03:34,597] {local_task_job.py:156} INFO - Task exited with return code 0
[2023-07-14 12:03:34,699] {local_task_job.py:273} INFO - 1 downstream tasks scheduled from follow-on schedule check
