[2023-06-25 17:37:57,271] {taskinstance.py:1179} INFO - Dependencies all met for <TaskInstance: dag_weather.extract_data scheduled__2023-06-24T00:00:00+00:00 [queued]>
[2023-06-25 17:37:57,290] {taskinstance.py:1179} INFO - Dependencies all met for <TaskInstance: dag_weather.extract_data scheduled__2023-06-24T00:00:00+00:00 [queued]>
[2023-06-25 17:37:57,290] {taskinstance.py:1376} INFO - 
--------------------------------------------------------------------------------
[2023-06-25 17:37:57,290] {taskinstance.py:1377} INFO - Starting attempt 1 of 6
[2023-06-25 17:37:57,290] {taskinstance.py:1378} INFO - 
--------------------------------------------------------------------------------
[2023-06-25 17:37:57,332] {taskinstance.py:1397} INFO - Executing <Task(PythonOperator): extract_data> on 2023-06-24 00:00:00+00:00
[2023-06-25 17:37:57,338] {standard_task_runner.py:52} INFO - Started process 1030 to run task
[2023-06-25 17:37:57,343] {standard_task_runner.py:79} INFO - Running: ['***', 'tasks', 'run', 'dag_weather', 'extract_data', 'scheduled__2023-06-24T00:00:00+00:00', '--job-id', '107', '--raw', '--subdir', 'DAGS_FOLDER/dag_weather.py', '--cfg-path', '/tmp/tmpt1fthmfv', '--error-file', '/tmp/tmppccj21yn']
[2023-06-25 17:37:57,344] {standard_task_runner.py:80} INFO - Job 107: Subtask extract_data
[2023-06-25 17:37:57,605] {task_command.py:371} INFO - Running <TaskInstance: dag_weather.extract_data scheduled__2023-06-24T00:00:00+00:00 [running]> on host db753b024971
[2023-06-25 17:37:58,158] {taskinstance.py:1591} INFO - Exporting the following env vars:
AIRFLOW_CTX_DAG_OWNER=MariaRO
AIRFLOW_CTX_DAG_ID=dag_weather
AIRFLOW_CTX_TASK_ID=extract_data
AIRFLOW_CTX_EXECUTION_DATE=2023-06-24T00:00:00+00:00
AIRFLOW_CTX_TRY_NUMBER=1
AIRFLOW_CTX_DAG_RUN_ID=scheduled__2023-06-24T00:00:00+00:00
[2023-06-25 17:37:58,160] {logging_mixin.py:115} INFO - ***************
[2023-06-25 17:37:58,160] {logging_mixin.py:115} INFO - 2023-06-24
[2023-06-25 17:38:02,488] {python.py:173} INFO - Done. Returned value was: None
[2023-06-25 17:38:02,513] {taskinstance.py:1420} INFO - Marking task as SUCCESS. dag_id=dag_weather, task_id=extract_data, execution_date=20230624T000000, start_date=20230625T173757, end_date=20230625T173802
[2023-06-25 17:38:02,628] {local_task_job.py:156} INFO - Task exited with return code 0
[2023-06-25 17:38:02,720] {local_task_job.py:273} INFO - 1 downstream tasks scheduled from follow-on schedule check
